c:\users\karel hevessy\src\vanetza-build\shared\lib\static\release\vanetza_asn1_support.lib
c:\users\karel hevessy\src\vanetza-build\shared\lib\static\release\vanetza_asn1_support.exp
c:\users\karel hevessy\src\vanetza-build\shared\vanetza\asn1\cmakefiles\generate.stamp
c:\users\karel hevessy\src\vanetza-build\shared\vanetza\asn1\asn1_support.dir\release\any.obj
c:\users\karel hevessy\src\vanetza-build\shared\vanetza\asn1\asn1_support.dir\release\any_aper.obj
c:\users\karel hevessy\src\vanetza-build\shared\vanetza\asn1\asn1_support.dir\release\any_ber.obj
c:\users\karel hevessy\src\vanetza-build\shared\vanetza\asn1\asn1_support.dir\release\any_jer.obj
c:\users\karel hevessy\src\vanetza-build\shared\vanetza\asn1\asn1_support.dir\release\any_uper.obj
c:\users\karel hevessy\src\vanetza-build\shared\vanetza\asn1\asn1_support.dir\release\any_xer.obj
c:\users\karel hevessy\src\vanetza-build\shared\vanetza\asn1\asn1_support.dir\release\aper_decoder.obj
c:\users\karel hevessy\src\vanetza-build\shared\vanetza\asn1\asn1_support.dir\release\aper_encoder.obj
c:\users\karel hevessy\src\vanetza-build\shared\vanetza\asn1\asn1_support.dir\release\aper_opentype.obj
c:\users\karel hevessy\src\vanetza-build\shared\vanetza\asn1\asn1_support.dir\release\aper_support.obj
c:\users\karel hevessy\src\vanetza-build\shared\vanetza\asn1\asn1_support.dir\release\asn_application.obj
c:\users\karel hevessy\src\vanetza-build\shared\vanetza\asn1\asn1_support.dir\release\asn_bit_data.obj
c:\users\karel hevessy\src\vanetza-build\shared\vanetza\asn1\asn1_support.dir\release\asn_codecs_prim.obj
c:\users\karel hevessy\src\vanetza-build\shared\vanetza\asn1\asn1_support.dir\release\asn_codecs_prim_ber.obj
c:\users\karel hevessy\src\vanetza-build\shared\vanetza\asn1\asn1_support.dir\release\asn_codecs_prim_jer.obj
c:\users\karel hevessy\src\vanetza-build\shared\vanetza\asn1\asn1_support.dir\release\asn_codecs_prim_xer.obj
c:\users\karel hevessy\src\vanetza-build\shared\vanetza\asn1\asn1_support.dir\release\asn_internal.obj
c:\users\karel hevessy\src\vanetza-build\shared\vanetza\asn1\asn1_support.dir\release\asn_random_fill.obj
c:\users\karel hevessy\src\vanetza-build\shared\vanetza\asn1\asn1_support.dir\release\asn_sequence_of.obj
c:\users\karel hevessy\src\vanetza-build\shared\vanetza\asn1\asn1_support.dir\release\asn_set_of.obj
c:\users\karel hevessy\src\vanetza-build\shared\vanetza\asn1\asn1_support.dir\release\ber_decoder.obj
c:\users\karel hevessy\src\vanetza-build\shared\vanetza\asn1\asn1_support.dir\release\ber_tlv_length.obj
c:\users\karel hevessy\src\vanetza-build\shared\vanetza\asn1\asn1_support.dir\release\ber_tlv_tag.obj
c:\users\karel hevessy\src\vanetza-build\shared\vanetza\asn1\asn1_support.dir\release\bit_string.obj
c:\users\karel hevessy\src\vanetza-build\shared\vanetza\asn1\asn1_support.dir\release\bit_string_jer.obj
c:\users\karel hevessy\src\vanetza-build\shared\vanetza\asn1\asn1_support.dir\release\bit_string_oer.obj
c:\users\karel hevessy\src\vanetza-build\shared\vanetza\asn1\asn1_support.dir\release\bit_string_print.obj
c:\users\karel hevessy\src\vanetza-build\shared\vanetza\asn1\asn1_support.dir\release\bit_string_rfill.obj
c:\users\karel hevessy\src\vanetza-build\shared\vanetza\asn1\asn1_support.dir\release\bit_string_uper.obj
c:\users\karel hevessy\src\vanetza-build\shared\vanetza\asn1\asn1_support.dir\release\bit_string_xer.obj
c:\users\karel hevessy\src\vanetza-build\shared\vanetza\asn1\asn1_support.dir\release\bmpstring.obj
c:\users\karel hevessy\src\vanetza-build\shared\vanetza\asn1\asn1_support.dir\release\bmpstring_jer.obj
c:\users\karel hevessy\src\vanetza-build\shared\vanetza\asn1\asn1_support.dir\release\bmpstring_print.obj
c:\users\karel hevessy\src\vanetza-build\shared\vanetza\asn1\asn1_support.dir\release\bmpstring_xer.obj
c:\users\karel hevessy\src\vanetza-build\shared\vanetza\asn1\asn1_support.dir\release\boolean.obj
c:\users\karel hevessy\src\vanetza-build\shared\vanetza\asn1\asn1_support.dir\release\boolean_aper.obj
c:\users\karel hevessy\src\vanetza-build\shared\vanetza\asn1\asn1_support.dir\release\boolean_ber.obj
c:\users\karel hevessy\src\vanetza-build\shared\vanetza\asn1\asn1_support.dir\release\boolean_jer.obj
c:\users\karel hevessy\src\vanetza-build\shared\vanetza\asn1\asn1_support.dir\release\boolean_oer.obj
c:\users\karel hevessy\src\vanetza-build\shared\vanetza\asn1\asn1_support.dir\release\boolean_print.obj
c:\users\karel hevessy\src\vanetza-build\shared\vanetza\asn1\asn1_support.dir\release\boolean_rfill.obj
c:\users\karel hevessy\src\vanetza-build\shared\vanetza\asn1\asn1_support.dir\release\boolean_uper.obj
c:\users\karel hevessy\src\vanetza-build\shared\vanetza\asn1\asn1_support.dir\release\boolean_xer.obj
c:\users\karel hevessy\src\vanetza-build\shared\vanetza\asn1\asn1_support.dir\release\constraints.obj
c:\users\karel hevessy\src\vanetza-build\shared\vanetza\asn1\asn1_support.dir\release\constr_choice.obj
c:\users\karel hevessy\src\vanetza-build\shared\vanetza\asn1\asn1_support.dir\release\constr_choice_aper.obj
c:\users\karel hevessy\src\vanetza-build\shared\vanetza\asn1\asn1_support.dir\release\constr_choice_ber.obj
c:\users\karel hevessy\src\vanetza-build\shared\vanetza\asn1\asn1_support.dir\release\constr_choice_jer.obj
c:\users\karel hevessy\src\vanetza-build\shared\vanetza\asn1\asn1_support.dir\release\constr_choice_oer.obj
c:\users\karel hevessy\src\vanetza-build\shared\vanetza\asn1\asn1_support.dir\release\constr_choice_print.obj
c:\users\karel hevessy\src\vanetza-build\shared\vanetza\asn1\asn1_support.dir\release\constr_choice_rfill.obj
c:\users\karel hevessy\src\vanetza-build\shared\vanetza\asn1\asn1_support.dir\release\constr_choice_uper.obj
c:\users\karel hevessy\src\vanetza-build\shared\vanetza\asn1\asn1_support.dir\release\constr_choice_xer.obj
c:\users\karel hevessy\src\vanetza-build\shared\vanetza\asn1\asn1_support.dir\release\constr_sequence.obj
c:\users\karel hevessy\src\vanetza-build\shared\vanetza\asn1\asn1_support.dir\release\constr_sequence_aper.obj
c:\users\karel hevessy\src\vanetza-build\shared\vanetza\asn1\asn1_support.dir\release\constr_sequence_ber.obj
c:\users\karel hevessy\src\vanetza-build\shared\vanetza\asn1\asn1_support.dir\release\constr_sequence_jer.obj
c:\users\karel hevessy\src\vanetza-build\shared\vanetza\asn1\asn1_support.dir\release\constr_sequence_oer.obj
c:\users\karel hevessy\src\vanetza-build\shared\vanetza\asn1\asn1_support.dir\release\constr_sequence_of.obj
c:\users\karel hevessy\src\vanetza-build\shared\vanetza\asn1\asn1_support.dir\release\constr_sequence_of_aper.obj
c:\users\karel hevessy\src\vanetza-build\shared\vanetza\asn1\asn1_support.dir\release\constr_sequence_of_ber.obj
c:\users\karel hevessy\src\vanetza-build\shared\vanetza\asn1\asn1_support.dir\release\constr_sequence_of_jer.obj
c:\users\karel hevessy\src\vanetza-build\shared\vanetza\asn1\asn1_support.dir\release\constr_sequence_of_uper.obj
c:\users\karel hevessy\src\vanetza-build\shared\vanetza\asn1\asn1_support.dir\release\constr_sequence_of_xer.obj
c:\users\karel hevessy\src\vanetza-build\shared\vanetza\asn1\asn1_support.dir\release\constr_sequence_print.obj
c:\users\karel hevessy\src\vanetza-build\shared\vanetza\asn1\asn1_support.dir\release\constr_sequence_rfill.obj
c:\users\karel hevessy\src\vanetza-build\shared\vanetza\asn1\asn1_support.dir\release\constr_sequence_uper.obj
c:\users\karel hevessy\src\vanetza-build\shared\vanetza\asn1\asn1_support.dir\release\constr_sequence_xer.obj
c:\users\karel hevessy\src\vanetza-build\shared\vanetza\asn1\asn1_support.dir\release\constr_set.obj
c:\users\karel hevessy\src\vanetza-build\shared\vanetza\asn1\asn1_support.dir\release\constr_set_ber.obj
c:\users\karel hevessy\src\vanetza-build\shared\vanetza\asn1\asn1_support.dir\release\constr_set_jer.obj
c:\users\karel hevessy\src\vanetza-build\shared\vanetza\asn1\asn1_support.dir\release\constr_set_of.obj
c:\users\karel hevessy\src\vanetza-build\shared\vanetza\asn1\asn1_support.dir\release\constr_set_of_aper.obj
c:\users\karel hevessy\src\vanetza-build\shared\vanetza\asn1\asn1_support.dir\release\constr_set_of_ber.obj
c:\users\karel hevessy\src\vanetza-build\shared\vanetza\asn1\asn1_support.dir\release\constr_set_of_jer.obj
c:\users\karel hevessy\src\vanetza-build\shared\vanetza\asn1\asn1_support.dir\release\constr_set_of_oer.obj
c:\users\karel hevessy\src\vanetza-build\shared\vanetza\asn1\asn1_support.dir\release\constr_set_of_print.obj
c:\users\karel hevessy\src\vanetza-build\shared\vanetza\asn1\asn1_support.dir\release\constr_set_of_rfill.obj
c:\users\karel hevessy\src\vanetza-build\shared\vanetza\asn1\asn1_support.dir\release\constr_set_of_uper.obj
c:\users\karel hevessy\src\vanetza-build\shared\vanetza\asn1\asn1_support.dir\release\constr_set_of_xer.obj
c:\users\karel hevessy\src\vanetza-build\shared\vanetza\asn1\asn1_support.dir\release\constr_set_print.obj
c:\users\karel hevessy\src\vanetza-build\shared\vanetza\asn1\asn1_support.dir\release\constr_set_rfill.obj
c:\users\karel hevessy\src\vanetza-build\shared\vanetza\asn1\asn1_support.dir\release\constr_set_xer.obj
c:\users\karel hevessy\src\vanetza-build\shared\vanetza\asn1\asn1_support.dir\release\constr_type.obj
c:\users\karel hevessy\src\vanetza-build\shared\vanetza\asn1\asn1_support.dir\release\der_encoder.obj
c:\users\karel hevessy\src\vanetza-build\shared\vanetza\asn1\asn1_support.dir\release\enumerated.obj
c:\users\karel hevessy\src\vanetza-build\shared\vanetza\asn1\asn1_support.dir\release\enumerated_aper.obj
c:\users\karel hevessy\src\vanetza-build\shared\vanetza\asn1\asn1_support.dir\release\enumerated_jer.obj
c:\users\karel hevessy\src\vanetza-build\shared\vanetza\asn1\asn1_support.dir\release\enumerated_oer.obj
c:\users\karel hevessy\src\vanetza-build\shared\vanetza\asn1\asn1_support.dir\release\enumerated_uper.obj
c:\users\karel hevessy\src\vanetza-build\shared\vanetza\asn1\asn1_support.dir\release\generalizedtime.obj
c:\users\karel hevessy\src\vanetza-build\shared\vanetza\asn1\asn1_support.dir\release\generalizedtime_ber.obj
c:\users\karel hevessy\src\vanetza-build\shared\vanetza\asn1\asn1_support.dir\release\generalizedtime_jer.obj
c:\users\karel hevessy\src\vanetza-build\shared\vanetza\asn1\asn1_support.dir\release\generalizedtime_print.obj
c:\users\karel hevessy\src\vanetza-build\shared\vanetza\asn1\asn1_support.dir\release\generalizedtime_rfill.obj
c:\users\karel hevessy\src\vanetza-build\shared\vanetza\asn1\asn1_support.dir\release\generalizedtime_xer.obj
c:\users\karel hevessy\src\vanetza-build\shared\vanetza\asn1\asn1_support.dir\release\generalstring.obj
c:\users\karel hevessy\src\vanetza-build\shared\vanetza\asn1\asn1_support.dir\release\graphicstring.obj
c:\users\karel hevessy\src\vanetza-build\shared\vanetza\asn1\asn1_support.dir\release\ia5string.obj
c:\users\karel hevessy\src\vanetza-build\shared\vanetza\asn1\asn1_support.dir\release\integer.obj
c:\users\karel hevessy\src\vanetza-build\shared\vanetza\asn1\asn1_support.dir\release\integer_aper.obj
c:\users\karel hevessy\src\vanetza-build\shared\vanetza\asn1\asn1_support.dir\release\integer_ber.obj
c:\users\karel hevessy\src\vanetza-build\shared\vanetza\asn1\asn1_support.dir\release\integer_jer.obj
c:\users\karel hevessy\src\vanetza-build\shared\vanetza\asn1\asn1_support.dir\release\integer_oer.obj
c:\users\karel hevessy\src\vanetza-build\shared\vanetza\asn1\asn1_support.dir\release\integer_print.obj
c:\users\karel hevessy\src\vanetza-build\shared\vanetza\asn1\asn1_support.dir\release\integer_rfill.obj
c:\users\karel hevessy\src\vanetza-build\shared\vanetza\asn1\asn1_support.dir\release\integer_uper.obj
c:\users\karel hevessy\src\vanetza-build\shared\vanetza\asn1\asn1_support.dir\release\integer_xer.obj
c:\users\karel hevessy\src\vanetza-build\shared\vanetza\asn1\asn1_support.dir\release\iso646string.obj
c:\users\karel hevessy\src\vanetza-build\shared\vanetza\asn1\asn1_support.dir\release\jer_decoder.obj
c:\users\karel hevessy\src\vanetza-build\shared\vanetza\asn1\asn1_support.dir\release\jer_encoder.obj
c:\users\karel hevessy\src\vanetza-build\shared\vanetza\asn1\asn1_support.dir\release\jer_support.obj
c:\users\karel hevessy\src\vanetza-build\shared\vanetza\asn1\asn1_support.dir\release\memory.obj
c:\users\karel hevessy\src\vanetza-build\shared\vanetza\asn1\asn1_support.dir\release\nativeenumerated.obj
c:\users\karel hevessy\src\vanetza-build\shared\vanetza\asn1\asn1_support.dir\release\nativeenumerated_aper.obj
c:\users\karel hevessy\src\vanetza-build\shared\vanetza\asn1\asn1_support.dir\release\nativeenumerated_jer.obj
c:\users\karel hevessy\src\vanetza-build\shared\vanetza\asn1\asn1_support.dir\release\nativeenumerated_oer.obj
c:\users\karel hevessy\src\vanetza-build\shared\vanetza\asn1\asn1_support.dir\release\nativeenumerated_uper.obj
c:\users\karel hevessy\src\vanetza-build\shared\vanetza\asn1\asn1_support.dir\release\nativeenumerated_xer.obj
c:\users\karel hevessy\src\vanetza-build\shared\vanetza\asn1\asn1_support.dir\release\nativeinteger.obj
c:\users\karel hevessy\src\vanetza-build\shared\vanetza\asn1\asn1_support.dir\release\nativeinteger_aper.obj
c:\users\karel hevessy\src\vanetza-build\shared\vanetza\asn1\asn1_support.dir\release\nativeinteger_ber.obj
c:\users\karel hevessy\src\vanetza-build\shared\vanetza\asn1\asn1_support.dir\release\nativeinteger_jer.obj
c:\users\karel hevessy\src\vanetza-build\shared\vanetza\asn1\asn1_support.dir\release\nativeinteger_oer.obj
c:\users\karel hevessy\src\vanetza-build\shared\vanetza\asn1\asn1_support.dir\release\nativeinteger_print.obj
c:\users\karel hevessy\src\vanetza-build\shared\vanetza\asn1\asn1_support.dir\release\nativeinteger_rfill.obj
c:\users\karel hevessy\src\vanetza-build\shared\vanetza\asn1\asn1_support.dir\release\nativeinteger_uper.obj
c:\users\karel hevessy\src\vanetza-build\shared\vanetza\asn1\asn1_support.dir\release\nativeinteger_xer.obj
c:\users\karel hevessy\src\vanetza-build\shared\vanetza\asn1\asn1_support.dir\release\nativereal.obj
c:\users\karel hevessy\src\vanetza-build\shared\vanetza\asn1\asn1_support.dir\release\nativereal_aper.obj
c:\users\karel hevessy\src\vanetza-build\shared\vanetza\asn1\asn1_support.dir\release\nativereal_ber.obj
c:\users\karel hevessy\src\vanetza-build\shared\vanetza\asn1\asn1_support.dir\release\nativereal_jer.obj
c:\users\karel hevessy\src\vanetza-build\shared\vanetza\asn1\asn1_support.dir\release\nativereal_oer.obj
c:\users\karel hevessy\src\vanetza-build\shared\vanetza\asn1\asn1_support.dir\release\nativereal_print.obj
c:\users\karel hevessy\src\vanetza-build\shared\vanetza\asn1\asn1_support.dir\release\nativereal_rfill.obj
c:\users\karel hevessy\src\vanetza-build\shared\vanetza\asn1\asn1_support.dir\release\nativereal_uper.obj
c:\users\karel hevessy\src\vanetza-build\shared\vanetza\asn1\asn1_support.dir\release\nativereal_xer.obj
c:\users\karel hevessy\src\vanetza-build\shared\vanetza\asn1\asn1_support.dir\release\null.obj
c:\users\karel hevessy\src\vanetza-build\shared\vanetza\asn1\asn1_support.dir\release\null_aper.obj
c:\users\karel hevessy\src\vanetza-build\shared\vanetza\asn1\asn1_support.dir\release\null_ber.obj
c:\users\karel hevessy\src\vanetza-build\shared\vanetza\asn1\asn1_support.dir\release\null_jer.obj
c:\users\karel hevessy\src\vanetza-build\shared\vanetza\asn1\asn1_support.dir\release\null_oer.obj
c:\users\karel hevessy\src\vanetza-build\shared\vanetza\asn1\asn1_support.dir\release\null_print.obj
c:\users\karel hevessy\src\vanetza-build\shared\vanetza\asn1\asn1_support.dir\release\null_rfill.obj
c:\users\karel hevessy\src\vanetza-build\shared\vanetza\asn1\asn1_support.dir\release\null_uper.obj
c:\users\karel hevessy\src\vanetza-build\shared\vanetza\asn1\asn1_support.dir\release\null_xer.obj
c:\users\karel hevessy\src\vanetza-build\shared\vanetza\asn1\asn1_support.dir\release\numericstring.obj
c:\users\karel hevessy\src\vanetza-build\shared\vanetza\asn1\asn1_support.dir\release\objectdescriptor.obj
c:\users\karel hevessy\src\vanetza-build\shared\vanetza\asn1\asn1_support.dir\release\object_identifier.obj
c:\users\karel hevessy\src\vanetza-build\shared\vanetza\asn1\asn1_support.dir\release\object_identifier_jer.obj
c:\users\karel hevessy\src\vanetza-build\shared\vanetza\asn1\asn1_support.dir\release\object_identifier_print.obj
c:\users\karel hevessy\src\vanetza-build\shared\vanetza\asn1\asn1_support.dir\release\object_identifier_rfill.obj
c:\users\karel hevessy\src\vanetza-build\shared\vanetza\asn1\asn1_support.dir\release\object_identifier_xer.obj
c:\users\karel hevessy\src\vanetza-build\shared\vanetza\asn1\asn1_support.dir\release\octet_string.obj
c:\users\karel hevessy\src\vanetza-build\shared\vanetza\asn1\asn1_support.dir\release\octet_string_aper.obj
c:\users\karel hevessy\src\vanetza-build\shared\vanetza\asn1\asn1_support.dir\release\octet_string_ber.obj
c:\users\karel hevessy\src\vanetza-build\shared\vanetza\asn1\asn1_support.dir\release\octet_string_jer.obj
c:\users\karel hevessy\src\vanetza-build\shared\vanetza\asn1\asn1_support.dir\release\octet_string_oer.obj
c:\users\karel hevessy\src\vanetza-build\shared\vanetza\asn1\asn1_support.dir\release\octet_string_print.obj
c:\users\karel hevessy\src\vanetza-build\shared\vanetza\asn1\asn1_support.dir\release\octet_string_rfill.obj
c:\users\karel hevessy\src\vanetza-build\shared\vanetza\asn1\asn1_support.dir\release\octet_string_uper.obj
c:\users\karel hevessy\src\vanetza-build\shared\vanetza\asn1\asn1_support.dir\release\octet_string_xer.obj
c:\users\karel hevessy\src\vanetza-build\shared\vanetza\asn1\asn1_support.dir\release\oer_decoder.obj
c:\users\karel hevessy\src\vanetza-build\shared\vanetza\asn1\asn1_support.dir\release\oer_encoder.obj
c:\users\karel hevessy\src\vanetza-build\shared\vanetza\asn1\asn1_support.dir\release\oer_support.obj
c:\users\karel hevessy\src\vanetza-build\shared\vanetza\asn1\asn1_support.dir\release\open_type.obj
c:\users\karel hevessy\src\vanetza-build\shared\vanetza\asn1\asn1_support.dir\release\open_type_aper.obj
c:\users\karel hevessy\src\vanetza-build\shared\vanetza\asn1\asn1_support.dir\release\open_type_ber.obj
c:\users\karel hevessy\src\vanetza-build\shared\vanetza\asn1\asn1_support.dir\release\open_type_jer.obj
c:\users\karel hevessy\src\vanetza-build\shared\vanetza\asn1\asn1_support.dir\release\open_type_oer.obj
c:\users\karel hevessy\src\vanetza-build\shared\vanetza\asn1\asn1_support.dir\release\open_type_uper.obj
c:\users\karel hevessy\src\vanetza-build\shared\vanetza\asn1\asn1_support.dir\release\open_type_xer.obj
c:\users\karel hevessy\src\vanetza-build\shared\vanetza\asn1\asn1_support.dir\release\per_decoder.obj
c:\users\karel hevessy\src\vanetza-build\shared\vanetza\asn1\asn1_support.dir\release\per_encoder.obj
c:\users\karel hevessy\src\vanetza-build\shared\vanetza\asn1\asn1_support.dir\release\per_opentype.obj
c:\users\karel hevessy\src\vanetza-build\shared\vanetza\asn1\asn1_support.dir\release\per_support.obj
c:\users\karel hevessy\src\vanetza-build\shared\vanetza\asn1\asn1_support.dir\release\printablestring.obj
c:\users\karel hevessy\src\vanetza-build\shared\vanetza\asn1\asn1_support.dir\release\real.obj
c:\users\karel hevessy\src\vanetza-build\shared\vanetza\asn1\asn1_support.dir\release\real_aper.obj
c:\users\karel hevessy\src\vanetza-build\shared\vanetza\asn1\asn1_support.dir\release\real_jer.obj
c:\users\karel hevessy\src\vanetza-build\shared\vanetza\asn1\asn1_support.dir\release\real_oer.obj
c:\users\karel hevessy\src\vanetza-build\shared\vanetza\asn1\asn1_support.dir\release\real_print.obj
c:\users\karel hevessy\src\vanetza-build\shared\vanetza\asn1\asn1_support.dir\release\real_rfill.obj
c:\users\karel hevessy\src\vanetza-build\shared\vanetza\asn1\asn1_support.dir\release\real_uper.obj
c:\users\karel hevessy\src\vanetza-build\shared\vanetza\asn1\asn1_support.dir\release\real_xer.obj
c:\users\karel hevessy\src\vanetza-build\shared\vanetza\asn1\asn1_support.dir\release\relative-oid.obj
c:\users\karel hevessy\src\vanetza-build\shared\vanetza\asn1\asn1_support.dir\release\relative-oid_jer.obj
c:\users\karel hevessy\src\vanetza-build\shared\vanetza\asn1\asn1_support.dir\release\relative-oid_print.obj
c:\users\karel hevessy\src\vanetza-build\shared\vanetza\asn1\asn1_support.dir\release\relative-oid_rfill.obj
c:\users\karel hevessy\src\vanetza-build\shared\vanetza\asn1\asn1_support.dir\release\relative-oid_xer.obj
c:\users\karel hevessy\src\vanetza-build\shared\vanetza\asn1\asn1_support.dir\release\t61string.obj
c:\users\karel hevessy\src\vanetza-build\shared\vanetza\asn1\asn1_support.dir\release\teletexstring.obj
c:\users\karel hevessy\src\vanetza-build\shared\vanetza\asn1\asn1_support.dir\release\universalstring.obj
c:\users\karel hevessy\src\vanetza-build\shared\vanetza\asn1\asn1_support.dir\release\universalstring_jer.obj
c:\users\karel hevessy\src\vanetza-build\shared\vanetza\asn1\asn1_support.dir\release\universalstring_print.obj
c:\users\karel hevessy\src\vanetza-build\shared\vanetza\asn1\asn1_support.dir\release\universalstring_xer.obj
c:\users\karel hevessy\src\vanetza-build\shared\vanetza\asn1\asn1_support.dir\release\uper_decoder.obj
c:\users\karel hevessy\src\vanetza-build\shared\vanetza\asn1\asn1_support.dir\release\uper_encoder.obj
c:\users\karel hevessy\src\vanetza-build\shared\vanetza\asn1\asn1_support.dir\release\uper_opentype.obj
c:\users\karel hevessy\src\vanetza-build\shared\vanetza\asn1\asn1_support.dir\release\uper_support.obj
c:\users\karel hevessy\src\vanetza-build\shared\vanetza\asn1\asn1_support.dir\release\utctime.obj
c:\users\karel hevessy\src\vanetza-build\shared\vanetza\asn1\asn1_support.dir\release\utctime_jer.obj
c:\users\karel hevessy\src\vanetza-build\shared\vanetza\asn1\asn1_support.dir\release\utctime_print.obj
c:\users\karel hevessy\src\vanetza-build\shared\vanetza\asn1\asn1_support.dir\release\utctime_rfill.obj
c:\users\karel hevessy\src\vanetza-build\shared\vanetza\asn1\asn1_support.dir\release\utctime_xer.obj
c:\users\karel hevessy\src\vanetza-build\shared\vanetza\asn1\asn1_support.dir\release\utf8string.obj
c:\users\karel hevessy\src\vanetza-build\shared\vanetza\asn1\asn1_support.dir\release\utf8string_print.obj
c:\users\karel hevessy\src\vanetza-build\shared\vanetza\asn1\asn1_support.dir\release\utf8string_rfill.obj
c:\users\karel hevessy\src\vanetza-build\shared\vanetza\asn1\asn1_support.dir\release\videotexstring.obj
c:\users\karel hevessy\src\vanetza-build\shared\vanetza\asn1\asn1_support.dir\release\visiblestring.obj
c:\users\karel hevessy\src\vanetza-build\shared\vanetza\asn1\asn1_support.dir\release\xer_decoder.obj
c:\users\karel hevessy\src\vanetza-build\shared\vanetza\asn1\asn1_support.dir\release\xer_encoder.obj
c:\users\karel hevessy\src\vanetza-build\shared\vanetza\asn1\asn1_support.dir\release\xer_support.obj
c:\users\karel hevessy\src\vanetza-build\shared\bin\release\vanetza_asn1_support.dll
c:\users\karel hevessy\src\vanetza-build\shared\vanetza\asn1\asn1_support.dir\release\asn1_support.tlog\asn1_support.write.1u.tlog
c:\users\karel hevessy\src\vanetza-build\shared\vanetza\asn1\asn1_support.dir\release\asn1_support.tlog\cl.command.1.tlog
c:\users\karel hevessy\src\vanetza-build\shared\vanetza\asn1\asn1_support.dir\release\asn1_support.tlog\cl.write.1.tlog
c:\users\karel hevessy\src\vanetza-build\shared\vanetza\asn1\asn1_support.dir\release\asn1_support.tlog\custombuild.command.1.tlog
c:\users\karel hevessy\src\vanetza-build\shared\vanetza\asn1\asn1_support.dir\release\asn1_support.tlog\custombuild.read.1.tlog
c:\users\karel hevessy\src\vanetza-build\shared\vanetza\asn1\asn1_support.dir\release\asn1_support.tlog\custombuild.write.1.tlog
c:\users\karel hevessy\src\vanetza-build\shared\vanetza\asn1\asn1_support.dir\release\asn1_support.tlog\link.command.1.tlog
c:\users\karel hevessy\src\vanetza-build\shared\vanetza\asn1\asn1_support.dir\release\asn1_support.tlog\link.read.1.tlog
c:\users\karel hevessy\src\vanetza-build\shared\vanetza\asn1\asn1_support.dir\release\asn1_support.tlog\link.write.1.tlog
