c:\users\karel hevessy\src\vanetza-build\shared\lib\static\debug\vanetza_asn1_security.lib
c:\users\karel hevessy\src\vanetza-build\shared\lib\static\debug\vanetza_asn1_security.exp
c:\users\karel hevessy\src\vanetza-build\shared\vanetza\asn1\asn1_security.dir\debug\vc143.pdb
c:\users\karel hevessy\src\vanetza-build\shared\vanetza\asn1\cmakefiles\generate.stamp
c:\users\karel hevessy\src\vanetza-build\shared\bin\debug\vanetza_asn1_security.pdb
c:\users\karel hevessy\src\vanetza-build\shared\vanetza\asn1\asn1_security.dir\debug\aaentry.obj
c:\users\karel hevessy\src\vanetza-build\shared\vanetza\asn1\asn1_security.dir\debug\aesccmciphertext.obj
c:\users\karel hevessy\src\vanetza-build\shared\vanetza\asn1\asn1_security.dir\debug\authorizationrequestmessage.obj
c:\users\karel hevessy\src\vanetza-build\shared\vanetza\asn1\asn1_security.dir\debug\authorizationrequestmessagewithpop.obj
c:\users\karel hevessy\src\vanetza-build\shared\vanetza\asn1\asn1_security.dir\debug\authorizationresponsecode.obj
c:\users\karel hevessy\src\vanetza-build\shared\vanetza\asn1\asn1_security.dir\debug\authorizationresponsemessage.obj
c:\users\karel hevessy\src\vanetza-build\shared\vanetza\asn1\asn1_security.dir\debug\authorizationvalidationrequest.obj
c:\users\karel hevessy\src\vanetza-build\shared\vanetza\asn1\asn1_security.dir\debug\authorizationvalidationrequestmessage.obj
c:\users\karel hevessy\src\vanetza-build\shared\vanetza\asn1\asn1_security.dir\debug\authorizationvalidationresponse.obj
c:\users\karel hevessy\src\vanetza-build\shared\vanetza\asn1\asn1_security.dir\debug\authorizationvalidationresponsecode.obj
c:\users\karel hevessy\src\vanetza-build\shared\vanetza\asn1\asn1_security.dir\debug\authorizationvalidationresponsemessage.obj
c:\users\karel hevessy\src\vanetza-build\shared\vanetza\asn1\asn1_security.dir\debug\basepublicencryptionkey.obj
c:\users\karel hevessy\src\vanetza-build\shared\vanetza\asn1\asn1_security.dir\debug\bitmapssp.obj
c:\users\karel hevessy\src\vanetza-build\shared\vanetza\asn1\asn1_security.dir\debug\bitmapssprange.obj
c:\users\karel hevessy\src\vanetza-build\shared\vanetza\asn1\asn1_security.dir\debug\cacertificaterekeyingmessage.obj
c:\users\karel hevessy\src\vanetza-build\shared\vanetza\asn1\asn1_security.dir\debug\cacertificaterequest.obj
c:\users\karel hevessy\src\vanetza-build\shared\vanetza\asn1\asn1_security.dir\debug\cacertificaterequestmessage.obj
c:\users\karel hevessy\src\vanetza-build\shared\vanetza\asn1\asn1_security.dir\debug\certificate.obj
c:\users\karel hevessy\src\vanetza-build\shared\vanetza\asn1\asn1_security.dir\debug\certificatebase.obj
c:\users\karel hevessy\src\vanetza-build\shared\vanetza\asn1\asn1_security.dir\debug\certificateformat.obj
c:\users\karel hevessy\src\vanetza-build\shared\vanetza\asn1\asn1_security.dir\debug\certificateid.obj
c:\users\karel hevessy\src\vanetza-build\shared\vanetza\asn1\asn1_security.dir\debug\certificaterevocationlistmessage.obj
c:\users\karel hevessy\src\vanetza-build\shared\vanetza\asn1\asn1_security.dir\debug\certificatesubjectattributes.obj
c:\users\karel hevessy\src\vanetza-build\shared\vanetza\asn1\asn1_security.dir\debug\certificatetype.obj
c:\users\karel hevessy\src\vanetza-build\shared\vanetza\asn1\asn1_security.dir\debug\circularregion.obj
c:\users\karel hevessy\src\vanetza-build\shared\vanetza\asn1\asn1_security.dir\debug\countersignature.obj
c:\users\karel hevessy\src\vanetza-build\shared\vanetza\asn1\asn1_security.dir\debug\countryandregions.obj
c:\users\karel hevessy\src\vanetza-build\shared\vanetza\asn1\asn1_security.dir\debug\countryandsubregions.obj
c:\users\karel hevessy\src\vanetza-build\shared\vanetza\asn1\asn1_security.dir\debug\countryonly.obj
c:\users\karel hevessy\src\vanetza-build\shared\vanetza\asn1\asn1_security.dir\debug\crlentry.obj
c:\users\karel hevessy\src\vanetza-build\shared\vanetza\asn1\asn1_security.dir\debug\crlseries.obj
c:\users\karel hevessy\src\vanetza-build\shared\vanetza\asn1\asn1_security.dir\debug\ctlcommand.obj
c:\users\karel hevessy\src\vanetza-build\shared\vanetza\asn1\asn1_security.dir\debug\ctldelete.obj
c:\users\karel hevessy\src\vanetza-build\shared\vanetza\asn1\asn1_security.dir\debug\ctlentry.obj
c:\users\karel hevessy\src\vanetza-build\shared\vanetza\asn1\asn1_security.dir\debug\ctlformat.obj
c:\users\karel hevessy\src\vanetza-build\shared\vanetza\asn1\asn1_security.dir\debug\dcdelete.obj
c:\users\karel hevessy\src\vanetza-build\shared\vanetza\asn1\asn1_security.dir\debug\dcentry.obj
c:\users\karel hevessy\src\vanetza-build\shared\vanetza\asn1\asn1_security.dir\debug\deltactl.obj
c:\users\karel hevessy\src\vanetza-build\shared\vanetza\asn1\asn1_security.dir\debug\duration.obj
c:\users\karel hevessy\src\vanetza-build\shared\vanetza\asn1\asn1_security.dir\debug\eaentry.obj
c:\users\karel hevessy\src\vanetza-build\shared\vanetza\asn1\asn1_security.dir\debug\eccp256curvepoint.obj
c:\users\karel hevessy\src\vanetza-build\shared\vanetza\asn1\asn1_security.dir\debug\eccp384curvepoint.obj
c:\users\karel hevessy\src\vanetza-build\shared\vanetza\asn1\asn1_security.dir\debug\ecdsap256signature.obj
c:\users\karel hevessy\src\vanetza-build\shared\vanetza\asn1\asn1_security.dir\debug\ecdsap384signature.obj
c:\users\karel hevessy\src\vanetza-build\shared\vanetza\asn1\asn1_security.dir\debug\eciesp256encryptedkey.obj
c:\users\karel hevessy\src\vanetza-build\shared\vanetza\asn1\asn1_security.dir\debug\ecsignature.obj
c:\users\karel hevessy\src\vanetza-build\shared\vanetza\asn1\asn1_security.dir\debug\elevation.obj
c:\users\karel hevessy\src\vanetza-build\shared\vanetza\asn1\asn1_security.dir\debug\elevint.obj
c:\users\karel hevessy\src\vanetza-build\shared\vanetza\asn1\asn1_security.dir\debug\encrypteddata.obj
c:\users\karel hevessy\src\vanetza-build\shared\vanetza\asn1\asn1_security.dir\debug\encrypteddataencryptionkey.obj
c:\users\karel hevessy\src\vanetza-build\shared\vanetza\asn1\asn1_security.dir\debug\encryptionkey.obj
c:\users\karel hevessy\src\vanetza-build\shared\vanetza\asn1\asn1_security.dir\debug\endentitytype.obj
c:\users\karel hevessy\src\vanetza-build\shared\vanetza\asn1\asn1_security.dir\debug\enrolmentrequestmessage.obj
c:\users\karel hevessy\src\vanetza-build\shared\vanetza\asn1\asn1_security.dir\debug\enrolmentresponsecode.obj
c:\users\karel hevessy\src\vanetza-build\shared\vanetza\asn1\asn1_security.dir\debug\enrolmentresponsemessage.obj
c:\users\karel hevessy\src\vanetza-build\shared\vanetza\asn1\asn1_security.dir\debug\etsits102941data.obj
c:\users\karel hevessy\src\vanetza-build\shared\vanetza\asn1\asn1_security.dir\debug\etsits102941datacontent.obj
c:\users\karel hevessy\src\vanetza-build\shared\vanetza\asn1\asn1_security.dir\debug\etsits103097certificate.obj
c:\users\karel hevessy\src\vanetza-build\shared\vanetza\asn1\asn1_security.dir\debug\etsits103097data-encrypted-unicast.obj
c:\users\karel hevessy\src\vanetza-build\shared\vanetza\asn1\asn1_security.dir\debug\etsits103097data-encrypted.obj
c:\users\karel hevessy\src\vanetza-build\shared\vanetza\asn1\asn1_security.dir\debug\etsits103097data-signed.obj
c:\users\karel hevessy\src\vanetza-build\shared\vanetza\asn1\asn1_security.dir\debug\etsits103097data-signedandencrypted-unicast.obj
c:\users\karel hevessy\src\vanetza-build\shared\vanetza\asn1\asn1_security.dir\debug\etsits103097data-signedandencrypted.obj
c:\users\karel hevessy\src\vanetza-build\shared\vanetza\asn1\asn1_security.dir\debug\etsits103097data-signedexternalpayload.obj
c:\users\karel hevessy\src\vanetza-build\shared\vanetza\asn1\asn1_security.dir\debug\etsits103097data-unsecured.obj
c:\users\karel hevessy\src\vanetza-build\shared\vanetza\asn1\asn1_security.dir\debug\etsits103097data.obj
c:\users\karel hevessy\src\vanetza-build\shared\vanetza\asn1\asn1_security.dir\debug\explicitcertificate.obj
c:\users\karel hevessy\src\vanetza-build\shared\vanetza\asn1\asn1_security.dir\debug\fullctl.obj
c:\users\karel hevessy\src\vanetza-build\shared\vanetza\asn1\asn1_security.dir\debug\geographicregion.obj
c:\users\karel hevessy\src\vanetza-build\shared\vanetza\asn1\asn1_security.dir\debug\grouplinkagevalue.obj
c:\users\karel hevessy\src\vanetza-build\shared\vanetza\asn1\asn1_security.dir\debug\hashalgorithm.obj
c:\users\karel hevessy\src\vanetza-build\shared\vanetza\asn1\asn1_security.dir\debug\hasheddata.obj
c:\users\karel hevessy\src\vanetza-build\shared\vanetza\asn1\asn1_security.dir\debug\hashedid10.obj
c:\users\karel hevessy\src\vanetza-build\shared\vanetza\asn1\asn1_security.dir\debug\hashedid3.obj
c:\users\karel hevessy\src\vanetza-build\shared\vanetza\asn1\asn1_security.dir\debug\hashedid8.obj
c:\users\karel hevessy\src\vanetza-build\shared\vanetza\asn1\asn1_security.dir\debug\headerinfo.obj
c:\users\karel hevessy\src\vanetza-build\shared\vanetza\asn1\asn1_security.dir\debug\hostname.obj
c:\users\karel hevessy\src\vanetza-build\shared\vanetza\asn1\asn1_security.dir\debug\identifiedregion.obj
c:\users\karel hevessy\src\vanetza-build\shared\vanetza\asn1\asn1_security.dir\debug\ieee1609dot2content.obj
c:\users\karel hevessy\src\vanetza-build\shared\vanetza\asn1\asn1_security.dir\debug\ieee1609dot2data.obj
c:\users\karel hevessy\src\vanetza-build\shared\vanetza\asn1\asn1_security.dir\debug\implicitcertificate.obj
c:\users\karel hevessy\src\vanetza-build\shared\vanetza\asn1\asn1_security.dir\debug\inneratrequest.obj
c:\users\karel hevessy\src\vanetza-build\shared\vanetza\asn1\asn1_security.dir\debug\inneratresponse.obj
c:\users\karel hevessy\src\vanetza-build\shared\vanetza\asn1\asn1_security.dir\debug\innerecrequest.obj
c:\users\karel hevessy\src\vanetza-build\shared\vanetza\asn1\asn1_security.dir\debug\innerecrequestsignedforpop.obj
c:\users\karel hevessy\src\vanetza-build\shared\vanetza\asn1\asn1_security.dir\debug\innerecresponse.obj
c:\users\karel hevessy\src\vanetza-build\shared\vanetza\asn1\asn1_security.dir\debug\issueridentifier.obj
c:\users\karel hevessy\src\vanetza-build\shared\vanetza\asn1\asn1_security.dir\debug\ivalue.obj
c:\users\karel hevessy\src\vanetza-build\shared\vanetza\asn1\asn1_security.dir\debug\knownlatitude.obj
c:\users\karel hevessy\src\vanetza-build\shared\vanetza\asn1\asn1_security.dir\debug\knownlongitude.obj
c:\users\karel hevessy\src\vanetza-build\shared\vanetza\asn1\asn1_security.dir\debug\laid.obj
c:\users\karel hevessy\src\vanetza-build\shared\vanetza\asn1\asn1_security.dir\debug\latitude.obj
c:\users\karel hevessy\src\vanetza-build\shared\vanetza\asn1\asn1_security.dir\debug\linkagedata.obj
c:\users\karel hevessy\src\vanetza-build\shared\vanetza\asn1\asn1_security.dir\debug\linkageseed.obj
c:\users\karel hevessy\src\vanetza-build\shared\vanetza\asn1\asn1_security.dir\debug\linkagevalue.obj
c:\users\karel hevessy\src\vanetza-build\shared\vanetza\asn1\asn1_security.dir\debug\longitude.obj
c:\users\karel hevessy\src\vanetza-build\shared\vanetza\asn1\asn1_security.dir\debug\missingcrlidentifier.obj
c:\users\karel hevessy\src\vanetza-build\shared\vanetza\asn1\asn1_security.dir\debug\ninetydegreeint.obj
c:\users\karel hevessy\src\vanetza-build\shared\vanetza\asn1\asn1_security.dir\debug\oneeightydegreeint.obj
c:\users\karel hevessy\src\vanetza-build\shared\vanetza\asn1\asn1_security.dir\debug\opaque.obj
c:\users\karel hevessy\src\vanetza-build\shared\vanetza\asn1\asn1_security.dir\debug\pkrecipientinfo.obj
c:\users\karel hevessy\src\vanetza-build\shared\vanetza\asn1\asn1_security.dir\debug\polygonalregion.obj
c:\users\karel hevessy\src\vanetza-build\shared\vanetza\asn1\asn1_security.dir\debug\presharedkeyrecipientinfo.obj
c:\users\karel hevessy\src\vanetza-build\shared\vanetza\asn1\asn1_security.dir\debug\psid.obj
c:\users\karel hevessy\src\vanetza-build\shared\vanetza\asn1\asn1_security.dir\debug\psidgrouppermissions.obj
c:\users\karel hevessy\src\vanetza-build\shared\vanetza\asn1\asn1_security.dir\debug\psidssp.obj
c:\users\karel hevessy\src\vanetza-build\shared\vanetza\asn1\asn1_security.dir\debug\psidssprange.obj
c:\users\karel hevessy\src\vanetza-build\shared\vanetza\asn1\asn1_security.dir\debug\publicencryptionkey.obj
c:\users\karel hevessy\src\vanetza-build\shared\vanetza\asn1\asn1_security.dir\debug\publickeys.obj
c:\users\karel hevessy\src\vanetza-build\shared\vanetza\asn1\asn1_security.dir\debug\publicverificationkey.obj
c:\users\karel hevessy\src\vanetza-build\shared\vanetza\asn1\asn1_security.dir\debug\rcacertificatetrustlistmessage.obj
c:\users\karel hevessy\src\vanetza-build\shared\vanetza\asn1\asn1_security.dir\debug\recipientinfo.obj
c:\users\karel hevessy\src\vanetza-build\shared\vanetza\asn1\asn1_security.dir\debug\rectangularregion.obj
c:\users\karel hevessy\src\vanetza-build\shared\vanetza\asn1\asn1_security.dir\debug\regionandsubregions.obj
c:\users\karel hevessy\src\vanetza-build\shared\vanetza\asn1\asn1_security.dir\debug\rootcaentry.obj
c:\users\karel hevessy\src\vanetza-build\shared\vanetza\asn1\asn1_security.dir\debug\securityasnincludes.obj
c:\users\karel hevessy\src\vanetza-build\shared\vanetza\asn1\asn1_security.dir\debug\sequenceofcertificate.obj
c:\users\karel hevessy\src\vanetza-build\shared\vanetza\asn1\asn1_security.dir\debug\sequenceofhashedid3.obj
c:\users\karel hevessy\src\vanetza-build\shared\vanetza\asn1\asn1_security.dir\debug\sequenceofidentifiedregion.obj
c:\users\karel hevessy\src\vanetza-build\shared\vanetza\asn1\asn1_security.dir\debug\sequenceofoctetstring.obj
c:\users\karel hevessy\src\vanetza-build\shared\vanetza\asn1\asn1_security.dir\debug\sequenceofpsid.obj
c:\users\karel hevessy\src\vanetza-build\shared\vanetza\asn1\asn1_security.dir\debug\sequenceofpsidgrouppermissions.obj
c:\users\karel hevessy\src\vanetza-build\shared\vanetza\asn1\asn1_security.dir\debug\sequenceofpsidssp.obj
c:\users\karel hevessy\src\vanetza-build\shared\vanetza\asn1\asn1_security.dir\debug\sequenceofpsidssprange.obj
c:\users\karel hevessy\src\vanetza-build\shared\vanetza\asn1\asn1_security.dir\debug\sequenceofrecipientinfo.obj
c:\users\karel hevessy\src\vanetza-build\shared\vanetza\asn1\asn1_security.dir\debug\sequenceofrectangularregion.obj
c:\users\karel hevessy\src\vanetza-build\shared\vanetza\asn1\asn1_security.dir\debug\sequenceofregionandsubregions.obj
c:\users\karel hevessy\src\vanetza-build\shared\vanetza\asn1\asn1_security.dir\debug\sequenceofuint16.obj
c:\users\karel hevessy\src\vanetza-build\shared\vanetza\asn1\asn1_security.dir\debug\sequenceofuint8.obj
c:\users\karel hevessy\src\vanetza-build\shared\vanetza\asn1\asn1_security.dir\debug\servicespecificpermissions.obj
c:\users\karel hevessy\src\vanetza-build\shared\vanetza\asn1\asn1_security.dir\debug\sharedatrequest.obj
c:\users\karel hevessy\src\vanetza-build\shared\vanetza\asn1\asn1_security.dir\debug\signature.obj
c:\users\karel hevessy\src\vanetza-build\shared\vanetza\asn1\asn1_security.dir\debug\signeddata.obj
c:\users\karel hevessy\src\vanetza-build\shared\vanetza\asn1\asn1_security.dir\debug\signeddatapayload.obj
c:\users\karel hevessy\src\vanetza-build\shared\vanetza\asn1\asn1_security.dir\debug\signeridentifier.obj
c:\users\karel hevessy\src\vanetza-build\shared\vanetza\asn1\asn1_security.dir\debug\singleetsits103097certificate.obj
c:\users\karel hevessy\src\vanetza-build\shared\vanetza\asn1\asn1_security.dir\debug\ssprange.obj
c:\users\karel hevessy\src\vanetza-build\shared\vanetza\asn1\asn1_security.dir\debug\subjectassurance.obj
c:\users\karel hevessy\src\vanetza-build\shared\vanetza\asn1\asn1_security.dir\debug\subjectpermissions.obj
c:\users\karel hevessy\src\vanetza-build\shared\vanetza\asn1\asn1_security.dir\debug\symmalgorithm.obj
c:\users\karel hevessy\src\vanetza-build\shared\vanetza\asn1\asn1_security.dir\debug\symmetricciphertext.obj
c:\users\karel hevessy\src\vanetza-build\shared\vanetza\asn1\asn1_security.dir\debug\symmetricencryptionkey.obj
c:\users\karel hevessy\src\vanetza-build\shared\vanetza\asn1\asn1_security.dir\debug\symmrecipientinfo.obj
c:\users\karel hevessy\src\vanetza-build\shared\vanetza\asn1\asn1_security.dir\debug\threedlocation.obj
c:\users\karel hevessy\src\vanetza-build\shared\vanetza\asn1\asn1_security.dir\debug\time32.obj
c:\users\karel hevessy\src\vanetza-build\shared\vanetza\asn1\asn1_security.dir\debug\time64.obj
c:\users\karel hevessy\src\vanetza-build\shared\vanetza\asn1\asn1_security.dir\debug\tlmcertificatetrustlistmessage.obj
c:\users\karel hevessy\src\vanetza-build\shared\vanetza\asn1\asn1_security.dir\debug\tlmentry.obj
c:\users\karel hevessy\src\vanetza-build\shared\vanetza\asn1\asn1_security.dir\debug\tobesignedcertificate.obj
c:\users\karel hevessy\src\vanetza-build\shared\vanetza\asn1\asn1_security.dir\debug\tobesignedcrl.obj
c:\users\karel hevessy\src\vanetza-build\shared\vanetza\asn1\asn1_security.dir\debug\tobesigneddata.obj
c:\users\karel hevessy\src\vanetza-build\shared\vanetza\asn1\asn1_security.dir\debug\tobesignedrcactl.obj
c:\users\karel hevessy\src\vanetza-build\shared\vanetza\asn1\asn1_security.dir\debug\tobesignedtlmctl.obj
c:\users\karel hevessy\src\vanetza-build\shared\vanetza\asn1\asn1_security.dir\debug\twodlocation.obj
c:\users\karel hevessy\src\vanetza-build\shared\vanetza\asn1\asn1_security.dir\debug\uint16.obj
c:\users\karel hevessy\src\vanetza-build\shared\vanetza\asn1\asn1_security.dir\debug\uint3.obj
c:\users\karel hevessy\src\vanetza-build\shared\vanetza\asn1\asn1_security.dir\debug\uint32.obj
c:\users\karel hevessy\src\vanetza-build\shared\vanetza\asn1\asn1_security.dir\debug\uint64.obj
c:\users\karel hevessy\src\vanetza-build\shared\vanetza\asn1\asn1_security.dir\debug\uint8.obj
c:\users\karel hevessy\src\vanetza-build\shared\vanetza\asn1\asn1_security.dir\debug\unknownlatitude.obj
c:\users\karel hevessy\src\vanetza-build\shared\vanetza\asn1\asn1_security.dir\debug\unknownlongitude.obj
c:\users\karel hevessy\src\vanetza-build\shared\vanetza\asn1\asn1_security.dir\debug\url.obj
c:\users\karel hevessy\src\vanetza-build\shared\vanetza\asn1\asn1_security.dir\debug\validityperiod.obj
c:\users\karel hevessy\src\vanetza-build\shared\vanetza\asn1\asn1_security.dir\debug\verificationkeyindicator.obj
c:\users\karel hevessy\src\vanetza-build\shared\vanetza\asn1\asn1_security.dir\debug\version.obj
c:\users\karel hevessy\src\vanetza-build\shared\vanetza\asn1\asn1_security.dir\debug\vanetza_asn1_security.ilk
c:\users\karel hevessy\src\vanetza-build\shared\bin\debug\vanetza_asn1_security.dll
c:\users\karel hevessy\src\vanetza-build\shared\vanetza\asn1\asn1_security.dir\debug\asn1_security.tlog\asn1_security.write.1u.tlog
c:\users\karel hevessy\src\vanetza-build\shared\vanetza\asn1\asn1_security.dir\debug\asn1_security.tlog\cl.command.1.tlog
c:\users\karel hevessy\src\vanetza-build\shared\vanetza\asn1\asn1_security.dir\debug\asn1_security.tlog\cl.write.1.tlog
c:\users\karel hevessy\src\vanetza-build\shared\vanetza\asn1\asn1_security.dir\debug\asn1_security.tlog\custombuild.command.1.tlog
c:\users\karel hevessy\src\vanetza-build\shared\vanetza\asn1\asn1_security.dir\debug\asn1_security.tlog\custombuild.read.1.tlog
c:\users\karel hevessy\src\vanetza-build\shared\vanetza\asn1\asn1_security.dir\debug\asn1_security.tlog\custombuild.write.1.tlog
c:\users\karel hevessy\src\vanetza-build\shared\vanetza\asn1\asn1_security.dir\debug\asn1_security.tlog\link.command.1.tlog
c:\users\karel hevessy\src\vanetza-build\shared\vanetza\asn1\asn1_security.dir\debug\asn1_security.tlog\link.read.1.tlog
c:\users\karel hevessy\src\vanetza-build\shared\vanetza\asn1\asn1_security.dir\debug\asn1_security.tlog\link.write.1.tlog
