c:\users\karel hevessy\src\vanetza-build\shared\vanetza\security\security.dir\debug\vc143.pdb
c:\users\karel hevessy\src\vanetza-build\shared\vanetza\security\cmakefiles\generate.stamp
c:\users\karel hevessy\src\vanetza-build\shared\vanetza\security\security.dir\debug\asn1_conversions.obj
c:\users\karel hevessy\src\vanetza-build\shared\vanetza\security\security.dir\debug\backend.obj
c:\users\karel hevessy\src\vanetza-build\shared\vanetza\security\security.dir\debug\backend_cryptopp.obj
c:\users\karel hevessy\src\vanetza-build\shared\vanetza\security\security.dir\debug\backend_null.obj
c:\users\karel hevessy\src\vanetza-build\shared\vanetza\security\security.dir\debug\basic_elements.obj
c:\users\karel hevessy\src\vanetza-build\shared\vanetza\security\security.dir\debug\cam_ssp.obj
c:\users\karel hevessy\src\vanetza-build\shared\vanetza\security\security.dir\debug\certificate_validator.obj
c:\users\karel hevessy\src\vanetza-build\shared\vanetza\security\security.dir\debug\decap_service.obj
c:\users\karel hevessy\src\vanetza-build\shared\vanetza\security\security.dir\debug\default_certificate_validator.obj
c:\users\karel hevessy\src\vanetza-build\shared\vanetza\security\security.dir\debug\delegating_security_entity.obj
c:\users\karel hevessy\src\vanetza-build\shared\vanetza\security\security.dir\debug\distance.obj
c:\users\karel hevessy\src\vanetza-build\shared\vanetza\security\security.dir\debug\ecc_point.cpp.obj
c:\users\karel hevessy\src\vanetza-build\shared\vanetza\security\security.dir\debug\ecdsa256.obj
c:\users\karel hevessy\src\vanetza-build\shared\vanetza\security\security.dir\debug\encap_service.obj
c:\users\karel hevessy\src\vanetza-build\shared\vanetza\security\security.dir\debug\encryption_parameter.obj
c:\users\karel hevessy\src\vanetza-build\shared\vanetza\security\security.dir\debug\hash.obj
c:\users\karel hevessy\src\vanetza-build\shared\vanetza\security\security.dir\debug\hashed_id.obj
c:\users\karel hevessy\src\vanetza-build\shared\vanetza\security\security.dir\debug\header_field.obj
c:\users\karel hevessy\src\vanetza-build\shared\vanetza\security\security.dir\debug\int_x.obj
c:\users\karel hevessy\src\vanetza-build\shared\vanetza\security\security.dir\debug\key_type.obj
c:\users\karel hevessy\src\vanetza-build\shared\vanetza\security\security.dir\debug\length_coding.obj
c:\users\karel hevessy\src\vanetza-build\shared\vanetza\security\security.dir\debug\null_certificate_provider.obj
c:\users\karel hevessy\src\vanetza-build\shared\vanetza\security\security.dir\debug\null_certificate_validator.obj
c:\users\karel hevessy\src\vanetza-build\shared\vanetza\security\security.dir\debug\payload.obj
c:\users\karel hevessy\src\vanetza-build\shared\vanetza\security\security.dir\debug\peer_request_tracker.obj
c:\users\karel hevessy\src\vanetza-build\shared\vanetza\security\security.dir\debug\public_key.obj
c:\users\karel hevessy\src\vanetza-build\shared\vanetza\security\security.dir\debug\recipient_info.obj
c:\users\karel hevessy\src\vanetza-build\shared\vanetza\security\security.dir\debug\region.obj
c:\users\karel hevessy\src\vanetza-build\shared\vanetza\security\security.dir\debug\secured_message.cpp.obj
c:\users\karel hevessy\src\vanetza-build\shared\vanetza\security\security.dir\debug\serialization.obj
c:\users\karel hevessy\src\vanetza-build\shared\vanetza\security\security.dir\debug\sha.obj
c:\users\karel hevessy\src\vanetza-build\shared\vanetza\security\security.dir\debug\signature.cpp.obj
c:\users\karel hevessy\src\vanetza-build\shared\vanetza\security\security.dir\debug\signer_info.obj
c:\users\karel hevessy\src\vanetza-build\shared\vanetza\security\security.dir\debug\straight_verify_service.obj
c:\users\karel hevessy\src\vanetza-build\shared\vanetza\security\security.dir\debug\subject_attribute.obj
c:\users\karel hevessy\src\vanetza-build\shared\vanetza\security\security.dir\debug\subject_info.obj
c:\users\karel hevessy\src\vanetza-build\shared\vanetza\security\security.dir\debug\trailer_field.obj
c:\users\karel hevessy\src\vanetza-build\shared\vanetza\security\security.dir\debug\trust_store.obj
c:\users\karel hevessy\src\vanetza-build\shared\vanetza\security\security.dir\debug\validity_restriction.obj
c:\users\karel hevessy\src\vanetza-build\shared\vanetza\security\security.dir\debug\verification.obj
c:\users\karel hevessy\src\vanetza-build\shared\vanetza\security\security.dir\debug\verify_service.obj
c:\users\karel hevessy\src\vanetza-build\shared\bin\debug\vanetza_security.pdb
c:\users\karel hevessy\src\vanetza-build\shared\vanetza\security\security.dir\debug\security.tlog\cl.command.1.tlog
c:\users\karel hevessy\src\vanetza-build\shared\vanetza\security\security.dir\debug\security.tlog\cl.read.1.tlog
c:\users\karel hevessy\src\vanetza-build\shared\vanetza\security\security.dir\debug\security.tlog\cl.write.1.tlog
c:\users\karel hevessy\src\vanetza-build\shared\vanetza\security\security.dir\debug\security.tlog\custombuild.command.1.tlog
c:\users\karel hevessy\src\vanetza-build\shared\vanetza\security\security.dir\debug\security.tlog\custombuild.read.1.tlog
c:\users\karel hevessy\src\vanetza-build\shared\vanetza\security\security.dir\debug\security.tlog\custombuild.write.1.tlog
c:\users\karel hevessy\src\vanetza-build\shared\vanetza\security\security.dir\debug\security.tlog\link-cvtres.read.1.tlog
c:\users\karel hevessy\src\vanetza-build\shared\vanetza\security\security.dir\debug\security.tlog\link-cvtres.write.1.tlog
c:\users\karel hevessy\src\vanetza-build\shared\vanetza\security\security.dir\debug\security.tlog\link-rc.read.1.tlog
c:\users\karel hevessy\src\vanetza-build\shared\vanetza\security\security.dir\debug\security.tlog\link-rc.write.1.tlog
c:\users\karel hevessy\src\vanetza-build\shared\vanetza\security\security.dir\debug\security.tlog\link.command.1.tlog
c:\users\karel hevessy\src\vanetza-build\shared\vanetza\security\security.dir\debug\security.tlog\link.read.1.tlog
c:\users\karel hevessy\src\vanetza-build\shared\vanetza\security\security.dir\debug\security.tlog\link.read.2.tlog
c:\users\karel hevessy\src\vanetza-build\shared\vanetza\security\security.dir\debug\security.tlog\link.write.1.tlog
