  Building Custom Rule C:/Users/Karel Hevessy/src/vanetza-build/vanetza/dcc/CMakeLists.txt
C:\Program Files\Microsoft Visual Studio\2022\Community\MSBuild\Microsoft\VC\v170\Microsoft.CppCommon.targets(247,5): warning MSB8064: Custom build for item "C:\Users\Karel Hevessy\src\vanetza-build\vanetza\dcc\CMakeLists.txt" succeeded, but specified dependency "c:\users\karel hevessy\src\vanetza-build\vanetza\dcc\cmakelists.txt" does not exist. This may cause incremental build to work incorrectly.
C:\Program Files\Microsoft Visual Studio\2022\Community\MSBuild\Microsoft\VC\v170\Microsoft.CppCommon.targets(247,5): warning MSB8065: Custom build for item "C:\Users\Karel Hevessy\src\vanetza-build\vanetza\dcc\CMakeLists.txt" succeeded, but specified output "c:\users\karel hevessy\src\vanetza-build\shared\vanetza\dcc\cmakefiles\generate.stamp" has not been created. This may cause incremental build to work incorrectly.
  burst_budget.cpp
  bursty_transmit_rate_control.cpp
  channel_load.cpp
  flow_control.cpp
  fully_meshed_state_machine.cpp
  gradual_state_machine.cpp
  hooked_channel_probe_processor.cpp
  limeric.cpp
  limeric_budget.cpp
  limeric_transmit_rate_control.cpp
  mapping.cpp
  single_reactive_transmit_rate_control.cpp
  smoothing_channel_probe_processor.cpp
  state_machine_budget.cpp
  transmission.cpp
  Generating Code...
  Auto build dll exports
     Creating library C:/Users/Karel Hevessy/src/vanetza-build/shared/lib/static/Debug/vanetza_dcc.lib and object C:/Users/Karel Hevessy/src/vanetza-build/shared/lib/static/Debug/vanetza_dcc.exp
  dcc.vcxproj -> C:\Users\Karel Hevessy\src\vanetza-build\shared\bin\Debug\vanetza_dcc.dll
