c:\users\karel hevessy\src\vanetza-build\shared\vanetza\dcc\dcc.dir\debug\vc143.pdb
c:\users\karel hevessy\src\vanetza-build\shared\vanetza\dcc\cmakefiles\generate.stamp
c:\users\karel hevessy\src\vanetza-build\shared\lib\static\debug\vanetza_dcc.lib
c:\users\karel hevessy\src\vanetza-build\shared\lib\static\debug\vanetza_dcc.exp
c:\users\karel hevessy\src\vanetza-build\shared\bin\debug\vanetza_dcc.pdb
c:\users\karel hevessy\src\vanetza-build\shared\vanetza\dcc\dcc.dir\debug\bursty_transmit_rate_control.obj
c:\users\karel hevessy\src\vanetza-build\shared\vanetza\dcc\dcc.dir\debug\burst_budget.obj
c:\users\karel hevessy\src\vanetza-build\shared\vanetza\dcc\dcc.dir\debug\channel_load.obj
c:\users\karel hevessy\src\vanetza-build\shared\vanetza\dcc\dcc.dir\debug\flow_control.obj
c:\users\karel hevessy\src\vanetza-build\shared\vanetza\dcc\dcc.dir\debug\fully_meshed_state_machine.obj
c:\users\karel hevessy\src\vanetza-build\shared\vanetza\dcc\dcc.dir\debug\gradual_state_machine.obj
c:\users\karel hevessy\src\vanetza-build\shared\vanetza\dcc\dcc.dir\debug\hooked_channel_probe_processor.obj
c:\users\karel hevessy\src\vanetza-build\shared\vanetza\dcc\dcc.dir\debug\limeric.obj
c:\users\karel hevessy\src\vanetza-build\shared\vanetza\dcc\dcc.dir\debug\limeric_budget.obj
c:\users\karel hevessy\src\vanetza-build\shared\vanetza\dcc\dcc.dir\debug\limeric_transmit_rate_control.obj
c:\users\karel hevessy\src\vanetza-build\shared\vanetza\dcc\dcc.dir\debug\mapping.obj
c:\users\karel hevessy\src\vanetza-build\shared\vanetza\dcc\dcc.dir\debug\single_reactive_transmit_rate_control.obj
c:\users\karel hevessy\src\vanetza-build\shared\vanetza\dcc\dcc.dir\debug\smoothing_channel_probe_processor.obj
c:\users\karel hevessy\src\vanetza-build\shared\vanetza\dcc\dcc.dir\debug\state_machine_budget.obj
c:\users\karel hevessy\src\vanetza-build\shared\vanetza\dcc\dcc.dir\debug\transmission.obj
c:\users\karel hevessy\src\vanetza-build\shared\vanetza\dcc\dcc.dir\debug\vanetza_dcc.ilk
c:\users\karel hevessy\src\vanetza-build\shared\bin\debug\vanetza_dcc.dll
c:\users\karel hevessy\src\vanetza-build\shared\vanetza\dcc\dcc.dir\debug\dcc.tlog\cl.command.1.tlog
c:\users\karel hevessy\src\vanetza-build\shared\vanetza\dcc\dcc.dir\debug\dcc.tlog\cl.write.1.tlog
c:\users\karel hevessy\src\vanetza-build\shared\vanetza\dcc\dcc.dir\debug\dcc.tlog\custombuild.command.1.tlog
c:\users\karel hevessy\src\vanetza-build\shared\vanetza\dcc\dcc.dir\debug\dcc.tlog\custombuild.read.1.tlog
c:\users\karel hevessy\src\vanetza-build\shared\vanetza\dcc\dcc.dir\debug\dcc.tlog\custombuild.write.1.tlog
c:\users\karel hevessy\src\vanetza-build\shared\vanetza\dcc\dcc.dir\debug\dcc.tlog\dcc.write.1u.tlog
c:\users\karel hevessy\src\vanetza-build\shared\vanetza\dcc\dcc.dir\debug\dcc.tlog\link.command.1.tlog
c:\users\karel hevessy\src\vanetza-build\shared\vanetza\dcc\dcc.dir\debug\dcc.tlog\link.read.1.tlog
c:\users\karel hevessy\src\vanetza-build\shared\vanetza\dcc\dcc.dir\debug\dcc.tlog\link.write.1.tlog
