c:\users\karel hevessy\src\vanetza-build\shared\vanetza\common\common.dir\debug\vc143.pdb
c:\users\karel hevessy\src\vanetza-build\shared\lib\static\debug\vanetza_common.lib
c:\users\karel hevessy\src\vanetza-build\shared\lib\static\debug\vanetza_common.exp
c:\users\karel hevessy\src\vanetza-build\shared\vanetza\common\cmakefiles\generate.stamp
c:\users\karel hevessy\src\vanetza-build\shared\bin\debug\vanetza_common.pdb
c:\users\karel hevessy\src\vanetza-build\shared\vanetza\common\common.dir\debug\archives.obj
c:\users\karel hevessy\src\vanetza-build\shared\vanetza\common\common.dir\debug\byte_buffer_convertible.obj
c:\users\karel hevessy\src\vanetza-build\shared\vanetza\common\common.dir\debug\byte_buffer_sink.obj
c:\users\karel hevessy\src\vanetza-build\shared\vanetza\common\common.dir\debug\byte_buffer_source.obj
c:\users\karel hevessy\src\vanetza-build\shared\vanetza\common\common.dir\debug\byte_sequence.obj
c:\users\karel hevessy\src\vanetza-build\shared\vanetza\common\common.dir\debug\byte_view.obj
c:\users\karel hevessy\src\vanetza-build\shared\vanetza\common\common.dir\debug\clock.obj
c:\users\karel hevessy\src\vanetza-build\shared\vanetza\common\common.dir\debug\manual_runtime.obj
c:\users\karel hevessy\src\vanetza-build\shared\vanetza\common\common.dir\debug\unit_interval.obj
c:\users\karel hevessy\src\vanetza-build\shared\vanetza\common\common.dir\debug\vanetza_common.ilk
c:\users\karel hevessy\src\vanetza-build\shared\bin\debug\vanetza_common.dll
c:\users\karel hevessy\src\vanetza-build\shared\vanetza\common\common.dir\debug\common.tlog\cl.command.1.tlog
c:\users\karel hevessy\src\vanetza-build\shared\vanetza\common\common.dir\debug\common.tlog\cl.write.1.tlog
c:\users\karel hevessy\src\vanetza-build\shared\vanetza\common\common.dir\debug\common.tlog\common.write.1u.tlog
c:\users\karel hevessy\src\vanetza-build\shared\vanetza\common\common.dir\debug\common.tlog\custombuild.command.1.tlog
c:\users\karel hevessy\src\vanetza-build\shared\vanetza\common\common.dir\debug\common.tlog\custombuild.read.1.tlog
c:\users\karel hevessy\src\vanetza-build\shared\vanetza\common\common.dir\debug\common.tlog\custombuild.write.1.tlog
c:\users\karel hevessy\src\vanetza-build\shared\vanetza\common\common.dir\debug\common.tlog\link.command.1.tlog
c:\users\karel hevessy\src\vanetza-build\shared\vanetza\common\common.dir\debug\common.tlog\link.read.1.tlog
c:\users\karel hevessy\src\vanetza-build\shared\vanetza\common\common.dir\debug\common.tlog\link.write.1.tlog
