  Building Custom Rule C:/Users/Karel Hevessy/src/vanetza-build/vanetza/asn1/CMakeLists.txt
C:\Program Files\Microsoft Visual Studio\2022\Community\MSBuild\Microsoft\VC\v170\Microsoft.CppCommon.targets(247,5): warning MSB8064: Custom build for item "C:\Users\Karel Hevessy\src\vanetza-build\vanetza\asn1\CMakeLists.txt" succeeded, but specified dependency "c:\users\karel hevessy\src\vanetza-build\vanetza\asn1\cmakelists.txt" does not exist. This may cause incremental build to work incorrectly.
C:\Program Files\Microsoft Visual Studio\2022\Community\MSBuild\Microsoft\VC\v170\Microsoft.CppCommon.targets(247,5): warning MSB8065: Custom build for item "C:\Users\Karel Hevessy\src\vanetza-build\vanetza\asn1\CMakeLists.txt" succeeded, but specified output "c:\users\karel hevessy\src\vanetza-build\shared\vanetza\asn1\cmakefiles\generate.stamp" has not been created. This may cause incremental build to work incorrectly.
  AaEntry.c
C:\Program Files (x86)\Windows Kits\10\Include\10.0.19041.0\um\winbase.h(9531,5): warning C5105: macro expansion producing 'defined' has undefined behavior
  AesCcmCiphertext.c
C:\Program Files (x86)\Windows Kits\10\Include\10.0.19041.0\um\winbase.h(9531,5): warning C5105: macro expansion producing 'defined' has undefined behavior
  AuthorizationRequestMessage.c
C:\Program Files (x86)\Windows Kits\10\Include\10.0.19041.0\um\winbase.h(9531,5): warning C5105: macro expansion producing 'defined' has undefined behavior
  AuthorizationRequestMessageWithPop.c
C:\Program Files (x86)\Windows Kits\10\Include\10.0.19041.0\um\winbase.h(9531,5): warning C5105: macro expansion producing 'defined' has undefined behavior
  AuthorizationResponseCode.c
C:\Program Files (x86)\Windows Kits\10\Include\10.0.19041.0\um\winbase.h(9531,5): warning C5105: macro expansion producing 'defined' has undefined behavior
  AuthorizationResponseMessage.c
C:\Program Files (x86)\Windows Kits\10\Include\10.0.19041.0\um\winbase.h(9531,5): warning C5105: macro expansion producing 'defined' has undefined behavior
  AuthorizationValidationRequest.c
C:\Program Files (x86)\Windows Kits\10\Include\10.0.19041.0\um\winbase.h(9531,5): warning C5105: macro expansion producing 'defined' has undefined behavior
  AuthorizationValidationRequestMessage.c
C:\Program Files (x86)\Windows Kits\10\Include\10.0.19041.0\um\winbase.h(9531,5): warning C5105: macro expansion producing 'defined' has undefined behavior
  AuthorizationValidationResponse.c
C:\Program Files (x86)\Windows Kits\10\Include\10.0.19041.0\um\winbase.h(9531,5): warning C5105: macro expansion producing 'defined' has undefined behavior
  AuthorizationValidationResponseCode.c
C:\Program Files (x86)\Windows Kits\10\Include\10.0.19041.0\um\winbase.h(9531,5): warning C5105: macro expansion producing 'defined' has undefined behavior
  AuthorizationValidationResponseMessage.c
C:\Program Files (x86)\Windows Kits\10\Include\10.0.19041.0\um\winbase.h(9531,5): warning C5105: macro expansion producing 'defined' has undefined behavior
  BasePublicEncryptionKey.c
C:\Program Files (x86)\Windows Kits\10\Include\10.0.19041.0\um\winbase.h(9531,5): warning C5105: macro expansion producing 'defined' has undefined behavior
  BitmapSsp.c
C:\Program Files (x86)\Windows Kits\10\Include\10.0.19041.0\um\winbase.h(9531,5): warning C5105: macro expansion producing 'defined' has undefined behavior
  BitmapSspRange.c
C:\Program Files (x86)\Windows Kits\10\Include\10.0.19041.0\um\winbase.h(9531,5): warning C5105: macro expansion producing 'defined' has undefined behavior
  CaCertificateRekeyingMessage.c
C:\Program Files (x86)\Windows Kits\10\Include\10.0.19041.0\um\winbase.h(9531,5): warning C5105: macro expansion producing 'defined' has undefined behavior
  CaCertificateRequest.c
C:\Program Files (x86)\Windows Kits\10\Include\10.0.19041.0\um\winbase.h(9531,5): warning C5105: macro expansion producing 'defined' has undefined behavior
  CaCertificateRequestMessage.c
C:\Program Files (x86)\Windows Kits\10\Include\10.0.19041.0\um\winbase.h(9531,5): warning C5105: macro expansion producing 'defined' has undefined behavior
  Certificate.c
C:\Program Files (x86)\Windows Kits\10\Include\10.0.19041.0\um\winbase.h(9531,5): warning C5105: macro expansion producing 'defined' has undefined behavior
  CertificateBase.c
C:\Program Files (x86)\Windows Kits\10\Include\10.0.19041.0\um\winbase.h(9531,5): warning C5105: macro expansion producing 'defined' has undefined behavior
  CertificateFormat.c
C:\Program Files (x86)\Windows Kits\10\Include\10.0.19041.0\um\winbase.h(9531,5): warning C5105: macro expansion producing 'defined' has undefined behavior
  Generating Code...
  Compiling...
  CertificateId.c
C:\Program Files (x86)\Windows Kits\10\Include\10.0.19041.0\um\winbase.h(9531,5): warning C5105: macro expansion producing 'defined' has undefined behavior
  CertificateRevocationListMessage.c
C:\Program Files (x86)\Windows Kits\10\Include\10.0.19041.0\um\winbase.h(9531,5): warning C5105: macro expansion producing 'defined' has undefined behavior
  CertificateSubjectAttributes.c
C:\Program Files (x86)\Windows Kits\10\Include\10.0.19041.0\um\winbase.h(9531,5): warning C5105: macro expansion producing 'defined' has undefined behavior
  CertificateType.c
C:\Program Files (x86)\Windows Kits\10\Include\10.0.19041.0\um\winbase.h(9531,5): warning C5105: macro expansion producing 'defined' has undefined behavior
  CircularRegion.c
C:\Program Files (x86)\Windows Kits\10\Include\10.0.19041.0\um\winbase.h(9531,5): warning C5105: macro expansion producing 'defined' has undefined behavior
  Countersignature.c
C:\Program Files (x86)\Windows Kits\10\Include\10.0.19041.0\um\winbase.h(9531,5): warning C5105: macro expansion producing 'defined' has undefined behavior
  CountryAndRegions.c
C:\Program Files (x86)\Windows Kits\10\Include\10.0.19041.0\um\winbase.h(9531,5): warning C5105: macro expansion producing 'defined' has undefined behavior
  CountryAndSubregions.c
C:\Program Files (x86)\Windows Kits\10\Include\10.0.19041.0\um\winbase.h(9531,5): warning C5105: macro expansion producing 'defined' has undefined behavior
  CountryOnly.c
C:\Program Files (x86)\Windows Kits\10\Include\10.0.19041.0\um\winbase.h(9531,5): warning C5105: macro expansion producing 'defined' has undefined behavior
  CrlEntry.c
C:\Program Files (x86)\Windows Kits\10\Include\10.0.19041.0\um\winbase.h(9531,5): warning C5105: macro expansion producing 'defined' has undefined behavior
  CrlSeries.c
C:\Program Files (x86)\Windows Kits\10\Include\10.0.19041.0\um\winbase.h(9531,5): warning C5105: macro expansion producing 'defined' has undefined behavior
  CtlCommand.c
C:\Program Files (x86)\Windows Kits\10\Include\10.0.19041.0\um\winbase.h(9531,5): warning C5105: macro expansion producing 'defined' has undefined behavior
  CtlDelete.c
C:\Program Files (x86)\Windows Kits\10\Include\10.0.19041.0\um\winbase.h(9531,5): warning C5105: macro expansion producing 'defined' has undefined behavior
  CtlEntry.c
C:\Program Files (x86)\Windows Kits\10\Include\10.0.19041.0\um\winbase.h(9531,5): warning C5105: macro expansion producing 'defined' has undefined behavior
  CtlFormat.c
C:\Program Files (x86)\Windows Kits\10\Include\10.0.19041.0\um\winbase.h(9531,5): warning C5105: macro expansion producing 'defined' has undefined behavior
  DcDelete.c
C:\Program Files (x86)\Windows Kits\10\Include\10.0.19041.0\um\winbase.h(9531,5): warning C5105: macro expansion producing 'defined' has undefined behavior
  DcEntry.c
C:\Program Files (x86)\Windows Kits\10\Include\10.0.19041.0\um\winbase.h(9531,5): warning C5105: macro expansion producing 'defined' has undefined behavior
  DeltaCtl.c
C:\Program Files (x86)\Windows Kits\10\Include\10.0.19041.0\um\winbase.h(9531,5): warning C5105: macro expansion producing 'defined' has undefined behavior
  Duration.c
C:\Program Files (x86)\Windows Kits\10\Include\10.0.19041.0\um\winbase.h(9531,5): warning C5105: macro expansion producing 'defined' has undefined behavior
  EaEntry.c
C:\Program Files (x86)\Windows Kits\10\Include\10.0.19041.0\um\winbase.h(9531,5): warning C5105: macro expansion producing 'defined' has undefined behavior
  Generating Code...
  Compiling...
  EcSignature.c
C:\Program Files (x86)\Windows Kits\10\Include\10.0.19041.0\um\winbase.h(9531,5): warning C5105: macro expansion producing 'defined' has undefined behavior
  EccP256CurvePoint.c
C:\Program Files (x86)\Windows Kits\10\Include\10.0.19041.0\um\winbase.h(9531,5): warning C5105: macro expansion producing 'defined' has undefined behavior
  EccP384CurvePoint.c
C:\Program Files (x86)\Windows Kits\10\Include\10.0.19041.0\um\winbase.h(9531,5): warning C5105: macro expansion producing 'defined' has undefined behavior
  EcdsaP256Signature.c
C:\Program Files (x86)\Windows Kits\10\Include\10.0.19041.0\um\winbase.h(9531,5): warning C5105: macro expansion producing 'defined' has undefined behavior
  EcdsaP384Signature.c
C:\Program Files (x86)\Windows Kits\10\Include\10.0.19041.0\um\winbase.h(9531,5): warning C5105: macro expansion producing 'defined' has undefined behavior
  EciesP256EncryptedKey.c
C:\Program Files (x86)\Windows Kits\10\Include\10.0.19041.0\um\winbase.h(9531,5): warning C5105: macro expansion producing 'defined' has undefined behavior
  ElevInt.c
C:\Program Files (x86)\Windows Kits\10\Include\10.0.19041.0\um\winbase.h(9531,5): warning C5105: macro expansion producing 'defined' has undefined behavior
  Elevation.c
C:\Program Files (x86)\Windows Kits\10\Include\10.0.19041.0\um\winbase.h(9531,5): warning C5105: macro expansion producing 'defined' has undefined behavior
  EncryptedData.c
C:\Program Files (x86)\Windows Kits\10\Include\10.0.19041.0\um\winbase.h(9531,5): warning C5105: macro expansion producing 'defined' has undefined behavior
  EncryptedDataEncryptionKey.c
C:\Program Files (x86)\Windows Kits\10\Include\10.0.19041.0\um\winbase.h(9531,5): warning C5105: macro expansion producing 'defined' has undefined behavior
  EncryptionKey.c
C:\Program Files (x86)\Windows Kits\10\Include\10.0.19041.0\um\winbase.h(9531,5): warning C5105: macro expansion producing 'defined' has undefined behavior
  EndEntityType.c
C:\Program Files (x86)\Windows Kits\10\Include\10.0.19041.0\um\winbase.h(9531,5): warning C5105: macro expansion producing 'defined' has undefined behavior
  EnrolmentRequestMessage.c
C:\Program Files (x86)\Windows Kits\10\Include\10.0.19041.0\um\winbase.h(9531,5): warning C5105: macro expansion producing 'defined' has undefined behavior
  EnrolmentResponseCode.c
C:\Program Files (x86)\Windows Kits\10\Include\10.0.19041.0\um\winbase.h(9531,5): warning C5105: macro expansion producing 'defined' has undefined behavior
  EnrolmentResponseMessage.c
C:\Program Files (x86)\Windows Kits\10\Include\10.0.19041.0\um\winbase.h(9531,5): warning C5105: macro expansion producing 'defined' has undefined behavior
  EtsiTs102941Data.c
C:\Program Files (x86)\Windows Kits\10\Include\10.0.19041.0\um\winbase.h(9531,5): warning C5105: macro expansion producing 'defined' has undefined behavior
  EtsiTs102941DataContent.c
C:\Program Files (x86)\Windows Kits\10\Include\10.0.19041.0\um\winbase.h(9531,5): warning C5105: macro expansion producing 'defined' has undefined behavior
  EtsiTs103097Certificate.c
C:\Program Files (x86)\Windows Kits\10\Include\10.0.19041.0\um\winbase.h(9531,5): warning C5105: macro expansion producing 'defined' has undefined behavior
  EtsiTs103097Data-Encrypted-Unicast.c
C:\Program Files (x86)\Windows Kits\10\Include\10.0.19041.0\um\winbase.h(9531,5): warning C5105: macro expansion producing 'defined' has undefined behavior
  EtsiTs103097Data-Encrypted.c
C:\Program Files (x86)\Windows Kits\10\Include\10.0.19041.0\um\winbase.h(9531,5): warning C5105: macro expansion producing 'defined' has undefined behavior
  Generating Code...
  Compiling...
  EtsiTs103097Data-Signed.c
C:\Program Files (x86)\Windows Kits\10\Include\10.0.19041.0\um\winbase.h(9531,5): warning C5105: macro expansion producing 'defined' has undefined behavior
  EtsiTs103097Data-SignedAndEncrypted-Unicast.c
C:\Program Files (x86)\Windows Kits\10\Include\10.0.19041.0\um\winbase.h(9531,5): warning C5105: macro expansion producing 'defined' has undefined behavior
  EtsiTs103097Data-SignedAndEncrypted.c
C:\Program Files (x86)\Windows Kits\10\Include\10.0.19041.0\um\winbase.h(9531,5): warning C5105: macro expansion producing 'defined' has undefined behavior
  EtsiTs103097Data-SignedExternalPayload.c
C:\Program Files (x86)\Windows Kits\10\Include\10.0.19041.0\um\winbase.h(9531,5): warning C5105: macro expansion producing 'defined' has undefined behavior
  EtsiTs103097Data-Unsecured.c
C:\Program Files (x86)\Windows Kits\10\Include\10.0.19041.0\um\winbase.h(9531,5): warning C5105: macro expansion producing 'defined' has undefined behavior
  EtsiTs103097Data.c
C:\Program Files (x86)\Windows Kits\10\Include\10.0.19041.0\um\winbase.h(9531,5): warning C5105: macro expansion producing 'defined' has undefined behavior
  ExplicitCertificate.c
C:\Program Files (x86)\Windows Kits\10\Include\10.0.19041.0\um\winbase.h(9531,5): warning C5105: macro expansion producing 'defined' has undefined behavior
  FullCtl.c
C:\Program Files (x86)\Windows Kits\10\Include\10.0.19041.0\um\winbase.h(9531,5): warning C5105: macro expansion producing 'defined' has undefined behavior
  GeographicRegion.c
C:\Program Files (x86)\Windows Kits\10\Include\10.0.19041.0\um\winbase.h(9531,5): warning C5105: macro expansion producing 'defined' has undefined behavior
  GroupLinkageValue.c
C:\Program Files (x86)\Windows Kits\10\Include\10.0.19041.0\um\winbase.h(9531,5): warning C5105: macro expansion producing 'defined' has undefined behavior
  HashAlgorithm.c
C:\Program Files (x86)\Windows Kits\10\Include\10.0.19041.0\um\winbase.h(9531,5): warning C5105: macro expansion producing 'defined' has undefined behavior
  HashedData.c
C:\Program Files (x86)\Windows Kits\10\Include\10.0.19041.0\um\winbase.h(9531,5): warning C5105: macro expansion producing 'defined' has undefined behavior
  HashedId10.c
C:\Program Files (x86)\Windows Kits\10\Include\10.0.19041.0\um\winbase.h(9531,5): warning C5105: macro expansion producing 'defined' has undefined behavior
  HashedId3.c
C:\Program Files (x86)\Windows Kits\10\Include\10.0.19041.0\um\winbase.h(9531,5): warning C5105: macro expansion producing 'defined' has undefined behavior
  HashedId8.c
C:\Program Files (x86)\Windows Kits\10\Include\10.0.19041.0\um\winbase.h(9531,5): warning C5105: macro expansion producing 'defined' has undefined behavior
  HeaderInfo.c
C:\Program Files (x86)\Windows Kits\10\Include\10.0.19041.0\um\winbase.h(9531,5): warning C5105: macro expansion producing 'defined' has undefined behavior
  Hostname.c
C:\Program Files (x86)\Windows Kits\10\Include\10.0.19041.0\um\winbase.h(9531,5): warning C5105: macro expansion producing 'defined' has undefined behavior
  IValue.c
C:\Program Files (x86)\Windows Kits\10\Include\10.0.19041.0\um\winbase.h(9531,5): warning C5105: macro expansion producing 'defined' has undefined behavior
  IdentifiedRegion.c
C:\Program Files (x86)\Windows Kits\10\Include\10.0.19041.0\um\winbase.h(9531,5): warning C5105: macro expansion producing 'defined' has undefined behavior
  Ieee1609Dot2Content.c
C:\Program Files (x86)\Windows Kits\10\Include\10.0.19041.0\um\winbase.h(9531,5): warning C5105: macro expansion producing 'defined' has undefined behavior
  Generating Code...
  Compiling...
  Ieee1609Dot2Data.c
C:\Program Files (x86)\Windows Kits\10\Include\10.0.19041.0\um\winbase.h(9531,5): warning C5105: macro expansion producing 'defined' has undefined behavior
  ImplicitCertificate.c
C:\Program Files (x86)\Windows Kits\10\Include\10.0.19041.0\um\winbase.h(9531,5): warning C5105: macro expansion producing 'defined' has undefined behavior
  InnerAtRequest.c
C:\Program Files (x86)\Windows Kits\10\Include\10.0.19041.0\um\winbase.h(9531,5): warning C5105: macro expansion producing 'defined' has undefined behavior
  InnerAtResponse.c
C:\Program Files (x86)\Windows Kits\10\Include\10.0.19041.0\um\winbase.h(9531,5): warning C5105: macro expansion producing 'defined' has undefined behavior
  InnerEcRequest.c
C:\Program Files (x86)\Windows Kits\10\Include\10.0.19041.0\um\winbase.h(9531,5): warning C5105: macro expansion producing 'defined' has undefined behavior
  InnerEcRequestSignedForPop.c
C:\Program Files (x86)\Windows Kits\10\Include\10.0.19041.0\um\winbase.h(9531,5): warning C5105: macro expansion producing 'defined' has undefined behavior
  InnerEcResponse.c
C:\Program Files (x86)\Windows Kits\10\Include\10.0.19041.0\um\winbase.h(9531,5): warning C5105: macro expansion producing 'defined' has undefined behavior
  IssuerIdentifier.c
C:\Program Files (x86)\Windows Kits\10\Include\10.0.19041.0\um\winbase.h(9531,5): warning C5105: macro expansion producing 'defined' has undefined behavior
  KnownLatitude.c
C:\Program Files (x86)\Windows Kits\10\Include\10.0.19041.0\um\winbase.h(9531,5): warning C5105: macro expansion producing 'defined' has undefined behavior
  KnownLongitude.c
C:\Program Files (x86)\Windows Kits\10\Include\10.0.19041.0\um\winbase.h(9531,5): warning C5105: macro expansion producing 'defined' has undefined behavior
  LaId.c
C:\Program Files (x86)\Windows Kits\10\Include\10.0.19041.0\um\winbase.h(9531,5): warning C5105: macro expansion producing 'defined' has undefined behavior
  Latitude.c
C:\Program Files (x86)\Windows Kits\10\Include\10.0.19041.0\um\winbase.h(9531,5): warning C5105: macro expansion producing 'defined' has undefined behavior
  LinkageData.c
C:\Program Files (x86)\Windows Kits\10\Include\10.0.19041.0\um\winbase.h(9531,5): warning C5105: macro expansion producing 'defined' has undefined behavior
  LinkageSeed.c
C:\Program Files (x86)\Windows Kits\10\Include\10.0.19041.0\um\winbase.h(9531,5): warning C5105: macro expansion producing 'defined' has undefined behavior
  LinkageValue.c
C:\Program Files (x86)\Windows Kits\10\Include\10.0.19041.0\um\winbase.h(9531,5): warning C5105: macro expansion producing 'defined' has undefined behavior
  Longitude.c
C:\Program Files (x86)\Windows Kits\10\Include\10.0.19041.0\um\winbase.h(9531,5): warning C5105: macro expansion producing 'defined' has undefined behavior
  MissingCrlIdentifier.c
C:\Program Files (x86)\Windows Kits\10\Include\10.0.19041.0\um\winbase.h(9531,5): warning C5105: macro expansion producing 'defined' has undefined behavior
  NinetyDegreeInt.c
C:\Program Files (x86)\Windows Kits\10\Include\10.0.19041.0\um\winbase.h(9531,5): warning C5105: macro expansion producing 'defined' has undefined behavior
  OneEightyDegreeInt.c
C:\Program Files (x86)\Windows Kits\10\Include\10.0.19041.0\um\winbase.h(9531,5): warning C5105: macro expansion producing 'defined' has undefined behavior
  Opaque.c
C:\Program Files (x86)\Windows Kits\10\Include\10.0.19041.0\um\winbase.h(9531,5): warning C5105: macro expansion producing 'defined' has undefined behavior
  Generating Code...
  Compiling...
  PKRecipientInfo.c
C:\Program Files (x86)\Windows Kits\10\Include\10.0.19041.0\um\winbase.h(9531,5): warning C5105: macro expansion producing 'defined' has undefined behavior
  PolygonalRegion.c
C:\Program Files (x86)\Windows Kits\10\Include\10.0.19041.0\um\winbase.h(9531,5): warning C5105: macro expansion producing 'defined' has undefined behavior
  PreSharedKeyRecipientInfo.c
C:\Program Files (x86)\Windows Kits\10\Include\10.0.19041.0\um\winbase.h(9531,5): warning C5105: macro expansion producing 'defined' has undefined behavior
  Psid.c
C:\Program Files (x86)\Windows Kits\10\Include\10.0.19041.0\um\winbase.h(9531,5): warning C5105: macro expansion producing 'defined' has undefined behavior
  PsidGroupPermissions.c
C:\Program Files (x86)\Windows Kits\10\Include\10.0.19041.0\um\winbase.h(9531,5): warning C5105: macro expansion producing 'defined' has undefined behavior
  PsidSsp.c
C:\Program Files (x86)\Windows Kits\10\Include\10.0.19041.0\um\winbase.h(9531,5): warning C5105: macro expansion producing 'defined' has undefined behavior
  PsidSspRange.c
C:\Program Files (x86)\Windows Kits\10\Include\10.0.19041.0\um\winbase.h(9531,5): warning C5105: macro expansion producing 'defined' has undefined behavior
  PublicEncryptionKey.c
C:\Program Files (x86)\Windows Kits\10\Include\10.0.19041.0\um\winbase.h(9531,5): warning C5105: macro expansion producing 'defined' has undefined behavior
  PublicKeys.c
C:\Program Files (x86)\Windows Kits\10\Include\10.0.19041.0\um\winbase.h(9531,5): warning C5105: macro expansion producing 'defined' has undefined behavior
  PublicVerificationKey.c
C:\Program Files (x86)\Windows Kits\10\Include\10.0.19041.0\um\winbase.h(9531,5): warning C5105: macro expansion producing 'defined' has undefined behavior
  RcaCertificateTrustListMessage.c
C:\Program Files (x86)\Windows Kits\10\Include\10.0.19041.0\um\winbase.h(9531,5): warning C5105: macro expansion producing 'defined' has undefined behavior
  RecipientInfo.c
C:\Program Files (x86)\Windows Kits\10\Include\10.0.19041.0\um\winbase.h(9531,5): warning C5105: macro expansion producing 'defined' has undefined behavior
  RectangularRegion.c
C:\Program Files (x86)\Windows Kits\10\Include\10.0.19041.0\um\winbase.h(9531,5): warning C5105: macro expansion producing 'defined' has undefined behavior
  RegionAndSubregions.c
C:\Program Files (x86)\Windows Kits\10\Include\10.0.19041.0\um\winbase.h(9531,5): warning C5105: macro expansion producing 'defined' has undefined behavior
  RootCaEntry.c
C:\Program Files (x86)\Windows Kits\10\Include\10.0.19041.0\um\winbase.h(9531,5): warning C5105: macro expansion producing 'defined' has undefined behavior
  SequenceOfCertificate.c
C:\Program Files (x86)\Windows Kits\10\Include\10.0.19041.0\um\winbase.h(9531,5): warning C5105: macro expansion producing 'defined' has undefined behavior
  SequenceOfHashedId3.c
C:\Program Files (x86)\Windows Kits\10\Include\10.0.19041.0\um\winbase.h(9531,5): warning C5105: macro expansion producing 'defined' has undefined behavior
  SequenceOfIdentifiedRegion.c
C:\Program Files (x86)\Windows Kits\10\Include\10.0.19041.0\um\winbase.h(9531,5): warning C5105: macro expansion producing 'defined' has undefined behavior
  SequenceOfOctetString.c
C:\Program Files (x86)\Windows Kits\10\Include\10.0.19041.0\um\winbase.h(9531,5): warning C5105: macro expansion producing 'defined' has undefined behavior
  SequenceOfPsid.c
C:\Program Files (x86)\Windows Kits\10\Include\10.0.19041.0\um\winbase.h(9531,5): warning C5105: macro expansion producing 'defined' has undefined behavior
  Generating Code...
  Compiling...
  SequenceOfPsidGroupPermissions.c
C:\Program Files (x86)\Windows Kits\10\Include\10.0.19041.0\um\winbase.h(9531,5): warning C5105: macro expansion producing 'defined' has undefined behavior
  SequenceOfPsidSsp.c
C:\Program Files (x86)\Windows Kits\10\Include\10.0.19041.0\um\winbase.h(9531,5): warning C5105: macro expansion producing 'defined' has undefined behavior
  SequenceOfPsidSspRange.c
C:\Program Files (x86)\Windows Kits\10\Include\10.0.19041.0\um\winbase.h(9531,5): warning C5105: macro expansion producing 'defined' has undefined behavior
  SequenceOfRecipientInfo.c
C:\Program Files (x86)\Windows Kits\10\Include\10.0.19041.0\um\winbase.h(9531,5): warning C5105: macro expansion producing 'defined' has undefined behavior
  SequenceOfRectangularRegion.c
C:\Program Files (x86)\Windows Kits\10\Include\10.0.19041.0\um\winbase.h(9531,5): warning C5105: macro expansion producing 'defined' has undefined behavior
  SequenceOfRegionAndSubregions.c
C:\Program Files (x86)\Windows Kits\10\Include\10.0.19041.0\um\winbase.h(9531,5): warning C5105: macro expansion producing 'defined' has undefined behavior
  SequenceOfUint16.c
C:\Program Files (x86)\Windows Kits\10\Include\10.0.19041.0\um\winbase.h(9531,5): warning C5105: macro expansion producing 'defined' has undefined behavior
  SequenceOfUint8.c
C:\Program Files (x86)\Windows Kits\10\Include\10.0.19041.0\um\winbase.h(9531,5): warning C5105: macro expansion producing 'defined' has undefined behavior
  ServiceSpecificPermissions.c
C:\Program Files (x86)\Windows Kits\10\Include\10.0.19041.0\um\winbase.h(9531,5): warning C5105: macro expansion producing 'defined' has undefined behavior
  SharedAtRequest.c
C:\Program Files (x86)\Windows Kits\10\Include\10.0.19041.0\um\winbase.h(9531,5): warning C5105: macro expansion producing 'defined' has undefined behavior
  Signature.c
C:\Program Files (x86)\Windows Kits\10\Include\10.0.19041.0\um\winbase.h(9531,5): warning C5105: macro expansion producing 'defined' has undefined behavior
  SignedData.c
C:\Program Files (x86)\Windows Kits\10\Include\10.0.19041.0\um\winbase.h(9531,5): warning C5105: macro expansion producing 'defined' has undefined behavior
  SignedDataPayload.c
C:\Program Files (x86)\Windows Kits\10\Include\10.0.19041.0\um\winbase.h(9531,5): warning C5105: macro expansion producing 'defined' has undefined behavior
  SignerIdentifier.c
C:\Program Files (x86)\Windows Kits\10\Include\10.0.19041.0\um\winbase.h(9531,5): warning C5105: macro expansion producing 'defined' has undefined behavior
  SingleEtsiTs103097Certificate.c
C:\Program Files (x86)\Windows Kits\10\Include\10.0.19041.0\um\winbase.h(9531,5): warning C5105: macro expansion producing 'defined' has undefined behavior
  SspRange.c
C:\Program Files (x86)\Windows Kits\10\Include\10.0.19041.0\um\winbase.h(9531,5): warning C5105: macro expansion producing 'defined' has undefined behavior
  SubjectAssurance.c
C:\Program Files (x86)\Windows Kits\10\Include\10.0.19041.0\um\winbase.h(9531,5): warning C5105: macro expansion producing 'defined' has undefined behavior
  SubjectPermissions.c
C:\Program Files (x86)\Windows Kits\10\Include\10.0.19041.0\um\winbase.h(9531,5): warning C5105: macro expansion producing 'defined' has undefined behavior
  SymmAlgorithm.c
C:\Program Files (x86)\Windows Kits\10\Include\10.0.19041.0\um\winbase.h(9531,5): warning C5105: macro expansion producing 'defined' has undefined behavior
  SymmRecipientInfo.c
C:\Program Files (x86)\Windows Kits\10\Include\10.0.19041.0\um\winbase.h(9531,5): warning C5105: macro expansion producing 'defined' has undefined behavior
  Generating Code...
  Compiling...
  SymmetricCiphertext.c
C:\Program Files (x86)\Windows Kits\10\Include\10.0.19041.0\um\winbase.h(9531,5): warning C5105: macro expansion producing 'defined' has undefined behavior
  SymmetricEncryptionKey.c
C:\Program Files (x86)\Windows Kits\10\Include\10.0.19041.0\um\winbase.h(9531,5): warning C5105: macro expansion producing 'defined' has undefined behavior
  ThreeDLocation.c
C:\Program Files (x86)\Windows Kits\10\Include\10.0.19041.0\um\winbase.h(9531,5): warning C5105: macro expansion producing 'defined' has undefined behavior
  Time32.c
C:\Program Files (x86)\Windows Kits\10\Include\10.0.19041.0\um\winbase.h(9531,5): warning C5105: macro expansion producing 'defined' has undefined behavior
  Time64.c
C:\Program Files (x86)\Windows Kits\10\Include\10.0.19041.0\um\winbase.h(9531,5): warning C5105: macro expansion producing 'defined' has undefined behavior
  TlmCertificateTrustListMessage.c
C:\Program Files (x86)\Windows Kits\10\Include\10.0.19041.0\um\winbase.h(9531,5): warning C5105: macro expansion producing 'defined' has undefined behavior
  TlmEntry.c
C:\Program Files (x86)\Windows Kits\10\Include\10.0.19041.0\um\winbase.h(9531,5): warning C5105: macro expansion producing 'defined' has undefined behavior
  ToBeSignedCertificate.c
C:\Program Files (x86)\Windows Kits\10\Include\10.0.19041.0\um\winbase.h(9531,5): warning C5105: macro expansion producing 'defined' has undefined behavior
  ToBeSignedCrl.c
C:\Program Files (x86)\Windows Kits\10\Include\10.0.19041.0\um\winbase.h(9531,5): warning C5105: macro expansion producing 'defined' has undefined behavior
  ToBeSignedData.c
C:\Program Files (x86)\Windows Kits\10\Include\10.0.19041.0\um\winbase.h(9531,5): warning C5105: macro expansion producing 'defined' has undefined behavior
  ToBeSignedRcaCtl.c
C:\Program Files (x86)\Windows Kits\10\Include\10.0.19041.0\um\winbase.h(9531,5): warning C5105: macro expansion producing 'defined' has undefined behavior
  ToBeSignedTlmCtl.c
C:\Program Files (x86)\Windows Kits\10\Include\10.0.19041.0\um\winbase.h(9531,5): warning C5105: macro expansion producing 'defined' has undefined behavior
  TwoDLocation.c
C:\Program Files (x86)\Windows Kits\10\Include\10.0.19041.0\um\winbase.h(9531,5): warning C5105: macro expansion producing 'defined' has undefined behavior
  Uint16.c
C:\Program Files (x86)\Windows Kits\10\Include\10.0.19041.0\um\winbase.h(9531,5): warning C5105: macro expansion producing 'defined' has undefined behavior
  Uint3.c
C:\Program Files (x86)\Windows Kits\10\Include\10.0.19041.0\um\winbase.h(9531,5): warning C5105: macro expansion producing 'defined' has undefined behavior
  Uint32.c
C:\Program Files (x86)\Windows Kits\10\Include\10.0.19041.0\um\winbase.h(9531,5): warning C5105: macro expansion producing 'defined' has undefined behavior
  Uint64.c
C:\Program Files (x86)\Windows Kits\10\Include\10.0.19041.0\um\winbase.h(9531,5): warning C5105: macro expansion producing 'defined' has undefined behavior
  Uint8.c
C:\Program Files (x86)\Windows Kits\10\Include\10.0.19041.0\um\winbase.h(9531,5): warning C5105: macro expansion producing 'defined' has undefined behavior
  UnknownLatitude.c
C:\Program Files (x86)\Windows Kits\10\Include\10.0.19041.0\um\winbase.h(9531,5): warning C5105: macro expansion producing 'defined' has undefined behavior
  UnknownLongitude.c
C:\Program Files (x86)\Windows Kits\10\Include\10.0.19041.0\um\winbase.h(9531,5): warning C5105: macro expansion producing 'defined' has undefined behavior
  Generating Code...
  Compiling...
  Url.c
C:\Program Files (x86)\Windows Kits\10\Include\10.0.19041.0\um\winbase.h(9531,5): warning C5105: macro expansion producing 'defined' has undefined behavior
  ValidityPeriod.c
C:\Program Files (x86)\Windows Kits\10\Include\10.0.19041.0\um\winbase.h(9531,5): warning C5105: macro expansion producing 'defined' has undefined behavior
  VerificationKeyIndicator.c
C:\Program Files (x86)\Windows Kits\10\Include\10.0.19041.0\um\winbase.h(9531,5): warning C5105: macro expansion producing 'defined' has undefined behavior
  Version.c
C:\Program Files (x86)\Windows Kits\10\Include\10.0.19041.0\um\winbase.h(9531,5): warning C5105: macro expansion producing 'defined' has undefined behavior
  securityAsnIncludes.c
C:\Program Files (x86)\Windows Kits\10\Include\10.0.19041.0\um\winbase.h(9531,5): warning C5105: macro expansion producing 'defined' has undefined behavior
  Generating Code...
  Auto build dll exports
     Creating library C:/Users/Karel Hevessy/src/vanetza-build/shared/lib/static/Release/vanetza_asn1_security.lib and object C:/Users/Karel Hevessy/src/vanetza-build/shared/lib/static/Release/vanetza_asn1_security.exp
  asn1_security.vcxproj -> C:\Users\Karel Hevessy\src\vanetza-build\shared\bin\Release\vanetza_asn1_security.dll
