c:\users\karel hevessy\src\vanetza-build\shared\lib\static\release\vanetza_asn1_security.lib
c:\users\karel hevessy\src\vanetza-build\shared\lib\static\release\vanetza_asn1_security.exp
c:\users\karel hevessy\src\vanetza-build\shared\vanetza\asn1\cmakefiles\generate.stamp
c:\users\karel hevessy\src\vanetza-build\shared\vanetza\asn1\asn1_security.dir\release\aaentry.obj
c:\users\karel hevessy\src\vanetza-build\shared\vanetza\asn1\asn1_security.dir\release\aesccmciphertext.obj
c:\users\karel hevessy\src\vanetza-build\shared\vanetza\asn1\asn1_security.dir\release\authorizationrequestmessage.obj
c:\users\karel hevessy\src\vanetza-build\shared\vanetza\asn1\asn1_security.dir\release\authorizationrequestmessagewithpop.obj
c:\users\karel hevessy\src\vanetza-build\shared\vanetza\asn1\asn1_security.dir\release\authorizationresponsecode.obj
c:\users\karel hevessy\src\vanetza-build\shared\vanetza\asn1\asn1_security.dir\release\authorizationresponsemessage.obj
c:\users\karel hevessy\src\vanetza-build\shared\vanetza\asn1\asn1_security.dir\release\authorizationvalidationrequest.obj
c:\users\karel hevessy\src\vanetza-build\shared\vanetza\asn1\asn1_security.dir\release\authorizationvalidationrequestmessage.obj
c:\users\karel hevessy\src\vanetza-build\shared\vanetza\asn1\asn1_security.dir\release\authorizationvalidationresponse.obj
c:\users\karel hevessy\src\vanetza-build\shared\vanetza\asn1\asn1_security.dir\release\authorizationvalidationresponsecode.obj
c:\users\karel hevessy\src\vanetza-build\shared\vanetza\asn1\asn1_security.dir\release\authorizationvalidationresponsemessage.obj
c:\users\karel hevessy\src\vanetza-build\shared\vanetza\asn1\asn1_security.dir\release\basepublicencryptionkey.obj
c:\users\karel hevessy\src\vanetza-build\shared\vanetza\asn1\asn1_security.dir\release\bitmapssp.obj
c:\users\karel hevessy\src\vanetza-build\shared\vanetza\asn1\asn1_security.dir\release\bitmapssprange.obj
c:\users\karel hevessy\src\vanetza-build\shared\vanetza\asn1\asn1_security.dir\release\cacertificaterekeyingmessage.obj
c:\users\karel hevessy\src\vanetza-build\shared\vanetza\asn1\asn1_security.dir\release\cacertificaterequest.obj
c:\users\karel hevessy\src\vanetza-build\shared\vanetza\asn1\asn1_security.dir\release\cacertificaterequestmessage.obj
c:\users\karel hevessy\src\vanetza-build\shared\vanetza\asn1\asn1_security.dir\release\certificate.obj
c:\users\karel hevessy\src\vanetza-build\shared\vanetza\asn1\asn1_security.dir\release\certificatebase.obj
c:\users\karel hevessy\src\vanetza-build\shared\vanetza\asn1\asn1_security.dir\release\certificateformat.obj
c:\users\karel hevessy\src\vanetza-build\shared\vanetza\asn1\asn1_security.dir\release\certificateid.obj
c:\users\karel hevessy\src\vanetza-build\shared\vanetza\asn1\asn1_security.dir\release\certificaterevocationlistmessage.obj
c:\users\karel hevessy\src\vanetza-build\shared\vanetza\asn1\asn1_security.dir\release\certificatesubjectattributes.obj
c:\users\karel hevessy\src\vanetza-build\shared\vanetza\asn1\asn1_security.dir\release\certificatetype.obj
c:\users\karel hevessy\src\vanetza-build\shared\vanetza\asn1\asn1_security.dir\release\circularregion.obj
c:\users\karel hevessy\src\vanetza-build\shared\vanetza\asn1\asn1_security.dir\release\countersignature.obj
c:\users\karel hevessy\src\vanetza-build\shared\vanetza\asn1\asn1_security.dir\release\countryandregions.obj
c:\users\karel hevessy\src\vanetza-build\shared\vanetza\asn1\asn1_security.dir\release\countryandsubregions.obj
c:\users\karel hevessy\src\vanetza-build\shared\vanetza\asn1\asn1_security.dir\release\countryonly.obj
c:\users\karel hevessy\src\vanetza-build\shared\vanetza\asn1\asn1_security.dir\release\crlentry.obj
c:\users\karel hevessy\src\vanetza-build\shared\vanetza\asn1\asn1_security.dir\release\crlseries.obj
c:\users\karel hevessy\src\vanetza-build\shared\vanetza\asn1\asn1_security.dir\release\ctlcommand.obj
c:\users\karel hevessy\src\vanetza-build\shared\vanetza\asn1\asn1_security.dir\release\ctldelete.obj
c:\users\karel hevessy\src\vanetza-build\shared\vanetza\asn1\asn1_security.dir\release\ctlentry.obj
c:\users\karel hevessy\src\vanetza-build\shared\vanetza\asn1\asn1_security.dir\release\ctlformat.obj
c:\users\karel hevessy\src\vanetza-build\shared\vanetza\asn1\asn1_security.dir\release\dcdelete.obj
c:\users\karel hevessy\src\vanetza-build\shared\vanetza\asn1\asn1_security.dir\release\dcentry.obj
c:\users\karel hevessy\src\vanetza-build\shared\vanetza\asn1\asn1_security.dir\release\deltactl.obj
c:\users\karel hevessy\src\vanetza-build\shared\vanetza\asn1\asn1_security.dir\release\duration.obj
c:\users\karel hevessy\src\vanetza-build\shared\vanetza\asn1\asn1_security.dir\release\eaentry.obj
c:\users\karel hevessy\src\vanetza-build\shared\vanetza\asn1\asn1_security.dir\release\eccp256curvepoint.obj
c:\users\karel hevessy\src\vanetza-build\shared\vanetza\asn1\asn1_security.dir\release\eccp384curvepoint.obj
c:\users\karel hevessy\src\vanetza-build\shared\vanetza\asn1\asn1_security.dir\release\ecdsap256signature.obj
c:\users\karel hevessy\src\vanetza-build\shared\vanetza\asn1\asn1_security.dir\release\ecdsap384signature.obj
c:\users\karel hevessy\src\vanetza-build\shared\vanetza\asn1\asn1_security.dir\release\eciesp256encryptedkey.obj
c:\users\karel hevessy\src\vanetza-build\shared\vanetza\asn1\asn1_security.dir\release\ecsignature.obj
c:\users\karel hevessy\src\vanetza-build\shared\vanetza\asn1\asn1_security.dir\release\elevation.obj
c:\users\karel hevessy\src\vanetza-build\shared\vanetza\asn1\asn1_security.dir\release\elevint.obj
c:\users\karel hevessy\src\vanetza-build\shared\vanetza\asn1\asn1_security.dir\release\encrypteddata.obj
c:\users\karel hevessy\src\vanetza-build\shared\vanetza\asn1\asn1_security.dir\release\encrypteddataencryptionkey.obj
c:\users\karel hevessy\src\vanetza-build\shared\vanetza\asn1\asn1_security.dir\release\encryptionkey.obj
c:\users\karel hevessy\src\vanetza-build\shared\vanetza\asn1\asn1_security.dir\release\endentitytype.obj
c:\users\karel hevessy\src\vanetza-build\shared\vanetza\asn1\asn1_security.dir\release\enrolmentrequestmessage.obj
c:\users\karel hevessy\src\vanetza-build\shared\vanetza\asn1\asn1_security.dir\release\enrolmentresponsecode.obj
c:\users\karel hevessy\src\vanetza-build\shared\vanetza\asn1\asn1_security.dir\release\enrolmentresponsemessage.obj
c:\users\karel hevessy\src\vanetza-build\shared\vanetza\asn1\asn1_security.dir\release\etsits102941data.obj
c:\users\karel hevessy\src\vanetza-build\shared\vanetza\asn1\asn1_security.dir\release\etsits102941datacontent.obj
c:\users\karel hevessy\src\vanetza-build\shared\vanetza\asn1\asn1_security.dir\release\etsits103097certificate.obj
c:\users\karel hevessy\src\vanetza-build\shared\vanetza\asn1\asn1_security.dir\release\etsits103097data-encrypted-unicast.obj
c:\users\karel hevessy\src\vanetza-build\shared\vanetza\asn1\asn1_security.dir\release\etsits103097data-encrypted.obj
c:\users\karel hevessy\src\vanetza-build\shared\vanetza\asn1\asn1_security.dir\release\etsits103097data-signed.obj
c:\users\karel hevessy\src\vanetza-build\shared\vanetza\asn1\asn1_security.dir\release\etsits103097data-signedandencrypted-unicast.obj
c:\users\karel hevessy\src\vanetza-build\shared\vanetza\asn1\asn1_security.dir\release\etsits103097data-signedandencrypted.obj
c:\users\karel hevessy\src\vanetza-build\shared\vanetza\asn1\asn1_security.dir\release\etsits103097data-signedexternalpayload.obj
c:\users\karel hevessy\src\vanetza-build\shared\vanetza\asn1\asn1_security.dir\release\etsits103097data-unsecured.obj
c:\users\karel hevessy\src\vanetza-build\shared\vanetza\asn1\asn1_security.dir\release\etsits103097data.obj
c:\users\karel hevessy\src\vanetza-build\shared\vanetza\asn1\asn1_security.dir\release\explicitcertificate.obj
c:\users\karel hevessy\src\vanetza-build\shared\vanetza\asn1\asn1_security.dir\release\fullctl.obj
c:\users\karel hevessy\src\vanetza-build\shared\vanetza\asn1\asn1_security.dir\release\geographicregion.obj
c:\users\karel hevessy\src\vanetza-build\shared\vanetza\asn1\asn1_security.dir\release\grouplinkagevalue.obj
c:\users\karel hevessy\src\vanetza-build\shared\vanetza\asn1\asn1_security.dir\release\hashalgorithm.obj
c:\users\karel hevessy\src\vanetza-build\shared\vanetza\asn1\asn1_security.dir\release\hasheddata.obj
c:\users\karel hevessy\src\vanetza-build\shared\vanetza\asn1\asn1_security.dir\release\hashedid10.obj
c:\users\karel hevessy\src\vanetza-build\shared\vanetza\asn1\asn1_security.dir\release\hashedid3.obj
c:\users\karel hevessy\src\vanetza-build\shared\vanetza\asn1\asn1_security.dir\release\hashedid8.obj
c:\users\karel hevessy\src\vanetza-build\shared\vanetza\asn1\asn1_security.dir\release\headerinfo.obj
c:\users\karel hevessy\src\vanetza-build\shared\vanetza\asn1\asn1_security.dir\release\hostname.obj
c:\users\karel hevessy\src\vanetza-build\shared\vanetza\asn1\asn1_security.dir\release\identifiedregion.obj
c:\users\karel hevessy\src\vanetza-build\shared\vanetza\asn1\asn1_security.dir\release\ieee1609dot2content.obj
c:\users\karel hevessy\src\vanetza-build\shared\vanetza\asn1\asn1_security.dir\release\ieee1609dot2data.obj
c:\users\karel hevessy\src\vanetza-build\shared\vanetza\asn1\asn1_security.dir\release\implicitcertificate.obj
c:\users\karel hevessy\src\vanetza-build\shared\vanetza\asn1\asn1_security.dir\release\inneratrequest.obj
c:\users\karel hevessy\src\vanetza-build\shared\vanetza\asn1\asn1_security.dir\release\inneratresponse.obj
c:\users\karel hevessy\src\vanetza-build\shared\vanetza\asn1\asn1_security.dir\release\innerecrequest.obj
c:\users\karel hevessy\src\vanetza-build\shared\vanetza\asn1\asn1_security.dir\release\innerecrequestsignedforpop.obj
c:\users\karel hevessy\src\vanetza-build\shared\vanetza\asn1\asn1_security.dir\release\innerecresponse.obj
c:\users\karel hevessy\src\vanetza-build\shared\vanetza\asn1\asn1_security.dir\release\issueridentifier.obj
c:\users\karel hevessy\src\vanetza-build\shared\vanetza\asn1\asn1_security.dir\release\ivalue.obj
c:\users\karel hevessy\src\vanetza-build\shared\vanetza\asn1\asn1_security.dir\release\knownlatitude.obj
c:\users\karel hevessy\src\vanetza-build\shared\vanetza\asn1\asn1_security.dir\release\knownlongitude.obj
c:\users\karel hevessy\src\vanetza-build\shared\vanetza\asn1\asn1_security.dir\release\laid.obj
c:\users\karel hevessy\src\vanetza-build\shared\vanetza\asn1\asn1_security.dir\release\latitude.obj
c:\users\karel hevessy\src\vanetza-build\shared\vanetza\asn1\asn1_security.dir\release\linkagedata.obj
c:\users\karel hevessy\src\vanetza-build\shared\vanetza\asn1\asn1_security.dir\release\linkageseed.obj
c:\users\karel hevessy\src\vanetza-build\shared\vanetza\asn1\asn1_security.dir\release\linkagevalue.obj
c:\users\karel hevessy\src\vanetza-build\shared\vanetza\asn1\asn1_security.dir\release\longitude.obj
c:\users\karel hevessy\src\vanetza-build\shared\vanetza\asn1\asn1_security.dir\release\missingcrlidentifier.obj
c:\users\karel hevessy\src\vanetza-build\shared\vanetza\asn1\asn1_security.dir\release\ninetydegreeint.obj
c:\users\karel hevessy\src\vanetza-build\shared\vanetza\asn1\asn1_security.dir\release\oneeightydegreeint.obj
c:\users\karel hevessy\src\vanetza-build\shared\vanetza\asn1\asn1_security.dir\release\opaque.obj
c:\users\karel hevessy\src\vanetza-build\shared\vanetza\asn1\asn1_security.dir\release\pkrecipientinfo.obj
c:\users\karel hevessy\src\vanetza-build\shared\vanetza\asn1\asn1_security.dir\release\polygonalregion.obj
c:\users\karel hevessy\src\vanetza-build\shared\vanetza\asn1\asn1_security.dir\release\presharedkeyrecipientinfo.obj
c:\users\karel hevessy\src\vanetza-build\shared\vanetza\asn1\asn1_security.dir\release\psid.obj
c:\users\karel hevessy\src\vanetza-build\shared\vanetza\asn1\asn1_security.dir\release\psidgrouppermissions.obj
c:\users\karel hevessy\src\vanetza-build\shared\vanetza\asn1\asn1_security.dir\release\psidssp.obj
c:\users\karel hevessy\src\vanetza-build\shared\vanetza\asn1\asn1_security.dir\release\psidssprange.obj
c:\users\karel hevessy\src\vanetza-build\shared\vanetza\asn1\asn1_security.dir\release\publicencryptionkey.obj
c:\users\karel hevessy\src\vanetza-build\shared\vanetza\asn1\asn1_security.dir\release\publickeys.obj
c:\users\karel hevessy\src\vanetza-build\shared\vanetza\asn1\asn1_security.dir\release\publicverificationkey.obj
c:\users\karel hevessy\src\vanetza-build\shared\vanetza\asn1\asn1_security.dir\release\rcacertificatetrustlistmessage.obj
c:\users\karel hevessy\src\vanetza-build\shared\vanetza\asn1\asn1_security.dir\release\recipientinfo.obj
c:\users\karel hevessy\src\vanetza-build\shared\vanetza\asn1\asn1_security.dir\release\rectangularregion.obj
c:\users\karel hevessy\src\vanetza-build\shared\vanetza\asn1\asn1_security.dir\release\regionandsubregions.obj
c:\users\karel hevessy\src\vanetza-build\shared\vanetza\asn1\asn1_security.dir\release\rootcaentry.obj
c:\users\karel hevessy\src\vanetza-build\shared\vanetza\asn1\asn1_security.dir\release\securityasnincludes.obj
c:\users\karel hevessy\src\vanetza-build\shared\vanetza\asn1\asn1_security.dir\release\sequenceofcertificate.obj
c:\users\karel hevessy\src\vanetza-build\shared\vanetza\asn1\asn1_security.dir\release\sequenceofhashedid3.obj
c:\users\karel hevessy\src\vanetza-build\shared\vanetza\asn1\asn1_security.dir\release\sequenceofidentifiedregion.obj
c:\users\karel hevessy\src\vanetza-build\shared\vanetza\asn1\asn1_security.dir\release\sequenceofoctetstring.obj
c:\users\karel hevessy\src\vanetza-build\shared\vanetza\asn1\asn1_security.dir\release\sequenceofpsid.obj
c:\users\karel hevessy\src\vanetza-build\shared\vanetza\asn1\asn1_security.dir\release\sequenceofpsidgrouppermissions.obj
c:\users\karel hevessy\src\vanetza-build\shared\vanetza\asn1\asn1_security.dir\release\sequenceofpsidssp.obj
c:\users\karel hevessy\src\vanetza-build\shared\vanetza\asn1\asn1_security.dir\release\sequenceofpsidssprange.obj
c:\users\karel hevessy\src\vanetza-build\shared\vanetza\asn1\asn1_security.dir\release\sequenceofrecipientinfo.obj
c:\users\karel hevessy\src\vanetza-build\shared\vanetza\asn1\asn1_security.dir\release\sequenceofrectangularregion.obj
c:\users\karel hevessy\src\vanetza-build\shared\vanetza\asn1\asn1_security.dir\release\sequenceofregionandsubregions.obj
c:\users\karel hevessy\src\vanetza-build\shared\vanetza\asn1\asn1_security.dir\release\sequenceofuint16.obj
c:\users\karel hevessy\src\vanetza-build\shared\vanetza\asn1\asn1_security.dir\release\sequenceofuint8.obj
c:\users\karel hevessy\src\vanetza-build\shared\vanetza\asn1\asn1_security.dir\release\servicespecificpermissions.obj
c:\users\karel hevessy\src\vanetza-build\shared\vanetza\asn1\asn1_security.dir\release\sharedatrequest.obj
c:\users\karel hevessy\src\vanetza-build\shared\vanetza\asn1\asn1_security.dir\release\signature.obj
c:\users\karel hevessy\src\vanetza-build\shared\vanetza\asn1\asn1_security.dir\release\signeddata.obj
c:\users\karel hevessy\src\vanetza-build\shared\vanetza\asn1\asn1_security.dir\release\signeddatapayload.obj
c:\users\karel hevessy\src\vanetza-build\shared\vanetza\asn1\asn1_security.dir\release\signeridentifier.obj
c:\users\karel hevessy\src\vanetza-build\shared\vanetza\asn1\asn1_security.dir\release\singleetsits103097certificate.obj
c:\users\karel hevessy\src\vanetza-build\shared\vanetza\asn1\asn1_security.dir\release\ssprange.obj
c:\users\karel hevessy\src\vanetza-build\shared\vanetza\asn1\asn1_security.dir\release\subjectassurance.obj
c:\users\karel hevessy\src\vanetza-build\shared\vanetza\asn1\asn1_security.dir\release\subjectpermissions.obj
c:\users\karel hevessy\src\vanetza-build\shared\vanetza\asn1\asn1_security.dir\release\symmalgorithm.obj
c:\users\karel hevessy\src\vanetza-build\shared\vanetza\asn1\asn1_security.dir\release\symmetricciphertext.obj
c:\users\karel hevessy\src\vanetza-build\shared\vanetza\asn1\asn1_security.dir\release\symmetricencryptionkey.obj
c:\users\karel hevessy\src\vanetza-build\shared\vanetza\asn1\asn1_security.dir\release\symmrecipientinfo.obj
c:\users\karel hevessy\src\vanetza-build\shared\vanetza\asn1\asn1_security.dir\release\threedlocation.obj
c:\users\karel hevessy\src\vanetza-build\shared\vanetza\asn1\asn1_security.dir\release\time32.obj
c:\users\karel hevessy\src\vanetza-build\shared\vanetza\asn1\asn1_security.dir\release\time64.obj
c:\users\karel hevessy\src\vanetza-build\shared\vanetza\asn1\asn1_security.dir\release\tlmcertificatetrustlistmessage.obj
c:\users\karel hevessy\src\vanetza-build\shared\vanetza\asn1\asn1_security.dir\release\tlmentry.obj
c:\users\karel hevessy\src\vanetza-build\shared\vanetza\asn1\asn1_security.dir\release\tobesignedcertificate.obj
c:\users\karel hevessy\src\vanetza-build\shared\vanetza\asn1\asn1_security.dir\release\tobesignedcrl.obj
c:\users\karel hevessy\src\vanetza-build\shared\vanetza\asn1\asn1_security.dir\release\tobesigneddata.obj
c:\users\karel hevessy\src\vanetza-build\shared\vanetza\asn1\asn1_security.dir\release\tobesignedrcactl.obj
c:\users\karel hevessy\src\vanetza-build\shared\vanetza\asn1\asn1_security.dir\release\tobesignedtlmctl.obj
c:\users\karel hevessy\src\vanetza-build\shared\vanetza\asn1\asn1_security.dir\release\twodlocation.obj
c:\users\karel hevessy\src\vanetza-build\shared\vanetza\asn1\asn1_security.dir\release\uint16.obj
c:\users\karel hevessy\src\vanetza-build\shared\vanetza\asn1\asn1_security.dir\release\uint3.obj
c:\users\karel hevessy\src\vanetza-build\shared\vanetza\asn1\asn1_security.dir\release\uint32.obj
c:\users\karel hevessy\src\vanetza-build\shared\vanetza\asn1\asn1_security.dir\release\uint64.obj
c:\users\karel hevessy\src\vanetza-build\shared\vanetza\asn1\asn1_security.dir\release\uint8.obj
c:\users\karel hevessy\src\vanetza-build\shared\vanetza\asn1\asn1_security.dir\release\unknownlatitude.obj
c:\users\karel hevessy\src\vanetza-build\shared\vanetza\asn1\asn1_security.dir\release\unknownlongitude.obj
c:\users\karel hevessy\src\vanetza-build\shared\vanetza\asn1\asn1_security.dir\release\url.obj
c:\users\karel hevessy\src\vanetza-build\shared\vanetza\asn1\asn1_security.dir\release\validityperiod.obj
c:\users\karel hevessy\src\vanetza-build\shared\vanetza\asn1\asn1_security.dir\release\verificationkeyindicator.obj
c:\users\karel hevessy\src\vanetza-build\shared\vanetza\asn1\asn1_security.dir\release\version.obj
c:\users\karel hevessy\src\vanetza-build\shared\bin\release\vanetza_asn1_security.dll
c:\users\karel hevessy\src\vanetza-build\shared\vanetza\asn1\asn1_security.dir\release\asn1_security.tlog\asn1_security.write.1u.tlog
c:\users\karel hevessy\src\vanetza-build\shared\vanetza\asn1\asn1_security.dir\release\asn1_security.tlog\cl.command.1.tlog
c:\users\karel hevessy\src\vanetza-build\shared\vanetza\asn1\asn1_security.dir\release\asn1_security.tlog\cl.write.1.tlog
c:\users\karel hevessy\src\vanetza-build\shared\vanetza\asn1\asn1_security.dir\release\asn1_security.tlog\custombuild.command.1.tlog
c:\users\karel hevessy\src\vanetza-build\shared\vanetza\asn1\asn1_security.dir\release\asn1_security.tlog\custombuild.read.1.tlog
c:\users\karel hevessy\src\vanetza-build\shared\vanetza\asn1\asn1_security.dir\release\asn1_security.tlog\custombuild.write.1.tlog
c:\users\karel hevessy\src\vanetza-build\shared\vanetza\asn1\asn1_security.dir\release\asn1_security.tlog\link.command.1.tlog
c:\users\karel hevessy\src\vanetza-build\shared\vanetza\asn1\asn1_security.dir\release\asn1_security.tlog\link.read.1.tlog
c:\users\karel hevessy\src\vanetza-build\shared\vanetza\asn1\asn1_security.dir\release\asn1_security.tlog\link.write.1.tlog
