c:\users\karel hevessy\src\vanetza-build\shared\lib\static\debug\vanetza_asn1_its.lib
c:\users\karel hevessy\src\vanetza-build\shared\lib\static\debug\vanetza_asn1_its.exp
c:\users\karel hevessy\src\vanetza-build\shared\vanetza\asn1\asn1_its.dir\debug\vc143.pdb
c:\users\karel hevessy\src\vanetza-build\shared\vanetza\asn1\cmakefiles\generate.stamp
c:\users\karel hevessy\src\vanetza-build\shared\bin\debug\vanetza_asn1_its.pdb
c:\users\karel hevessy\src\vanetza-build\shared\vanetza\asn1\asn1_its.dir\debug\absoluteposition.obj
c:\users\karel hevessy\src\vanetza-build\shared\vanetza\asn1\asn1_its.dir\debug\absolutepositions.obj
c:\users\karel hevessy\src\vanetza-build\shared\vanetza\asn1\asn1_its.dir\debug\absolutepositionswaltitude.obj
c:\users\karel hevessy\src\vanetza-build\shared\vanetza\asn1\asn1_its.dir\debug\absolutepositionwaltitude.obj
c:\users\karel hevessy\src\vanetza-build\shared\vanetza\asn1\asn1_its.dir\debug\accelerationconfidence.obj
c:\users\karel hevessy\src\vanetza-build\shared\vanetza\asn1\asn1_its.dir\debug\accelerationcontrol.obj
c:\users\karel hevessy\src\vanetza-build\shared\vanetza\asn1\asn1_its.dir\debug\accidentsubcausecode.obj
c:\users\karel hevessy\src\vanetza-build\shared\vanetza\asn1\asn1_its.dir\debug\actionid.obj
c:\users\karel hevessy\src\vanetza-build\shared\vanetza\asn1\asn1_its.dir\debug\actualnumberofpassengers.obj
c:\users\karel hevessy\src\vanetza-build\shared\vanetza\asn1\asn1_its.dir\debug\addrq.obj
c:\users\karel hevessy\src\vanetza-build\shared\vanetza\asn1\asn1_its.dir\debug\adverseweathercondition-adhesionsubcausecode.obj
c:\users\karel hevessy\src\vanetza-build\shared\vanetza\asn1\asn1_its.dir\debug\adverseweathercondition-extremeweatherconditionsubcausecode.obj
c:\users\karel hevessy\src\vanetza-build\shared\vanetza\asn1\asn1_its.dir\debug\adverseweathercondition-precipitationsubcausecode.obj
c:\users\karel hevessy\src\vanetza-build\shared\vanetza\asn1\asn1_its.dir\debug\adverseweathercondition-visibilitysubcausecode.obj
c:\users\karel hevessy\src\vanetza-build\shared\vanetza\asn1\asn1_its.dir\debug\advisoryspeed.obj
c:\users\karel hevessy\src\vanetza-build\shared\vanetza\asn1\asn1_its.dir\debug\advisoryspeedlist.obj
c:\users\karel hevessy\src\vanetza-build\shared\vanetza\asn1\asn1_its.dir\debug\advisoryspeedtype.obj
c:\users\karel hevessy\src\vanetza-build\shared\vanetza\asn1\asn1_its.dir\debug\alacartecontainer.obj
c:\users\karel hevessy\src\vanetza-build\shared\vanetza\asn1\asn1_its.dir\debug\allowedmaneuvers.obj
c:\users\karel hevessy\src\vanetza-build\shared\vanetza\asn1\asn1_its.dir\debug\alphabetindicator.obj
c:\users\karel hevessy\src\vanetza-build\shared\vanetza\asn1\asn1_its.dir\debug\altitude.obj
c:\users\karel hevessy\src\vanetza-build\shared\vanetza\asn1\asn1_its.dir\debug\altitudeconfidence.obj
c:\users\karel hevessy\src\vanetza-build\shared\vanetza\asn1\asn1_its.dir\debug\altitudevalue.obj
c:\users\karel hevessy\src\vanetza-build\shared\vanetza\asn1\asn1_its.dir\debug\angle.obj
c:\users\karel hevessy\src\vanetza-build\shared\vanetza\asn1\asn1_its.dir\debug\angleconfidence.obj
c:\users\karel hevessy\src\vanetza-build\shared\vanetza\asn1\asn1_its.dir\debug\animalsubclass.obj
c:\users\karel hevessy\src\vanetza-build\shared\vanetza\asn1\asn1_its.dir\debug\animalsubclasstype.obj
c:\users\karel hevessy\src\vanetza-build\shared\vanetza\asn1\asn1_its.dir\debug\antennaoffsetset.obj
c:\users\karel hevessy\src\vanetza-build\shared\vanetza\asn1\asn1_its.dir\debug\anycatalogue.obj
c:\users\karel hevessy\src\vanetza-build\shared\vanetza\asn1\asn1_its.dir\debug\approachid.obj
c:\users\karel hevessy\src\vanetza-build\shared\vanetza\asn1\asn1_its.dir\debug\areacircular.obj
c:\users\karel hevessy\src\vanetza-build\shared\vanetza\asn1\asn1_its.dir\debug\areaellipse.obj
c:\users\karel hevessy\src\vanetza-build\shared\vanetza\asn1\asn1_its.dir\debug\areapolygon.obj
c:\users\karel hevessy\src\vanetza-build\shared\vanetza\asn1\asn1_its.dir\debug\arearadial.obj
c:\users\karel hevessy\src\vanetza-build\shared\vanetza\asn1\asn1_its.dir\debug\arearectangle.obj
c:\users\karel hevessy\src\vanetza-build\shared\vanetza\asn1\asn1_its.dir\debug\attributeidlist.obj
c:\users\karel hevessy\src\vanetza-build\shared\vanetza\asn1\asn1_its.dir\debug\attributelist.obj
c:\users\karel hevessy\src\vanetza-build\shared\vanetza\asn1\asn1_its.dir\debug\attributes.obj
c:\users\karel hevessy\src\vanetza-build\shared\vanetza\asn1\asn1_its.dir\debug\automatedvehiclecontainer.obj
c:\users\karel hevessy\src\vanetza-build\shared\vanetza\asn1\asn1_its.dir\debug\automatedvehiclerule.obj
c:\users\karel hevessy\src\vanetza-build\shared\vanetza\asn1\asn1_its.dir\debug\automatedvehiclerules.obj
c:\users\karel hevessy\src\vanetza-build\shared\vanetza\asn1\asn1_its.dir\debug\avcpart.obj
c:\users\karel hevessy\src\vanetza-build\shared\vanetza\asn1\asn1_its.dir\debug\avieridatetime.obj
c:\users\karel hevessy\src\vanetza-build\shared\vanetza\asn1\asn1_its.dir\debug\axleweightlimits.obj
c:\users\karel hevessy\src\vanetza-build\shared\vanetza\asn1\asn1_its.dir\debug\bankingangle.obj
c:\users\karel hevessy\src\vanetza-build\shared\vanetza\asn1\asn1_its.dir\debug\basiccontainer.obj
c:\users\karel hevessy\src\vanetza-build\shared\vanetza\asn1\asn1_its.dir\debug\basicvehiclecontainerhighfrequency.obj
c:\users\karel hevessy\src\vanetza-build\shared\vanetza\asn1\asn1_its.dir\debug\basicvehiclecontainerlowfrequency.obj
c:\users\karel hevessy\src\vanetza-build\shared\vanetza\asn1\asn1_its.dir\debug\basicvehiclerole.obj
c:\users\karel hevessy\src\vanetza-build\shared\vanetza\asn1\asn1_its.dir\debug\batterystatus.obj
c:\users\karel hevessy\src\vanetza-build\shared\vanetza\asn1\asn1_its.dir\debug\cam.obj
c:\users\karel hevessy\src\vanetza-build\shared\vanetza\asn1\asn1_its.dir\debug\camparameters.obj
c:\users\karel hevessy\src\vanetza-build\shared\vanetza\asn1\asn1_its.dir\debug\cartesianangle.obj
c:\users\karel hevessy\src\vanetza-build\shared\vanetza\asn1\asn1_its.dir\debug\cartesiananglevalue.obj
c:\users\karel hevessy\src\vanetza-build\shared\vanetza\asn1\asn1_its.dir\debug\causecode.obj
c:\users\karel hevessy\src\vanetza-build\shared\vanetza\asn1\asn1_its.dir\debug\causecodetype.obj
c:\users\karel hevessy\src\vanetza-build\shared\vanetza\asn1\asn1_its.dir\debug\cendsrctollingzone.obj
c:\users\karel hevessy\src\vanetza-build\shared\vanetza\asn1\asn1_its.dir\debug\cendsrctollingzoneid.obj
c:\users\karel hevessy\src\vanetza-build\shared\vanetza\asn1\asn1_its.dir\debug\channelid.obj
c:\users\karel hevessy\src\vanetza-build\shared\vanetza\asn1\asn1_its.dir\debug\channelrq.obj
c:\users\karel hevessy\src\vanetza-build\shared\vanetza\asn1\asn1_its.dir\debug\channelrs.obj
c:\users\karel hevessy\src\vanetza-build\shared\vanetza\asn1\asn1_its.dir\debug\classconfidence.obj
c:\users\karel hevessy\src\vanetza-build\shared\vanetza\asn1\asn1_its.dir\debug\closedlanes.obj
c:\users\karel hevessy\src\vanetza-build\shared\vanetza\asn1\asn1_its.dir\debug\co2emissionvalue.obj
c:\users\karel hevessy\src\vanetza-build\shared\vanetza\asn1\asn1_its.dir\debug\code-units.obj
c:\users\karel hevessy\src\vanetza-build\shared\vanetza\asn1\asn1_its.dir\debug\collectiveperceptionmessage.obj
c:\users\karel hevessy\src\vanetza-build\shared\vanetza\asn1\asn1_its.dir\debug\collisionrisksubcausecode.obj
c:\users\karel hevessy\src\vanetza-build\shared\vanetza\asn1\asn1_its.dir\debug\comparisonoperator.obj
c:\users\karel hevessy\src\vanetza-build\shared\vanetza\asn1\asn1_its.dir\debug\completevehiclecharacteristics.obj
c:\users\karel hevessy\src\vanetza-build\shared\vanetza\asn1\asn1_its.dir\debug\computedlane.obj
c:\users\karel hevessy\src\vanetza-build\shared\vanetza\asn1\asn1_its.dir\debug\computedsegment.obj
c:\users\karel hevessy\src\vanetza-build\shared\vanetza\asn1\asn1_its.dir\debug\condition.obj
c:\users\karel hevessy\src\vanetza-build\shared\vanetza\asn1\asn1_its.dir\debug\connecteddenms.obj
c:\users\karel hevessy\src\vanetza-build\shared\vanetza\asn1\asn1_its.dir\debug\connectinglane.obj
c:\users\karel hevessy\src\vanetza-build\shared\vanetza\asn1\asn1_its.dir\debug\connection.obj
c:\users\karel hevessy\src\vanetza-build\shared\vanetza\asn1\asn1_its.dir\debug\connectionmaneuverassist-addgrpc.obj
c:\users\karel hevessy\src\vanetza-build\shared\vanetza\asn1\asn1_its.dir\debug\connectionmaneuverassist.obj
c:\users\karel hevessy\src\vanetza-build\shared\vanetza\asn1\asn1_its.dir\debug\connectiontrajectory-addgrpc.obj
c:\users\karel hevessy\src\vanetza-build\shared\vanetza\asn1\asn1_its.dir\debug\connectstolist.obj
c:\users\karel hevessy\src\vanetza-build\shared\vanetza\asn1\asn1_its.dir\debug\constrainttextlines1.obj
c:\users\karel hevessy\src\vanetza-build\shared\vanetza\asn1\asn1_its.dir\debug\constrainttextlines2.obj
c:\users\karel hevessy\src\vanetza-build\shared\vanetza\asn1\asn1_its.dir\debug\contractauthenticator.obj
c:\users\karel hevessy\src\vanetza-build\shared\vanetza\asn1\asn1_its.dir\debug\contractserialnumber.obj
c:\users\karel hevessy\src\vanetza-build\shared\vanetza\asn1\asn1_its.dir\debug\contractvalidity.obj
c:\users\karel hevessy\src\vanetza-build\shared\vanetza\asn1\asn1_its.dir\debug\contractvehicle.obj
c:\users\karel hevessy\src\vanetza-build\shared\vanetza\asn1\asn1_its.dir\debug\coopawareness.obj
c:\users\karel hevessy\src\vanetza-build\shared\vanetza\asn1\asn1_its.dir\debug\copvalue.obj
c:\users\karel hevessy\src\vanetza-build\shared\vanetza\asn1\asn1_its.dir\debug\copyrq.obj
c:\users\karel hevessy\src\vanetza-build\shared\vanetza\asn1\asn1_its.dir\debug\countrycode.obj
c:\users\karel hevessy\src\vanetza-build\shared\vanetza\asn1\asn1_its.dir\debug\cpm.obj
c:\users\karel hevessy\src\vanetza-build\shared\vanetza\asn1\asn1_its.dir\debug\cpmmanagementcontainer.obj
c:\users\karel hevessy\src\vanetza-build\shared\vanetza\asn1\asn1_its.dir\debug\cpmparameters.obj
c:\users\karel hevessy\src\vanetza-build\shared\vanetza\asn1\asn1_its.dir\debug\creditrq.obj
c:\users\karel hevessy\src\vanetza-build\shared\vanetza\asn1\asn1_its.dir\debug\creditrs.obj
c:\users\karel hevessy\src\vanetza-build\shared\vanetza\asn1\asn1_its.dir\debug\cs1.obj
c:\users\karel hevessy\src\vanetza-build\shared\vanetza\asn1\asn1_its.dir\debug\cs2.obj
c:\users\karel hevessy\src\vanetza-build\shared\vanetza\asn1\asn1_its.dir\debug\cs3.obj
c:\users\karel hevessy\src\vanetza-build\shared\vanetza\asn1\asn1_its.dir\debug\cs4.obj
c:\users\karel hevessy\src\vanetza-build\shared\vanetza\asn1\asn1_its.dir\debug\cs5.obj
c:\users\karel hevessy\src\vanetza-build\shared\vanetza\asn1\asn1_its.dir\debug\cs7.obj
c:\users\karel hevessy\src\vanetza-build\shared\vanetza\asn1\asn1_its.dir\debug\cs8.obj
c:\users\karel hevessy\src\vanetza-build\shared\vanetza\asn1\asn1_its.dir\debug\curvature.obj
c:\users\karel hevessy\src\vanetza-build\shared\vanetza\asn1\asn1_its.dir\debug\curvaturecalculationmode.obj
c:\users\karel hevessy\src\vanetza-build\shared\vanetza\asn1\asn1_its.dir\debug\curvatureconfidence.obj
c:\users\karel hevessy\src\vanetza-build\shared\vanetza\asn1\asn1_its.dir\debug\curvaturevalue.obj
c:\users\karel hevessy\src\vanetza-build\shared\vanetza\asn1\asn1_its.dir\debug\dangerousendofqueuesubcausecode.obj
c:\users\karel hevessy\src\vanetza-build\shared\vanetza\asn1\asn1_its.dir\debug\dangerousgoodsbasic.obj
c:\users\karel hevessy\src\vanetza-build\shared\vanetza\asn1\asn1_its.dir\debug\dangerousgoodscontainer.obj
c:\users\karel hevessy\src\vanetza-build\shared\vanetza\asn1\asn1_its.dir\debug\dangerousgoodsextended.obj
c:\users\karel hevessy\src\vanetza-build\shared\vanetza\asn1\asn1_its.dir\debug\dangeroussituationsubcausecode.obj
c:\users\karel hevessy\src\vanetza-build\shared\vanetza\asn1\asn1_its.dir\debug\dataparameters.obj
c:\users\karel hevessy\src\vanetza-build\shared\vanetza\asn1\asn1_its.dir\debug\dateandtime.obj
c:\users\karel hevessy\src\vanetza-build\shared\vanetza\asn1\asn1_its.dir\debug\datecompact.obj
c:\users\karel hevessy\src\vanetza-build\shared\vanetza\asn1\asn1_its.dir\debug\dayofweek.obj
c:\users\karel hevessy\src\vanetza-build\shared\vanetza\asn1\asn1_its.dir\debug\ddatetime.obj
c:\users\karel hevessy\src\vanetza-build\shared\vanetza\asn1\asn1_its.dir\debug\dday.obj
c:\users\karel hevessy\src\vanetza-build\shared\vanetza\asn1\asn1_its.dir\debug\ddd-io-list.obj
c:\users\karel hevessy\src\vanetza-build\shared\vanetza\asn1\asn1_its.dir\debug\ddd-io.obj
c:\users\karel hevessy\src\vanetza-build\shared\vanetza\asn1\asn1_its.dir\debug\debitrq.obj
c:\users\karel hevessy\src\vanetza-build\shared\vanetza\asn1\asn1_its.dir\debug\debitrs.obj
c:\users\karel hevessy\src\vanetza-build\shared\vanetza\asn1\asn1_its.dir\debug\decentralizedenvironmentalnotificationmessage.obj
c:\users\karel hevessy\src\vanetza-build\shared\vanetza\asn1\asn1_its.dir\debug\definitionaccuracy.obj
c:\users\karel hevessy\src\vanetza-build\shared\vanetza\asn1\asn1_its.dir\debug\deltaaltitude.obj
c:\users\karel hevessy\src\vanetza-build\shared\vanetza\asn1\asn1_its.dir\debug\deltaangle.obj
c:\users\karel hevessy\src\vanetza-build\shared\vanetza\asn1\asn1_its.dir\debug\deltalatitude.obj
c:\users\karel hevessy\src\vanetza-build\shared\vanetza\asn1\asn1_its.dir\debug\deltalongitude.obj
c:\users\karel hevessy\src\vanetza-build\shared\vanetza\asn1\asn1_its.dir\debug\deltaposition.obj
c:\users\karel hevessy\src\vanetza-build\shared\vanetza\asn1\asn1_its.dir\debug\deltapositions.obj
c:\users\karel hevessy\src\vanetza-build\shared\vanetza\asn1\asn1_its.dir\debug\deltareferenceposition.obj
c:\users\karel hevessy\src\vanetza-build\shared\vanetza\asn1\asn1_its.dir\debug\deltareferencepositions.obj
c:\users\karel hevessy\src\vanetza-build\shared\vanetza\asn1\asn1_its.dir\debug\deltatime.obj
c:\users\karel hevessy\src\vanetza-build\shared\vanetza\asn1\asn1_its.dir\debug\denm.obj
c:\users\karel hevessy\src\vanetza-build\shared\vanetza\asn1\asn1_its.dir\debug\depth.obj
c:\users\karel hevessy\src\vanetza-build\shared\vanetza\asn1\asn1_its.dir\debug\descriptivecharacteristics.obj
c:\users\karel hevessy\src\vanetza-build\shared\vanetza\asn1\asn1_its.dir\debug\descriptivename.obj
c:\users\karel hevessy\src\vanetza-build\shared\vanetza\asn1\asn1_its.dir\debug\destinationplace.obj
c:\users\karel hevessy\src\vanetza-build\shared\vanetza\asn1\asn1_its.dir\debug\destinationplaces.obj
c:\users\karel hevessy\src\vanetza-build\shared\vanetza\asn1\asn1_its.dir\debug\destinationroad.obj
c:\users\karel hevessy\src\vanetza-build\shared\vanetza\asn1\asn1_its.dir\debug\destinationroads.obj
c:\users\karel hevessy\src\vanetza-build\shared\vanetza\asn1\asn1_its.dir\debug\destinationroadtype.obj
c:\users\karel hevessy\src\vanetza-build\shared\vanetza\asn1\asn1_its.dir\debug\destinationtype.obj
c:\users\karel hevessy\src\vanetza-build\shared\vanetza\asn1\asn1_its.dir\debug\detectionarea.obj
c:\users\karel hevessy\src\vanetza-build\shared\vanetza\asn1\asn1_its.dir\debug\dhour.obj
c:\users\karel hevessy\src\vanetza-build\shared\vanetza\asn1\asn1_its.dir\debug\dieselemissionvalues.obj
c:\users\karel hevessy\src\vanetza-build\shared\vanetza\asn1\asn1_its.dir\debug\digitalmap.obj
c:\users\karel hevessy\src\vanetza-build\shared\vanetza\asn1\asn1_its.dir\debug\direction.obj
c:\users\karel hevessy\src\vanetza-build\shared\vanetza\asn1\asn1_its.dir\debug\distance.obj
c:\users\karel hevessy\src\vanetza-build\shared\vanetza\asn1\asn1_its.dir\debug\distanceconfidence.obj
c:\users\karel hevessy\src\vanetza-build\shared\vanetza\asn1\asn1_its.dir\debug\distanceorduration.obj
c:\users\karel hevessy\src\vanetza-build\shared\vanetza\asn1\asn1_its.dir\debug\distancevalue.obj
c:\users\karel hevessy\src\vanetza-build\shared\vanetza\asn1\asn1_its.dir\debug\dminute.obj
c:\users\karel hevessy\src\vanetza-build\shared\vanetza\asn1\asn1_its.dir\debug\dmonth.obj
c:\users\karel hevessy\src\vanetza-build\shared\vanetza\asn1\asn1_its.dir\debug\doffset.obj
c:\users\karel hevessy\src\vanetza-build\shared\vanetza\asn1\asn1_its.dir\debug\drivedirection.obj
c:\users\karel hevessy\src\vanetza-build\shared\vanetza\asn1\asn1_its.dir\debug\drivenlineoffsetlg.obj
c:\users\karel hevessy\src\vanetza-build\shared\vanetza\asn1\asn1_its.dir\debug\drivenlineoffsetsm.obj
c:\users\karel hevessy\src\vanetza-build\shared\vanetza\asn1\asn1_its.dir\debug\drivinglanestatus.obj
c:\users\karel hevessy\src\vanetza-build\shared\vanetza\asn1\asn1_its.dir\debug\dsecond.obj
c:\users\karel hevessy\src\vanetza-build\shared\vanetza\asn1\asn1_its.dir\debug\dsrcmsgid.obj
c:\users\karel hevessy\src\vanetza-build\shared\vanetza\asn1\asn1_its.dir\debug\dyear.obj
c:\users\karel hevessy\src\vanetza-build\shared\vanetza\asn1\asn1_its.dir\debug\dynamicstatus.obj
c:\users\karel hevessy\src\vanetza-build\shared\vanetza\asn1\asn1_its.dir\debug\efc-contextmark.obj
c:\users\karel hevessy\src\vanetza-build\shared\vanetza\asn1\asn1_its.dir\debug\efcdsrcapplication_drivercharacteristics.obj
c:\users\karel hevessy\src\vanetza-build\shared\vanetza\asn1\asn1_its.dir\debug\efcdsrcapplication_trailercharacteristics.obj
c:\users\karel hevessy\src\vanetza-build\shared\vanetza\asn1\asn1_its.dir\debug\elevation.obj
c:\users\karel hevessy\src\vanetza-build\shared\vanetza\asn1\asn1_its.dir\debug\elevationconfidence.obj
c:\users\karel hevessy\src\vanetza-build\shared\vanetza\asn1\asn1_its.dir\debug\embarkationstatus.obj
c:\users\karel hevessy\src\vanetza-build\shared\vanetza\asn1\asn1_its.dir\debug\emergencycontainer.obj
c:\users\karel hevessy\src\vanetza-build\shared\vanetza\asn1\asn1_its.dir\debug\emergencypriority.obj
c:\users\karel hevessy\src\vanetza-build\shared\vanetza\asn1\asn1_its.dir\debug\emergencyvehicleapproachingsubcausecode.obj
c:\users\karel hevessy\src\vanetza-build\shared\vanetza\asn1\asn1_its.dir\debug\emissiontype.obj
c:\users\karel hevessy\src\vanetza-build\shared\vanetza\asn1\asn1_its.dir\debug\enabledlanelist.obj
c:\users\karel hevessy\src\vanetza-build\shared\vanetza\asn1\asn1_its.dir\debug\energystoragetype.obj
c:\users\karel hevessy\src\vanetza-build\shared\vanetza\asn1\asn1_its.dir\debug\engine.obj
c:\users\karel hevessy\src\vanetza-build\shared\vanetza\asn1\asn1_its.dir\debug\enginecharacteristics.obj
c:\users\karel hevessy\src\vanetza-build\shared\vanetza\asn1\asn1_its.dir\debug\environmentalcharacteristics.obj
c:\users\karel hevessy\src\vanetza-build\shared\vanetza\asn1\asn1_its.dir\debug\equipmentobuid.obj
c:\users\karel hevessy\src\vanetza-build\shared\vanetza\asn1\asn1_its.dir\debug\equipmentstatus.obj
c:\users\karel hevessy\src\vanetza-build\shared\vanetza\asn1\asn1_its.dir\debug\eurovalue.obj
c:\users\karel hevessy\src\vanetza-build\shared\vanetza\asn1\asn1_its.dir\debug\euvehiclecategorycode.obj
c:\users\karel hevessy\src\vanetza-build\shared\vanetza\asn1\asn1_its.dir\debug\euvehiclecategoryl.obj
c:\users\karel hevessy\src\vanetza-build\shared\vanetza\asn1\asn1_its.dir\debug\euvehiclecategorym.obj
c:\users\karel hevessy\src\vanetza-build\shared\vanetza\asn1\asn1_its.dir\debug\euvehiclecategoryn.obj
c:\users\karel hevessy\src\vanetza-build\shared\vanetza\asn1\asn1_its.dir\debug\euvehiclecategoryo.obj
c:\users\karel hevessy\src\vanetza-build\shared\vanetza\asn1\asn1_its.dir\debug\eventhistory.obj
c:\users\karel hevessy\src\vanetza-build\shared\vanetza\asn1\asn1_its.dir\debug\eventpoint.obj
c:\users\karel hevessy\src\vanetza-build\shared\vanetza\asn1\asn1_its.dir\debug\exceptionalcondition.obj
c:\users\karel hevessy\src\vanetza-build\shared\vanetza\asn1\asn1_its.dir\debug\exhaustemissionvalues.obj
c:\users\karel hevessy\src\vanetza-build\shared\vanetza\asn1\asn1_its.dir\debug\ext1.obj
c:\users\karel hevessy\src\vanetza-build\shared\vanetza\asn1\asn1_its.dir\debug\ext2.obj
c:\users\karel hevessy\src\vanetza-build\shared\vanetza\asn1\asn1_its.dir\debug\ext3.obj
c:\users\karel hevessy\src\vanetza-build\shared\vanetza\asn1\asn1_its.dir\debug\exteriorlights.obj
c:\users\karel hevessy\src\vanetza-build\shared\vanetza\asn1\asn1_its.dir\debug\freespaceaddendum.obj
c:\users\karel hevessy\src\vanetza-build\shared\vanetza\asn1\asn1_its.dir\debug\freespaceaddendumcontainer.obj
c:\users\karel hevessy\src\vanetza-build\shared\vanetza\asn1\asn1_its.dir\debug\freespacearea.obj
c:\users\karel hevessy\src\vanetza-build\shared\vanetza\asn1\asn1_its.dir\debug\freespaceconfidence.obj
c:\users\karel hevessy\src\vanetza-build\shared\vanetza\asn1\asn1_its.dir\debug\freightcontainerdata.obj
c:\users\karel hevessy\src\vanetza-build\shared\vanetza\asn1\asn1_its.dir\debug\frictioncoefficient.obj
c:\users\karel hevessy\src\vanetza-build\shared\vanetza\asn1\asn1_its.dir\debug\frontoverhang.obj
c:\users\karel hevessy\src\vanetza-build\shared\vanetza\asn1\asn1_its.dir\debug\fueltype.obj
c:\users\karel hevessy\src\vanetza-build\shared\vanetza\asn1\asn1_its.dir\debug\fullpositionvector.obj
c:\users\karel hevessy\src\vanetza-build\shared\vanetza\asn1\asn1_its.dir\debug\futurecharacteristics.obj
c:\users\karel hevessy\src\vanetza-build\shared\vanetza\asn1\asn1_its.dir\debug\gapbetweenvehicles.obj
c:\users\karel hevessy\src\vanetza-build\shared\vanetza\asn1\asn1_its.dir\debug\gddattribute.obj
c:\users\karel hevessy\src\vanetza-build\shared\vanetza\asn1\asn1_its.dir\debug\gddattributes.obj
c:\users\karel hevessy\src\vanetza-build\shared\vanetza\asn1\asn1_its.dir\debug\gddstructure.obj
c:\users\karel hevessy\src\vanetza-build\shared\vanetza\asn1\asn1_its.dir\debug\generalivicontainer.obj
c:\users\karel hevessy\src\vanetza-build\shared\vanetza\asn1\asn1_its.dir\debug\generationdeltatime.obj
c:\users\karel hevessy\src\vanetza-build\shared\vanetza\asn1\asn1_its.dir\debug\genericlane.obj
c:\users\karel hevessy\src\vanetza-build\shared\vanetza\asn1\asn1_its.dir\debug\geographicallimit.obj
c:\users\karel hevessy\src\vanetza-build\shared\vanetza\asn1\asn1_its.dir\debug\geographiclocationcontainer.obj
c:\users\karel hevessy\src\vanetza-build\shared\vanetza\asn1\asn1_its.dir\debug\getinstancerq.obj
c:\users\karel hevessy\src\vanetza-build\shared\vanetza\asn1\asn1_its.dir\debug\getinstancers.obj
c:\users\karel hevessy\src\vanetza-build\shared\vanetza\asn1\asn1_its.dir\debug\getstampedrq.obj
c:\users\karel hevessy\src\vanetza-build\shared\vanetza\asn1\asn1_its.dir\debug\getstampedrs.obj
c:\users\karel hevessy\src\vanetza-build\shared\vanetza\asn1\asn1_its.dir\debug\gicpart.obj
c:\users\karel hevessy\src\vanetza-build\shared\vanetza\asn1\asn1_its.dir\debug\glcpart.obj
c:\users\karel hevessy\src\vanetza-build\shared\vanetza\asn1\asn1_its.dir\debug\glcparts.obj
c:\users\karel hevessy\src\vanetza-build\shared\vanetza\asn1\asn1_its.dir\debug\gnssstatus.obj
c:\users\karel hevessy\src\vanetza-build\shared\vanetza\asn1\asn1_its.dir\debug\goodstype.obj
c:\users\karel hevessy\src\vanetza-build\shared\vanetza\asn1\asn1_its.dir\debug\hardshoulderstatus.obj
c:\users\karel hevessy\src\vanetza-build\shared\vanetza\asn1\asn1_its.dir\debug\hazardouslocation-animalontheroadsubcausecode.obj
c:\users\karel hevessy\src\vanetza-build\shared\vanetza\asn1\asn1_its.dir\debug\hazardouslocation-dangerouscurvesubcausecode.obj
c:\users\karel hevessy\src\vanetza-build\shared\vanetza\asn1\asn1_its.dir\debug\hazardouslocation-obstacleontheroadsubcausecode.obj
c:\users\karel hevessy\src\vanetza-build\shared\vanetza\asn1\asn1_its.dir\debug\hazardouslocation-surfaceconditionsubcausecode.obj
c:\users\karel hevessy\src\vanetza-build\shared\vanetza\asn1\asn1_its.dir\debug\heading.obj
c:\users\karel hevessy\src\vanetza-build\shared\vanetza\asn1\asn1_its.dir\debug\headingconfidence.obj
c:\users\karel hevessy\src\vanetza-build\shared\vanetza\asn1\asn1_its.dir\debug\headingiso.obj
c:\users\karel hevessy\src\vanetza-build\shared\vanetza\asn1\asn1_its.dir\debug\headingisoconfidenceiso.obj
c:\users\karel hevessy\src\vanetza-build\shared\vanetza\asn1\asn1_its.dir\debug\headingvalue.obj
c:\users\karel hevessy\src\vanetza-build\shared\vanetza\asn1\asn1_its.dir\debug\heightloncarr.obj
c:\users\karel hevessy\src\vanetza-build\shared\vanetza\asn1\asn1_its.dir\debug\highfrequencycontainer.obj
c:\users\karel hevessy\src\vanetza-build\shared\vanetza\asn1\asn1_its.dir\debug\hitchpointoffset.obj
c:\users\karel hevessy\src\vanetza-build\shared\vanetza\asn1\asn1_its.dir\debug\hoursminutes.obj
c:\users\karel hevessy\src\vanetza-build\shared\vanetza\asn1\asn1_its.dir\debug\humanpresenceontheroadsubcausecode.obj
c:\users\karel hevessy\src\vanetza-build\shared\vanetza\asn1\asn1_its.dir\debug\humanproblemsubcausecode.obj
c:\users\karel hevessy\src\vanetza-build\shared\vanetza\asn1\asn1_its.dir\debug\icc-id.obj
c:\users\karel hevessy\src\vanetza-build\shared\vanetza\asn1\asn1_its.dir\debug\identifier.obj
c:\users\karel hevessy\src\vanetza-build\shared\vanetza\asn1\asn1_its.dir\debug\impactreductioncontainer.obj
c:\users\karel hevessy\src\vanetza-build\shared\vanetza\asn1\asn1_its.dir\debug\informationquality.obj
c:\users\karel hevessy\src\vanetza-build\shared\vanetza\asn1\asn1_its.dir\debug\int1.obj
c:\users\karel hevessy\src\vanetza-build\shared\vanetza\asn1\asn1_its.dir\debug\int2.obj
c:\users\karel hevessy\src\vanetza-build\shared\vanetza\asn1\asn1_its.dir\debug\int3.obj
c:\users\karel hevessy\src\vanetza-build\shared\vanetza\asn1\asn1_its.dir\debug\int4.obj
c:\users\karel hevessy\src\vanetza-build\shared\vanetza\asn1\asn1_its.dir\debug\internationalsign-applicableperiod.obj
c:\users\karel hevessy\src\vanetza-build\shared\vanetza\asn1\asn1_its.dir\debug\internationalsign-applicablevehicledimensions.obj
c:\users\karel hevessy\src\vanetza-build\shared\vanetza\asn1\asn1_its.dir\debug\internationalsign-destinationinformation.obj
c:\users\karel hevessy\src\vanetza-build\shared\vanetza\asn1\asn1_its.dir\debug\internationalsign-directionalflowoflane.obj
c:\users\karel hevessy\src\vanetza-build\shared\vanetza\asn1\asn1_its.dir\debug\internationalsign-distancebetweenvehicles.obj
c:\users\karel hevessy\src\vanetza-build\shared\vanetza\asn1\asn1_its.dir\debug\internationalsign-exemptedapplicableperiod.obj
c:\users\karel hevessy\src\vanetza-build\shared\vanetza\asn1\asn1_its.dir\debug\internationalsign-numberoflane.obj
c:\users\karel hevessy\src\vanetza-build\shared\vanetza\asn1\asn1_its.dir\debug\internationalsign-rateofincline.obj
c:\users\karel hevessy\src\vanetza-build\shared\vanetza\asn1\asn1_its.dir\debug\internationalsign-section.obj
c:\users\karel hevessy\src\vanetza-build\shared\vanetza\asn1\asn1_its.dir\debug\internationalsign-speedlimits.obj
c:\users\karel hevessy\src\vanetza-build\shared\vanetza\asn1\asn1_its.dir\debug\intersectionaccesspoint.obj
c:\users\karel hevessy\src\vanetza-build\shared\vanetza\asn1\asn1_its.dir\debug\intersectiongeometry.obj
c:\users\karel hevessy\src\vanetza-build\shared\vanetza\asn1\asn1_its.dir\debug\intersectiongeometrylist.obj
c:\users\karel hevessy\src\vanetza-build\shared\vanetza\asn1\asn1_its.dir\debug\intersectionid.obj
c:\users\karel hevessy\src\vanetza-build\shared\vanetza\asn1\asn1_its.dir\debug\intersectionreferenceid.obj
c:\users\karel hevessy\src\vanetza-build\shared\vanetza\asn1\asn1_its.dir\debug\intersectionstate-addgrpc.obj
c:\users\karel hevessy\src\vanetza-build\shared\vanetza\asn1\asn1_its.dir\debug\intersectionstate.obj
c:\users\karel hevessy\src\vanetza-build\shared\vanetza\asn1\asn1_its.dir\debug\intersectionstatelist.obj
c:\users\karel hevessy\src\vanetza-build\shared\vanetza\asn1\asn1_its.dir\debug\intersectionstatusobject.obj
c:\users\karel hevessy\src\vanetza-build\shared\vanetza\asn1\asn1_its.dir\debug\iso14823attribute.obj
c:\users\karel hevessy\src\vanetza-build\shared\vanetza\asn1\asn1_its.dir\debug\iso14823attributes.obj
c:\users\karel hevessy\src\vanetza-build\shared\vanetza\asn1\asn1_its.dir\debug\iso14823code.obj
c:\users\karel hevessy\src\vanetza-build\shared\vanetza\asn1\asn1_its.dir\debug\iso3833vehicletype.obj
c:\users\karel hevessy\src\vanetza-build\shared\vanetza\asn1\asn1_its.dir\debug\issueridentifieriso.obj
c:\users\karel hevessy\src\vanetza-build\shared\vanetza\asn1\asn1_its.dir\debug\itinerarypath.obj
c:\users\karel hevessy\src\vanetza-build\shared\vanetza\asn1\asn1_its.dir\debug\its-container_temperature.obj
c:\users\karel hevessy\src\vanetza-build\shared\vanetza\asn1\asn1_its.dir\debug\itsasnincludes.obj
c:\users\karel hevessy\src\vanetza-build\shared\vanetza\asn1\asn1_its.dir\debug\itspduheader.obj
c:\users\karel hevessy\src\vanetza-build\shared\vanetza\asn1\asn1_its.dir\debug\itsstationposition.obj
c:\users\karel hevessy\src\vanetza-build\shared\vanetza\asn1\asn1_its.dir\debug\itsstationpositionlist.obj
c:\users\karel hevessy\src\vanetza-build\shared\vanetza\asn1\asn1_its.dir\debug\ivicontainer.obj
c:\users\karel hevessy\src\vanetza-build\shared\vanetza\asn1\asn1_its.dir\debug\ivicontainers.obj
c:\users\karel hevessy\src\vanetza-build\shared\vanetza\asn1\asn1_its.dir\debug\iviidentificationnumber.obj
c:\users\karel hevessy\src\vanetza-build\shared\vanetza\asn1\asn1_its.dir\debug\iviidentificationnumbers.obj
c:\users\karel hevessy\src\vanetza-build\shared\vanetza\asn1\asn1_its.dir\debug\ivilanewidth.obj
c:\users\karel hevessy\src\vanetza-build\shared\vanetza\asn1\asn1_its.dir\debug\ivim.obj
c:\users\karel hevessy\src\vanetza-build\shared\vanetza\asn1\asn1_its.dir\debug\ivimanagementcontainer.obj
c:\users\karel hevessy\src\vanetza-build\shared\vanetza\asn1\asn1_its.dir\debug\ivipurpose.obj
c:\users\karel hevessy\src\vanetza-build\shared\vanetza\asn1\asn1_its.dir\debug\ivistatus.obj
c:\users\karel hevessy\src\vanetza-build\shared\vanetza\asn1\asn1_its.dir\debug\ivistructure.obj
c:\users\karel hevessy\src\vanetza-build\shared\vanetza\asn1\asn1_its.dir\debug\ivitype.obj
c:\users\karel hevessy\src\vanetza-build\shared\vanetza\asn1\asn1_its.dir\debug\ivi_drivercharacteristics.obj
c:\users\karel hevessy\src\vanetza-build\shared\vanetza\asn1\asn1_its.dir\debug\ivi_temperature.obj
c:\users\karel hevessy\src\vanetza-build\shared\vanetza\asn1\asn1_its.dir\debug\ivi_trailercharacteristics.obj
c:\users\karel hevessy\src\vanetza-build\shared\vanetza\asn1\asn1_its.dir\debug\laneattributes-addgrpc.obj
c:\users\karel hevessy\src\vanetza-build\shared\vanetza\asn1\asn1_its.dir\debug\laneattributes-barrier.obj
c:\users\karel hevessy\src\vanetza-build\shared\vanetza\asn1\asn1_its.dir\debug\laneattributes-bike.obj
c:\users\karel hevessy\src\vanetza-build\shared\vanetza\asn1\asn1_its.dir\debug\laneattributes-crosswalk.obj
c:\users\karel hevessy\src\vanetza-build\shared\vanetza\asn1\asn1_its.dir\debug\laneattributes-parking.obj
c:\users\karel hevessy\src\vanetza-build\shared\vanetza\asn1\asn1_its.dir\debug\laneattributes-sidewalk.obj
c:\users\karel hevessy\src\vanetza-build\shared\vanetza\asn1\asn1_its.dir\debug\laneattributes-striping.obj
c:\users\karel hevessy\src\vanetza-build\shared\vanetza\asn1\asn1_its.dir\debug\laneattributes-trackedvehicle.obj
c:\users\karel hevessy\src\vanetza-build\shared\vanetza\asn1\asn1_its.dir\debug\laneattributes-vehicle.obj
c:\users\karel hevessy\src\vanetza-build\shared\vanetza\asn1\asn1_its.dir\debug\laneattributes.obj
c:\users\karel hevessy\src\vanetza-build\shared\vanetza\asn1\asn1_its.dir\debug\lanecharacteristics.obj
c:\users\karel hevessy\src\vanetza-build\shared\vanetza\asn1\asn1_its.dir\debug\laneconfiguration.obj
c:\users\karel hevessy\src\vanetza-build\shared\vanetza\asn1\asn1_its.dir\debug\laneconnectionid.obj
c:\users\karel hevessy\src\vanetza-build\shared\vanetza\asn1\asn1_its.dir\debug\lanedataattribute.obj
c:\users\karel hevessy\src\vanetza-build\shared\vanetza\asn1\asn1_its.dir\debug\lanedataattributelist.obj
c:\users\karel hevessy\src\vanetza-build\shared\vanetza\asn1\asn1_its.dir\debug\lanedelimitation.obj
c:\users\karel hevessy\src\vanetza-build\shared\vanetza\asn1\asn1_its.dir\debug\lanedirection.obj
c:\users\karel hevessy\src\vanetza-build\shared\vanetza\asn1\asn1_its.dir\debug\laneid.obj
c:\users\karel hevessy\src\vanetza-build\shared\vanetza\asn1\asn1_its.dir\debug\laneids.obj
c:\users\karel hevessy\src\vanetza-build\shared\vanetza\asn1\asn1_its.dir\debug\laneinformation.obj
c:\users\karel hevessy\src\vanetza-build\shared\vanetza\asn1\asn1_its.dir\debug\lanelist.obj
c:\users\karel hevessy\src\vanetza-build\shared\vanetza\asn1\asn1_its.dir\debug\lanemarkingstatus.obj
c:\users\karel hevessy\src\vanetza-build\shared\vanetza\asn1\asn1_its.dir\debug\laneposition.obj
c:\users\karel hevessy\src\vanetza-build\shared\vanetza\asn1\asn1_its.dir\debug\lanepositions.obj
c:\users\karel hevessy\src\vanetza-build\shared\vanetza\asn1\asn1_its.dir\debug\lanesharing.obj
c:\users\karel hevessy\src\vanetza-build\shared\vanetza\asn1\asn1_its.dir\debug\lanestatus.obj
c:\users\karel hevessy\src\vanetza-build\shared\vanetza\asn1\asn1_its.dir\debug\lanetype.obj
c:\users\karel hevessy\src\vanetza-build\shared\vanetza\asn1\asn1_its.dir\debug\lanetypeattributes.obj
c:\users\karel hevessy\src\vanetza-build\shared\vanetza\asn1\asn1_its.dir\debug\lanewidth.obj
c:\users\karel hevessy\src\vanetza-build\shared\vanetza\asn1\asn1_its.dir\debug\lateralacceleration.obj
c:\users\karel hevessy\src\vanetza-build\shared\vanetza\asn1\asn1_its.dir\debug\lateralaccelerationvalue.obj
c:\users\karel hevessy\src\vanetza-build\shared\vanetza\asn1\asn1_its.dir\debug\latitude.obj
c:\users\karel hevessy\src\vanetza-build\shared\vanetza\asn1\asn1_its.dir\debug\layerid.obj
c:\users\karel hevessy\src\vanetza-build\shared\vanetza\asn1\asn1_its.dir\debug\layertype.obj
c:\users\karel hevessy\src\vanetza-build\shared\vanetza\asn1\asn1_its.dir\debug\layoutcomponent.obj
c:\users\karel hevessy\src\vanetza-build\shared\vanetza\asn1\asn1_its.dir\debug\layoutcomponents.obj
c:\users\karel hevessy\src\vanetza-build\shared\vanetza\asn1\asn1_its.dir\debug\layoutcontainer.obj
c:\users\karel hevessy\src\vanetza-build\shared\vanetza\asn1\asn1_its.dir\debug\licplatenumber.obj
c:\users\karel hevessy\src\vanetza-build\shared\vanetza\asn1\asn1_its.dir\debug\lightbarsireninuse.obj
c:\users\karel hevessy\src\vanetza-build\shared\vanetza\asn1\asn1_its.dir\debug\loadtype.obj
c:\users\karel hevessy\src\vanetza-build\shared\vanetza\asn1\asn1_its.dir\debug\locationcontainer.obj
c:\users\karel hevessy\src\vanetza-build\shared\vanetza\asn1\asn1_its.dir\debug\longitude.obj
c:\users\karel hevessy\src\vanetza-build\shared\vanetza\asn1\asn1_its.dir\debug\longitudinalacceleration.obj
c:\users\karel hevessy\src\vanetza-build\shared\vanetza\asn1\asn1_its.dir\debug\longitudinalaccelerationvalue.obj
c:\users\karel hevessy\src\vanetza-build\shared\vanetza\asn1\asn1_its.dir\debug\longitudinallaneposition.obj
c:\users\karel hevessy\src\vanetza-build\shared\vanetza\asn1\asn1_its.dir\debug\longitudinallanepositionconfidence.obj
c:\users\karel hevessy\src\vanetza-build\shared\vanetza\asn1\asn1_its.dir\debug\longitudinallanepositionvalue.obj
c:\users\karel hevessy\src\vanetza-build\shared\vanetza\asn1\asn1_its.dir\debug\lowfrequencycontainer.obj
c:\users\karel hevessy\src\vanetza-build\shared\vanetza\asn1\asn1_its.dir\debug\lpn.obj
c:\users\karel hevessy\src\vanetza-build\shared\vanetza\asn1\asn1_its.dir\debug\managementcontainer.obj
c:\users\karel hevessy\src\vanetza-build\shared\vanetza\asn1\asn1_its.dir\debug\maneuverassistlist.obj
c:\users\karel hevessy\src\vanetza-build\shared\vanetza\asn1\asn1_its.dir\debug\manufactureridentifier.obj
c:\users\karel hevessy\src\vanetza-build\shared\vanetza\asn1\asn1_its.dir\debug\mapdata-addgrpc.obj
c:\users\karel hevessy\src\vanetza-build\shared\vanetza\asn1\asn1_its.dir\debug\mapdata.obj
c:\users\karel hevessy\src\vanetza-build\shared\vanetza\asn1\asn1_its.dir\debug\mapem.obj
c:\users\karel hevessy\src\vanetza-build\shared\vanetza\asn1\asn1_its.dir\debug\maplocationcontainer.obj
c:\users\karel hevessy\src\vanetza-build\shared\vanetza\asn1\asn1_its.dir\debug\mapreference.obj
c:\users\karel hevessy\src\vanetza-build\shared\vanetza\asn1\asn1_its.dir\debug\markingcolour.obj
c:\users\karel hevessy\src\vanetza-build\shared\vanetza\asn1\asn1_its.dir\debug\matchedposition.obj
c:\users\karel hevessy\src\vanetza-build\shared\vanetza\asn1\asn1_its.dir\debug\materialtype.obj
c:\users\karel hevessy\src\vanetza-build\shared\vanetza\asn1\asn1_its.dir\debug\maxlenghtofplatoon.obj
c:\users\karel hevessy\src\vanetza-build\shared\vanetza\asn1\asn1_its.dir\debug\maxnoofvehicles.obj
c:\users\karel hevessy\src\vanetza-build\shared\vanetza\asn1\asn1_its.dir\debug\mergedivergenodeangle.obj
c:\users\karel hevessy\src\vanetza-build\shared\vanetza\asn1\asn1_its.dir\debug\minuteoftheyear.obj
c:\users\karel hevessy\src\vanetza-build\shared\vanetza\asn1\asn1_its.dir\debug\mlcpart.obj
c:\users\karel hevessy\src\vanetza-build\shared\vanetza\asn1\asn1_its.dir\debug\mlcparts.obj
c:\users\karel hevessy\src\vanetza-build\shared\vanetza\asn1\asn1_its.dir\debug\monthday.obj
c:\users\karel hevessy\src\vanetza-build\shared\vanetza\asn1\asn1_its.dir\debug\movementevent-addgrpc.obj
c:\users\karel hevessy\src\vanetza-build\shared\vanetza\asn1\asn1_its.dir\debug\movementevent.obj
c:\users\karel hevessy\src\vanetza-build\shared\vanetza\asn1\asn1_its.dir\debug\movementeventlist.obj
c:\users\karel hevessy\src\vanetza-build\shared\vanetza\asn1\asn1_its.dir\debug\movementlist.obj
c:\users\karel hevessy\src\vanetza-build\shared\vanetza\asn1\asn1_its.dir\debug\movementphasestate.obj
c:\users\karel hevessy\src\vanetza-build\shared\vanetza\asn1\asn1_its.dir\debug\movementstate.obj
c:\users\karel hevessy\src\vanetza-build\shared\vanetza\asn1\asn1_its.dir\debug\msgcount.obj
c:\users\karel hevessy\src\vanetza-build\shared\vanetza\asn1\asn1_its.dir\debug\node-llmd-64b.obj
c:\users\karel hevessy\src\vanetza-build\shared\vanetza\asn1\asn1_its.dir\debug\node-xy-20b.obj
c:\users\karel hevessy\src\vanetza-build\shared\vanetza\asn1\asn1_its.dir\debug\node-xy-22b.obj
c:\users\karel hevessy\src\vanetza-build\shared\vanetza\asn1\asn1_its.dir\debug\node-xy-24b.obj
c:\users\karel hevessy\src\vanetza-build\shared\vanetza\asn1\asn1_its.dir\debug\node-xy-26b.obj
c:\users\karel hevessy\src\vanetza-build\shared\vanetza\asn1\asn1_its.dir\debug\node-xy-28b.obj
c:\users\karel hevessy\src\vanetza-build\shared\vanetza\asn1\asn1_its.dir\debug\node-xy-32b.obj
c:\users\karel hevessy\src\vanetza-build\shared\vanetza\asn1\asn1_its.dir\debug\node.obj
c:\users\karel hevessy\src\vanetza-build\shared\vanetza\asn1\asn1_its.dir\debug\nodeattributeset-addgrpc.obj
c:\users\karel hevessy\src\vanetza-build\shared\vanetza\asn1\asn1_its.dir\debug\nodeattributesetxy.obj
c:\users\karel hevessy\src\vanetza-build\shared\vanetza\asn1\asn1_its.dir\debug\nodeattributexy.obj
c:\users\karel hevessy\src\vanetza-build\shared\vanetza\asn1\asn1_its.dir\debug\nodeattributexylist.obj
c:\users\karel hevessy\src\vanetza-build\shared\vanetza\asn1\asn1_its.dir\debug\nodelink.obj
c:\users\karel hevessy\src\vanetza-build\shared\vanetza\asn1\asn1_its.dir\debug\nodelistxy.obj
c:\users\karel hevessy\src\vanetza-build\shared\vanetza\asn1\asn1_its.dir\debug\nodeoffsetpointxy.obj
c:\users\karel hevessy\src\vanetza-build\shared\vanetza\asn1\asn1_its.dir\debug\nodeoffsetpointz.obj
c:\users\karel hevessy\src\vanetza-build\shared\vanetza\asn1\asn1_its.dir\debug\nodesetxy.obj
c:\users\karel hevessy\src\vanetza-build\shared\vanetza\asn1\asn1_its.dir\debug\nodexy.obj
c:\users\karel hevessy\src\vanetza-build\shared\vanetza\asn1\asn1_its.dir\debug\numberofoccupants.obj
c:\users\karel hevessy\src\vanetza-build\shared\vanetza\asn1\asn1_its.dir\debug\numberofperceivedobjects.obj
c:\users\karel hevessy\src\vanetza-build\shared\vanetza\asn1\asn1_its.dir\debug\objectage.obj
c:\users\karel hevessy\src\vanetza-build\shared\vanetza\asn1\asn1_its.dir\debug\objectclass.obj
c:\users\karel hevessy\src\vanetza-build\shared\vanetza\asn1\asn1_its.dir\debug\objectclassdescription.obj
c:\users\karel hevessy\src\vanetza-build\shared\vanetza\asn1\asn1_its.dir\debug\objectconfidence.obj
c:\users\karel hevessy\src\vanetza-build\shared\vanetza\asn1\asn1_its.dir\debug\objectdimension.obj
c:\users\karel hevessy\src\vanetza-build\shared\vanetza\asn1\asn1_its.dir\debug\objectdimensionconfidence.obj
c:\users\karel hevessy\src\vanetza-build\shared\vanetza\asn1\asn1_its.dir\debug\objectdimensionvalue.obj
c:\users\karel hevessy\src\vanetza-build\shared\vanetza\asn1\asn1_its.dir\debug\objectdistancewithconfidence.obj
c:\users\karel hevessy\src\vanetza-build\shared\vanetza\asn1\asn1_its.dir\debug\objectrefpoint.obj
c:\users\karel hevessy\src\vanetza-build\shared\vanetza\asn1\asn1_its.dir\debug\offset-b09.obj
c:\users\karel hevessy\src\vanetza-build\shared\vanetza\asn1\asn1_its.dir\debug\offset-b10.obj
c:\users\karel hevessy\src\vanetza-build\shared\vanetza\asn1\asn1_its.dir\debug\offset-b11.obj
c:\users\karel hevessy\src\vanetza-build\shared\vanetza\asn1\asn1_its.dir\debug\offset-b12.obj
c:\users\karel hevessy\src\vanetza-build\shared\vanetza\asn1\asn1_its.dir\debug\offset-b13.obj
c:\users\karel hevessy\src\vanetza-build\shared\vanetza\asn1\asn1_its.dir\debug\offset-b14.obj
c:\users\karel hevessy\src\vanetza-build\shared\vanetza\asn1\asn1_its.dir\debug\offset-b16.obj
c:\users\karel hevessy\src\vanetza-build\shared\vanetza\asn1\asn1_its.dir\debug\offsetpoint.obj
c:\users\karel hevessy\src\vanetza-build\shared\vanetza\asn1\asn1_its.dir\debug\openingdayshours.obj
c:\users\karel hevessy\src\vanetza-build\shared\vanetza\asn1\asn1_its.dir\debug\originatingrsucontainer.obj
c:\users\karel hevessy\src\vanetza-build\shared\vanetza\asn1\asn1_its.dir\debug\originatingvehiclecontainer.obj
c:\users\karel hevessy\src\vanetza-build\shared\vanetza\asn1\asn1_its.dir\debug\othersubclass.obj
c:\users\karel hevessy\src\vanetza-build\shared\vanetza\asn1\asn1_its.dir\debug\othersublasstype.obj
c:\users\karel hevessy\src\vanetza-build\shared\vanetza\asn1\asn1_its.dir\debug\overlaylanelist.obj
c:\users\karel hevessy\src\vanetza-build\shared\vanetza\asn1\asn1_its.dir\debug\passengercapacity.obj
c:\users\karel hevessy\src\vanetza-build\shared\vanetza\asn1\asn1_its.dir\debug\pathdeltatime.obj
c:\users\karel hevessy\src\vanetza-build\shared\vanetza\asn1\asn1_its.dir\debug\pathhistory.obj
c:\users\karel hevessy\src\vanetza-build\shared\vanetza\asn1\asn1_its.dir\debug\pathpoint.obj
c:\users\karel hevessy\src\vanetza-build\shared\vanetza\asn1\asn1_its.dir\debug\paymentfee.obj
c:\users\karel hevessy\src\vanetza-build\shared\vanetza\asn1\asn1_its.dir\debug\paymentmeans.obj
c:\users\karel hevessy\src\vanetza-build\shared\vanetza\asn1\asn1_its.dir\debug\paymentmeansbalance.obj
c:\users\karel hevessy\src\vanetza-build\shared\vanetza\asn1\asn1_its.dir\debug\paymentmeansunit.obj
c:\users\karel hevessy\src\vanetza-build\shared\vanetza\asn1\asn1_its.dir\debug\paymentsecuritydata.obj
c:\users\karel hevessy\src\vanetza-build\shared\vanetza\asn1\asn1_its.dir\debug\payunit.obj
c:\users\karel hevessy\src\vanetza-build\shared\vanetza\asn1\asn1_its.dir\debug\pedestrianbicycledetect.obj
c:\users\karel hevessy\src\vanetza-build\shared\vanetza\asn1\asn1_its.dir\debug\perceivedobject.obj
c:\users\karel hevessy\src\vanetza-build\shared\vanetza\asn1\asn1_its.dir\debug\perceivedobjectcontainer.obj
c:\users\karel hevessy\src\vanetza-build\shared\vanetza\asn1\asn1_its.dir\debug\perceivedobjectcontainersegmentinfo.obj
c:\users\karel hevessy\src\vanetza-build\shared\vanetza\asn1\asn1_its.dir\debug\performanceclass.obj
c:\users\karel hevessy\src\vanetza-build\shared\vanetza\asn1\asn1_its.dir\debug\personalaccountnumber.obj
c:\users\karel hevessy\src\vanetza-build\shared\vanetza\asn1\asn1_its.dir\debug\personsubclass.obj
c:\users\karel hevessy\src\vanetza-build\shared\vanetza\asn1\asn1_its.dir\debug\personsubclasstype.obj
c:\users\karel hevessy\src\vanetza-build\shared\vanetza\asn1\asn1_its.dir\debug\phonenumber.obj
c:\users\karel hevessy\src\vanetza-build\shared\vanetza\asn1\asn1_its.dir\debug\platooningrule.obj
c:\users\karel hevessy\src\vanetza-build\shared\vanetza\asn1\asn1_its.dir\debug\platooningrules.obj
c:\users\karel hevessy\src\vanetza-build\shared\vanetza\asn1\asn1_its.dir\debug\polygonalline.obj
c:\users\karel hevessy\src\vanetza-build\shared\vanetza\asn1\asn1_its.dir\debug\polypointlist.obj
c:\users\karel hevessy\src\vanetza-build\shared\vanetza\asn1\asn1_its.dir\debug\poscentmass.obj
c:\users\karel hevessy\src\vanetza-build\shared\vanetza\asn1\asn1_its.dir\debug\posconfidenceellipse.obj
c:\users\karel hevessy\src\vanetza-build\shared\vanetza\asn1\asn1_its.dir\debug\posfrontax.obj
c:\users\karel hevessy\src\vanetza-build\shared\vanetza\asn1\asn1_its.dir\debug\position3d-addgrpc.obj
c:\users\karel hevessy\src\vanetza-build\shared\vanetza\asn1\asn1_its.dir\debug\position3d.obj
c:\users\karel hevessy\src\vanetza-build\shared\vanetza\asn1\asn1_its.dir\debug\positionalaccuracy.obj
c:\users\karel hevessy\src\vanetza-build\shared\vanetza\asn1\asn1_its.dir\debug\positionconfidence.obj
c:\users\karel hevessy\src\vanetza-build\shared\vanetza\asn1\asn1_its.dir\debug\positionconfidenceset.obj
c:\users\karel hevessy\src\vanetza-build\shared\vanetza\asn1\asn1_its.dir\debug\positioningsolutiontype.obj
c:\users\karel hevessy\src\vanetza-build\shared\vanetza\asn1\asn1_its.dir\debug\positionofoccupants.obj
c:\users\karel hevessy\src\vanetza-build\shared\vanetza\asn1\asn1_its.dir\debug\positionofpillars.obj
c:\users\karel hevessy\src\vanetza-build\shared\vanetza\asn1\asn1_its.dir\debug\posloncarr.obj
c:\users\karel hevessy\src\vanetza-build\shared\vanetza\asn1\asn1_its.dir\debug\pospillar.obj
c:\users\karel hevessy\src\vanetza-build\shared\vanetza\asn1\asn1_its.dir\debug\postcrashsubcausecode.obj
c:\users\karel hevessy\src\vanetza-build\shared\vanetza\asn1\asn1_its.dir\debug\preemptprioritylist.obj
c:\users\karel hevessy\src\vanetza-build\shared\vanetza\asn1\asn1_its.dir\debug\prioritizationresponse.obj
c:\users\karel hevessy\src\vanetza-build\shared\vanetza\asn1\asn1_its.dir\debug\prioritizationresponselist.obj
c:\users\karel hevessy\src\vanetza-build\shared\vanetza\asn1\asn1_its.dir\debug\prioritizationresponsestatus.obj
c:\users\karel hevessy\src\vanetza-build\shared\vanetza\asn1\asn1_its.dir\debug\prioritylevel.obj
c:\users\karel hevessy\src\vanetza-build\shared\vanetza\asn1\asn1_its.dir\debug\priorityrequesttype.obj
c:\users\karel hevessy\src\vanetza-build\shared\vanetza\asn1\asn1_its.dir\debug\protectedcommunicationzone.obj
c:\users\karel hevessy\src\vanetza-build\shared\vanetza\asn1\asn1_its.dir\debug\protectedcommunicationzonesrsu.obj
c:\users\karel hevessy\src\vanetza-build\shared\vanetza\asn1\asn1_its.dir\debug\protectedzoneid.obj
c:\users\karel hevessy\src\vanetza-build\shared\vanetza\asn1\asn1_its.dir\debug\protectedzoneradius.obj
c:\users\karel hevessy\src\vanetza-build\shared\vanetza\asn1\asn1_its.dir\debug\protectedzonetype.obj
c:\users\karel hevessy\src\vanetza-build\shared\vanetza\asn1\asn1_its.dir\debug\provider.obj
c:\users\karel hevessy\src\vanetza-build\shared\vanetza\asn1\asn1_its.dir\debug\ptactivation.obj
c:\users\karel hevessy\src\vanetza-build\shared\vanetza\asn1\asn1_its.dir\debug\ptactivationdata.obj
c:\users\karel hevessy\src\vanetza-build\shared\vanetza\asn1\asn1_its.dir\debug\ptactivationtype.obj
c:\users\karel hevessy\src\vanetza-build\shared\vanetza\asn1\asn1_its.dir\debug\ptvrequesttype.obj
c:\users\karel hevessy\src\vanetza-build\shared\vanetza\asn1\asn1_its.dir\debug\publictransportcontainer.obj
c:\users\karel hevessy\src\vanetza-build\shared\vanetza\asn1\asn1_its.dir\debug\pursebalance.obj
c:\users\karel hevessy\src\vanetza-build\shared\vanetza\asn1\asn1_its.dir\debug\radius.obj
c:\users\karel hevessy\src\vanetza-build\shared\vanetza\asn1\asn1_its.dir\debug\range.obj
c:\users\karel hevessy\src\vanetza-build\shared\vanetza\asn1\asn1_its.dir\debug\rccpart.obj
c:\users\karel hevessy\src\vanetza-build\shared\vanetza\asn1\asn1_its.dir\debug\rearoverhang.obj
c:\users\karel hevessy\src\vanetza-build\shared\vanetza\asn1\asn1_its.dir\debug\receiptauthenticator.obj
c:\users\karel hevessy\src\vanetza-build\shared\vanetza\asn1\asn1_its.dir\debug\receiptcontract.obj
c:\users\karel hevessy\src\vanetza-build\shared\vanetza\asn1\asn1_its.dir\debug\receiptdata.obj
c:\users\karel hevessy\src\vanetza-build\shared\vanetza\asn1\asn1_its.dir\debug\receiptdata1.obj
c:\users\karel hevessy\src\vanetza-build\shared\vanetza\asn1\asn1_its.dir\debug\receiptdata2.obj
c:\users\karel hevessy\src\vanetza-build\shared\vanetza\asn1\asn1_its.dir\debug\receiptdistance.obj
c:\users\karel hevessy\src\vanetza-build\shared\vanetza\asn1\asn1_its.dir\debug\receiptfinancialpart.obj
c:\users\karel hevessy\src\vanetza-build\shared\vanetza\asn1\asn1_its.dir\debug\receipticc-id.obj
c:\users\karel hevessy\src\vanetza-build\shared\vanetza\asn1\asn1_its.dir\debug\receiptobuid.obj
c:\users\karel hevessy\src\vanetza-build\shared\vanetza\asn1\asn1_its.dir\debug\receiptservicepart.obj
c:\users\karel hevessy\src\vanetza-build\shared\vanetza\asn1\asn1_its.dir\debug\receiptserviceserialnumber.obj
c:\users\karel hevessy\src\vanetza-build\shared\vanetza\asn1\asn1_its.dir\debug\receipttext.obj
c:\users\karel hevessy\src\vanetza-build\shared\vanetza\asn1\asn1_its.dir\debug\referencedenms.obj
c:\users\karel hevessy\src\vanetza-build\shared\vanetza\asn1\asn1_its.dir\debug\referenceposition.obj
c:\users\karel hevessy\src\vanetza-build\shared\vanetza\asn1\asn1_its.dir\debug\refpointid.obj
c:\users\karel hevessy\src\vanetza-build\shared\vanetza\asn1\asn1_its.dir\debug\regionalextension.obj
c:\users\karel hevessy\src\vanetza-build\shared\vanetza\asn1\asn1_its.dir\debug\regionid.obj
c:\users\karel hevessy\src\vanetza-build\shared\vanetza\asn1\asn1_its.dir\debug\regulatoryspeedlimit.obj
c:\users\karel hevessy\src\vanetza-build\shared\vanetza\asn1\asn1_its.dir\debug\rejectedreason.obj
c:\users\karel hevessy\src\vanetza-build\shared\vanetza\asn1\asn1_its.dir\debug\relevancedistance.obj
c:\users\karel hevessy\src\vanetza-build\shared\vanetza\asn1\asn1_its.dir\debug\relevancetrafficdirection.obj
c:\users\karel hevessy\src\vanetza-build\shared\vanetza\asn1\asn1_its.dir\debug\repeatingperioddaytypes.obj
c:\users\karel hevessy\src\vanetza-build\shared\vanetza\asn1\asn1_its.dir\debug\requestid.obj
c:\users\karel hevessy\src\vanetza-build\shared\vanetza\asn1\asn1_its.dir\debug\requestimportancelevel.obj
c:\users\karel hevessy\src\vanetza-build\shared\vanetza\asn1\asn1_its.dir\debug\requestordescription-addgrpc.obj
c:\users\karel hevessy\src\vanetza-build\shared\vanetza\asn1\asn1_its.dir\debug\requestordescription.obj
c:\users\karel hevessy\src\vanetza-build\shared\vanetza\asn1\asn1_its.dir\debug\requestorpositionvector.obj
c:\users\karel hevessy\src\vanetza-build\shared\vanetza\asn1\asn1_its.dir\debug\requestortype.obj
c:\users\karel hevessy\src\vanetza-build\shared\vanetza\asn1\asn1_its.dir\debug\requestresponseindication.obj
c:\users\karel hevessy\src\vanetza-build\shared\vanetza\asn1\asn1_its.dir\debug\requestsubrole.obj
c:\users\karel hevessy\src\vanetza-build\shared\vanetza\asn1\asn1_its.dir\debug\rescueandrecoveryworkinprogresssubcausecode.obj
c:\users\karel hevessy\src\vanetza-build\shared\vanetza\asn1\asn1_its.dir\debug\rescuecontainer.obj
c:\users\karel hevessy\src\vanetza-build\shared\vanetza\asn1\asn1_its.dir\debug\restrictedtypes.obj
c:\users\karel hevessy\src\vanetza-build\shared\vanetza\asn1\asn1_its.dir\debug\restrictionappliesto.obj
c:\users\karel hevessy\src\vanetza-build\shared\vanetza\asn1\asn1_its.dir\debug\restrictionclassassignment.obj
c:\users\karel hevessy\src\vanetza-build\shared\vanetza\asn1\asn1_its.dir\debug\restrictionclassid.obj
c:\users\karel hevessy\src\vanetza-build\shared\vanetza\asn1\asn1_its.dir\debug\restrictionclasslist.obj
c:\users\karel hevessy\src\vanetza-build\shared\vanetza\asn1\asn1_its.dir\debug\restrictionusertype-addgrpc.obj
c:\users\karel hevessy\src\vanetza-build\shared\vanetza\asn1\asn1_its.dir\debug\restrictionusertype.obj
c:\users\karel hevessy\src\vanetza-build\shared\vanetza\asn1\asn1_its.dir\debug\restrictionusertypelist.obj
c:\users\karel hevessy\src\vanetza-build\shared\vanetza\asn1\asn1_its.dir\debug\resultfin.obj
c:\users\karel hevessy\src\vanetza-build\shared\vanetza\asn1\asn1_its.dir\debug\resultop.obj
c:\users\karel hevessy\src\vanetza-build\shared\vanetza\asn1\asn1_its.dir\debug\roadconfigurationcontainer.obj
c:\users\karel hevessy\src\vanetza-build\shared\vanetza\asn1\asn1_its.dir\debug\roadlanesetlist.obj
c:\users\karel hevessy\src\vanetza-build\shared\vanetza\asn1\asn1_its.dir\debug\roadregulatorid.obj
c:\users\karel hevessy\src\vanetza-build\shared\vanetza\asn1\asn1_its.dir\debug\roadsegment.obj
c:\users\karel hevessy\src\vanetza-build\shared\vanetza\asn1\asn1_its.dir\debug\roadsegmentid.obj
c:\users\karel hevessy\src\vanetza-build\shared\vanetza\asn1\asn1_its.dir\debug\roadsegmentlist.obj
c:\users\karel hevessy\src\vanetza-build\shared\vanetza\asn1\asn1_its.dir\debug\roadsegmentreferenceid.obj
c:\users\karel hevessy\src\vanetza-build\shared\vanetza\asn1\asn1_its.dir\debug\roadsigncodes.obj
c:\users\karel hevessy\src\vanetza-build\shared\vanetza\asn1\asn1_its.dir\debug\roadsurfacecontainer.obj
c:\users\karel hevessy\src\vanetza-build\shared\vanetza\asn1\asn1_its.dir\debug\roadsurfacedynamiccharacteristics.obj
c:\users\karel hevessy\src\vanetza-build\shared\vanetza\asn1\asn1_its.dir\debug\roadsurfacestaticcharacteristics.obj
c:\users\karel hevessy\src\vanetza-build\shared\vanetza\asn1\asn1_its.dir\debug\roadtype.obj
c:\users\karel hevessy\src\vanetza-build\shared\vanetza\asn1\asn1_its.dir\debug\roadwaycrownangle.obj
c:\users\karel hevessy\src\vanetza-build\shared\vanetza\asn1\asn1_its.dir\debug\roadworkscontainerbasic.obj
c:\users\karel hevessy\src\vanetza-build\shared\vanetza\asn1\asn1_its.dir\debug\roadworkscontainerextended.obj
c:\users\karel hevessy\src\vanetza-build\shared\vanetza\asn1\asn1_its.dir\debug\roadworkssubcausecode.obj
c:\users\karel hevessy\src\vanetza-build\shared\vanetza\asn1\asn1_its.dir\debug\rscode.obj
c:\users\karel hevessy\src\vanetza-build\shared\vanetza\asn1\asn1_its.dir\debug\rscpart.obj
c:\users\karel hevessy\src\vanetza-build\shared\vanetza\asn1\asn1_its.dir\debug\rscunit.obj
c:\users\karel hevessy\src\vanetza-build\shared\vanetza\asn1\asn1_its.dir\debug\rsucontainerhighfrequency.obj
c:\users\karel hevessy\src\vanetza-build\shared\vanetza\asn1\asn1_its.dir\debug\rtcm-revision.obj
c:\users\karel hevessy\src\vanetza-build\shared\vanetza\asn1\asn1_its.dir\debug\rtcmcorrections.obj
c:\users\karel hevessy\src\vanetza-build\shared\vanetza\asn1\asn1_its.dir\debug\rtcmem.obj
c:\users\karel hevessy\src\vanetza-build\shared\vanetza\asn1\asn1_its.dir\debug\rtcmheader.obj
c:\users\karel hevessy\src\vanetza-build\shared\vanetza\asn1\asn1_its.dir\debug\rtcmmessage.obj
c:\users\karel hevessy\src\vanetza-build\shared\vanetza\asn1\asn1_its.dir\debug\rtcmmessagelist.obj
c:\users\karel hevessy\src\vanetza-build\shared\vanetza\asn1\asn1_its.dir\debug\saeautomationlevel.obj
c:\users\karel hevessy\src\vanetza-build\shared\vanetza\asn1\asn1_its.dir\debug\saeautomationlevels.obj
c:\users\karel hevessy\src\vanetza-build\shared\vanetza\asn1\asn1_its.dir\debug\safetycarcontainer.obj
c:\users\karel hevessy\src\vanetza-build\shared\vanetza\asn1\asn1_its.dir\debug\scale-b12.obj
c:\users\karel hevessy\src\vanetza-build\shared\vanetza\asn1\asn1_its.dir\debug\segment.obj
c:\users\karel hevessy\src\vanetza-build\shared\vanetza\asn1\asn1_its.dir\debug\segmentattributexy.obj
c:\users\karel hevessy\src\vanetza-build\shared\vanetza\asn1\asn1_its.dir\debug\segmentattributexylist.obj
c:\users\karel hevessy\src\vanetza-build\shared\vanetza\asn1\asn1_its.dir\debug\segmentcount.obj
c:\users\karel hevessy\src\vanetza-build\shared\vanetza\asn1\asn1_its.dir\debug\semiaxislength.obj
c:\users\karel hevessy\src\vanetza-build\shared\vanetza\asn1\asn1_its.dir\debug\semimajoraxisaccuracy.obj
c:\users\karel hevessy\src\vanetza-build\shared\vanetza\asn1\asn1_its.dir\debug\semimajoraxisorientation.obj
c:\users\karel hevessy\src\vanetza-build\shared\vanetza\asn1\asn1_its.dir\debug\semiminoraxisaccuracy.obj
c:\users\karel hevessy\src\vanetza-build\shared\vanetza\asn1\asn1_its.dir\debug\semirangelength.obj
c:\users\karel hevessy\src\vanetza-build\shared\vanetza\asn1\asn1_its.dir\debug\sensorheight.obj
c:\users\karel hevessy\src\vanetza-build\shared\vanetza\asn1\asn1_its.dir\debug\sensoridlist.obj
c:\users\karel hevessy\src\vanetza-build\shared\vanetza\asn1\asn1_its.dir\debug\sensorinformation.obj
c:\users\karel hevessy\src\vanetza-build\shared\vanetza\asn1\asn1_its.dir\debug\sensorinformationcontainer.obj
c:\users\karel hevessy\src\vanetza-build\shared\vanetza\asn1\asn1_its.dir\debug\sensortype.obj
c:\users\karel hevessy\src\vanetza-build\shared\vanetza\asn1\asn1_its.dir\debug\sequencenumber.obj
c:\users\karel hevessy\src\vanetza-build\shared\vanetza\asn1\asn1_its.dir\debug\serviceapplicationlimit.obj
c:\users\karel hevessy\src\vanetza-build\shared\vanetza\asn1\asn1_its.dir\debug\servicenumber.obj
c:\users\karel hevessy\src\vanetza-build\shared\vanetza\asn1\asn1_its.dir\debug\sessionclass.obj
c:\users\karel hevessy\src\vanetza-build\shared\vanetza\asn1\asn1_its.dir\debug\sessionlocation.obj
c:\users\karel hevessy\src\vanetza-build\shared\vanetza\asn1\asn1_its.dir\debug\setinstancerq.obj
c:\users\karel hevessy\src\vanetza-build\shared\vanetza\asn1\asn1_its.dir\debug\setmmirq.obj
c:\users\karel hevessy\src\vanetza-build\shared\vanetza\asn1\asn1_its.dir\debug\setstampedrq.obj
c:\users\karel hevessy\src\vanetza-build\shared\vanetza\asn1\asn1_its.dir\debug\shadowingapplies.obj
c:\users\karel hevessy\src\vanetza-build\shared\vanetza\asn1\asn1_its.dir\debug\signalcontrolzone.obj
c:\users\karel hevessy\src\vanetza-build\shared\vanetza\asn1\asn1_its.dir\debug\signalgroupid.obj
c:\users\karel hevessy\src\vanetza-build\shared\vanetza\asn1\asn1_its.dir\debug\signalheadlocation.obj
c:\users\karel hevessy\src\vanetza-build\shared\vanetza\asn1\asn1_its.dir\debug\signalheadlocationlist.obj
c:\users\karel hevessy\src\vanetza-build\shared\vanetza\asn1\asn1_its.dir\debug\signalrequest.obj
c:\users\karel hevessy\src\vanetza-build\shared\vanetza\asn1\asn1_its.dir\debug\signalrequesterinfo.obj
c:\users\karel hevessy\src\vanetza-build\shared\vanetza\asn1\asn1_its.dir\debug\signalrequestlist.obj
c:\users\karel hevessy\src\vanetza-build\shared\vanetza\asn1\asn1_its.dir\debug\signalrequestmessage.obj
c:\users\karel hevessy\src\vanetza-build\shared\vanetza\asn1\asn1_its.dir\debug\signalrequestpackage.obj
c:\users\karel hevessy\src\vanetza-build\shared\vanetza\asn1\asn1_its.dir\debug\signalstatus.obj
c:\users\karel hevessy\src\vanetza-build\shared\vanetza\asn1\asn1_its.dir\debug\signalstatuslist.obj
c:\users\karel hevessy\src\vanetza-build\shared\vanetza\asn1\asn1_its.dir\debug\signalstatusmessage.obj
c:\users\karel hevessy\src\vanetza-build\shared\vanetza\asn1\asn1_its.dir\debug\signalstatuspackage-addgrpc.obj
c:\users\karel hevessy\src\vanetza-build\shared\vanetza\asn1\asn1_its.dir\debug\signalstatuspackage.obj
c:\users\karel hevessy\src\vanetza-build\shared\vanetza\asn1\asn1_its.dir\debug\signalstatuspackagelist.obj
c:\users\karel hevessy\src\vanetza-build\shared\vanetza\asn1\asn1_its.dir\debug\signalviolationsubcausecode.obj
c:\users\karel hevessy\src\vanetza-build\shared\vanetza\asn1\asn1_its.dir\debug\signedvalue.obj
c:\users\karel hevessy\src\vanetza-build\shared\vanetza\asn1\asn1_its.dir\debug\situationcontainer.obj
c:\users\karel hevessy\src\vanetza-build\shared\vanetza\asn1\asn1_its.dir\debug\slowvehiclesubcausecode.obj
c:\users\karel hevessy\src\vanetza-build\shared\vanetza\asn1\asn1_its.dir\debug\soundlevel.obj
c:\users\karel hevessy\src\vanetza-build\shared\vanetza\asn1\asn1_its.dir\debug\spat.obj
c:\users\karel hevessy\src\vanetza-build\shared\vanetza\asn1\asn1_its.dir\debug\spatem.obj
c:\users\karel hevessy\src\vanetza-build\shared\vanetza\asn1\asn1_its.dir\debug\specialtransportcontainer.obj
c:\users\karel hevessy\src\vanetza-build\shared\vanetza\asn1\asn1_its.dir\debug\specialtransporttype.obj
c:\users\karel hevessy\src\vanetza-build\shared\vanetza\asn1\asn1_its.dir\debug\specialvehiclecontainer.obj
c:\users\karel hevessy\src\vanetza-build\shared\vanetza\asn1\asn1_its.dir\debug\speed.obj
c:\users\karel hevessy\src\vanetza-build\shared\vanetza\asn1\asn1_its.dir\debug\speedadvice.obj
c:\users\karel hevessy\src\vanetza-build\shared\vanetza\asn1\asn1_its.dir\debug\speedandheadingisoandthrottleconfidence.obj
c:\users\karel hevessy\src\vanetza-build\shared\vanetza\asn1\asn1_its.dir\debug\speedconfidence.obj
c:\users\karel hevessy\src\vanetza-build\shared\vanetza\asn1\asn1_its.dir\debug\speedconfidenceiso.obj
c:\users\karel hevessy\src\vanetza-build\shared\vanetza\asn1\asn1_its.dir\debug\speedextended.obj
c:\users\karel hevessy\src\vanetza-build\shared\vanetza\asn1\asn1_its.dir\debug\speedlimit.obj
c:\users\karel hevessy\src\vanetza-build\shared\vanetza\asn1\asn1_its.dir\debug\speedlimitlist.obj
c:\users\karel hevessy\src\vanetza-build\shared\vanetza\asn1\asn1_its.dir\debug\speedlimittype.obj
c:\users\karel hevessy\src\vanetza-build\shared\vanetza\asn1\asn1_its.dir\debug\speedvalue.obj
c:\users\karel hevessy\src\vanetza-build\shared\vanetza\asn1\asn1_its.dir\debug\speedvalueextended.obj
c:\users\karel hevessy\src\vanetza-build\shared\vanetza\asn1\asn1_its.dir\debug\srem.obj
c:\users\karel hevessy\src\vanetza-build\shared\vanetza\asn1\asn1_its.dir\debug\ssem.obj
c:\users\karel hevessy\src\vanetza-build\shared\vanetza\asn1\asn1_its.dir\debug\starttime.obj
c:\users\karel hevessy\src\vanetza-build\shared\vanetza\asn1\asn1_its.dir\debug\stationarysince.obj
c:\users\karel hevessy\src\vanetza-build\shared\vanetza\asn1\asn1_its.dir\debug\stationaryvehiclecontainer.obj
c:\users\karel hevessy\src\vanetza-build\shared\vanetza\asn1\asn1_its.dir\debug\stationaryvehiclesubcausecode.obj
c:\users\karel hevessy\src\vanetza-build\shared\vanetza\asn1\asn1_its.dir\debug\stationdatacontainer.obj
c:\users\karel hevessy\src\vanetza-build\shared\vanetza\asn1\asn1_its.dir\debug\stationid.obj
c:\users\karel hevessy\src\vanetza-build\shared\vanetza\asn1\asn1_its.dir\debug\stationtype.obj
c:\users\karel hevessy\src\vanetza-build\shared\vanetza\asn1\asn1_its.dir\debug\stationtypeiso.obj
c:\users\karel hevessy\src\vanetza-build\shared\vanetza\asn1\asn1_its.dir\debug\steeringwheelangle.obj
c:\users\karel hevessy\src\vanetza-build\shared\vanetza\asn1\asn1_its.dir\debug\steeringwheelangleconfidence.obj
c:\users\karel hevessy\src\vanetza-build\shared\vanetza\asn1\asn1_its.dir\debug\steeringwheelanglevalue.obj
c:\users\karel hevessy\src\vanetza-build\shared\vanetza\asn1\asn1_its.dir\debug\stoptime.obj
c:\users\karel hevessy\src\vanetza-build\shared\vanetza\asn1\asn1_its.dir\debug\subcausecodetype.obj
c:\users\karel hevessy\src\vanetza-build\shared\vanetza\asn1\asn1_its.dir\debug\subrq.obj
c:\users\karel hevessy\src\vanetza-build\shared\vanetza\asn1\asn1_its.dir\debug\taxcode.obj
c:\users\karel hevessy\src\vanetza-build\shared\vanetza\asn1\asn1_its.dir\debug\tcpart.obj
c:\users\karel hevessy\src\vanetza-build\shared\vanetza\asn1\asn1_its.dir\debug\temporaryid.obj
c:\users\karel hevessy\src\vanetza-build\shared\vanetza\asn1\asn1_its.dir\debug\termination.obj
c:\users\karel hevessy\src\vanetza-build\shared\vanetza\asn1\asn1_its.dir\debug\text.obj
c:\users\karel hevessy\src\vanetza-build\shared\vanetza\asn1\asn1_its.dir\debug\textcontainer.obj
c:\users\karel hevessy\src\vanetza-build\shared\vanetza\asn1\asn1_its.dir\debug\textlines.obj
c:\users\karel hevessy\src\vanetza-build\shared\vanetza\asn1\asn1_its.dir\debug\throttleconfidence.obj
c:\users\karel hevessy\src\vanetza-build\shared\vanetza\asn1\asn1_its.dir\debug\timechangedetails.obj
c:\users\karel hevessy\src\vanetza-build\shared\vanetza\asn1\asn1_its.dir\debug\timeconfidence.obj
c:\users\karel hevessy\src\vanetza-build\shared\vanetza\asn1\asn1_its.dir\debug\timeintervalconfidence.obj
c:\users\karel hevessy\src\vanetza-build\shared\vanetza\asn1\asn1_its.dir\debug\timemark.obj
c:\users\karel hevessy\src\vanetza-build\shared\vanetza\asn1\asn1_its.dir\debug\timeofmeasurement.obj
c:\users\karel hevessy\src\vanetza-build\shared\vanetza\asn1\asn1_its.dir\debug\timereference.obj
c:\users\karel hevessy\src\vanetza-build\shared\vanetza\asn1\asn1_its.dir\debug\timestampits.obj
c:\users\karel hevessy\src\vanetza-build\shared\vanetza\asn1\asn1_its.dir\debug\traces.obj
c:\users\karel hevessy\src\vanetza-build\shared\vanetza\asn1\asn1_its.dir\debug\tractoraxles.obj
c:\users\karel hevessy\src\vanetza-build\shared\vanetza\asn1\asn1_its.dir\debug\tractorcharacteristics.obj
c:\users\karel hevessy\src\vanetza-build\shared\vanetza\asn1\asn1_its.dir\debug\trafficconditionsubcausecode.obj
c:\users\karel hevessy\src\vanetza-build\shared\vanetza\asn1\asn1_its.dir\debug\trafficrule.obj
c:\users\karel hevessy\src\vanetza-build\shared\vanetza\asn1\asn1_its.dir\debug\traileraxles.obj
c:\users\karel hevessy\src\vanetza-build\shared\vanetza\asn1\asn1_its.dir\debug\trailercharacteristicsfixvalueslist.obj
c:\users\karel hevessy\src\vanetza-build\shared\vanetza\asn1\asn1_its.dir\debug\trailercharacteristicslist.obj
c:\users\karel hevessy\src\vanetza-build\shared\vanetza\asn1\asn1_its.dir\debug\trailercharacteristicsrangeslist.obj
c:\users\karel hevessy\src\vanetza-build\shared\vanetza\asn1\asn1_its.dir\debug\trailerdata.obj
c:\users\karel hevessy\src\vanetza-build\shared\vanetza\asn1\asn1_its.dir\debug\trailerdatacontainer.obj
c:\users\karel hevessy\src\vanetza-build\shared\vanetza\asn1\asn1_its.dir\debug\trailerdetails.obj
c:\users\karel hevessy\src\vanetza-build\shared\vanetza\asn1\asn1_its.dir\debug\trailerlicenceplatenumber.obj
c:\users\karel hevessy\src\vanetza-build\shared\vanetza\asn1\asn1_its.dir\debug\traincharacteristics.obj
c:\users\karel hevessy\src\vanetza-build\shared\vanetza\asn1\asn1_its.dir\debug\transitvehicleoccupancy.obj
c:\users\karel hevessy\src\vanetza-build\shared\vanetza\asn1\asn1_its.dir\debug\transitvehiclestatus.obj
c:\users\karel hevessy\src\vanetza-build\shared\vanetza\asn1\asn1_its.dir\debug\transmissionandspeed.obj
c:\users\karel hevessy\src\vanetza-build\shared\vanetza\asn1\asn1_its.dir\debug\transmissioninterval.obj
c:\users\karel hevessy\src\vanetza-build\shared\vanetza\asn1\asn1_its.dir\debug\transmissionstate.obj
c:\users\karel hevessy\src\vanetza-build\shared\vanetza\asn1\asn1_its.dir\debug\treatmenttype.obj
c:\users\karel hevessy\src\vanetza-build\shared\vanetza\asn1\asn1_its.dir\debug\turningradius.obj
c:\users\karel hevessy\src\vanetza-build\shared\vanetza\asn1\asn1_its.dir\debug\unittype.obj
c:\users\karel hevessy\src\vanetza-build\shared\vanetza\asn1\asn1_its.dir\debug\validityduration.obj
c:\users\karel hevessy\src\vanetza-build\shared\vanetza\asn1\asn1_its.dir\debug\validityofcontract.obj
c:\users\karel hevessy\src\vanetza-build\shared\vanetza\asn1\asn1_its.dir\debug\validityperiods.obj
c:\users\karel hevessy\src\vanetza-build\shared\vanetza\asn1\asn1_its.dir\debug\vanetzatest.obj
c:\users\karel hevessy\src\vanetza-build\shared\vanetza\asn1\asn1_its.dir\debug\varlengthnumber.obj
c:\users\karel hevessy\src\vanetza-build\shared\vanetza\asn1\asn1_its.dir\debug\vcclass.obj
c:\users\karel hevessy\src\vanetza-build\shared\vanetza\asn1\asn1_its.dir\debug\vccode.obj
c:\users\karel hevessy\src\vanetza-build\shared\vanetza\asn1\asn1_its.dir\debug\vcoption.obj
c:\users\karel hevessy\src\vanetza-build\shared\vanetza\asn1\asn1_its.dir\debug\vds.obj
c:\users\karel hevessy\src\vanetza-build\shared\vanetza\asn1\asn1_its.dir\debug\vehicleauthenticator.obj
c:\users\karel hevessy\src\vanetza-build\shared\vanetza\asn1\asn1_its.dir\debug\vehicleaxles.obj
c:\users\karel hevessy\src\vanetza-build\shared\vanetza\asn1\asn1_its.dir\debug\vehiclebreakdownsubcausecode.obj
c:\users\karel hevessy\src\vanetza-build\shared\vanetza\asn1\asn1_its.dir\debug\vehiclecharacteristicsfixvalues.obj
c:\users\karel hevessy\src\vanetza-build\shared\vanetza\asn1\asn1_its.dir\debug\vehiclecharacteristicsfixvalueslist.obj
c:\users\karel hevessy\src\vanetza-build\shared\vanetza\asn1\asn1_its.dir\debug\vehiclecharacteristicslist.obj
c:\users\karel hevessy\src\vanetza-build\shared\vanetza\asn1\asn1_its.dir\debug\vehiclecharacteristicsranges.obj
c:\users\karel hevessy\src\vanetza-build\shared\vanetza\asn1\asn1_its.dir\debug\vehiclecharacteristicsrangeslist.obj
c:\users\karel hevessy\src\vanetza-build\shared\vanetza\asn1\asn1_its.dir\debug\vehicleclass.obj
c:\users\karel hevessy\src\vanetza-build\shared\vanetza\asn1\asn1_its.dir\debug\vehiclecurrentmaxtrainweight.obj
c:\users\karel hevessy\src\vanetza-build\shared\vanetza\asn1\asn1_its.dir\debug\vehicledimensions.obj
c:\users\karel hevessy\src\vanetza-build\shared\vanetza\asn1\asn1_its.dir\debug\vehicleheight.obj
c:\users\karel hevessy\src\vanetza-build\shared\vanetza\asn1\asn1_its.dir\debug\vehicleid.obj
c:\users\karel hevessy\src\vanetza-build\shared\vanetza\asn1\asn1_its.dir\debug\vehicleidentification.obj
c:\users\karel hevessy\src\vanetza-build\shared\vanetza\asn1\asn1_its.dir\debug\vehicleidentificationnumber.obj
c:\users\karel hevessy\src\vanetza-build\shared\vanetza\asn1\asn1_its.dir\debug\vehiclelength.obj
c:\users\karel hevessy\src\vanetza-build\shared\vanetza\asn1\asn1_its.dir\debug\vehiclelengthconfidenceindication.obj
c:\users\karel hevessy\src\vanetza-build\shared\vanetza\asn1\asn1_its.dir\debug\vehiclelengthvalue.obj
c:\users\karel hevessy\src\vanetza-build\shared\vanetza\asn1\asn1_its.dir\debug\vehiclelicenceplatenumber.obj
c:\users\karel hevessy\src\vanetza-build\shared\vanetza\asn1\asn1_its.dir\debug\vehiclemass.obj
c:\users\karel hevessy\src\vanetza-build\shared\vanetza\asn1\asn1_its.dir\debug\vehiclerole.obj
c:\users\karel hevessy\src\vanetza-build\shared\vanetza\asn1\asn1_its.dir\debug\vehiclesensor.obj
c:\users\karel hevessy\src\vanetza-build\shared\vanetza\asn1\asn1_its.dir\debug\vehiclesensorproperties.obj
c:\users\karel hevessy\src\vanetza-build\shared\vanetza\asn1\asn1_its.dir\debug\vehiclesensorpropertylist.obj
c:\users\karel hevessy\src\vanetza-build\shared\vanetza\asn1\asn1_its.dir\debug\vehiclespecificcharacteristics.obj
c:\users\karel hevessy\src\vanetza-build\shared\vanetza\asn1\asn1_its.dir\debug\vehiclesubclass.obj
c:\users\karel hevessy\src\vanetza-build\shared\vanetza\asn1\asn1_its.dir\debug\vehiclesubclasstype.obj
c:\users\karel hevessy\src\vanetza-build\shared\vanetza\asn1\asn1_its.dir\debug\vehicletotaldistance.obj
c:\users\karel hevessy\src\vanetza-build\shared\vanetza\asn1\asn1_its.dir\debug\vehicletype.obj
c:\users\karel hevessy\src\vanetza-build\shared\vanetza\asn1\asn1_its.dir\debug\vehicleweightladen.obj
c:\users\karel hevessy\src\vanetza-build\shared\vanetza\asn1\asn1_its.dir\debug\vehicleweightlimits.obj
c:\users\karel hevessy\src\vanetza-build\shared\vanetza\asn1\asn1_its.dir\debug\vehiclewidth.obj
c:\users\karel hevessy\src\vanetza-build\shared\vanetza\asn1\asn1_its.dir\debug\velocity.obj
c:\users\karel hevessy\src\vanetza-build\shared\vanetza\asn1\asn1_its.dir\debug\verticalacceleration.obj
c:\users\karel hevessy\src\vanetza-build\shared\vanetza\asn1\asn1_its.dir\debug\verticalaccelerationvalue.obj
c:\users\karel hevessy\src\vanetza-build\shared\vanetza\asn1\asn1_its.dir\debug\waitonstopline.obj
c:\users\karel hevessy\src\vanetza-build\shared\vanetza\asn1\asn1_its.dir\debug\wearlevel.obj
c:\users\karel hevessy\src\vanetza-build\shared\vanetza\asn1\asn1_its.dir\debug\weight.obj
c:\users\karel hevessy\src\vanetza-build\shared\vanetza\asn1\asn1_its.dir\debug\wgs84angle.obj
c:\users\karel hevessy\src\vanetza-build\shared\vanetza\asn1\asn1_its.dir\debug\wgs84anglevalue.obj
c:\users\karel hevessy\src\vanetza-build\shared\vanetza\asn1\asn1_its.dir\debug\wheelbasevehicle.obj
c:\users\karel hevessy\src\vanetza-build\shared\vanetza\asn1\asn1_its.dir\debug\wminumber.obj
c:\users\karel hevessy\src\vanetza-build\shared\vanetza\asn1\asn1_its.dir\debug\wrongwaydrivingsubcausecode.obj
c:\users\karel hevessy\src\vanetza-build\shared\vanetza\asn1\asn1_its.dir\debug\xsensoroffset.obj
c:\users\karel hevessy\src\vanetza-build\shared\vanetza\asn1\asn1_its.dir\debug\yawrate.obj
c:\users\karel hevessy\src\vanetza-build\shared\vanetza\asn1\asn1_its.dir\debug\yawrateconfidence.obj
c:\users\karel hevessy\src\vanetza-build\shared\vanetza\asn1\asn1_its.dir\debug\yawratevalue.obj
c:\users\karel hevessy\src\vanetza-build\shared\vanetza\asn1\asn1_its.dir\debug\ysensoroffset.obj
c:\users\karel hevessy\src\vanetza-build\shared\vanetza\asn1\asn1_its.dir\debug\zid.obj
c:\users\karel hevessy\src\vanetza-build\shared\vanetza\asn1\asn1_its.dir\debug\zone.obj
c:\users\karel hevessy\src\vanetza-build\shared\vanetza\asn1\asn1_its.dir\debug\zoneids.obj
c:\users\karel hevessy\src\vanetza-build\shared\vanetza\asn1\asn1_its.dir\debug\zonelength.obj
c:\users\karel hevessy\src\vanetza-build\shared\vanetza\asn1\asn1_its.dir\debug\zsensoroffset.obj
c:\users\karel hevessy\src\vanetza-build\shared\vanetza\asn1\asn1_its.dir\debug\vanetza_asn1_its.ilk
c:\users\karel hevessy\src\vanetza-build\shared\bin\debug\vanetza_asn1_its.dll
c:\users\karel hevessy\src\vanetza-build\shared\vanetza\asn1\asn1_its.dir\debug\asn1_its.tlog\asn1_its.write.1u.tlog
c:\users\karel hevessy\src\vanetza-build\shared\vanetza\asn1\asn1_its.dir\debug\asn1_its.tlog\cl.command.1.tlog
c:\users\karel hevessy\src\vanetza-build\shared\vanetza\asn1\asn1_its.dir\debug\asn1_its.tlog\cl.write.1.tlog
c:\users\karel hevessy\src\vanetza-build\shared\vanetza\asn1\asn1_its.dir\debug\asn1_its.tlog\custombuild.command.1.tlog
c:\users\karel hevessy\src\vanetza-build\shared\vanetza\asn1\asn1_its.dir\debug\asn1_its.tlog\custombuild.read.1.tlog
c:\users\karel hevessy\src\vanetza-build\shared\vanetza\asn1\asn1_its.dir\debug\asn1_its.tlog\custombuild.write.1.tlog
c:\users\karel hevessy\src\vanetza-build\shared\vanetza\asn1\asn1_its.dir\debug\asn1_its.tlog\link.command.1.tlog
c:\users\karel hevessy\src\vanetza-build\shared\vanetza\asn1\asn1_its.dir\debug\asn1_its.tlog\link.read.1.tlog
c:\users\karel hevessy\src\vanetza-build\shared\vanetza\asn1\asn1_its.dir\debug\asn1_its.tlog\link.write.1.tlog
