c:\users\karel hevessy\src\vanetza-build\shared\lib\static\debug\vanetza_asn1_support.lib
c:\users\karel hevessy\src\vanetza-build\shared\lib\static\debug\vanetza_asn1_support.exp
c:\users\karel hevessy\src\vanetza-build\shared\vanetza\asn1\asn1_support.dir\debug\vc143.pdb
c:\users\karel hevessy\src\vanetza-build\shared\vanetza\asn1\cmakefiles\generate.stamp
c:\users\karel hevessy\src\vanetza-build\shared\bin\debug\vanetza_asn1_support.pdb
c:\users\karel hevessy\src\vanetza-build\shared\vanetza\asn1\asn1_support.dir\debug\any.obj
c:\users\karel hevessy\src\vanetza-build\shared\vanetza\asn1\asn1_support.dir\debug\any_aper.obj
c:\users\karel hevessy\src\vanetza-build\shared\vanetza\asn1\asn1_support.dir\debug\any_ber.obj
c:\users\karel hevessy\src\vanetza-build\shared\vanetza\asn1\asn1_support.dir\debug\any_jer.obj
c:\users\karel hevessy\src\vanetza-build\shared\vanetza\asn1\asn1_support.dir\debug\any_uper.obj
c:\users\karel hevessy\src\vanetza-build\shared\vanetza\asn1\asn1_support.dir\debug\any_xer.obj
c:\users\karel hevessy\src\vanetza-build\shared\vanetza\asn1\asn1_support.dir\debug\aper_decoder.obj
c:\users\karel hevessy\src\vanetza-build\shared\vanetza\asn1\asn1_support.dir\debug\aper_encoder.obj
c:\users\karel hevessy\src\vanetza-build\shared\vanetza\asn1\asn1_support.dir\debug\aper_opentype.obj
c:\users\karel hevessy\src\vanetza-build\shared\vanetza\asn1\asn1_support.dir\debug\aper_support.obj
c:\users\karel hevessy\src\vanetza-build\shared\vanetza\asn1\asn1_support.dir\debug\asn_application.obj
c:\users\karel hevessy\src\vanetza-build\shared\vanetza\asn1\asn1_support.dir\debug\asn_bit_data.obj
c:\users\karel hevessy\src\vanetza-build\shared\vanetza\asn1\asn1_support.dir\debug\asn_codecs_prim.obj
c:\users\karel hevessy\src\vanetza-build\shared\vanetza\asn1\asn1_support.dir\debug\asn_codecs_prim_ber.obj
c:\users\karel hevessy\src\vanetza-build\shared\vanetza\asn1\asn1_support.dir\debug\asn_codecs_prim_jer.obj
c:\users\karel hevessy\src\vanetza-build\shared\vanetza\asn1\asn1_support.dir\debug\asn_codecs_prim_xer.obj
c:\users\karel hevessy\src\vanetza-build\shared\vanetza\asn1\asn1_support.dir\debug\asn_internal.obj
c:\users\karel hevessy\src\vanetza-build\shared\vanetza\asn1\asn1_support.dir\debug\asn_random_fill.obj
c:\users\karel hevessy\src\vanetza-build\shared\vanetza\asn1\asn1_support.dir\debug\asn_sequence_of.obj
c:\users\karel hevessy\src\vanetza-build\shared\vanetza\asn1\asn1_support.dir\debug\asn_set_of.obj
c:\users\karel hevessy\src\vanetza-build\shared\vanetza\asn1\asn1_support.dir\debug\ber_decoder.obj
c:\users\karel hevessy\src\vanetza-build\shared\vanetza\asn1\asn1_support.dir\debug\ber_tlv_length.obj
c:\users\karel hevessy\src\vanetza-build\shared\vanetza\asn1\asn1_support.dir\debug\ber_tlv_tag.obj
c:\users\karel hevessy\src\vanetza-build\shared\vanetza\asn1\asn1_support.dir\debug\bit_string.obj
c:\users\karel hevessy\src\vanetza-build\shared\vanetza\asn1\asn1_support.dir\debug\bit_string_jer.obj
c:\users\karel hevessy\src\vanetza-build\shared\vanetza\asn1\asn1_support.dir\debug\bit_string_oer.obj
c:\users\karel hevessy\src\vanetza-build\shared\vanetza\asn1\asn1_support.dir\debug\bit_string_print.obj
c:\users\karel hevessy\src\vanetza-build\shared\vanetza\asn1\asn1_support.dir\debug\bit_string_rfill.obj
c:\users\karel hevessy\src\vanetza-build\shared\vanetza\asn1\asn1_support.dir\debug\bit_string_uper.obj
c:\users\karel hevessy\src\vanetza-build\shared\vanetza\asn1\asn1_support.dir\debug\bit_string_xer.obj
c:\users\karel hevessy\src\vanetza-build\shared\vanetza\asn1\asn1_support.dir\debug\bmpstring.obj
c:\users\karel hevessy\src\vanetza-build\shared\vanetza\asn1\asn1_support.dir\debug\bmpstring_jer.obj
c:\users\karel hevessy\src\vanetza-build\shared\vanetza\asn1\asn1_support.dir\debug\bmpstring_print.obj
c:\users\karel hevessy\src\vanetza-build\shared\vanetza\asn1\asn1_support.dir\debug\bmpstring_xer.obj
c:\users\karel hevessy\src\vanetza-build\shared\vanetza\asn1\asn1_support.dir\debug\boolean.obj
c:\users\karel hevessy\src\vanetza-build\shared\vanetza\asn1\asn1_support.dir\debug\boolean_aper.obj
c:\users\karel hevessy\src\vanetza-build\shared\vanetza\asn1\asn1_support.dir\debug\boolean_ber.obj
c:\users\karel hevessy\src\vanetza-build\shared\vanetza\asn1\asn1_support.dir\debug\boolean_jer.obj
c:\users\karel hevessy\src\vanetza-build\shared\vanetza\asn1\asn1_support.dir\debug\boolean_oer.obj
c:\users\karel hevessy\src\vanetza-build\shared\vanetza\asn1\asn1_support.dir\debug\boolean_print.obj
c:\users\karel hevessy\src\vanetza-build\shared\vanetza\asn1\asn1_support.dir\debug\boolean_rfill.obj
c:\users\karel hevessy\src\vanetza-build\shared\vanetza\asn1\asn1_support.dir\debug\boolean_uper.obj
c:\users\karel hevessy\src\vanetza-build\shared\vanetza\asn1\asn1_support.dir\debug\boolean_xer.obj
c:\users\karel hevessy\src\vanetza-build\shared\vanetza\asn1\asn1_support.dir\debug\constraints.obj
c:\users\karel hevessy\src\vanetza-build\shared\vanetza\asn1\asn1_support.dir\debug\constr_choice.obj
c:\users\karel hevessy\src\vanetza-build\shared\vanetza\asn1\asn1_support.dir\debug\constr_choice_aper.obj
c:\users\karel hevessy\src\vanetza-build\shared\vanetza\asn1\asn1_support.dir\debug\constr_choice_ber.obj
c:\users\karel hevessy\src\vanetza-build\shared\vanetza\asn1\asn1_support.dir\debug\constr_choice_jer.obj
c:\users\karel hevessy\src\vanetza-build\shared\vanetza\asn1\asn1_support.dir\debug\constr_choice_oer.obj
c:\users\karel hevessy\src\vanetza-build\shared\vanetza\asn1\asn1_support.dir\debug\constr_choice_print.obj
c:\users\karel hevessy\src\vanetza-build\shared\vanetza\asn1\asn1_support.dir\debug\constr_choice_rfill.obj
c:\users\karel hevessy\src\vanetza-build\shared\vanetza\asn1\asn1_support.dir\debug\constr_choice_uper.obj
c:\users\karel hevessy\src\vanetza-build\shared\vanetza\asn1\asn1_support.dir\debug\constr_choice_xer.obj
c:\users\karel hevessy\src\vanetza-build\shared\vanetza\asn1\asn1_support.dir\debug\constr_sequence.obj
c:\users\karel hevessy\src\vanetza-build\shared\vanetza\asn1\asn1_support.dir\debug\constr_sequence_aper.obj
c:\users\karel hevessy\src\vanetza-build\shared\vanetza\asn1\asn1_support.dir\debug\constr_sequence_ber.obj
c:\users\karel hevessy\src\vanetza-build\shared\vanetza\asn1\asn1_support.dir\debug\constr_sequence_jer.obj
c:\users\karel hevessy\src\vanetza-build\shared\vanetza\asn1\asn1_support.dir\debug\constr_sequence_oer.obj
c:\users\karel hevessy\src\vanetza-build\shared\vanetza\asn1\asn1_support.dir\debug\constr_sequence_of.obj
c:\users\karel hevessy\src\vanetza-build\shared\vanetza\asn1\asn1_support.dir\debug\constr_sequence_of_aper.obj
c:\users\karel hevessy\src\vanetza-build\shared\vanetza\asn1\asn1_support.dir\debug\constr_sequence_of_ber.obj
c:\users\karel hevessy\src\vanetza-build\shared\vanetza\asn1\asn1_support.dir\debug\constr_sequence_of_jer.obj
c:\users\karel hevessy\src\vanetza-build\shared\vanetza\asn1\asn1_support.dir\debug\constr_sequence_of_uper.obj
c:\users\karel hevessy\src\vanetza-build\shared\vanetza\asn1\asn1_support.dir\debug\constr_sequence_of_xer.obj
c:\users\karel hevessy\src\vanetza-build\shared\vanetza\asn1\asn1_support.dir\debug\constr_sequence_print.obj
c:\users\karel hevessy\src\vanetza-build\shared\vanetza\asn1\asn1_support.dir\debug\constr_sequence_rfill.obj
c:\users\karel hevessy\src\vanetza-build\shared\vanetza\asn1\asn1_support.dir\debug\constr_sequence_uper.obj
c:\users\karel hevessy\src\vanetza-build\shared\vanetza\asn1\asn1_support.dir\debug\constr_sequence_xer.obj
c:\users\karel hevessy\src\vanetza-build\shared\vanetza\asn1\asn1_support.dir\debug\constr_set.obj
c:\users\karel hevessy\src\vanetza-build\shared\vanetza\asn1\asn1_support.dir\debug\constr_set_ber.obj
c:\users\karel hevessy\src\vanetza-build\shared\vanetza\asn1\asn1_support.dir\debug\constr_set_jer.obj
c:\users\karel hevessy\src\vanetza-build\shared\vanetza\asn1\asn1_support.dir\debug\constr_set_of.obj
c:\users\karel hevessy\src\vanetza-build\shared\vanetza\asn1\asn1_support.dir\debug\constr_set_of_aper.obj
c:\users\karel hevessy\src\vanetza-build\shared\vanetza\asn1\asn1_support.dir\debug\constr_set_of_ber.obj
c:\users\karel hevessy\src\vanetza-build\shared\vanetza\asn1\asn1_support.dir\debug\constr_set_of_jer.obj
c:\users\karel hevessy\src\vanetza-build\shared\vanetza\asn1\asn1_support.dir\debug\constr_set_of_oer.obj
c:\users\karel hevessy\src\vanetza-build\shared\vanetza\asn1\asn1_support.dir\debug\constr_set_of_print.obj
c:\users\karel hevessy\src\vanetza-build\shared\vanetza\asn1\asn1_support.dir\debug\constr_set_of_rfill.obj
c:\users\karel hevessy\src\vanetza-build\shared\vanetza\asn1\asn1_support.dir\debug\constr_set_of_uper.obj
c:\users\karel hevessy\src\vanetza-build\shared\vanetza\asn1\asn1_support.dir\debug\constr_set_of_xer.obj
c:\users\karel hevessy\src\vanetza-build\shared\vanetza\asn1\asn1_support.dir\debug\constr_set_print.obj
c:\users\karel hevessy\src\vanetza-build\shared\vanetza\asn1\asn1_support.dir\debug\constr_set_rfill.obj
c:\users\karel hevessy\src\vanetza-build\shared\vanetza\asn1\asn1_support.dir\debug\constr_set_xer.obj
c:\users\karel hevessy\src\vanetza-build\shared\vanetza\asn1\asn1_support.dir\debug\constr_type.obj
c:\users\karel hevessy\src\vanetza-build\shared\vanetza\asn1\asn1_support.dir\debug\der_encoder.obj
c:\users\karel hevessy\src\vanetza-build\shared\vanetza\asn1\asn1_support.dir\debug\enumerated.obj
c:\users\karel hevessy\src\vanetza-build\shared\vanetza\asn1\asn1_support.dir\debug\enumerated_aper.obj
c:\users\karel hevessy\src\vanetza-build\shared\vanetza\asn1\asn1_support.dir\debug\enumerated_jer.obj
c:\users\karel hevessy\src\vanetza-build\shared\vanetza\asn1\asn1_support.dir\debug\enumerated_oer.obj
c:\users\karel hevessy\src\vanetza-build\shared\vanetza\asn1\asn1_support.dir\debug\enumerated_uper.obj
c:\users\karel hevessy\src\vanetza-build\shared\vanetza\asn1\asn1_support.dir\debug\generalizedtime.obj
c:\users\karel hevessy\src\vanetza-build\shared\vanetza\asn1\asn1_support.dir\debug\generalizedtime_ber.obj
c:\users\karel hevessy\src\vanetza-build\shared\vanetza\asn1\asn1_support.dir\debug\generalizedtime_jer.obj
c:\users\karel hevessy\src\vanetza-build\shared\vanetza\asn1\asn1_support.dir\debug\generalizedtime_print.obj
c:\users\karel hevessy\src\vanetza-build\shared\vanetza\asn1\asn1_support.dir\debug\generalizedtime_rfill.obj
c:\users\karel hevessy\src\vanetza-build\shared\vanetza\asn1\asn1_support.dir\debug\generalizedtime_xer.obj
c:\users\karel hevessy\src\vanetza-build\shared\vanetza\asn1\asn1_support.dir\debug\generalstring.obj
c:\users\karel hevessy\src\vanetza-build\shared\vanetza\asn1\asn1_support.dir\debug\graphicstring.obj
c:\users\karel hevessy\src\vanetza-build\shared\vanetza\asn1\asn1_support.dir\debug\ia5string.obj
c:\users\karel hevessy\src\vanetza-build\shared\vanetza\asn1\asn1_support.dir\debug\integer.obj
c:\users\karel hevessy\src\vanetza-build\shared\vanetza\asn1\asn1_support.dir\debug\integer_aper.obj
c:\users\karel hevessy\src\vanetza-build\shared\vanetza\asn1\asn1_support.dir\debug\integer_ber.obj
c:\users\karel hevessy\src\vanetza-build\shared\vanetza\asn1\asn1_support.dir\debug\integer_jer.obj
c:\users\karel hevessy\src\vanetza-build\shared\vanetza\asn1\asn1_support.dir\debug\integer_oer.obj
c:\users\karel hevessy\src\vanetza-build\shared\vanetza\asn1\asn1_support.dir\debug\integer_print.obj
c:\users\karel hevessy\src\vanetza-build\shared\vanetza\asn1\asn1_support.dir\debug\integer_rfill.obj
c:\users\karel hevessy\src\vanetza-build\shared\vanetza\asn1\asn1_support.dir\debug\integer_uper.obj
c:\users\karel hevessy\src\vanetza-build\shared\vanetza\asn1\asn1_support.dir\debug\integer_xer.obj
c:\users\karel hevessy\src\vanetza-build\shared\vanetza\asn1\asn1_support.dir\debug\iso646string.obj
c:\users\karel hevessy\src\vanetza-build\shared\vanetza\asn1\asn1_support.dir\debug\jer_decoder.obj
c:\users\karel hevessy\src\vanetza-build\shared\vanetza\asn1\asn1_support.dir\debug\jer_encoder.obj
c:\users\karel hevessy\src\vanetza-build\shared\vanetza\asn1\asn1_support.dir\debug\jer_support.obj
c:\users\karel hevessy\src\vanetza-build\shared\vanetza\asn1\asn1_support.dir\debug\memory.obj
c:\users\karel hevessy\src\vanetza-build\shared\vanetza\asn1\asn1_support.dir\debug\nativeenumerated.obj
c:\users\karel hevessy\src\vanetza-build\shared\vanetza\asn1\asn1_support.dir\debug\nativeenumerated_aper.obj
c:\users\karel hevessy\src\vanetza-build\shared\vanetza\asn1\asn1_support.dir\debug\nativeenumerated_jer.obj
c:\users\karel hevessy\src\vanetza-build\shared\vanetza\asn1\asn1_support.dir\debug\nativeenumerated_oer.obj
c:\users\karel hevessy\src\vanetza-build\shared\vanetza\asn1\asn1_support.dir\debug\nativeenumerated_uper.obj
c:\users\karel hevessy\src\vanetza-build\shared\vanetza\asn1\asn1_support.dir\debug\nativeenumerated_xer.obj
c:\users\karel hevessy\src\vanetza-build\shared\vanetza\asn1\asn1_support.dir\debug\nativeinteger.obj
c:\users\karel hevessy\src\vanetza-build\shared\vanetza\asn1\asn1_support.dir\debug\nativeinteger_aper.obj
c:\users\karel hevessy\src\vanetza-build\shared\vanetza\asn1\asn1_support.dir\debug\nativeinteger_ber.obj
c:\users\karel hevessy\src\vanetza-build\shared\vanetza\asn1\asn1_support.dir\debug\nativeinteger_jer.obj
c:\users\karel hevessy\src\vanetza-build\shared\vanetza\asn1\asn1_support.dir\debug\nativeinteger_oer.obj
c:\users\karel hevessy\src\vanetza-build\shared\vanetza\asn1\asn1_support.dir\debug\nativeinteger_print.obj
c:\users\karel hevessy\src\vanetza-build\shared\vanetza\asn1\asn1_support.dir\debug\nativeinteger_rfill.obj
c:\users\karel hevessy\src\vanetza-build\shared\vanetza\asn1\asn1_support.dir\debug\nativeinteger_uper.obj
c:\users\karel hevessy\src\vanetza-build\shared\vanetza\asn1\asn1_support.dir\debug\nativeinteger_xer.obj
c:\users\karel hevessy\src\vanetza-build\shared\vanetza\asn1\asn1_support.dir\debug\nativereal.obj
c:\users\karel hevessy\src\vanetza-build\shared\vanetza\asn1\asn1_support.dir\debug\nativereal_aper.obj
c:\users\karel hevessy\src\vanetza-build\shared\vanetza\asn1\asn1_support.dir\debug\nativereal_ber.obj
c:\users\karel hevessy\src\vanetza-build\shared\vanetza\asn1\asn1_support.dir\debug\nativereal_jer.obj
c:\users\karel hevessy\src\vanetza-build\shared\vanetza\asn1\asn1_support.dir\debug\nativereal_oer.obj
c:\users\karel hevessy\src\vanetza-build\shared\vanetza\asn1\asn1_support.dir\debug\nativereal_print.obj
c:\users\karel hevessy\src\vanetza-build\shared\vanetza\asn1\asn1_support.dir\debug\nativereal_rfill.obj
c:\users\karel hevessy\src\vanetza-build\shared\vanetza\asn1\asn1_support.dir\debug\nativereal_uper.obj
c:\users\karel hevessy\src\vanetza-build\shared\vanetza\asn1\asn1_support.dir\debug\nativereal_xer.obj
c:\users\karel hevessy\src\vanetza-build\shared\vanetza\asn1\asn1_support.dir\debug\null.obj
c:\users\karel hevessy\src\vanetza-build\shared\vanetza\asn1\asn1_support.dir\debug\null_aper.obj
c:\users\karel hevessy\src\vanetza-build\shared\vanetza\asn1\asn1_support.dir\debug\null_ber.obj
c:\users\karel hevessy\src\vanetza-build\shared\vanetza\asn1\asn1_support.dir\debug\null_jer.obj
c:\users\karel hevessy\src\vanetza-build\shared\vanetza\asn1\asn1_support.dir\debug\null_oer.obj
c:\users\karel hevessy\src\vanetza-build\shared\vanetza\asn1\asn1_support.dir\debug\null_print.obj
c:\users\karel hevessy\src\vanetza-build\shared\vanetza\asn1\asn1_support.dir\debug\null_rfill.obj
c:\users\karel hevessy\src\vanetza-build\shared\vanetza\asn1\asn1_support.dir\debug\null_uper.obj
c:\users\karel hevessy\src\vanetza-build\shared\vanetza\asn1\asn1_support.dir\debug\null_xer.obj
c:\users\karel hevessy\src\vanetza-build\shared\vanetza\asn1\asn1_support.dir\debug\numericstring.obj
c:\users\karel hevessy\src\vanetza-build\shared\vanetza\asn1\asn1_support.dir\debug\objectdescriptor.obj
c:\users\karel hevessy\src\vanetza-build\shared\vanetza\asn1\asn1_support.dir\debug\object_identifier.obj
c:\users\karel hevessy\src\vanetza-build\shared\vanetza\asn1\asn1_support.dir\debug\object_identifier_jer.obj
c:\users\karel hevessy\src\vanetza-build\shared\vanetza\asn1\asn1_support.dir\debug\object_identifier_print.obj
c:\users\karel hevessy\src\vanetza-build\shared\vanetza\asn1\asn1_support.dir\debug\object_identifier_rfill.obj
c:\users\karel hevessy\src\vanetza-build\shared\vanetza\asn1\asn1_support.dir\debug\object_identifier_xer.obj
c:\users\karel hevessy\src\vanetza-build\shared\vanetza\asn1\asn1_support.dir\debug\octet_string.obj
c:\users\karel hevessy\src\vanetza-build\shared\vanetza\asn1\asn1_support.dir\debug\octet_string_aper.obj
c:\users\karel hevessy\src\vanetza-build\shared\vanetza\asn1\asn1_support.dir\debug\octet_string_ber.obj
c:\users\karel hevessy\src\vanetza-build\shared\vanetza\asn1\asn1_support.dir\debug\octet_string_jer.obj
c:\users\karel hevessy\src\vanetza-build\shared\vanetza\asn1\asn1_support.dir\debug\octet_string_oer.obj
c:\users\karel hevessy\src\vanetza-build\shared\vanetza\asn1\asn1_support.dir\debug\octet_string_print.obj
c:\users\karel hevessy\src\vanetza-build\shared\vanetza\asn1\asn1_support.dir\debug\octet_string_rfill.obj
c:\users\karel hevessy\src\vanetza-build\shared\vanetza\asn1\asn1_support.dir\debug\octet_string_uper.obj
c:\users\karel hevessy\src\vanetza-build\shared\vanetza\asn1\asn1_support.dir\debug\octet_string_xer.obj
c:\users\karel hevessy\src\vanetza-build\shared\vanetza\asn1\asn1_support.dir\debug\oer_decoder.obj
c:\users\karel hevessy\src\vanetza-build\shared\vanetza\asn1\asn1_support.dir\debug\oer_encoder.obj
c:\users\karel hevessy\src\vanetza-build\shared\vanetza\asn1\asn1_support.dir\debug\oer_support.obj
c:\users\karel hevessy\src\vanetza-build\shared\vanetza\asn1\asn1_support.dir\debug\open_type.obj
c:\users\karel hevessy\src\vanetza-build\shared\vanetza\asn1\asn1_support.dir\debug\open_type_aper.obj
c:\users\karel hevessy\src\vanetza-build\shared\vanetza\asn1\asn1_support.dir\debug\open_type_ber.obj
c:\users\karel hevessy\src\vanetza-build\shared\vanetza\asn1\asn1_support.dir\debug\open_type_jer.obj
c:\users\karel hevessy\src\vanetza-build\shared\vanetza\asn1\asn1_support.dir\debug\open_type_oer.obj
c:\users\karel hevessy\src\vanetza-build\shared\vanetza\asn1\asn1_support.dir\debug\open_type_uper.obj
c:\users\karel hevessy\src\vanetza-build\shared\vanetza\asn1\asn1_support.dir\debug\open_type_xer.obj
c:\users\karel hevessy\src\vanetza-build\shared\vanetza\asn1\asn1_support.dir\debug\per_decoder.obj
c:\users\karel hevessy\src\vanetza-build\shared\vanetza\asn1\asn1_support.dir\debug\per_encoder.obj
c:\users\karel hevessy\src\vanetza-build\shared\vanetza\asn1\asn1_support.dir\debug\per_opentype.obj
c:\users\karel hevessy\src\vanetza-build\shared\vanetza\asn1\asn1_support.dir\debug\per_support.obj
c:\users\karel hevessy\src\vanetza-build\shared\vanetza\asn1\asn1_support.dir\debug\printablestring.obj
c:\users\karel hevessy\src\vanetza-build\shared\vanetza\asn1\asn1_support.dir\debug\real.obj
c:\users\karel hevessy\src\vanetza-build\shared\vanetza\asn1\asn1_support.dir\debug\real_aper.obj
c:\users\karel hevessy\src\vanetza-build\shared\vanetza\asn1\asn1_support.dir\debug\real_jer.obj
c:\users\karel hevessy\src\vanetza-build\shared\vanetza\asn1\asn1_support.dir\debug\real_oer.obj
c:\users\karel hevessy\src\vanetza-build\shared\vanetza\asn1\asn1_support.dir\debug\real_print.obj
c:\users\karel hevessy\src\vanetza-build\shared\vanetza\asn1\asn1_support.dir\debug\real_rfill.obj
c:\users\karel hevessy\src\vanetza-build\shared\vanetza\asn1\asn1_support.dir\debug\real_uper.obj
c:\users\karel hevessy\src\vanetza-build\shared\vanetza\asn1\asn1_support.dir\debug\real_xer.obj
c:\users\karel hevessy\src\vanetza-build\shared\vanetza\asn1\asn1_support.dir\debug\relative-oid.obj
c:\users\karel hevessy\src\vanetza-build\shared\vanetza\asn1\asn1_support.dir\debug\relative-oid_jer.obj
c:\users\karel hevessy\src\vanetza-build\shared\vanetza\asn1\asn1_support.dir\debug\relative-oid_print.obj
c:\users\karel hevessy\src\vanetza-build\shared\vanetza\asn1\asn1_support.dir\debug\relative-oid_rfill.obj
c:\users\karel hevessy\src\vanetza-build\shared\vanetza\asn1\asn1_support.dir\debug\relative-oid_xer.obj
c:\users\karel hevessy\src\vanetza-build\shared\vanetza\asn1\asn1_support.dir\debug\t61string.obj
c:\users\karel hevessy\src\vanetza-build\shared\vanetza\asn1\asn1_support.dir\debug\teletexstring.obj
c:\users\karel hevessy\src\vanetza-build\shared\vanetza\asn1\asn1_support.dir\debug\universalstring.obj
c:\users\karel hevessy\src\vanetza-build\shared\vanetza\asn1\asn1_support.dir\debug\universalstring_jer.obj
c:\users\karel hevessy\src\vanetza-build\shared\vanetza\asn1\asn1_support.dir\debug\universalstring_print.obj
c:\users\karel hevessy\src\vanetza-build\shared\vanetza\asn1\asn1_support.dir\debug\universalstring_xer.obj
c:\users\karel hevessy\src\vanetza-build\shared\vanetza\asn1\asn1_support.dir\debug\uper_decoder.obj
c:\users\karel hevessy\src\vanetza-build\shared\vanetza\asn1\asn1_support.dir\debug\uper_encoder.obj
c:\users\karel hevessy\src\vanetza-build\shared\vanetza\asn1\asn1_support.dir\debug\uper_opentype.obj
c:\users\karel hevessy\src\vanetza-build\shared\vanetza\asn1\asn1_support.dir\debug\uper_support.obj
c:\users\karel hevessy\src\vanetza-build\shared\vanetza\asn1\asn1_support.dir\debug\utctime.obj
c:\users\karel hevessy\src\vanetza-build\shared\vanetza\asn1\asn1_support.dir\debug\utctime_jer.obj
c:\users\karel hevessy\src\vanetza-build\shared\vanetza\asn1\asn1_support.dir\debug\utctime_print.obj
c:\users\karel hevessy\src\vanetza-build\shared\vanetza\asn1\asn1_support.dir\debug\utctime_rfill.obj
c:\users\karel hevessy\src\vanetza-build\shared\vanetza\asn1\asn1_support.dir\debug\utctime_xer.obj
c:\users\karel hevessy\src\vanetza-build\shared\vanetza\asn1\asn1_support.dir\debug\utf8string.obj
c:\users\karel hevessy\src\vanetza-build\shared\vanetza\asn1\asn1_support.dir\debug\utf8string_print.obj
c:\users\karel hevessy\src\vanetza-build\shared\vanetza\asn1\asn1_support.dir\debug\utf8string_rfill.obj
c:\users\karel hevessy\src\vanetza-build\shared\vanetza\asn1\asn1_support.dir\debug\videotexstring.obj
c:\users\karel hevessy\src\vanetza-build\shared\vanetza\asn1\asn1_support.dir\debug\visiblestring.obj
c:\users\karel hevessy\src\vanetza-build\shared\vanetza\asn1\asn1_support.dir\debug\xer_decoder.obj
c:\users\karel hevessy\src\vanetza-build\shared\vanetza\asn1\asn1_support.dir\debug\xer_encoder.obj
c:\users\karel hevessy\src\vanetza-build\shared\vanetza\asn1\asn1_support.dir\debug\xer_support.obj
c:\users\karel hevessy\src\vanetza-build\shared\vanetza\asn1\asn1_support.dir\debug\vanetza_asn1_support.ilk
c:\users\karel hevessy\src\vanetza-build\shared\bin\debug\vanetza_asn1_support.dll
c:\users\karel hevessy\src\vanetza-build\shared\vanetza\asn1\asn1_support.dir\debug\asn1_support.tlog\asn1_support.write.1u.tlog
c:\users\karel hevessy\src\vanetza-build\shared\vanetza\asn1\asn1_support.dir\debug\asn1_support.tlog\cl.command.1.tlog
c:\users\karel hevessy\src\vanetza-build\shared\vanetza\asn1\asn1_support.dir\debug\asn1_support.tlog\cl.write.1.tlog
c:\users\karel hevessy\src\vanetza-build\shared\vanetza\asn1\asn1_support.dir\debug\asn1_support.tlog\custombuild.command.1.tlog
c:\users\karel hevessy\src\vanetza-build\shared\vanetza\asn1\asn1_support.dir\debug\asn1_support.tlog\custombuild.read.1.tlog
c:\users\karel hevessy\src\vanetza-build\shared\vanetza\asn1\asn1_support.dir\debug\asn1_support.tlog\custombuild.write.1.tlog
c:\users\karel hevessy\src\vanetza-build\shared\vanetza\asn1\asn1_support.dir\debug\asn1_support.tlog\link.command.1.tlog
c:\users\karel hevessy\src\vanetza-build\shared\vanetza\asn1\asn1_support.dir\debug\asn1_support.tlog\link.read.1.tlog
c:\users\karel hevessy\src\vanetza-build\shared\vanetza\asn1\asn1_support.dir\debug\asn1_support.tlog\link.write.1.tlog
