c:\users\karel hevessy\src\vanetza-build\shared\vanetza\asn1\cmakefiles\generate.stamp
c:\users\karel hevessy\src\vanetza-build\shared\vanetza\asn1\asn1_its_r2.dir\release\acceleration3dwithconfidence.obj
c:\users\karel hevessy\src\vanetza-build\shared\vanetza\asn1\asn1_its_r2.dir\release\accelerationcartesian.obj
c:\users\karel hevessy\src\vanetza-build\shared\vanetza\asn1\asn1_its_r2.dir\release\accelerationchange.obj
c:\users\karel hevessy\src\vanetza-build\shared\vanetza\asn1\asn1_its_r2.dir\release\accelerationchangeindication.obj
c:\users\karel hevessy\src\vanetza-build\shared\vanetza\asn1\asn1_its_r2.dir\release\accelerationcomponent.obj
c:\users\karel hevessy\src\vanetza-build\shared\vanetza\asn1\asn1_its_r2.dir\release\accelerationconfidence.obj
c:\users\karel hevessy\src\vanetza-build\shared\vanetza\asn1\asn1_its_r2.dir\release\accelerationcontrol.obj
c:\users\karel hevessy\src\vanetza-build\shared\vanetza\asn1\asn1_its_r2.dir\release\accelerationmagnitude.obj
c:\users\karel hevessy\src\vanetza-build\shared\vanetza\asn1\asn1_its_r2.dir\release\accelerationmagnitudevalue.obj
c:\users\karel hevessy\src\vanetza-build\shared\vanetza\asn1\asn1_its_r2.dir\release\accelerationpolarwithz.obj
c:\users\karel hevessy\src\vanetza-build\shared\vanetza\asn1\asn1_its_r2.dir\release\accelerationvalue.obj
c:\users\karel hevessy\src\vanetza-build\shared\vanetza\asn1\asn1_its_r2.dir\release\accesstechnologyclass.obj
c:\users\karel hevessy\src\vanetza-build\shared\vanetza\asn1\asn1_its_r2.dir\release\accidentsubcausecode.obj
c:\users\karel hevessy\src\vanetza-build\shared\vanetza\asn1\asn1_its_r2.dir\release\actionid.obj
c:\users\karel hevessy\src\vanetza-build\shared\vanetza\asn1\asn1_its_r2.dir\release\actionidlist.obj
c:\users\karel hevessy\src\vanetza-build\shared\vanetza\asn1\asn1_its_r2.dir\release\adverseweathercondition-adhesionsubcausecode.obj
c:\users\karel hevessy\src\vanetza-build\shared\vanetza\asn1\asn1_its_r2.dir\release\adverseweathercondition-extremeweatherconditionsubcausecode.obj
c:\users\karel hevessy\src\vanetza-build\shared\vanetza\asn1\asn1_its_r2.dir\release\adverseweathercondition-precipitationsubcausecode.obj
c:\users\karel hevessy\src\vanetza-build\shared\vanetza\asn1\asn1_its_r2.dir\release\adverseweathercondition-visibilitysubcausecode.obj
c:\users\karel hevessy\src\vanetza-build\shared\vanetza\asn1\asn1_its_r2.dir\release\airhumidity.obj
c:\users\karel hevessy\src\vanetza-build\shared\vanetza\asn1\asn1_its_r2.dir\release\alacartecontainer.obj
c:\users\karel hevessy\src\vanetza-build\shared\vanetza\asn1\asn1_its_r2.dir\release\altitude.obj
c:\users\karel hevessy\src\vanetza-build\shared\vanetza\asn1\asn1_its_r2.dir\release\altitudeconfidence.obj
c:\users\karel hevessy\src\vanetza-build\shared\vanetza\asn1\asn1_its_r2.dir\release\altitudevalue.obj
c:\users\karel hevessy\src\vanetza-build\shared\vanetza\asn1\asn1_its_r2.dir\release\angleconfidence.obj
c:\users\karel hevessy\src\vanetza-build\shared\vanetza\asn1\asn1_its_r2.dir\release\angularaccelerationconfidence.obj
c:\users\karel hevessy\src\vanetza-build\shared\vanetza\asn1\asn1_its_r2.dir\release\angularspeedconfidence.obj
c:\users\karel hevessy\src\vanetza-build\shared\vanetza\asn1\asn1_its_r2.dir\release\axlescount.obj
c:\users\karel hevessy\src\vanetza-build\shared\vanetza\asn1\asn1_its_r2.dir\release\barometricpressure.obj
c:\users\karel hevessy\src\vanetza-build\shared\vanetza\asn1\asn1_its_r2.dir\release\basiccontainer.obj
c:\users\karel hevessy\src\vanetza-build\shared\vanetza\asn1\asn1_its_r2.dir\release\basiclaneconfiguration.obj
c:\users\karel hevessy\src\vanetza-build\shared\vanetza\asn1\asn1_its_r2.dir\release\basiclaneinformation.obj
c:\users\karel hevessy\src\vanetza-build\shared\vanetza\asn1\asn1_its_r2.dir\release\basicvehiclecontainerhighfrequency.obj
c:\users\karel hevessy\src\vanetza-build\shared\vanetza\asn1\asn1_its_r2.dir\release\basicvehiclecontainerlowfrequency.obj
c:\users\karel hevessy\src\vanetza-build\shared\vanetza\asn1\asn1_its_r2.dir\release\bogiescount.obj
c:\users\karel hevessy\src\vanetza-build\shared\vanetza\asn1\asn1_its_r2.dir\release\cam.obj
c:\users\karel hevessy\src\vanetza-build\shared\vanetza\asn1\asn1_its_r2.dir\release\camparameters.obj
c:\users\karel hevessy\src\vanetza-build\shared\vanetza\asn1\asn1_its_r2.dir\release\campayload.obj
c:\users\karel hevessy\src\vanetza-build\shared\vanetza\asn1\asn1_its_r2.dir\release\cardinalnumber1b.obj
c:\users\karel hevessy\src\vanetza-build\shared\vanetza\asn1\asn1_its_r2.dir\release\cardinalnumber3b.obj
c:\users\karel hevessy\src\vanetza-build\shared\vanetza\asn1\asn1_its_r2.dir\release\cartesianangle.obj
c:\users\karel hevessy\src\vanetza-build\shared\vanetza\asn1\asn1_its_r2.dir\release\cartesiananglevalue.obj
c:\users\karel hevessy\src\vanetza-build\shared\vanetza\asn1\asn1_its_r2.dir\release\cartesianangularaccelerationcomponent.obj
c:\users\karel hevessy\src\vanetza-build\shared\vanetza\asn1\asn1_its_r2.dir\release\cartesianangularaccelerationcomponentvalue.obj
c:\users\karel hevessy\src\vanetza-build\shared\vanetza\asn1\asn1_its_r2.dir\release\cartesianangularvelocitycomponent.obj
c:\users\karel hevessy\src\vanetza-build\shared\vanetza\asn1\asn1_its_r2.dir\release\cartesianangularvelocitycomponentvalue.obj
c:\users\karel hevessy\src\vanetza-build\shared\vanetza\asn1\asn1_its_r2.dir\release\cartesiancoordinate.obj
c:\users\karel hevessy\src\vanetza-build\shared\vanetza\asn1\asn1_its_r2.dir\release\cartesiancoordinatelarge.obj
c:\users\karel hevessy\src\vanetza-build\shared\vanetza\asn1\asn1_its_r2.dir\release\cartesiancoordinatesmall.obj
c:\users\karel hevessy\src\vanetza-build\shared\vanetza\asn1\asn1_its_r2.dir\release\cartesiancoordinatewithconfidence.obj
c:\users\karel hevessy\src\vanetza-build\shared\vanetza\asn1\asn1_its_r2.dir\release\cartesianposition3d.obj
c:\users\karel hevessy\src\vanetza-build\shared\vanetza\asn1\asn1_its_r2.dir\release\cartesianposition3dwithconfidence.obj
c:\users\karel hevessy\src\vanetza-build\shared\vanetza\asn1\asn1_its_r2.dir\release\causecode.obj
c:\users\karel hevessy\src\vanetza-build\shared\vanetza\asn1\asn1_its_r2.dir\release\causecodechoice.obj
c:\users\karel hevessy\src\vanetza-build\shared\vanetza\asn1\asn1_its_r2.dir\release\causecodetype.obj
c:\users\karel hevessy\src\vanetza-build\shared\vanetza\asn1\asn1_its_r2.dir\release\causecodev2.obj
c:\users\karel hevessy\src\vanetza-build\shared\vanetza\asn1\asn1_its_r2.dir\release\cendsrctollingzone.obj
c:\users\karel hevessy\src\vanetza-build\shared\vanetza\asn1\asn1_its_r2.dir\release\cendsrctollingzoneid.obj
c:\users\karel hevessy\src\vanetza-build\shared\vanetza\asn1\asn1_its_r2.dir\release\circularshape.obj
c:\users\karel hevessy\src\vanetza-build\shared\vanetza\asn1\asn1_its_r2.dir\release\closedlanes.obj
c:\users\karel hevessy\src\vanetza-build\shared\vanetza\asn1\asn1_its_r2.dir\release\clusterbreakupinfo.obj
c:\users\karel hevessy\src\vanetza-build\shared\vanetza\asn1\asn1_its_r2.dir\release\clusterbreakupreason.obj
c:\users\karel hevessy\src\vanetza-build\shared\vanetza\asn1\asn1_its_r2.dir\release\clusterjoininfo.obj
c:\users\karel hevessy\src\vanetza-build\shared\vanetza\asn1\asn1_its_r2.dir\release\clusterleaveinfo.obj
c:\users\karel hevessy\src\vanetza-build\shared\vanetza\asn1\asn1_its_r2.dir\release\clusterleavereason.obj
c:\users\karel hevessy\src\vanetza-build\shared\vanetza\asn1\asn1_its_r2.dir\release\collectiveperceptionmessage.obj
c:\users\karel hevessy\src\vanetza-build\shared\vanetza\asn1\asn1_its_r2.dir\release\collisionrisksubcausecode.obj
c:\users\karel hevessy\src\vanetza-build\shared\vanetza\asn1\asn1_its_r2.dir\release\confidencelevel.obj
c:\users\karel hevessy\src\vanetza-build\shared\vanetza\asn1\asn1_its_r2.dir\release\constraintwrappedcpmcontainers.obj
c:\users\karel hevessy\src\vanetza-build\shared\vanetza\asn1\asn1_its_r2.dir\release\coordinateconfidence.obj
c:\users\karel hevessy\src\vanetza-build\shared\vanetza\asn1\asn1_its_r2.dir\release\correlationcellvalue.obj
c:\users\karel hevessy\src\vanetza-build\shared\vanetza\asn1\asn1_its_r2.dir\release\correlationcolumn.obj
c:\users\karel hevessy\src\vanetza-build\shared\vanetza\asn1\asn1_its_r2.dir\release\countrycode.obj
c:\users\karel hevessy\src\vanetza-build\shared\vanetza\asn1\asn1_its_r2.dir\release\cpm-pdu-descriptions_managementcontainer.obj
c:\users\karel hevessy\src\vanetza-build\shared\vanetza\asn1\asn1_its_r2.dir\release\cpmcontainerid.obj
c:\users\karel hevessy\src\vanetza-build\shared\vanetza\asn1\asn1_its_r2.dir\release\cpmpayload.obj
c:\users\karel hevessy\src\vanetza-build\shared\vanetza\asn1\asn1_its_r2.dir\release\curvature.obj
c:\users\karel hevessy\src\vanetza-build\shared\vanetza\asn1\asn1_its_r2.dir\release\curvaturecalculationmode.obj
c:\users\karel hevessy\src\vanetza-build\shared\vanetza\asn1\asn1_its_r2.dir\release\curvatureconfidence.obj
c:\users\karel hevessy\src\vanetza-build\shared\vanetza\asn1\asn1_its_r2.dir\release\curvaturevalue.obj
c:\users\karel hevessy\src\vanetza-build\shared\vanetza\asn1\asn1_its_r2.dir\release\dangerousendofqueuesubcausecode.obj
c:\users\karel hevessy\src\vanetza-build\shared\vanetza\asn1\asn1_its_r2.dir\release\dangerousgoodsbasic.obj
c:\users\karel hevessy\src\vanetza-build\shared\vanetza\asn1\asn1_its_r2.dir\release\dangerousgoodscontainer.obj
c:\users\karel hevessy\src\vanetza-build\shared\vanetza\asn1\asn1_its_r2.dir\release\dangerousgoodsextended.obj
c:\users\karel hevessy\src\vanetza-build\shared\vanetza\asn1\asn1_its_r2.dir\release\dangeroussituationsubcausecode.obj
c:\users\karel hevessy\src\vanetza-build\shared\vanetza\asn1\asn1_its_r2.dir\release\deltaaltitude.obj
c:\users\karel hevessy\src\vanetza-build\shared\vanetza\asn1\asn1_its_r2.dir\release\deltalatitude.obj
c:\users\karel hevessy\src\vanetza-build\shared\vanetza\asn1\asn1_its_r2.dir\release\deltalongitude.obj
c:\users\karel hevessy\src\vanetza-build\shared\vanetza\asn1\asn1_its_r2.dir\release\deltareferenceposition.obj
c:\users\karel hevessy\src\vanetza-build\shared\vanetza\asn1\asn1_its_r2.dir\release\deltatimemillisecondpositive.obj
c:\users\karel hevessy\src\vanetza-build\shared\vanetza\asn1\asn1_its_r2.dir\release\deltatimemillisecondsigned.obj
c:\users\karel hevessy\src\vanetza-build\shared\vanetza\asn1\asn1_its_r2.dir\release\deltatimequartersecond.obj
c:\users\karel hevessy\src\vanetza-build\shared\vanetza\asn1\asn1_its_r2.dir\release\deltatimesecond.obj
c:\users\karel hevessy\src\vanetza-build\shared\vanetza\asn1\asn1_its_r2.dir\release\deltatimetenseconds.obj
c:\users\karel hevessy\src\vanetza-build\shared\vanetza\asn1\asn1_its_r2.dir\release\deltatimetenthofsecond.obj
c:\users\karel hevessy\src\vanetza-build\shared\vanetza\asn1\asn1_its_r2.dir\release\denm-pdu-description_managementcontainer.obj
c:\users\karel hevessy\src\vanetza-build\shared\vanetza\asn1\asn1_its_r2.dir\release\denm.obj
c:\users\karel hevessy\src\vanetza-build\shared\vanetza\asn1\asn1_its_r2.dir\release\denmpayload.obj
c:\users\karel hevessy\src\vanetza-build\shared\vanetza\asn1\asn1_its_r2.dir\release\digitalmap.obj
c:\users\karel hevessy\src\vanetza-build\shared\vanetza\asn1\asn1_its_r2.dir\release\direction.obj
c:\users\karel hevessy\src\vanetza-build\shared\vanetza\asn1\asn1_its_r2.dir\release\drivedirection.obj
c:\users\karel hevessy\src\vanetza-build\shared\vanetza\asn1\asn1_its_r2.dir\release\drivinglanestatus.obj
c:\users\karel hevessy\src\vanetza-build\shared\vanetza\asn1\asn1_its_r2.dir\release\ellipticalshape.obj
c:\users\karel hevessy\src\vanetza-build\shared\vanetza\asn1\asn1_its_r2.dir\release\embarkationstatus.obj
c:\users\karel hevessy\src\vanetza-build\shared\vanetza\asn1\asn1_its_r2.dir\release\emergencycontainer.obj
c:\users\karel hevessy\src\vanetza-build\shared\vanetza\asn1\asn1_its_r2.dir\release\emergencypriority.obj
c:\users\karel hevessy\src\vanetza-build\shared\vanetza\asn1\asn1_its_r2.dir\release\emergencyvehicleapproachingsubcausecode.obj
c:\users\karel hevessy\src\vanetza-build\shared\vanetza\asn1\asn1_its_r2.dir\release\energystoragetype.obj
c:\users\karel hevessy\src\vanetza-build\shared\vanetza\asn1\asn1_its_r2.dir\release\eulerangleswithconfidence.obj
c:\users\karel hevessy\src\vanetza-build\shared\vanetza\asn1\asn1_its_r2.dir\release\euvehiclecategorycode.obj
c:\users\karel hevessy\src\vanetza-build\shared\vanetza\asn1\asn1_its_r2.dir\release\euvehiclecategoryl.obj
c:\users\karel hevessy\src\vanetza-build\shared\vanetza\asn1\asn1_its_r2.dir\release\euvehiclecategorym.obj
c:\users\karel hevessy\src\vanetza-build\shared\vanetza\asn1\asn1_its_r2.dir\release\euvehiclecategoryn.obj
c:\users\karel hevessy\src\vanetza-build\shared\vanetza\asn1\asn1_its_r2.dir\release\euvehiclecategoryo.obj
c:\users\karel hevessy\src\vanetza-build\shared\vanetza\asn1\asn1_its_r2.dir\release\eventhistory.obj
c:\users\karel hevessy\src\vanetza-build\shared\vanetza\asn1\asn1_its_r2.dir\release\eventpoint.obj
c:\users\karel hevessy\src\vanetza-build\shared\vanetza\asn1\asn1_its_r2.dir\release\eventzone.obj
c:\users\karel hevessy\src\vanetza-build\shared\vanetza\asn1\asn1_its_r2.dir\release\ext1.obj
c:\users\karel hevessy\src\vanetza-build\shared\vanetza\asn1\asn1_its_r2.dir\release\ext2.obj
c:\users\karel hevessy\src\vanetza-build\shared\vanetza\asn1\asn1_its_r2.dir\release\ext3.obj
c:\users\karel hevessy\src\vanetza-build\shared\vanetza\asn1\asn1_its_r2.dir\release\exteriorlights.obj
c:\users\karel hevessy\src\vanetza-build\shared\vanetza\asn1\asn1_its_r2.dir\release\generalizedlaneposition.obj
c:\users\karel hevessy\src\vanetza-build\shared\vanetza\asn1\asn1_its_r2.dir\release\generalizedlanepositions.obj
c:\users\karel hevessy\src\vanetza-build\shared\vanetza\asn1\asn1_its_r2.dir\release\generationdeltatime.obj
c:\users\karel hevessy\src\vanetza-build\shared\vanetza\asn1\asn1_its_r2.dir\release\geoposition.obj
c:\users\karel hevessy\src\vanetza-build\shared\vanetza\asn1\asn1_its_r2.dir\release\hardshoulderstatus.obj
c:\users\karel hevessy\src\vanetza-build\shared\vanetza\asn1\asn1_its_r2.dir\release\hazardouslocation-animalontheroadsubcausecode.obj
c:\users\karel hevessy\src\vanetza-build\shared\vanetza\asn1\asn1_its_r2.dir\release\hazardouslocation-dangerouscurvesubcausecode.obj
c:\users\karel hevessy\src\vanetza-build\shared\vanetza\asn1\asn1_its_r2.dir\release\hazardouslocation-obstacleontheroadsubcausecode.obj
c:\users\karel hevessy\src\vanetza-build\shared\vanetza\asn1\asn1_its_r2.dir\release\hazardouslocation-surfaceconditionsubcausecode.obj
c:\users\karel hevessy\src\vanetza-build\shared\vanetza\asn1\asn1_its_r2.dir\release\heading.obj
c:\users\karel hevessy\src\vanetza-build\shared\vanetza\asn1\asn1_its_r2.dir\release\headingchangeindication.obj
c:\users\karel hevessy\src\vanetza-build\shared\vanetza\asn1\asn1_its_r2.dir\release\headingconfidence.obj
c:\users\karel hevessy\src\vanetza-build\shared\vanetza\asn1\asn1_its_r2.dir\release\headingvalue.obj
c:\users\karel hevessy\src\vanetza-build\shared\vanetza\asn1\asn1_its_r2.dir\release\heightloncarr.obj
c:\users\karel hevessy\src\vanetza-build\shared\vanetza\asn1\asn1_its_r2.dir\release\highfrequencycontainer.obj
c:\users\karel hevessy\src\vanetza-build\shared\vanetza\asn1\asn1_its_r2.dir\release\humanpresenceontheroadsubcausecode.obj
c:\users\karel hevessy\src\vanetza-build\shared\vanetza\asn1\asn1_its_r2.dir\release\humanproblemsubcausecode.obj
c:\users\karel hevessy\src\vanetza-build\shared\vanetza\asn1\asn1_its_r2.dir\release\identifier1b.obj
c:\users\karel hevessy\src\vanetza-build\shared\vanetza\asn1\asn1_its_r2.dir\release\identifier2b.obj
c:\users\karel hevessy\src\vanetza-build\shared\vanetza\asn1\asn1_its_r2.dir\release\impactreductioncontainer.obj
c:\users\karel hevessy\src\vanetza-build\shared\vanetza\asn1\asn1_its_r2.dir\release\impassabilitysubcausecode.obj
c:\users\karel hevessy\src\vanetza-build\shared\vanetza\asn1\asn1_its_r2.dir\release\informationquality.obj
c:\users\karel hevessy\src\vanetza-build\shared\vanetza\asn1\asn1_its_r2.dir\release\interferencemanagementchannel.obj
c:\users\karel hevessy\src\vanetza-build\shared\vanetza\asn1\asn1_its_r2.dir\release\interferencemanagementinfo.obj
c:\users\karel hevessy\src\vanetza-build\shared\vanetza\asn1\asn1_its_r2.dir\release\interferencemanagementinfoperchannel.obj
c:\users\karel hevessy\src\vanetza-build\shared\vanetza\asn1\asn1_its_r2.dir\release\interferencemanagementzone.obj
c:\users\karel hevessy\src\vanetza-build\shared\vanetza\asn1\asn1_its_r2.dir\release\interferencemanagementzonedefinition.obj
c:\users\karel hevessy\src\vanetza-build\shared\vanetza\asn1\asn1_its_r2.dir\release\interferencemanagementzones.obj
c:\users\karel hevessy\src\vanetza-build\shared\vanetza\asn1\asn1_its_r2.dir\release\interferencemanagementzonetype.obj
c:\users\karel hevessy\src\vanetza-build\shared\vanetza\asn1\asn1_its_r2.dir\release\intersectionreferenceid.obj
c:\users\karel hevessy\src\vanetza-build\shared\vanetza\asn1\asn1_its_r2.dir\release\iso3833vehicletype.obj
c:\users\karel hevessy\src\vanetza-build\shared\vanetza\asn1\asn1_its_r2.dir\release\issueridentifier.obj
c:\users\karel hevessy\src\vanetza-build\shared\vanetza\asn1\asn1_its_r2.dir\release\itinerarypath.obj
c:\users\karel hevessy\src\vanetza-build\shared\vanetza\asn1\asn1_its_r2.dir\release\itsasnr2includes.obj
c:\users\karel hevessy\src\vanetza-build\shared\vanetza\asn1\asn1_its_r2.dir\release\itspduheader.obj
c:\users\karel hevessy\src\vanetza-build\shared\vanetza\asn1\asn1_its_r2.dir\release\iviidentificationnumber.obj
c:\users\karel hevessy\src\vanetza-build\shared\vanetza\asn1\asn1_its_r2.dir\release\ivimreference.obj
c:\users\karel hevessy\src\vanetza-build\shared\vanetza\asn1\asn1_its_r2.dir\release\ivimreferences.obj
c:\users\karel hevessy\src\vanetza-build\shared\vanetza\asn1\asn1_its_r2.dir\release\laneposition.obj
c:\users\karel hevessy\src\vanetza-build\shared\vanetza\asn1\asn1_its_r2.dir\release\lanepositionandtype.obj
c:\users\karel hevessy\src\vanetza-build\shared\vanetza\asn1\asn1_its_r2.dir\release\lanepositionoptions.obj
c:\users\karel hevessy\src\vanetza-build\shared\vanetza\asn1\asn1_its_r2.dir\release\lanepositionwithlateraldetails.obj
c:\users\karel hevessy\src\vanetza-build\shared\vanetza\asn1\asn1_its_r2.dir\release\lanetype.obj
c:\users\karel hevessy\src\vanetza-build\shared\vanetza\asn1\asn1_its_r2.dir\release\lanewidth.obj
c:\users\karel hevessy\src\vanetza-build\shared\vanetza\asn1\asn1_its_r2.dir\release\lateralacceleration.obj
c:\users\karel hevessy\src\vanetza-build\shared\vanetza\asn1\asn1_its_r2.dir\release\lateralaccelerationvalue.obj
c:\users\karel hevessy\src\vanetza-build\shared\vanetza\asn1\asn1_its_r2.dir\release\latitude.obj
c:\users\karel hevessy\src\vanetza-build\shared\vanetza\asn1\asn1_its_r2.dir\release\lightbarsireninuse.obj
c:\users\karel hevessy\src\vanetza-build\shared\vanetza\asn1\asn1_its_r2.dir\release\locationcontainer.obj
c:\users\karel hevessy\src\vanetza-build\shared\vanetza\asn1\asn1_its_r2.dir\release\longitude.obj
c:\users\karel hevessy\src\vanetza-build\shared\vanetza\asn1\asn1_its_r2.dir\release\longitudinalacceleration.obj
c:\users\karel hevessy\src\vanetza-build\shared\vanetza\asn1\asn1_its_r2.dir\release\longitudinalaccelerationvalue.obj
c:\users\karel hevessy\src\vanetza-build\shared\vanetza\asn1\asn1_its_r2.dir\release\longitudinallaneposition.obj
c:\users\karel hevessy\src\vanetza-build\shared\vanetza\asn1\asn1_its_r2.dir\release\longitudinallanepositionconfidence.obj
c:\users\karel hevessy\src\vanetza-build\shared\vanetza\asn1\asn1_its_r2.dir\release\longitudinallanepositionvalue.obj
c:\users\karel hevessy\src\vanetza-build\shared\vanetza\asn1\asn1_its_r2.dir\release\lowertriangularpositivesemidefinitematrices.obj
c:\users\karel hevessy\src\vanetza-build\shared\vanetza\asn1\asn1_its_r2.dir\release\lowertriangularpositivesemidefinitematrix.obj
c:\users\karel hevessy\src\vanetza-build\shared\vanetza\asn1\asn1_its_r2.dir\release\lowertriangularpositivesemidefinitematrixcolumns.obj
c:\users\karel hevessy\src\vanetza-build\shared\vanetza\asn1\asn1_its_r2.dir\release\lowfrequencycontainer.obj
c:\users\karel hevessy\src\vanetza-build\shared\vanetza\asn1\asn1_its_r2.dir\release\mapemconfiguration.obj
c:\users\karel hevessy\src\vanetza-build\shared\vanetza\asn1\asn1_its_r2.dir\release\mapemconnectionlist.obj
c:\users\karel hevessy\src\vanetza-build\shared\vanetza\asn1\asn1_its_r2.dir\release\mapemelementreference.obj
c:\users\karel hevessy\src\vanetza-build\shared\vanetza\asn1\asn1_its_r2.dir\release\mapemlanelist.obj
c:\users\karel hevessy\src\vanetza-build\shared\vanetza\asn1\asn1_its_r2.dir\release\mapposition.obj
c:\users\karel hevessy\src\vanetza-build\shared\vanetza\asn1\asn1_its_r2.dir\release\mapreference.obj
c:\users\karel hevessy\src\vanetza-build\shared\vanetza\asn1\asn1_its_r2.dir\release\mapreferences.obj
c:\users\karel hevessy\src\vanetza-build\shared\vanetza\asn1\asn1_its_r2.dir\release\matrixincludedcomponents.obj
c:\users\karel hevessy\src\vanetza-build\shared\vanetza\asn1\asn1_its_r2.dir\release\messageid.obj
c:\users\karel hevessy\src\vanetza-build\shared\vanetza\asn1\asn1_its_r2.dir\release\messageratehz.obj
c:\users\karel hevessy\src\vanetza-build\shared\vanetza\asn1\asn1_its_r2.dir\release\messageraterange.obj
c:\users\karel hevessy\src\vanetza-build\shared\vanetza\asn1\asn1_its_r2.dir\release\messagesegmentationinfo.obj
c:\users\karel hevessy\src\vanetza-build\shared\vanetza\asn1\asn1_its_r2.dir\release\metainformation.obj
c:\users\karel hevessy\src\vanetza-build\shared\vanetza\asn1\asn1_its_r2.dir\release\mitigationfortechnologies.obj
c:\users\karel hevessy\src\vanetza-build\shared\vanetza\asn1\asn1_its_r2.dir\release\mitigationpertechnologyclass.obj
c:\users\karel hevessy\src\vanetza-build\shared\vanetza\asn1\asn1_its_r2.dir\release\numberofoccupants.obj
c:\users\karel hevessy\src\vanetza-build\shared\vanetza\asn1\asn1_its_r2.dir\release\objectclass.obj
c:\users\karel hevessy\src\vanetza-build\shared\vanetza\asn1\asn1_its_r2.dir\release\objectclassdescription.obj
c:\users\karel hevessy\src\vanetza-build\shared\vanetza\asn1\asn1_its_r2.dir\release\objectclasswithconfidence.obj
c:\users\karel hevessy\src\vanetza-build\shared\vanetza\asn1\asn1_its_r2.dir\release\objectdimension.obj
c:\users\karel hevessy\src\vanetza-build\shared\vanetza\asn1\asn1_its_r2.dir\release\objectdimensionconfidence.obj
c:\users\karel hevessy\src\vanetza-build\shared\vanetza\asn1\asn1_its_r2.dir\release\objectdimensionvalue.obj
c:\users\karel hevessy\src\vanetza-build\shared\vanetza\asn1\asn1_its_r2.dir\release\objectface.obj
c:\users\karel hevessy\src\vanetza-build\shared\vanetza\asn1\asn1_its_r2.dir\release\objectperceptionquality.obj
c:\users\karel hevessy\src\vanetza-build\shared\vanetza\asn1\asn1_its_r2.dir\release\occupiedlaneswithconfidence.obj
c:\users\karel hevessy\src\vanetza-build\shared\vanetza\asn1\asn1_its_r2.dir\release\openingdayshours.obj
c:\users\karel hevessy\src\vanetza-build\shared\vanetza\asn1\asn1_its_r2.dir\release\ordinalnumber1b.obj
c:\users\karel hevessy\src\vanetza-build\shared\vanetza\asn1\asn1_its_r2.dir\release\ordinalnumber3b.obj
c:\users\karel hevessy\src\vanetza-build\shared\vanetza\asn1\asn1_its_r2.dir\release\originatingrsucontainer.obj
c:\users\karel hevessy\src\vanetza-build\shared\vanetza\asn1\asn1_its_r2.dir\release\originatingvehiclecontainer.obj
c:\users\karel hevessy\src\vanetza-build\shared\vanetza\asn1\asn1_its_r2.dir\release\othersubclass.obj
c:\users\karel hevessy\src\vanetza-build\shared\vanetza\asn1\asn1_its_r2.dir\release\path.obj
c:\users\karel hevessy\src\vanetza-build\shared\vanetza\asn1\asn1_its_r2.dir\release\pathdeltatime.obj
c:\users\karel hevessy\src\vanetza-build\shared\vanetza\asn1\asn1_its_r2.dir\release\pathdeltatimechoice.obj
c:\users\karel hevessy\src\vanetza-build\shared\vanetza\asn1\asn1_its_r2.dir\release\pathextended.obj
c:\users\karel hevessy\src\vanetza-build\shared\vanetza\asn1\asn1_its_r2.dir\release\pathhistory.obj
c:\users\karel hevessy\src\vanetza-build\shared\vanetza\asn1\asn1_its_r2.dir\release\pathid.obj
c:\users\karel hevessy\src\vanetza-build\shared\vanetza\asn1\asn1_its_r2.dir\release\pathpoint.obj
c:\users\karel hevessy\src\vanetza-build\shared\vanetza\asn1\asn1_its_r2.dir\release\pathpointpredicted.obj
c:\users\karel hevessy\src\vanetza-build\shared\vanetza\asn1\asn1_its_r2.dir\release\pathpredicted.obj
c:\users\karel hevessy\src\vanetza-build\shared\vanetza\asn1\asn1_its_r2.dir\release\pathpredicted2.obj
c:\users\karel hevessy\src\vanetza-build\shared\vanetza\asn1\asn1_its_r2.dir\release\pathpredictedlist.obj
c:\users\karel hevessy\src\vanetza-build\shared\vanetza\asn1\asn1_its_r2.dir\release\pathreferences.obj
c:\users\karel hevessy\src\vanetza-build\shared\vanetza\asn1\asn1_its_r2.dir\release\perceivedobject.obj
c:\users\karel hevessy\src\vanetza-build\shared\vanetza\asn1\asn1_its_r2.dir\release\perceivedobjectcontainer.obj
c:\users\karel hevessy\src\vanetza-build\shared\vanetza\asn1\asn1_its_r2.dir\release\perceivedobjectids.obj
c:\users\karel hevessy\src\vanetza-build\shared\vanetza\asn1\asn1_its_r2.dir\release\perceivedobjects.obj
c:\users\karel hevessy\src\vanetza-build\shared\vanetza\asn1\asn1_its_r2.dir\release\perceptionregion.obj
c:\users\karel hevessy\src\vanetza-build\shared\vanetza\asn1\asn1_its_r2.dir\release\perceptionregioncontainer.obj
c:\users\karel hevessy\src\vanetza-build\shared\vanetza\asn1\asn1_its_r2.dir\release\performanceclass.obj
c:\users\karel hevessy\src\vanetza-build\shared\vanetza\asn1\asn1_its_r2.dir\release\phonenumber.obj
c:\users\karel hevessy\src\vanetza-build\shared\vanetza\asn1\asn1_its_r2.dir\release\polygonalshape.obj
c:\users\karel hevessy\src\vanetza-build\shared\vanetza\asn1\asn1_its_r2.dir\release\poscentmass.obj
c:\users\karel hevessy\src\vanetza-build\shared\vanetza\asn1\asn1_its_r2.dir\release\posconfidenceellipse.obj
c:\users\karel hevessy\src\vanetza-build\shared\vanetza\asn1\asn1_its_r2.dir\release\posfrontax.obj
c:\users\karel hevessy\src\vanetza-build\shared\vanetza\asn1\asn1_its_r2.dir\release\position1d.obj
c:\users\karel hevessy\src\vanetza-build\shared\vanetza\asn1\asn1_its_r2.dir\release\positionconfidenceellipse.obj
c:\users\karel hevessy\src\vanetza-build\shared\vanetza\asn1\asn1_its_r2.dir\release\positioningsolutiontype.obj
c:\users\karel hevessy\src\vanetza-build\shared\vanetza\asn1\asn1_its_r2.dir\release\positionofoccupants.obj
c:\users\karel hevessy\src\vanetza-build\shared\vanetza\asn1\asn1_its_r2.dir\release\positionofpillars.obj
c:\users\karel hevessy\src\vanetza-build\shared\vanetza\asn1\asn1_its_r2.dir\release\posloncarr.obj
c:\users\karel hevessy\src\vanetza-build\shared\vanetza\asn1\asn1_its_r2.dir\release\pospillar.obj
c:\users\karel hevessy\src\vanetza-build\shared\vanetza\asn1\asn1_its_r2.dir\release\postcrashsubcausecode.obj
c:\users\karel hevessy\src\vanetza-build\shared\vanetza\asn1\asn1_its_r2.dir\release\precipitationintensity.obj
c:\users\karel hevessy\src\vanetza-build\shared\vanetza\asn1\asn1_its_r2.dir\release\precrashcontainer.obj
c:\users\karel hevessy\src\vanetza-build\shared\vanetza\asn1\asn1_its_r2.dir\release\protectedcommunicationzone.obj
c:\users\karel hevessy\src\vanetza-build\shared\vanetza\asn1\asn1_its_r2.dir\release\protectedcommunicationzonesrsu.obj
c:\users\karel hevessy\src\vanetza-build\shared\vanetza\asn1\asn1_its_r2.dir\release\protectedzoneid.obj
c:\users\karel hevessy\src\vanetza-build\shared\vanetza\asn1\asn1_its_r2.dir\release\protectedzoneradius.obj
c:\users\karel hevessy\src\vanetza-build\shared\vanetza\asn1\asn1_its_r2.dir\release\protectedzonetype.obj
c:\users\karel hevessy\src\vanetza-build\shared\vanetza\asn1\asn1_its_r2.dir\release\provider.obj
c:\users\karel hevessy\src\vanetza-build\shared\vanetza\asn1\asn1_its_r2.dir\release\ptactivation.obj
c:\users\karel hevessy\src\vanetza-build\shared\vanetza\asn1\asn1_its_r2.dir\release\ptactivationdata.obj
c:\users\karel hevessy\src\vanetza-build\shared\vanetza\asn1\asn1_its_r2.dir\release\ptactivationtype.obj
c:\users\karel hevessy\src\vanetza-build\shared\vanetza\asn1\asn1_its_r2.dir\release\publictransportcontainer.obj
c:\users\karel hevessy\src\vanetza-build\shared\vanetza\asn1\asn1_its_r2.dir\release\radialshape.obj
c:\users\karel hevessy\src\vanetza-build\shared\vanetza\asn1\asn1_its_r2.dir\release\radialshapedetails.obj
c:\users\karel hevessy\src\vanetza-build\shared\vanetza\asn1\asn1_its_r2.dir\release\radialshapes.obj
c:\users\karel hevessy\src\vanetza-build\shared\vanetza\asn1\asn1_its_r2.dir\release\radialshapeslist.obj
c:\users\karel hevessy\src\vanetza-build\shared\vanetza\asn1\asn1_its_r2.dir\release\railwaylevelcrossingsubcausecode.obj
c:\users\karel hevessy\src\vanetza-build\shared\vanetza\asn1\asn1_its_r2.dir\release\rectangularshape.obj
c:\users\karel hevessy\src\vanetza-build\shared\vanetza\asn1\asn1_its_r2.dir\release\referenceposition.obj
c:\users\karel hevessy\src\vanetza-build\shared\vanetza\asn1\asn1_its_r2.dir\release\referencepositionwithconfidence.obj
c:\users\karel hevessy\src\vanetza-build\shared\vanetza\asn1\asn1_its_r2.dir\release\relevancedistance.obj
c:\users\karel hevessy\src\vanetza-build\shared\vanetza\asn1\asn1_its_r2.dir\release\relevancetrafficdirection.obj
c:\users\karel hevessy\src\vanetza-build\shared\vanetza\asn1\asn1_its_r2.dir\release\requestresponseindication.obj
c:\users\karel hevessy\src\vanetza-build\shared\vanetza\asn1\asn1_its_r2.dir\release\rescueandrecoveryworkinprogresssubcausecode.obj
c:\users\karel hevessy\src\vanetza-build\shared\vanetza\asn1\asn1_its_r2.dir\release\rescuecontainer.obj
c:\users\karel hevessy\src\vanetza-build\shared\vanetza\asn1\asn1_its_r2.dir\release\restrictedtypes.obj
c:\users\karel hevessy\src\vanetza-build\shared\vanetza\asn1\asn1_its_r2.dir\release\roadconfigurationcontainer.obj
c:\users\karel hevessy\src\vanetza-build\shared\vanetza\asn1\asn1_its_r2.dir\release\roadconfigurationsection.obj
c:\users\karel hevessy\src\vanetza-build\shared\vanetza\asn1\asn1_its_r2.dir\release\roadconfigurationsectionlist.obj
c:\users\karel hevessy\src\vanetza-build\shared\vanetza\asn1\asn1_its_r2.dir\release\roadsectiondefinition.obj
c:\users\karel hevessy\src\vanetza-build\shared\vanetza\asn1\asn1_its_r2.dir\release\roadsectionid.obj
c:\users\karel hevessy\src\vanetza-build\shared\vanetza\asn1\asn1_its_r2.dir\release\roadsegmentreferenceid.obj
c:\users\karel hevessy\src\vanetza-build\shared\vanetza\asn1\asn1_its_r2.dir\release\roadtype.obj
c:\users\karel hevessy\src\vanetza-build\shared\vanetza\asn1\asn1_its_r2.dir\release\roadworkscontainerbasic.obj
c:\users\karel hevessy\src\vanetza-build\shared\vanetza\asn1\asn1_its_r2.dir\release\roadworkscontainerextended.obj
c:\users\karel hevessy\src\vanetza-build\shared\vanetza\asn1\asn1_its_r2.dir\release\roadworkssubcausecode.obj
c:\users\karel hevessy\src\vanetza-build\shared\vanetza\asn1\asn1_its_r2.dir\release\rsucontainerhighfrequency.obj
c:\users\karel hevessy\src\vanetza-build\shared\vanetza\asn1\asn1_its_r2.dir\release\safedistanceindication.obj
c:\users\karel hevessy\src\vanetza-build\shared\vanetza\asn1\asn1_its_r2.dir\release\safedistanceindicator.obj
c:\users\karel hevessy\src\vanetza-build\shared\vanetza\asn1\asn1_its_r2.dir\release\safetycarcontainer.obj
c:\users\karel hevessy\src\vanetza-build\shared\vanetza\asn1\asn1_its_r2.dir\release\semiaxislength.obj
c:\users\karel hevessy\src\vanetza-build\shared\vanetza\asn1\asn1_its_r2.dir\release\sensorinformation.obj
c:\users\karel hevessy\src\vanetza-build\shared\vanetza\asn1\asn1_its_r2.dir\release\sensorinformationcontainer.obj
c:\users\karel hevessy\src\vanetza-build\shared\vanetza\asn1\asn1_its_r2.dir\release\sensortype.obj
c:\users\karel hevessy\src\vanetza-build\shared\vanetza\asn1\asn1_its_r2.dir\release\sensortypes.obj
c:\users\karel hevessy\src\vanetza-build\shared\vanetza\asn1\asn1_its_r2.dir\release\sequencenumber.obj
c:\users\karel hevessy\src\vanetza-build\shared\vanetza\asn1\asn1_its_r2.dir\release\sequenceofcartesianposition3d.obj
c:\users\karel hevessy\src\vanetza-build\shared\vanetza\asn1\asn1_its_r2.dir\release\sequenceofidentifier1b.obj
c:\users\karel hevessy\src\vanetza-build\shared\vanetza\asn1\asn1_its_r2.dir\release\sequenceofsafedistanceindication.obj
c:\users\karel hevessy\src\vanetza-build\shared\vanetza\asn1\asn1_its_r2.dir\release\sequenceoftrajectoryinterceptionindication.obj
c:\users\karel hevessy\src\vanetza-build\shared\vanetza\asn1\asn1_its_r2.dir\release\shape.obj
c:\users\karel hevessy\src\vanetza-build\shared\vanetza\asn1\asn1_its_r2.dir\release\signalviolationsubcausecode.obj
c:\users\karel hevessy\src\vanetza-build\shared\vanetza\asn1\asn1_its_r2.dir\release\situationcontainer.obj
c:\users\karel hevessy\src\vanetza-build\shared\vanetza\asn1\asn1_its_r2.dir\release\slowvehiclesubcausecode.obj
c:\users\karel hevessy\src\vanetza-build\shared\vanetza\asn1\asn1_its_r2.dir\release\specialtransportcontainer.obj
c:\users\karel hevessy\src\vanetza-build\shared\vanetza\asn1\asn1_its_r2.dir\release\specialtransporttype.obj
c:\users\karel hevessy\src\vanetza-build\shared\vanetza\asn1\asn1_its_r2.dir\release\specialvehiclecontainer.obj
c:\users\karel hevessy\src\vanetza-build\shared\vanetza\asn1\asn1_its_r2.dir\release\speed.obj
c:\users\karel hevessy\src\vanetza-build\shared\vanetza\asn1\asn1_its_r2.dir\release\speedconfidence.obj
c:\users\karel hevessy\src\vanetza-build\shared\vanetza\asn1\asn1_its_r2.dir\release\speedlimit.obj
c:\users\karel hevessy\src\vanetza-build\shared\vanetza\asn1\asn1_its_r2.dir\release\speedvalue.obj
c:\users\karel hevessy\src\vanetza-build\shared\vanetza\asn1\asn1_its_r2.dir\release\stabilitychangeindication.obj
c:\users\karel hevessy\src\vanetza-build\shared\vanetza\asn1\asn1_its_r2.dir\release\stabilitylossprobability.obj
c:\users\karel hevessy\src\vanetza-build\shared\vanetza\asn1\asn1_its_r2.dir\release\standardlength12b.obj
c:\users\karel hevessy\src\vanetza-build\shared\vanetza\asn1\asn1_its_r2.dir\release\standardlength1b.obj
c:\users\karel hevessy\src\vanetza-build\shared\vanetza\asn1\asn1_its_r2.dir\release\standardlength2b.obj
c:\users\karel hevessy\src\vanetza-build\shared\vanetza\asn1\asn1_its_r2.dir\release\standardlength3b.obj
c:\users\karel hevessy\src\vanetza-build\shared\vanetza\asn1\asn1_its_r2.dir\release\standardlength9b.obj
c:\users\karel hevessy\src\vanetza-build\shared\vanetza\asn1\asn1_its_r2.dir\release\stationarysince.obj
c:\users\karel hevessy\src\vanetza-build\shared\vanetza\asn1\asn1_its_r2.dir\release\stationaryvehiclecontainer.obj
c:\users\karel hevessy\src\vanetza-build\shared\vanetza\asn1\asn1_its_r2.dir\release\stationaryvehiclesubcausecode.obj
c:\users\karel hevessy\src\vanetza-build\shared\vanetza\asn1\asn1_its_r2.dir\release\stationid.obj
c:\users\karel hevessy\src\vanetza-build\shared\vanetza\asn1\asn1_its_r2.dir\release\stationtype.obj
c:\users\karel hevessy\src\vanetza-build\shared\vanetza\asn1\asn1_its_r2.dir\release\steeringwheelangle.obj
c:\users\karel hevessy\src\vanetza-build\shared\vanetza\asn1\asn1_its_r2.dir\release\steeringwheelangleconfidence.obj
c:\users\karel hevessy\src\vanetza-build\shared\vanetza\asn1\asn1_its_r2.dir\release\steeringwheelanglevalue.obj
c:\users\karel hevessy\src\vanetza-build\shared\vanetza\asn1\asn1_its_r2.dir\release\storedinformationtype.obj
c:\users\karel hevessy\src\vanetza-build\shared\vanetza\asn1\asn1_its_r2.dir\release\subcausecodetype.obj
c:\users\karel hevessy\src\vanetza-build\shared\vanetza\asn1\asn1_its_r2.dir\release\temperature.obj
c:\users\karel hevessy\src\vanetza-build\shared\vanetza\asn1\asn1_its_r2.dir\release\termination.obj
c:\users\karel hevessy\src\vanetza-build\shared\vanetza\asn1\asn1_its_r2.dir\release\timestampits.obj
c:\users\karel hevessy\src\vanetza-build\shared\vanetza\asn1\asn1_its_r2.dir\release\traces.obj
c:\users\karel hevessy\src\vanetza-build\shared\vanetza\asn1\asn1_its_r2.dir\release\tracesextended.obj
c:\users\karel hevessy\src\vanetza-build\shared\vanetza\asn1\asn1_its_r2.dir\release\trafficconditionsubcausecode.obj
c:\users\karel hevessy\src\vanetza-build\shared\vanetza\asn1\asn1_its_r2.dir\release\trafficdirection.obj
c:\users\karel hevessy\src\vanetza-build\shared\vanetza\asn1\asn1_its_r2.dir\release\trafficislandposition.obj
c:\users\karel hevessy\src\vanetza-build\shared\vanetza\asn1\asn1_its_r2.dir\release\trafficparticipanttype.obj
c:\users\karel hevessy\src\vanetza-build\shared\vanetza\asn1\asn1_its_r2.dir\release\trafficrule.obj
c:\users\karel hevessy\src\vanetza-build\shared\vanetza\asn1\asn1_its_r2.dir\release\trailerdata.obj
c:\users\karel hevessy\src\vanetza-build\shared\vanetza\asn1\asn1_its_r2.dir\release\trailerdataset.obj
c:\users\karel hevessy\src\vanetza-build\shared\vanetza\asn1\asn1_its_r2.dir\release\trailerpresenceinformation.obj
c:\users\karel hevessy\src\vanetza-build\shared\vanetza\asn1\asn1_its_r2.dir\release\trajectoryinterceptionconfidence.obj
c:\users\karel hevessy\src\vanetza-build\shared\vanetza\asn1\asn1_its_r2.dir\release\trajectoryinterceptionindication.obj
c:\users\karel hevessy\src\vanetza-build\shared\vanetza\asn1\asn1_its_r2.dir\release\trajectoryinterceptionprobability.obj
c:\users\karel hevessy\src\vanetza-build\shared\vanetza\asn1\asn1_its_r2.dir\release\transmissioninterval.obj
c:\users\karel hevessy\src\vanetza-build\shared\vanetza\asn1\asn1_its_r2.dir\release\turningdirection.obj
c:\users\karel hevessy\src\vanetza-build\shared\vanetza\asn1\asn1_its_r2.dir\release\turningradius.obj
c:\users\karel hevessy\src\vanetza-build\shared\vanetza\asn1\asn1_its_r2.dir\release\usageindication.obj
c:\users\karel hevessy\src\vanetza-build\shared\vanetza\asn1\asn1_its_r2.dir\release\validityduration.obj
c:\users\karel hevessy\src\vanetza-build\shared\vanetza\asn1\asn1_its_r2.dir\release\varlengthnumber.obj
c:\users\karel hevessy\src\vanetza-build\shared\vanetza\asn1\asn1_its_r2.dir\release\vds.obj
c:\users\karel hevessy\src\vanetza-build\shared\vanetza\asn1\asn1_its_r2.dir\release\vehiclebreakdownsubcausecode.obj
c:\users\karel hevessy\src\vanetza-build\shared\vanetza\asn1\asn1_its_r2.dir\release\vehicleheight.obj
c:\users\karel hevessy\src\vanetza-build\shared\vanetza\asn1\asn1_its_r2.dir\release\vehicleidentification.obj
c:\users\karel hevessy\src\vanetza-build\shared\vanetza\asn1\asn1_its_r2.dir\release\vehiclelength.obj
c:\users\karel hevessy\src\vanetza-build\shared\vanetza\asn1\asn1_its_r2.dir\release\vehiclelengthconfidenceindication.obj
c:\users\karel hevessy\src\vanetza-build\shared\vanetza\asn1\asn1_its_r2.dir\release\vehiclelengthv2.obj
c:\users\karel hevessy\src\vanetza-build\shared\vanetza\asn1\asn1_its_r2.dir\release\vehiclelengthvalue.obj
c:\users\karel hevessy\src\vanetza-build\shared\vanetza\asn1\asn1_its_r2.dir\release\vehiclemass.obj
c:\users\karel hevessy\src\vanetza-build\shared\vanetza\asn1\asn1_its_r2.dir\release\vehiclerole.obj
c:\users\karel hevessy\src\vanetza-build\shared\vanetza\asn1\asn1_its_r2.dir\release\vehiclewidth.obj
c:\users\karel hevessy\src\vanetza-build\shared\vanetza\asn1\asn1_its_r2.dir\release\velocity3dwithconfidence.obj
c:\users\karel hevessy\src\vanetza-build\shared\vanetza\asn1\asn1_its_r2.dir\release\velocitycartesian.obj
c:\users\karel hevessy\src\vanetza-build\shared\vanetza\asn1\asn1_its_r2.dir\release\velocitycomponent.obj
c:\users\karel hevessy\src\vanetza-build\shared\vanetza\asn1\asn1_its_r2.dir\release\velocitycomponentvalue.obj
c:\users\karel hevessy\src\vanetza-build\shared\vanetza\asn1\asn1_its_r2.dir\release\velocitypolarwithz.obj
c:\users\karel hevessy\src\vanetza-build\shared\vanetza\asn1\asn1_its_r2.dir\release\verticalacceleration.obj
c:\users\karel hevessy\src\vanetza-build\shared\vanetza\asn1\asn1_its_r2.dir\release\verticalaccelerationvalue.obj
c:\users\karel hevessy\src\vanetza-build\shared\vanetza\asn1\asn1_its_r2.dir\release\vruclusterinformation.obj
c:\users\karel hevessy\src\vanetza-build\shared\vanetza\asn1\asn1_its_r2.dir\release\vruclusterprofiles.obj
c:\users\karel hevessy\src\vanetza-build\shared\vanetza\asn1\asn1_its_r2.dir\release\vrudeviceusage.obj
c:\users\karel hevessy\src\vanetza-build\shared\vanetza\asn1\asn1_its_r2.dir\release\vruenvironment.obj
c:\users\karel hevessy\src\vanetza-build\shared\vanetza\asn1\asn1_its_r2.dir\release\vruexteriorlights.obj
c:\users\karel hevessy\src\vanetza-build\shared\vanetza\asn1\asn1_its_r2.dir\release\vrumovementcontrol.obj
c:\users\karel hevessy\src\vanetza-build\shared\vanetza\asn1\asn1_its_r2.dir\release\vruprofileandsubprofile.obj
c:\users\karel hevessy\src\vanetza-build\shared\vanetza\asn1\asn1_its_r2.dir\release\vrusizeclass.obj
c:\users\karel hevessy\src\vanetza-build\shared\vanetza\asn1\asn1_its_r2.dir\release\vruspecificexteriorlights.obj
c:\users\karel hevessy\src\vanetza-build\shared\vanetza\asn1\asn1_its_r2.dir\release\vrusubprofileanimal.obj
c:\users\karel hevessy\src\vanetza-build\shared\vanetza\asn1\asn1_its_r2.dir\release\vrusubprofilebicyclist.obj
c:\users\karel hevessy\src\vanetza-build\shared\vanetza\asn1\asn1_its_r2.dir\release\vrusubprofilemotorcyclist.obj
c:\users\karel hevessy\src\vanetza-build\shared\vanetza\asn1\asn1_its_r2.dir\release\vrusubprofilepedestrian.obj
c:\users\karel hevessy\src\vanetza-build\shared\vanetza\asn1\asn1_its_r2.dir\release\wgs84angle.obj
c:\users\karel hevessy\src\vanetza-build\shared\vanetza\asn1\asn1_its_r2.dir\release\wgs84angleconfidence.obj
c:\users\karel hevessy\src\vanetza-build\shared\vanetza\asn1\asn1_its_r2.dir\release\wgs84anglevalue.obj
c:\users\karel hevessy\src\vanetza-build\shared\vanetza\asn1\asn1_its_r2.dir\release\wheelbasevehicle.obj
c:\users\karel hevessy\src\vanetza-build\shared\vanetza\asn1\asn1_its_r2.dir\release\wminumber.obj
c:\users\karel hevessy\src\vanetza-build\shared\vanetza\asn1\asn1_its_r2.dir\release\wrappedcpmcontainer.obj
c:\users\karel hevessy\src\vanetza-build\shared\vanetza\asn1\asn1_its_r2.dir\release\wrappedcpmcontainers.obj
c:\users\karel hevessy\src\vanetza-build\shared\vanetza\asn1\asn1_its_r2.dir\release\wrongwaydrivingsubcausecode.obj
c:\users\karel hevessy\src\vanetza-build\shared\vanetza\asn1\asn1_its_r2.dir\release\yawrate.obj
c:\users\karel hevessy\src\vanetza-build\shared\vanetza\asn1\asn1_its_r2.dir\release\yawrateconfidence.obj
c:\users\karel hevessy\src\vanetza-build\shared\vanetza\asn1\asn1_its_r2.dir\release\yawratevalue.obj
c:\users\karel hevessy\src\vanetza-build\shared\vanetza\asn1\asn1_its_r2.dir\release\asn1_its_r2.tlog\cl.command.1.tlog
c:\users\karel hevessy\src\vanetza-build\shared\vanetza\asn1\asn1_its_r2.dir\release\asn1_its_r2.tlog\cl.write.1.tlog
c:\users\karel hevessy\src\vanetza-build\shared\vanetza\asn1\asn1_its_r2.dir\release\asn1_its_r2.tlog\custombuild.command.1.tlog
c:\users\karel hevessy\src\vanetza-build\shared\vanetza\asn1\asn1_its_r2.dir\release\asn1_its_r2.tlog\custombuild.read.1.tlog
c:\users\karel hevessy\src\vanetza-build\shared\vanetza\asn1\asn1_its_r2.dir\release\asn1_its_r2.tlog\custombuild.write.1.tlog
c:\users\karel hevessy\src\vanetza-build\shared\vanetza\asn1\asn1_its_r2.dir\release\asn1_its_r2.tlog\link-cvtres.read.1.tlog
c:\users\karel hevessy\src\vanetza-build\shared\vanetza\asn1\asn1_its_r2.dir\release\asn1_its_r2.tlog\link-cvtres.write.1.tlog
c:\users\karel hevessy\src\vanetza-build\shared\vanetza\asn1\asn1_its_r2.dir\release\asn1_its_r2.tlog\link-rc.read.1.tlog
c:\users\karel hevessy\src\vanetza-build\shared\vanetza\asn1\asn1_its_r2.dir\release\asn1_its_r2.tlog\link-rc.write.1.tlog
c:\users\karel hevessy\src\vanetza-build\shared\vanetza\asn1\asn1_its_r2.dir\release\asn1_its_r2.tlog\link.command.1.tlog
c:\users\karel hevessy\src\vanetza-build\shared\vanetza\asn1\asn1_its_r2.dir\release\asn1_its_r2.tlog\link.read.1.tlog
c:\users\karel hevessy\src\vanetza-build\shared\vanetza\asn1\asn1_its_r2.dir\release\asn1_its_r2.tlog\link.write.1.tlog
