c:\users\karel hevessy\src\vanetza-build\shared\vanetza\security\cmakefiles\generate.stamp
c:\users\karel hevessy\src\vanetza-build\shared\lib\static\release\vanetza_security.lib
c:\users\karel hevessy\src\vanetza-build\shared\lib\static\release\vanetza_security.exp
c:\users\karel hevessy\src\vanetza-build\shared\vanetza\security\security.dir\release\asn1_conversions.obj
c:\users\karel hevessy\src\vanetza-build\shared\vanetza\security\security.dir\release\backend.obj
c:\users\karel hevessy\src\vanetza-build\shared\vanetza\security\security.dir\release\backend_cryptopp.obj
c:\users\karel hevessy\src\vanetza-build\shared\vanetza\security\security.dir\release\backend_null.obj
c:\users\karel hevessy\src\vanetza-build\shared\vanetza\security\security.dir\release\basic_elements.obj
c:\users\karel hevessy\src\vanetza-build\shared\vanetza\security\security.dir\release\cam_ssp.obj
c:\users\karel hevessy\src\vanetza-build\shared\vanetza\security\security.dir\release\certificate_validator.obj
c:\users\karel hevessy\src\vanetza-build\shared\vanetza\security\security.dir\release\decap_service.obj
c:\users\karel hevessy\src\vanetza-build\shared\vanetza\security\security.dir\release\default_certificate_validator.obj
c:\users\karel hevessy\src\vanetza-build\shared\vanetza\security\security.dir\release\delegating_security_entity.obj
c:\users\karel hevessy\src\vanetza-build\shared\vanetza\security\security.dir\release\distance.obj
c:\users\karel hevessy\src\vanetza-build\shared\vanetza\security\security.dir\release\ecc_point.cpp.obj
c:\users\karel hevessy\src\vanetza-build\shared\vanetza\security\security.dir\release\ecdsa256.obj
c:\users\karel hevessy\src\vanetza-build\shared\vanetza\security\security.dir\release\encap_service.obj
c:\users\karel hevessy\src\vanetza-build\shared\vanetza\security\security.dir\release\encryption_parameter.obj
c:\users\karel hevessy\src\vanetza-build\shared\vanetza\security\security.dir\release\hash.obj
c:\users\karel hevessy\src\vanetza-build\shared\vanetza\security\security.dir\release\hashed_id.obj
c:\users\karel hevessy\src\vanetza-build\shared\vanetza\security\security.dir\release\header_field.obj
c:\users\karel hevessy\src\vanetza-build\shared\vanetza\security\security.dir\release\int_x.obj
c:\users\karel hevessy\src\vanetza-build\shared\vanetza\security\security.dir\release\key_type.obj
c:\users\karel hevessy\src\vanetza-build\shared\vanetza\security\security.dir\release\length_coding.obj
c:\users\karel hevessy\src\vanetza-build\shared\vanetza\security\security.dir\release\null_certificate_provider.obj
c:\users\karel hevessy\src\vanetza-build\shared\vanetza\security\security.dir\release\null_certificate_validator.obj
c:\users\karel hevessy\src\vanetza-build\shared\vanetza\security\security.dir\release\payload.obj
c:\users\karel hevessy\src\vanetza-build\shared\vanetza\security\security.dir\release\peer_request_tracker.obj
c:\users\karel hevessy\src\vanetza-build\shared\vanetza\security\security.dir\release\public_key.obj
c:\users\karel hevessy\src\vanetza-build\shared\vanetza\security\security.dir\release\recipient_info.obj
c:\users\karel hevessy\src\vanetza-build\shared\vanetza\security\security.dir\release\region.obj
c:\users\karel hevessy\src\vanetza-build\shared\vanetza\security\security.dir\release\secured_message.cpp.obj
c:\users\karel hevessy\src\vanetza-build\shared\vanetza\security\security.dir\release\serialization.obj
c:\users\karel hevessy\src\vanetza-build\shared\vanetza\security\security.dir\release\sha.obj
c:\users\karel hevessy\src\vanetza-build\shared\vanetza\security\security.dir\release\signature.cpp.obj
c:\users\karel hevessy\src\vanetza-build\shared\vanetza\security\security.dir\release\signer_info.obj
c:\users\karel hevessy\src\vanetza-build\shared\vanetza\security\security.dir\release\straight_verify_service.obj
c:\users\karel hevessy\src\vanetza-build\shared\vanetza\security\security.dir\release\subject_attribute.obj
c:\users\karel hevessy\src\vanetza-build\shared\vanetza\security\security.dir\release\subject_info.obj
c:\users\karel hevessy\src\vanetza-build\shared\vanetza\security\security.dir\release\trailer_field.obj
c:\users\karel hevessy\src\vanetza-build\shared\vanetza\security\security.dir\release\trust_store.obj
c:\users\karel hevessy\src\vanetza-build\shared\vanetza\security\security.dir\release\validity_restriction.obj
c:\users\karel hevessy\src\vanetza-build\shared\vanetza\security\security.dir\release\verification.obj
c:\users\karel hevessy\src\vanetza-build\shared\vanetza\security\security.dir\release\verify_service.obj
c:\users\karel hevessy\src\vanetza-build\shared\bin\release\vanetza_security.dll
c:\users\karel hevessy\src\vanetza-build\shared\vanetza\security\security.dir\release\security.tlog\cl.command.1.tlog
c:\users\karel hevessy\src\vanetza-build\shared\vanetza\security\security.dir\release\security.tlog\cl.read.1.tlog
c:\users\karel hevessy\src\vanetza-build\shared\vanetza\security\security.dir\release\security.tlog\cl.write.1.tlog
c:\users\karel hevessy\src\vanetza-build\shared\vanetza\security\security.dir\release\security.tlog\custombuild.command.1.tlog
c:\users\karel hevessy\src\vanetza-build\shared\vanetza\security\security.dir\release\security.tlog\custombuild.read.1.tlog
c:\users\karel hevessy\src\vanetza-build\shared\vanetza\security\security.dir\release\security.tlog\custombuild.write.1.tlog
c:\users\karel hevessy\src\vanetza-build\shared\vanetza\security\security.dir\release\security.tlog\link.command.1.tlog
c:\users\karel hevessy\src\vanetza-build\shared\vanetza\security\security.dir\release\security.tlog\link.read.1.tlog
c:\users\karel hevessy\src\vanetza-build\shared\vanetza\security\security.dir\release\security.tlog\link.write.1.tlog
c:\users\karel hevessy\src\vanetza-build\shared\vanetza\security\security.dir\release\security.tlog\security.write.1u.tlog
