c:\users\karel hevessy\src\vanetza-build\shared\vanetza\net\cmakefiles\generate.stamp
c:\users\karel hevessy\src\vanetza-build\shared\lib\static\release\vanetza_net.lib
c:\users\karel hevessy\src\vanetza-build\shared\lib\static\release\vanetza_net.exp
c:\users\karel hevessy\src\vanetza-build\shared\vanetza\net\net.dir\release\buffer_packet.obj
c:\users\karel hevessy\src\vanetza-build\shared\vanetza\net\net.dir\release\chunk_packet.obj
c:\users\karel hevessy\src\vanetza-build\shared\vanetza\net\net.dir\release\cohesive_packet.obj
c:\users\karel hevessy\src\vanetza-build\shared\vanetza\net\net.dir\release\ethernet_header.obj
c:\users\karel hevessy\src\vanetza-build\shared\vanetza\net\net.dir\release\mac_address.obj
c:\users\karel hevessy\src\vanetza-build\shared\vanetza\net\net.dir\release\packet.obj
c:\users\karel hevessy\src\vanetza-build\shared\vanetza\net\net.dir\release\packet_variant.obj
c:\users\karel hevessy\src\vanetza-build\shared\vanetza\net\net.dir\release\proxy_header.obj
c:\users\karel hevessy\src\vanetza-build\shared\bin\release\vanetza_net.dll
c:\users\karel hevessy\src\vanetza-build\shared\vanetza\net\net.dir\release\net.tlog\cl.command.1.tlog
c:\users\karel hevessy\src\vanetza-build\shared\vanetza\net\net.dir\release\net.tlog\cl.write.1.tlog
c:\users\karel hevessy\src\vanetza-build\shared\vanetza\net\net.dir\release\net.tlog\custombuild.command.1.tlog
c:\users\karel hevessy\src\vanetza-build\shared\vanetza\net\net.dir\release\net.tlog\custombuild.read.1.tlog
c:\users\karel hevessy\src\vanetza-build\shared\vanetza\net\net.dir\release\net.tlog\custombuild.write.1.tlog
c:\users\karel hevessy\src\vanetza-build\shared\vanetza\net\net.dir\release\net.tlog\link.command.1.tlog
c:\users\karel hevessy\src\vanetza-build\shared\vanetza\net\net.dir\release\net.tlog\link.read.1.tlog
c:\users\karel hevessy\src\vanetza-build\shared\vanetza\net\net.dir\release\net.tlog\link.write.1.tlog
c:\users\karel hevessy\src\vanetza-build\shared\vanetza\net\net.dir\release\net.tlog\net.write.1u.tlog
