c:\users\karel hevessy\src\vanetza-build\shared\lib\static\release\vanetza_asn1_its.lib
c:\users\karel hevessy\src\vanetza-build\shared\lib\static\release\vanetza_asn1_its.exp
c:\users\karel hevessy\src\vanetza-build\shared\vanetza\asn1\cmakefiles\generate.stamp
c:\users\karel hevessy\src\vanetza-build\shared\vanetza\asn1\asn1_its.dir\release\absoluteposition.obj
c:\users\karel hevessy\src\vanetza-build\shared\vanetza\asn1\asn1_its.dir\release\absolutepositions.obj
c:\users\karel hevessy\src\vanetza-build\shared\vanetza\asn1\asn1_its.dir\release\absolutepositionswaltitude.obj
c:\users\karel hevessy\src\vanetza-build\shared\vanetza\asn1\asn1_its.dir\release\absolutepositionwaltitude.obj
c:\users\karel hevessy\src\vanetza-build\shared\vanetza\asn1\asn1_its.dir\release\accelerationconfidence.obj
c:\users\karel hevessy\src\vanetza-build\shared\vanetza\asn1\asn1_its.dir\release\accelerationcontrol.obj
c:\users\karel hevessy\src\vanetza-build\shared\vanetza\asn1\asn1_its.dir\release\accidentsubcausecode.obj
c:\users\karel hevessy\src\vanetza-build\shared\vanetza\asn1\asn1_its.dir\release\actionid.obj
c:\users\karel hevessy\src\vanetza-build\shared\vanetza\asn1\asn1_its.dir\release\actualnumberofpassengers.obj
c:\users\karel hevessy\src\vanetza-build\shared\vanetza\asn1\asn1_its.dir\release\addrq.obj
c:\users\karel hevessy\src\vanetza-build\shared\vanetza\asn1\asn1_its.dir\release\adverseweathercondition-adhesionsubcausecode.obj
c:\users\karel hevessy\src\vanetza-build\shared\vanetza\asn1\asn1_its.dir\release\adverseweathercondition-extremeweatherconditionsubcausecode.obj
c:\users\karel hevessy\src\vanetza-build\shared\vanetza\asn1\asn1_its.dir\release\adverseweathercondition-precipitationsubcausecode.obj
c:\users\karel hevessy\src\vanetza-build\shared\vanetza\asn1\asn1_its.dir\release\adverseweathercondition-visibilitysubcausecode.obj
c:\users\karel hevessy\src\vanetza-build\shared\vanetza\asn1\asn1_its.dir\release\advisoryspeed.obj
c:\users\karel hevessy\src\vanetza-build\shared\vanetza\asn1\asn1_its.dir\release\advisoryspeedlist.obj
c:\users\karel hevessy\src\vanetza-build\shared\vanetza\asn1\asn1_its.dir\release\advisoryspeedtype.obj
c:\users\karel hevessy\src\vanetza-build\shared\vanetza\asn1\asn1_its.dir\release\alacartecontainer.obj
c:\users\karel hevessy\src\vanetza-build\shared\vanetza\asn1\asn1_its.dir\release\allowedmaneuvers.obj
c:\users\karel hevessy\src\vanetza-build\shared\vanetza\asn1\asn1_its.dir\release\alphabetindicator.obj
c:\users\karel hevessy\src\vanetza-build\shared\vanetza\asn1\asn1_its.dir\release\altitude.obj
c:\users\karel hevessy\src\vanetza-build\shared\vanetza\asn1\asn1_its.dir\release\altitudeconfidence.obj
c:\users\karel hevessy\src\vanetza-build\shared\vanetza\asn1\asn1_its.dir\release\altitudevalue.obj
c:\users\karel hevessy\src\vanetza-build\shared\vanetza\asn1\asn1_its.dir\release\angle.obj
c:\users\karel hevessy\src\vanetza-build\shared\vanetza\asn1\asn1_its.dir\release\angleconfidence.obj
c:\users\karel hevessy\src\vanetza-build\shared\vanetza\asn1\asn1_its.dir\release\animalsubclass.obj
c:\users\karel hevessy\src\vanetza-build\shared\vanetza\asn1\asn1_its.dir\release\animalsubclasstype.obj
c:\users\karel hevessy\src\vanetza-build\shared\vanetza\asn1\asn1_its.dir\release\antennaoffsetset.obj
c:\users\karel hevessy\src\vanetza-build\shared\vanetza\asn1\asn1_its.dir\release\anycatalogue.obj
c:\users\karel hevessy\src\vanetza-build\shared\vanetza\asn1\asn1_its.dir\release\approachid.obj
c:\users\karel hevessy\src\vanetza-build\shared\vanetza\asn1\asn1_its.dir\release\areacircular.obj
c:\users\karel hevessy\src\vanetza-build\shared\vanetza\asn1\asn1_its.dir\release\areaellipse.obj
c:\users\karel hevessy\src\vanetza-build\shared\vanetza\asn1\asn1_its.dir\release\areapolygon.obj
c:\users\karel hevessy\src\vanetza-build\shared\vanetza\asn1\asn1_its.dir\release\arearadial.obj
c:\users\karel hevessy\src\vanetza-build\shared\vanetza\asn1\asn1_its.dir\release\arearectangle.obj
c:\users\karel hevessy\src\vanetza-build\shared\vanetza\asn1\asn1_its.dir\release\attributeidlist.obj
c:\users\karel hevessy\src\vanetza-build\shared\vanetza\asn1\asn1_its.dir\release\attributelist.obj
c:\users\karel hevessy\src\vanetza-build\shared\vanetza\asn1\asn1_its.dir\release\attributes.obj
c:\users\karel hevessy\src\vanetza-build\shared\vanetza\asn1\asn1_its.dir\release\automatedvehiclecontainer.obj
c:\users\karel hevessy\src\vanetza-build\shared\vanetza\asn1\asn1_its.dir\release\automatedvehiclerule.obj
c:\users\karel hevessy\src\vanetza-build\shared\vanetza\asn1\asn1_its.dir\release\automatedvehiclerules.obj
c:\users\karel hevessy\src\vanetza-build\shared\vanetza\asn1\asn1_its.dir\release\avcpart.obj
c:\users\karel hevessy\src\vanetza-build\shared\vanetza\asn1\asn1_its.dir\release\avieridatetime.obj
c:\users\karel hevessy\src\vanetza-build\shared\vanetza\asn1\asn1_its.dir\release\axleweightlimits.obj
c:\users\karel hevessy\src\vanetza-build\shared\vanetza\asn1\asn1_its.dir\release\bankingangle.obj
c:\users\karel hevessy\src\vanetza-build\shared\vanetza\asn1\asn1_its.dir\release\basiccontainer.obj
c:\users\karel hevessy\src\vanetza-build\shared\vanetza\asn1\asn1_its.dir\release\basicvehiclecontainerhighfrequency.obj
c:\users\karel hevessy\src\vanetza-build\shared\vanetza\asn1\asn1_its.dir\release\basicvehiclecontainerlowfrequency.obj
c:\users\karel hevessy\src\vanetza-build\shared\vanetza\asn1\asn1_its.dir\release\basicvehiclerole.obj
c:\users\karel hevessy\src\vanetza-build\shared\vanetza\asn1\asn1_its.dir\release\batterystatus.obj
c:\users\karel hevessy\src\vanetza-build\shared\vanetza\asn1\asn1_its.dir\release\cam.obj
c:\users\karel hevessy\src\vanetza-build\shared\vanetza\asn1\asn1_its.dir\release\camparameters.obj
c:\users\karel hevessy\src\vanetza-build\shared\vanetza\asn1\asn1_its.dir\release\cartesianangle.obj
c:\users\karel hevessy\src\vanetza-build\shared\vanetza\asn1\asn1_its.dir\release\cartesiananglevalue.obj
c:\users\karel hevessy\src\vanetza-build\shared\vanetza\asn1\asn1_its.dir\release\causecode.obj
c:\users\karel hevessy\src\vanetza-build\shared\vanetza\asn1\asn1_its.dir\release\causecodetype.obj
c:\users\karel hevessy\src\vanetza-build\shared\vanetza\asn1\asn1_its.dir\release\cendsrctollingzone.obj
c:\users\karel hevessy\src\vanetza-build\shared\vanetza\asn1\asn1_its.dir\release\cendsrctollingzoneid.obj
c:\users\karel hevessy\src\vanetza-build\shared\vanetza\asn1\asn1_its.dir\release\channelid.obj
c:\users\karel hevessy\src\vanetza-build\shared\vanetza\asn1\asn1_its.dir\release\channelrq.obj
c:\users\karel hevessy\src\vanetza-build\shared\vanetza\asn1\asn1_its.dir\release\channelrs.obj
c:\users\karel hevessy\src\vanetza-build\shared\vanetza\asn1\asn1_its.dir\release\classconfidence.obj
c:\users\karel hevessy\src\vanetza-build\shared\vanetza\asn1\asn1_its.dir\release\closedlanes.obj
c:\users\karel hevessy\src\vanetza-build\shared\vanetza\asn1\asn1_its.dir\release\co2emissionvalue.obj
c:\users\karel hevessy\src\vanetza-build\shared\vanetza\asn1\asn1_its.dir\release\code-units.obj
c:\users\karel hevessy\src\vanetza-build\shared\vanetza\asn1\asn1_its.dir\release\collectiveperceptionmessage.obj
c:\users\karel hevessy\src\vanetza-build\shared\vanetza\asn1\asn1_its.dir\release\collisionrisksubcausecode.obj
c:\users\karel hevessy\src\vanetza-build\shared\vanetza\asn1\asn1_its.dir\release\comparisonoperator.obj
c:\users\karel hevessy\src\vanetza-build\shared\vanetza\asn1\asn1_its.dir\release\completevehiclecharacteristics.obj
c:\users\karel hevessy\src\vanetza-build\shared\vanetza\asn1\asn1_its.dir\release\computedlane.obj
c:\users\karel hevessy\src\vanetza-build\shared\vanetza\asn1\asn1_its.dir\release\computedsegment.obj
c:\users\karel hevessy\src\vanetza-build\shared\vanetza\asn1\asn1_its.dir\release\condition.obj
c:\users\karel hevessy\src\vanetza-build\shared\vanetza\asn1\asn1_its.dir\release\connecteddenms.obj
c:\users\karel hevessy\src\vanetza-build\shared\vanetza\asn1\asn1_its.dir\release\connectinglane.obj
c:\users\karel hevessy\src\vanetza-build\shared\vanetza\asn1\asn1_its.dir\release\connection.obj
c:\users\karel hevessy\src\vanetza-build\shared\vanetza\asn1\asn1_its.dir\release\connectionmaneuverassist-addgrpc.obj
c:\users\karel hevessy\src\vanetza-build\shared\vanetza\asn1\asn1_its.dir\release\connectionmaneuverassist.obj
c:\users\karel hevessy\src\vanetza-build\shared\vanetza\asn1\asn1_its.dir\release\connectiontrajectory-addgrpc.obj
c:\users\karel hevessy\src\vanetza-build\shared\vanetza\asn1\asn1_its.dir\release\connectstolist.obj
c:\users\karel hevessy\src\vanetza-build\shared\vanetza\asn1\asn1_its.dir\release\constrainttextlines1.obj
c:\users\karel hevessy\src\vanetza-build\shared\vanetza\asn1\asn1_its.dir\release\constrainttextlines2.obj
c:\users\karel hevessy\src\vanetza-build\shared\vanetza\asn1\asn1_its.dir\release\contractauthenticator.obj
c:\users\karel hevessy\src\vanetza-build\shared\vanetza\asn1\asn1_its.dir\release\contractserialnumber.obj
c:\users\karel hevessy\src\vanetza-build\shared\vanetza\asn1\asn1_its.dir\release\contractvalidity.obj
c:\users\karel hevessy\src\vanetza-build\shared\vanetza\asn1\asn1_its.dir\release\contractvehicle.obj
c:\users\karel hevessy\src\vanetza-build\shared\vanetza\asn1\asn1_its.dir\release\coopawareness.obj
c:\users\karel hevessy\src\vanetza-build\shared\vanetza\asn1\asn1_its.dir\release\copvalue.obj
c:\users\karel hevessy\src\vanetza-build\shared\vanetza\asn1\asn1_its.dir\release\copyrq.obj
c:\users\karel hevessy\src\vanetza-build\shared\vanetza\asn1\asn1_its.dir\release\countrycode.obj
c:\users\karel hevessy\src\vanetza-build\shared\vanetza\asn1\asn1_its.dir\release\cpm.obj
c:\users\karel hevessy\src\vanetza-build\shared\vanetza\asn1\asn1_its.dir\release\cpmmanagementcontainer.obj
c:\users\karel hevessy\src\vanetza-build\shared\vanetza\asn1\asn1_its.dir\release\cpmparameters.obj
c:\users\karel hevessy\src\vanetza-build\shared\vanetza\asn1\asn1_its.dir\release\creditrq.obj
c:\users\karel hevessy\src\vanetza-build\shared\vanetza\asn1\asn1_its.dir\release\creditrs.obj
c:\users\karel hevessy\src\vanetza-build\shared\vanetza\asn1\asn1_its.dir\release\cs1.obj
c:\users\karel hevessy\src\vanetza-build\shared\vanetza\asn1\asn1_its.dir\release\cs2.obj
c:\users\karel hevessy\src\vanetza-build\shared\vanetza\asn1\asn1_its.dir\release\cs3.obj
c:\users\karel hevessy\src\vanetza-build\shared\vanetza\asn1\asn1_its.dir\release\cs4.obj
c:\users\karel hevessy\src\vanetza-build\shared\vanetza\asn1\asn1_its.dir\release\cs5.obj
c:\users\karel hevessy\src\vanetza-build\shared\vanetza\asn1\asn1_its.dir\release\cs7.obj
c:\users\karel hevessy\src\vanetza-build\shared\vanetza\asn1\asn1_its.dir\release\cs8.obj
c:\users\karel hevessy\src\vanetza-build\shared\vanetza\asn1\asn1_its.dir\release\curvature.obj
c:\users\karel hevessy\src\vanetza-build\shared\vanetza\asn1\asn1_its.dir\release\curvaturecalculationmode.obj
c:\users\karel hevessy\src\vanetza-build\shared\vanetza\asn1\asn1_its.dir\release\curvatureconfidence.obj
c:\users\karel hevessy\src\vanetza-build\shared\vanetza\asn1\asn1_its.dir\release\curvaturevalue.obj
c:\users\karel hevessy\src\vanetza-build\shared\vanetza\asn1\asn1_its.dir\release\dangerousendofqueuesubcausecode.obj
c:\users\karel hevessy\src\vanetza-build\shared\vanetza\asn1\asn1_its.dir\release\dangerousgoodsbasic.obj
c:\users\karel hevessy\src\vanetza-build\shared\vanetza\asn1\asn1_its.dir\release\dangerousgoodscontainer.obj
c:\users\karel hevessy\src\vanetza-build\shared\vanetza\asn1\asn1_its.dir\release\dangerousgoodsextended.obj
c:\users\karel hevessy\src\vanetza-build\shared\vanetza\asn1\asn1_its.dir\release\dangeroussituationsubcausecode.obj
c:\users\karel hevessy\src\vanetza-build\shared\vanetza\asn1\asn1_its.dir\release\dataparameters.obj
c:\users\karel hevessy\src\vanetza-build\shared\vanetza\asn1\asn1_its.dir\release\dateandtime.obj
c:\users\karel hevessy\src\vanetza-build\shared\vanetza\asn1\asn1_its.dir\release\datecompact.obj
c:\users\karel hevessy\src\vanetza-build\shared\vanetza\asn1\asn1_its.dir\release\dayofweek.obj
c:\users\karel hevessy\src\vanetza-build\shared\vanetza\asn1\asn1_its.dir\release\ddatetime.obj
c:\users\karel hevessy\src\vanetza-build\shared\vanetza\asn1\asn1_its.dir\release\dday.obj
c:\users\karel hevessy\src\vanetza-build\shared\vanetza\asn1\asn1_its.dir\release\ddd-io-list.obj
c:\users\karel hevessy\src\vanetza-build\shared\vanetza\asn1\asn1_its.dir\release\ddd-io.obj
c:\users\karel hevessy\src\vanetza-build\shared\vanetza\asn1\asn1_its.dir\release\debitrq.obj
c:\users\karel hevessy\src\vanetza-build\shared\vanetza\asn1\asn1_its.dir\release\debitrs.obj
c:\users\karel hevessy\src\vanetza-build\shared\vanetza\asn1\asn1_its.dir\release\decentralizedenvironmentalnotificationmessage.obj
c:\users\karel hevessy\src\vanetza-build\shared\vanetza\asn1\asn1_its.dir\release\definitionaccuracy.obj
c:\users\karel hevessy\src\vanetza-build\shared\vanetza\asn1\asn1_its.dir\release\deltaaltitude.obj
c:\users\karel hevessy\src\vanetza-build\shared\vanetza\asn1\asn1_its.dir\release\deltaangle.obj
c:\users\karel hevessy\src\vanetza-build\shared\vanetza\asn1\asn1_its.dir\release\deltalatitude.obj
c:\users\karel hevessy\src\vanetza-build\shared\vanetza\asn1\asn1_its.dir\release\deltalongitude.obj
c:\users\karel hevessy\src\vanetza-build\shared\vanetza\asn1\asn1_its.dir\release\deltaposition.obj
c:\users\karel hevessy\src\vanetza-build\shared\vanetza\asn1\asn1_its.dir\release\deltapositions.obj
c:\users\karel hevessy\src\vanetza-build\shared\vanetza\asn1\asn1_its.dir\release\deltareferenceposition.obj
c:\users\karel hevessy\src\vanetza-build\shared\vanetza\asn1\asn1_its.dir\release\deltareferencepositions.obj
c:\users\karel hevessy\src\vanetza-build\shared\vanetza\asn1\asn1_its.dir\release\deltatime.obj
c:\users\karel hevessy\src\vanetza-build\shared\vanetza\asn1\asn1_its.dir\release\denm.obj
c:\users\karel hevessy\src\vanetza-build\shared\vanetza\asn1\asn1_its.dir\release\depth.obj
c:\users\karel hevessy\src\vanetza-build\shared\vanetza\asn1\asn1_its.dir\release\descriptivecharacteristics.obj
c:\users\karel hevessy\src\vanetza-build\shared\vanetza\asn1\asn1_its.dir\release\descriptivename.obj
c:\users\karel hevessy\src\vanetza-build\shared\vanetza\asn1\asn1_its.dir\release\destinationplace.obj
c:\users\karel hevessy\src\vanetza-build\shared\vanetza\asn1\asn1_its.dir\release\destinationplaces.obj
c:\users\karel hevessy\src\vanetza-build\shared\vanetza\asn1\asn1_its.dir\release\destinationroad.obj
c:\users\karel hevessy\src\vanetza-build\shared\vanetza\asn1\asn1_its.dir\release\destinationroads.obj
c:\users\karel hevessy\src\vanetza-build\shared\vanetza\asn1\asn1_its.dir\release\destinationroadtype.obj
c:\users\karel hevessy\src\vanetza-build\shared\vanetza\asn1\asn1_its.dir\release\destinationtype.obj
c:\users\karel hevessy\src\vanetza-build\shared\vanetza\asn1\asn1_its.dir\release\detectionarea.obj
c:\users\karel hevessy\src\vanetza-build\shared\vanetza\asn1\asn1_its.dir\release\dhour.obj
c:\users\karel hevessy\src\vanetza-build\shared\vanetza\asn1\asn1_its.dir\release\dieselemissionvalues.obj
c:\users\karel hevessy\src\vanetza-build\shared\vanetza\asn1\asn1_its.dir\release\digitalmap.obj
c:\users\karel hevessy\src\vanetza-build\shared\vanetza\asn1\asn1_its.dir\release\direction.obj
c:\users\karel hevessy\src\vanetza-build\shared\vanetza\asn1\asn1_its.dir\release\distance.obj
c:\users\karel hevessy\src\vanetza-build\shared\vanetza\asn1\asn1_its.dir\release\distanceconfidence.obj
c:\users\karel hevessy\src\vanetza-build\shared\vanetza\asn1\asn1_its.dir\release\distanceorduration.obj
c:\users\karel hevessy\src\vanetza-build\shared\vanetza\asn1\asn1_its.dir\release\distancevalue.obj
c:\users\karel hevessy\src\vanetza-build\shared\vanetza\asn1\asn1_its.dir\release\dminute.obj
c:\users\karel hevessy\src\vanetza-build\shared\vanetza\asn1\asn1_its.dir\release\dmonth.obj
c:\users\karel hevessy\src\vanetza-build\shared\vanetza\asn1\asn1_its.dir\release\doffset.obj
c:\users\karel hevessy\src\vanetza-build\shared\vanetza\asn1\asn1_its.dir\release\drivedirection.obj
c:\users\karel hevessy\src\vanetza-build\shared\vanetza\asn1\asn1_its.dir\release\drivenlineoffsetlg.obj
c:\users\karel hevessy\src\vanetza-build\shared\vanetza\asn1\asn1_its.dir\release\drivenlineoffsetsm.obj
c:\users\karel hevessy\src\vanetza-build\shared\vanetza\asn1\asn1_its.dir\release\drivinglanestatus.obj
c:\users\karel hevessy\src\vanetza-build\shared\vanetza\asn1\asn1_its.dir\release\dsecond.obj
c:\users\karel hevessy\src\vanetza-build\shared\vanetza\asn1\asn1_its.dir\release\dsrcmsgid.obj
c:\users\karel hevessy\src\vanetza-build\shared\vanetza\asn1\asn1_its.dir\release\dyear.obj
c:\users\karel hevessy\src\vanetza-build\shared\vanetza\asn1\asn1_its.dir\release\dynamicstatus.obj
c:\users\karel hevessy\src\vanetza-build\shared\vanetza\asn1\asn1_its.dir\release\efc-contextmark.obj
c:\users\karel hevessy\src\vanetza-build\shared\vanetza\asn1\asn1_its.dir\release\efcdsrcapplication_drivercharacteristics.obj
c:\users\karel hevessy\src\vanetza-build\shared\vanetza\asn1\asn1_its.dir\release\efcdsrcapplication_trailercharacteristics.obj
c:\users\karel hevessy\src\vanetza-build\shared\vanetza\asn1\asn1_its.dir\release\elevation.obj
c:\users\karel hevessy\src\vanetza-build\shared\vanetza\asn1\asn1_its.dir\release\elevationconfidence.obj
c:\users\karel hevessy\src\vanetza-build\shared\vanetza\asn1\asn1_its.dir\release\embarkationstatus.obj
c:\users\karel hevessy\src\vanetza-build\shared\vanetza\asn1\asn1_its.dir\release\emergencycontainer.obj
c:\users\karel hevessy\src\vanetza-build\shared\vanetza\asn1\asn1_its.dir\release\emergencypriority.obj
c:\users\karel hevessy\src\vanetza-build\shared\vanetza\asn1\asn1_its.dir\release\emergencyvehicleapproachingsubcausecode.obj
c:\users\karel hevessy\src\vanetza-build\shared\vanetza\asn1\asn1_its.dir\release\emissiontype.obj
c:\users\karel hevessy\src\vanetza-build\shared\vanetza\asn1\asn1_its.dir\release\enabledlanelist.obj
c:\users\karel hevessy\src\vanetza-build\shared\vanetza\asn1\asn1_its.dir\release\energystoragetype.obj
c:\users\karel hevessy\src\vanetza-build\shared\vanetza\asn1\asn1_its.dir\release\engine.obj
c:\users\karel hevessy\src\vanetza-build\shared\vanetza\asn1\asn1_its.dir\release\enginecharacteristics.obj
c:\users\karel hevessy\src\vanetza-build\shared\vanetza\asn1\asn1_its.dir\release\environmentalcharacteristics.obj
c:\users\karel hevessy\src\vanetza-build\shared\vanetza\asn1\asn1_its.dir\release\equipmentobuid.obj
c:\users\karel hevessy\src\vanetza-build\shared\vanetza\asn1\asn1_its.dir\release\equipmentstatus.obj
c:\users\karel hevessy\src\vanetza-build\shared\vanetza\asn1\asn1_its.dir\release\eurovalue.obj
c:\users\karel hevessy\src\vanetza-build\shared\vanetza\asn1\asn1_its.dir\release\euvehiclecategorycode.obj
c:\users\karel hevessy\src\vanetza-build\shared\vanetza\asn1\asn1_its.dir\release\euvehiclecategoryl.obj
c:\users\karel hevessy\src\vanetza-build\shared\vanetza\asn1\asn1_its.dir\release\euvehiclecategorym.obj
c:\users\karel hevessy\src\vanetza-build\shared\vanetza\asn1\asn1_its.dir\release\euvehiclecategoryn.obj
c:\users\karel hevessy\src\vanetza-build\shared\vanetza\asn1\asn1_its.dir\release\euvehiclecategoryo.obj
c:\users\karel hevessy\src\vanetza-build\shared\vanetza\asn1\asn1_its.dir\release\eventhistory.obj
c:\users\karel hevessy\src\vanetza-build\shared\vanetza\asn1\asn1_its.dir\release\eventpoint.obj
c:\users\karel hevessy\src\vanetza-build\shared\vanetza\asn1\asn1_its.dir\release\exceptionalcondition.obj
c:\users\karel hevessy\src\vanetza-build\shared\vanetza\asn1\asn1_its.dir\release\exhaustemissionvalues.obj
c:\users\karel hevessy\src\vanetza-build\shared\vanetza\asn1\asn1_its.dir\release\ext1.obj
c:\users\karel hevessy\src\vanetza-build\shared\vanetza\asn1\asn1_its.dir\release\ext2.obj
c:\users\karel hevessy\src\vanetza-build\shared\vanetza\asn1\asn1_its.dir\release\ext3.obj
c:\users\karel hevessy\src\vanetza-build\shared\vanetza\asn1\asn1_its.dir\release\exteriorlights.obj
c:\users\karel hevessy\src\vanetza-build\shared\vanetza\asn1\asn1_its.dir\release\freespaceaddendum.obj
c:\users\karel hevessy\src\vanetza-build\shared\vanetza\asn1\asn1_its.dir\release\freespaceaddendumcontainer.obj
c:\users\karel hevessy\src\vanetza-build\shared\vanetza\asn1\asn1_its.dir\release\freespacearea.obj
c:\users\karel hevessy\src\vanetza-build\shared\vanetza\asn1\asn1_its.dir\release\freespaceconfidence.obj
c:\users\karel hevessy\src\vanetza-build\shared\vanetza\asn1\asn1_its.dir\release\freightcontainerdata.obj
c:\users\karel hevessy\src\vanetza-build\shared\vanetza\asn1\asn1_its.dir\release\frictioncoefficient.obj
c:\users\karel hevessy\src\vanetza-build\shared\vanetza\asn1\asn1_its.dir\release\frontoverhang.obj
c:\users\karel hevessy\src\vanetza-build\shared\vanetza\asn1\asn1_its.dir\release\fueltype.obj
c:\users\karel hevessy\src\vanetza-build\shared\vanetza\asn1\asn1_its.dir\release\fullpositionvector.obj
c:\users\karel hevessy\src\vanetza-build\shared\vanetza\asn1\asn1_its.dir\release\futurecharacteristics.obj
c:\users\karel hevessy\src\vanetza-build\shared\vanetza\asn1\asn1_its.dir\release\gapbetweenvehicles.obj
c:\users\karel hevessy\src\vanetza-build\shared\vanetza\asn1\asn1_its.dir\release\gddattribute.obj
c:\users\karel hevessy\src\vanetza-build\shared\vanetza\asn1\asn1_its.dir\release\gddattributes.obj
c:\users\karel hevessy\src\vanetza-build\shared\vanetza\asn1\asn1_its.dir\release\gddstructure.obj
c:\users\karel hevessy\src\vanetza-build\shared\vanetza\asn1\asn1_its.dir\release\generalivicontainer.obj
c:\users\karel hevessy\src\vanetza-build\shared\vanetza\asn1\asn1_its.dir\release\generationdeltatime.obj
c:\users\karel hevessy\src\vanetza-build\shared\vanetza\asn1\asn1_its.dir\release\genericlane.obj
c:\users\karel hevessy\src\vanetza-build\shared\vanetza\asn1\asn1_its.dir\release\geographicallimit.obj
c:\users\karel hevessy\src\vanetza-build\shared\vanetza\asn1\asn1_its.dir\release\geographiclocationcontainer.obj
c:\users\karel hevessy\src\vanetza-build\shared\vanetza\asn1\asn1_its.dir\release\getinstancerq.obj
c:\users\karel hevessy\src\vanetza-build\shared\vanetza\asn1\asn1_its.dir\release\getinstancers.obj
c:\users\karel hevessy\src\vanetza-build\shared\vanetza\asn1\asn1_its.dir\release\getstampedrq.obj
c:\users\karel hevessy\src\vanetza-build\shared\vanetza\asn1\asn1_its.dir\release\getstampedrs.obj
c:\users\karel hevessy\src\vanetza-build\shared\vanetza\asn1\asn1_its.dir\release\gicpart.obj
c:\users\karel hevessy\src\vanetza-build\shared\vanetza\asn1\asn1_its.dir\release\glcpart.obj
c:\users\karel hevessy\src\vanetza-build\shared\vanetza\asn1\asn1_its.dir\release\glcparts.obj
c:\users\karel hevessy\src\vanetza-build\shared\vanetza\asn1\asn1_its.dir\release\gnssstatus.obj
c:\users\karel hevessy\src\vanetza-build\shared\vanetza\asn1\asn1_its.dir\release\goodstype.obj
c:\users\karel hevessy\src\vanetza-build\shared\vanetza\asn1\asn1_its.dir\release\hardshoulderstatus.obj
c:\users\karel hevessy\src\vanetza-build\shared\vanetza\asn1\asn1_its.dir\release\hazardouslocation-animalontheroadsubcausecode.obj
c:\users\karel hevessy\src\vanetza-build\shared\vanetza\asn1\asn1_its.dir\release\hazardouslocation-dangerouscurvesubcausecode.obj
c:\users\karel hevessy\src\vanetza-build\shared\vanetza\asn1\asn1_its.dir\release\hazardouslocation-obstacleontheroadsubcausecode.obj
c:\users\karel hevessy\src\vanetza-build\shared\vanetza\asn1\asn1_its.dir\release\hazardouslocation-surfaceconditionsubcausecode.obj
c:\users\karel hevessy\src\vanetza-build\shared\vanetza\asn1\asn1_its.dir\release\heading.obj
c:\users\karel hevessy\src\vanetza-build\shared\vanetza\asn1\asn1_its.dir\release\headingconfidence.obj
c:\users\karel hevessy\src\vanetza-build\shared\vanetza\asn1\asn1_its.dir\release\headingiso.obj
c:\users\karel hevessy\src\vanetza-build\shared\vanetza\asn1\asn1_its.dir\release\headingisoconfidenceiso.obj
c:\users\karel hevessy\src\vanetza-build\shared\vanetza\asn1\asn1_its.dir\release\headingvalue.obj
c:\users\karel hevessy\src\vanetza-build\shared\vanetza\asn1\asn1_its.dir\release\heightloncarr.obj
c:\users\karel hevessy\src\vanetza-build\shared\vanetza\asn1\asn1_its.dir\release\highfrequencycontainer.obj
c:\users\karel hevessy\src\vanetza-build\shared\vanetza\asn1\asn1_its.dir\release\hitchpointoffset.obj
c:\users\karel hevessy\src\vanetza-build\shared\vanetza\asn1\asn1_its.dir\release\hoursminutes.obj
c:\users\karel hevessy\src\vanetza-build\shared\vanetza\asn1\asn1_its.dir\release\humanpresenceontheroadsubcausecode.obj
c:\users\karel hevessy\src\vanetza-build\shared\vanetza\asn1\asn1_its.dir\release\humanproblemsubcausecode.obj
c:\users\karel hevessy\src\vanetza-build\shared\vanetza\asn1\asn1_its.dir\release\icc-id.obj
c:\users\karel hevessy\src\vanetza-build\shared\vanetza\asn1\asn1_its.dir\release\identifier.obj
c:\users\karel hevessy\src\vanetza-build\shared\vanetza\asn1\asn1_its.dir\release\impactreductioncontainer.obj
c:\users\karel hevessy\src\vanetza-build\shared\vanetza\asn1\asn1_its.dir\release\informationquality.obj
c:\users\karel hevessy\src\vanetza-build\shared\vanetza\asn1\asn1_its.dir\release\int1.obj
c:\users\karel hevessy\src\vanetza-build\shared\vanetza\asn1\asn1_its.dir\release\int2.obj
c:\users\karel hevessy\src\vanetza-build\shared\vanetza\asn1\asn1_its.dir\release\int3.obj
c:\users\karel hevessy\src\vanetza-build\shared\vanetza\asn1\asn1_its.dir\release\int4.obj
c:\users\karel hevessy\src\vanetza-build\shared\vanetza\asn1\asn1_its.dir\release\internationalsign-applicableperiod.obj
c:\users\karel hevessy\src\vanetza-build\shared\vanetza\asn1\asn1_its.dir\release\internationalsign-applicablevehicledimensions.obj
c:\users\karel hevessy\src\vanetza-build\shared\vanetza\asn1\asn1_its.dir\release\internationalsign-destinationinformation.obj
c:\users\karel hevessy\src\vanetza-build\shared\vanetza\asn1\asn1_its.dir\release\internationalsign-directionalflowoflane.obj
c:\users\karel hevessy\src\vanetza-build\shared\vanetza\asn1\asn1_its.dir\release\internationalsign-distancebetweenvehicles.obj
c:\users\karel hevessy\src\vanetza-build\shared\vanetza\asn1\asn1_its.dir\release\internationalsign-exemptedapplicableperiod.obj
c:\users\karel hevessy\src\vanetza-build\shared\vanetza\asn1\asn1_its.dir\release\internationalsign-numberoflane.obj
c:\users\karel hevessy\src\vanetza-build\shared\vanetza\asn1\asn1_its.dir\release\internationalsign-rateofincline.obj
c:\users\karel hevessy\src\vanetza-build\shared\vanetza\asn1\asn1_its.dir\release\internationalsign-section.obj
c:\users\karel hevessy\src\vanetza-build\shared\vanetza\asn1\asn1_its.dir\release\internationalsign-speedlimits.obj
c:\users\karel hevessy\src\vanetza-build\shared\vanetza\asn1\asn1_its.dir\release\intersectionaccesspoint.obj
c:\users\karel hevessy\src\vanetza-build\shared\vanetza\asn1\asn1_its.dir\release\intersectiongeometry.obj
c:\users\karel hevessy\src\vanetza-build\shared\vanetza\asn1\asn1_its.dir\release\intersectiongeometrylist.obj
c:\users\karel hevessy\src\vanetza-build\shared\vanetza\asn1\asn1_its.dir\release\intersectionid.obj
c:\users\karel hevessy\src\vanetza-build\shared\vanetza\asn1\asn1_its.dir\release\intersectionreferenceid.obj
c:\users\karel hevessy\src\vanetza-build\shared\vanetza\asn1\asn1_its.dir\release\intersectionstate-addgrpc.obj
c:\users\karel hevessy\src\vanetza-build\shared\vanetza\asn1\asn1_its.dir\release\intersectionstate.obj
c:\users\karel hevessy\src\vanetza-build\shared\vanetza\asn1\asn1_its.dir\release\intersectionstatelist.obj
c:\users\karel hevessy\src\vanetza-build\shared\vanetza\asn1\asn1_its.dir\release\intersectionstatusobject.obj
c:\users\karel hevessy\src\vanetza-build\shared\vanetza\asn1\asn1_its.dir\release\iso14823attribute.obj
c:\users\karel hevessy\src\vanetza-build\shared\vanetza\asn1\asn1_its.dir\release\iso14823attributes.obj
c:\users\karel hevessy\src\vanetza-build\shared\vanetza\asn1\asn1_its.dir\release\iso14823code.obj
c:\users\karel hevessy\src\vanetza-build\shared\vanetza\asn1\asn1_its.dir\release\iso3833vehicletype.obj
c:\users\karel hevessy\src\vanetza-build\shared\vanetza\asn1\asn1_its.dir\release\issueridentifieriso.obj
c:\users\karel hevessy\src\vanetza-build\shared\vanetza\asn1\asn1_its.dir\release\itinerarypath.obj
c:\users\karel hevessy\src\vanetza-build\shared\vanetza\asn1\asn1_its.dir\release\its-container_temperature.obj
c:\users\karel hevessy\src\vanetza-build\shared\vanetza\asn1\asn1_its.dir\release\itsasnincludes.obj
c:\users\karel hevessy\src\vanetza-build\shared\vanetza\asn1\asn1_its.dir\release\itspduheader.obj
c:\users\karel hevessy\src\vanetza-build\shared\vanetza\asn1\asn1_its.dir\release\itsstationposition.obj
c:\users\karel hevessy\src\vanetza-build\shared\vanetza\asn1\asn1_its.dir\release\itsstationpositionlist.obj
c:\users\karel hevessy\src\vanetza-build\shared\vanetza\asn1\asn1_its.dir\release\ivicontainer.obj
c:\users\karel hevessy\src\vanetza-build\shared\vanetza\asn1\asn1_its.dir\release\ivicontainers.obj
c:\users\karel hevessy\src\vanetza-build\shared\vanetza\asn1\asn1_its.dir\release\iviidentificationnumber.obj
c:\users\karel hevessy\src\vanetza-build\shared\vanetza\asn1\asn1_its.dir\release\iviidentificationnumbers.obj
c:\users\karel hevessy\src\vanetza-build\shared\vanetza\asn1\asn1_its.dir\release\ivilanewidth.obj
c:\users\karel hevessy\src\vanetza-build\shared\vanetza\asn1\asn1_its.dir\release\ivim.obj
c:\users\karel hevessy\src\vanetza-build\shared\vanetza\asn1\asn1_its.dir\release\ivimanagementcontainer.obj
c:\users\karel hevessy\src\vanetza-build\shared\vanetza\asn1\asn1_its.dir\release\ivipurpose.obj
c:\users\karel hevessy\src\vanetza-build\shared\vanetza\asn1\asn1_its.dir\release\ivistatus.obj
c:\users\karel hevessy\src\vanetza-build\shared\vanetza\asn1\asn1_its.dir\release\ivistructure.obj
c:\users\karel hevessy\src\vanetza-build\shared\vanetza\asn1\asn1_its.dir\release\ivitype.obj
c:\users\karel hevessy\src\vanetza-build\shared\vanetza\asn1\asn1_its.dir\release\ivi_drivercharacteristics.obj
c:\users\karel hevessy\src\vanetza-build\shared\vanetza\asn1\asn1_its.dir\release\ivi_temperature.obj
c:\users\karel hevessy\src\vanetza-build\shared\vanetza\asn1\asn1_its.dir\release\ivi_trailercharacteristics.obj
c:\users\karel hevessy\src\vanetza-build\shared\vanetza\asn1\asn1_its.dir\release\laneattributes-addgrpc.obj
c:\users\karel hevessy\src\vanetza-build\shared\vanetza\asn1\asn1_its.dir\release\laneattributes-barrier.obj
c:\users\karel hevessy\src\vanetza-build\shared\vanetza\asn1\asn1_its.dir\release\laneattributes-bike.obj
c:\users\karel hevessy\src\vanetza-build\shared\vanetza\asn1\asn1_its.dir\release\laneattributes-crosswalk.obj
c:\users\karel hevessy\src\vanetza-build\shared\vanetza\asn1\asn1_its.dir\release\laneattributes-parking.obj
c:\users\karel hevessy\src\vanetza-build\shared\vanetza\asn1\asn1_its.dir\release\laneattributes-sidewalk.obj
c:\users\karel hevessy\src\vanetza-build\shared\vanetza\asn1\asn1_its.dir\release\laneattributes-striping.obj
c:\users\karel hevessy\src\vanetza-build\shared\vanetza\asn1\asn1_its.dir\release\laneattributes-trackedvehicle.obj
c:\users\karel hevessy\src\vanetza-build\shared\vanetza\asn1\asn1_its.dir\release\laneattributes-vehicle.obj
c:\users\karel hevessy\src\vanetza-build\shared\vanetza\asn1\asn1_its.dir\release\laneattributes.obj
c:\users\karel hevessy\src\vanetza-build\shared\vanetza\asn1\asn1_its.dir\release\lanecharacteristics.obj
c:\users\karel hevessy\src\vanetza-build\shared\vanetza\asn1\asn1_its.dir\release\laneconfiguration.obj
c:\users\karel hevessy\src\vanetza-build\shared\vanetza\asn1\asn1_its.dir\release\laneconnectionid.obj
c:\users\karel hevessy\src\vanetza-build\shared\vanetza\asn1\asn1_its.dir\release\lanedataattribute.obj
c:\users\karel hevessy\src\vanetza-build\shared\vanetza\asn1\asn1_its.dir\release\lanedataattributelist.obj
c:\users\karel hevessy\src\vanetza-build\shared\vanetza\asn1\asn1_its.dir\release\lanedelimitation.obj
c:\users\karel hevessy\src\vanetza-build\shared\vanetza\asn1\asn1_its.dir\release\lanedirection.obj
c:\users\karel hevessy\src\vanetza-build\shared\vanetza\asn1\asn1_its.dir\release\laneid.obj
c:\users\karel hevessy\src\vanetza-build\shared\vanetza\asn1\asn1_its.dir\release\laneids.obj
c:\users\karel hevessy\src\vanetza-build\shared\vanetza\asn1\asn1_its.dir\release\laneinformation.obj
c:\users\karel hevessy\src\vanetza-build\shared\vanetza\asn1\asn1_its.dir\release\lanelist.obj
c:\users\karel hevessy\src\vanetza-build\shared\vanetza\asn1\asn1_its.dir\release\lanemarkingstatus.obj
c:\users\karel hevessy\src\vanetza-build\shared\vanetza\asn1\asn1_its.dir\release\laneposition.obj
c:\users\karel hevessy\src\vanetza-build\shared\vanetza\asn1\asn1_its.dir\release\lanepositions.obj
c:\users\karel hevessy\src\vanetza-build\shared\vanetza\asn1\asn1_its.dir\release\lanesharing.obj
c:\users\karel hevessy\src\vanetza-build\shared\vanetza\asn1\asn1_its.dir\release\lanestatus.obj
c:\users\karel hevessy\src\vanetza-build\shared\vanetza\asn1\asn1_its.dir\release\lanetype.obj
c:\users\karel hevessy\src\vanetza-build\shared\vanetza\asn1\asn1_its.dir\release\lanetypeattributes.obj
c:\users\karel hevessy\src\vanetza-build\shared\vanetza\asn1\asn1_its.dir\release\lanewidth.obj
c:\users\karel hevessy\src\vanetza-build\shared\vanetza\asn1\asn1_its.dir\release\lateralacceleration.obj
c:\users\karel hevessy\src\vanetza-build\shared\vanetza\asn1\asn1_its.dir\release\lateralaccelerationvalue.obj
c:\users\karel hevessy\src\vanetza-build\shared\vanetza\asn1\asn1_its.dir\release\latitude.obj
c:\users\karel hevessy\src\vanetza-build\shared\vanetza\asn1\asn1_its.dir\release\layerid.obj
c:\users\karel hevessy\src\vanetza-build\shared\vanetza\asn1\asn1_its.dir\release\layertype.obj
c:\users\karel hevessy\src\vanetza-build\shared\vanetza\asn1\asn1_its.dir\release\layoutcomponent.obj
c:\users\karel hevessy\src\vanetza-build\shared\vanetza\asn1\asn1_its.dir\release\layoutcomponents.obj
c:\users\karel hevessy\src\vanetza-build\shared\vanetza\asn1\asn1_its.dir\release\layoutcontainer.obj
c:\users\karel hevessy\src\vanetza-build\shared\vanetza\asn1\asn1_its.dir\release\licplatenumber.obj
c:\users\karel hevessy\src\vanetza-build\shared\vanetza\asn1\asn1_its.dir\release\lightbarsireninuse.obj
c:\users\karel hevessy\src\vanetza-build\shared\vanetza\asn1\asn1_its.dir\release\loadtype.obj
c:\users\karel hevessy\src\vanetza-build\shared\vanetza\asn1\asn1_its.dir\release\locationcontainer.obj
c:\users\karel hevessy\src\vanetza-build\shared\vanetza\asn1\asn1_its.dir\release\longitude.obj
c:\users\karel hevessy\src\vanetza-build\shared\vanetza\asn1\asn1_its.dir\release\longitudinalacceleration.obj
c:\users\karel hevessy\src\vanetza-build\shared\vanetza\asn1\asn1_its.dir\release\longitudinalaccelerationvalue.obj
c:\users\karel hevessy\src\vanetza-build\shared\vanetza\asn1\asn1_its.dir\release\longitudinallaneposition.obj
c:\users\karel hevessy\src\vanetza-build\shared\vanetza\asn1\asn1_its.dir\release\longitudinallanepositionconfidence.obj
c:\users\karel hevessy\src\vanetza-build\shared\vanetza\asn1\asn1_its.dir\release\longitudinallanepositionvalue.obj
c:\users\karel hevessy\src\vanetza-build\shared\vanetza\asn1\asn1_its.dir\release\lowfrequencycontainer.obj
c:\users\karel hevessy\src\vanetza-build\shared\vanetza\asn1\asn1_its.dir\release\lpn.obj
c:\users\karel hevessy\src\vanetza-build\shared\vanetza\asn1\asn1_its.dir\release\managementcontainer.obj
c:\users\karel hevessy\src\vanetza-build\shared\vanetza\asn1\asn1_its.dir\release\maneuverassistlist.obj
c:\users\karel hevessy\src\vanetza-build\shared\vanetza\asn1\asn1_its.dir\release\manufactureridentifier.obj
c:\users\karel hevessy\src\vanetza-build\shared\vanetza\asn1\asn1_its.dir\release\mapdata-addgrpc.obj
c:\users\karel hevessy\src\vanetza-build\shared\vanetza\asn1\asn1_its.dir\release\mapdata.obj
c:\users\karel hevessy\src\vanetza-build\shared\vanetza\asn1\asn1_its.dir\release\mapem.obj
c:\users\karel hevessy\src\vanetza-build\shared\vanetza\asn1\asn1_its.dir\release\maplocationcontainer.obj
c:\users\karel hevessy\src\vanetza-build\shared\vanetza\asn1\asn1_its.dir\release\mapreference.obj
c:\users\karel hevessy\src\vanetza-build\shared\vanetza\asn1\asn1_its.dir\release\markingcolour.obj
c:\users\karel hevessy\src\vanetza-build\shared\vanetza\asn1\asn1_its.dir\release\matchedposition.obj
c:\users\karel hevessy\src\vanetza-build\shared\vanetza\asn1\asn1_its.dir\release\materialtype.obj
c:\users\karel hevessy\src\vanetza-build\shared\vanetza\asn1\asn1_its.dir\release\maxlenghtofplatoon.obj
c:\users\karel hevessy\src\vanetza-build\shared\vanetza\asn1\asn1_its.dir\release\maxnoofvehicles.obj
c:\users\karel hevessy\src\vanetza-build\shared\vanetza\asn1\asn1_its.dir\release\mergedivergenodeangle.obj
c:\users\karel hevessy\src\vanetza-build\shared\vanetza\asn1\asn1_its.dir\release\minuteoftheyear.obj
c:\users\karel hevessy\src\vanetza-build\shared\vanetza\asn1\asn1_its.dir\release\mlcpart.obj
c:\users\karel hevessy\src\vanetza-build\shared\vanetza\asn1\asn1_its.dir\release\mlcparts.obj
c:\users\karel hevessy\src\vanetza-build\shared\vanetza\asn1\asn1_its.dir\release\monthday.obj
c:\users\karel hevessy\src\vanetza-build\shared\vanetza\asn1\asn1_its.dir\release\movementevent-addgrpc.obj
c:\users\karel hevessy\src\vanetza-build\shared\vanetza\asn1\asn1_its.dir\release\movementevent.obj
c:\users\karel hevessy\src\vanetza-build\shared\vanetza\asn1\asn1_its.dir\release\movementeventlist.obj
c:\users\karel hevessy\src\vanetza-build\shared\vanetza\asn1\asn1_its.dir\release\movementlist.obj
c:\users\karel hevessy\src\vanetza-build\shared\vanetza\asn1\asn1_its.dir\release\movementphasestate.obj
c:\users\karel hevessy\src\vanetza-build\shared\vanetza\asn1\asn1_its.dir\release\movementstate.obj
c:\users\karel hevessy\src\vanetza-build\shared\vanetza\asn1\asn1_its.dir\release\msgcount.obj
c:\users\karel hevessy\src\vanetza-build\shared\vanetza\asn1\asn1_its.dir\release\node-llmd-64b.obj
c:\users\karel hevessy\src\vanetza-build\shared\vanetza\asn1\asn1_its.dir\release\node-xy-20b.obj
c:\users\karel hevessy\src\vanetza-build\shared\vanetza\asn1\asn1_its.dir\release\node-xy-22b.obj
c:\users\karel hevessy\src\vanetza-build\shared\vanetza\asn1\asn1_its.dir\release\node-xy-24b.obj
c:\users\karel hevessy\src\vanetza-build\shared\vanetza\asn1\asn1_its.dir\release\node-xy-26b.obj
c:\users\karel hevessy\src\vanetza-build\shared\vanetza\asn1\asn1_its.dir\release\node-xy-28b.obj
c:\users\karel hevessy\src\vanetza-build\shared\vanetza\asn1\asn1_its.dir\release\node-xy-32b.obj
c:\users\karel hevessy\src\vanetza-build\shared\vanetza\asn1\asn1_its.dir\release\node.obj
c:\users\karel hevessy\src\vanetza-build\shared\vanetza\asn1\asn1_its.dir\release\nodeattributeset-addgrpc.obj
c:\users\karel hevessy\src\vanetza-build\shared\vanetza\asn1\asn1_its.dir\release\nodeattributesetxy.obj
c:\users\karel hevessy\src\vanetza-build\shared\vanetza\asn1\asn1_its.dir\release\nodeattributexy.obj
c:\users\karel hevessy\src\vanetza-build\shared\vanetza\asn1\asn1_its.dir\release\nodeattributexylist.obj
c:\users\karel hevessy\src\vanetza-build\shared\vanetza\asn1\asn1_its.dir\release\nodelink.obj
c:\users\karel hevessy\src\vanetza-build\shared\vanetza\asn1\asn1_its.dir\release\nodelistxy.obj
c:\users\karel hevessy\src\vanetza-build\shared\vanetza\asn1\asn1_its.dir\release\nodeoffsetpointxy.obj
c:\users\karel hevessy\src\vanetza-build\shared\vanetza\asn1\asn1_its.dir\release\nodeoffsetpointz.obj
c:\users\karel hevessy\src\vanetza-build\shared\vanetza\asn1\asn1_its.dir\release\nodesetxy.obj
c:\users\karel hevessy\src\vanetza-build\shared\vanetza\asn1\asn1_its.dir\release\nodexy.obj
c:\users\karel hevessy\src\vanetza-build\shared\vanetza\asn1\asn1_its.dir\release\numberofoccupants.obj
c:\users\karel hevessy\src\vanetza-build\shared\vanetza\asn1\asn1_its.dir\release\numberofperceivedobjects.obj
c:\users\karel hevessy\src\vanetza-build\shared\vanetza\asn1\asn1_its.dir\release\objectage.obj
c:\users\karel hevessy\src\vanetza-build\shared\vanetza\asn1\asn1_its.dir\release\objectclass.obj
c:\users\karel hevessy\src\vanetza-build\shared\vanetza\asn1\asn1_its.dir\release\objectclassdescription.obj
c:\users\karel hevessy\src\vanetza-build\shared\vanetza\asn1\asn1_its.dir\release\objectconfidence.obj
c:\users\karel hevessy\src\vanetza-build\shared\vanetza\asn1\asn1_its.dir\release\objectdimension.obj
c:\users\karel hevessy\src\vanetza-build\shared\vanetza\asn1\asn1_its.dir\release\objectdimensionconfidence.obj
c:\users\karel hevessy\src\vanetza-build\shared\vanetza\asn1\asn1_its.dir\release\objectdimensionvalue.obj
c:\users\karel hevessy\src\vanetza-build\shared\vanetza\asn1\asn1_its.dir\release\objectdistancewithconfidence.obj
c:\users\karel hevessy\src\vanetza-build\shared\vanetza\asn1\asn1_its.dir\release\objectrefpoint.obj
c:\users\karel hevessy\src\vanetza-build\shared\vanetza\asn1\asn1_its.dir\release\offset-b09.obj
c:\users\karel hevessy\src\vanetza-build\shared\vanetza\asn1\asn1_its.dir\release\offset-b10.obj
c:\users\karel hevessy\src\vanetza-build\shared\vanetza\asn1\asn1_its.dir\release\offset-b11.obj
c:\users\karel hevessy\src\vanetza-build\shared\vanetza\asn1\asn1_its.dir\release\offset-b12.obj
c:\users\karel hevessy\src\vanetza-build\shared\vanetza\asn1\asn1_its.dir\release\offset-b13.obj
c:\users\karel hevessy\src\vanetza-build\shared\vanetza\asn1\asn1_its.dir\release\offset-b14.obj
c:\users\karel hevessy\src\vanetza-build\shared\vanetza\asn1\asn1_its.dir\release\offset-b16.obj
c:\users\karel hevessy\src\vanetza-build\shared\vanetza\asn1\asn1_its.dir\release\offsetpoint.obj
c:\users\karel hevessy\src\vanetza-build\shared\vanetza\asn1\asn1_its.dir\release\openingdayshours.obj
c:\users\karel hevessy\src\vanetza-build\shared\vanetza\asn1\asn1_its.dir\release\originatingrsucontainer.obj
c:\users\karel hevessy\src\vanetza-build\shared\vanetza\asn1\asn1_its.dir\release\originatingvehiclecontainer.obj
c:\users\karel hevessy\src\vanetza-build\shared\vanetza\asn1\asn1_its.dir\release\othersubclass.obj
c:\users\karel hevessy\src\vanetza-build\shared\vanetza\asn1\asn1_its.dir\release\othersublasstype.obj
c:\users\karel hevessy\src\vanetza-build\shared\vanetza\asn1\asn1_its.dir\release\overlaylanelist.obj
c:\users\karel hevessy\src\vanetza-build\shared\vanetza\asn1\asn1_its.dir\release\passengercapacity.obj
c:\users\karel hevessy\src\vanetza-build\shared\vanetza\asn1\asn1_its.dir\release\pathdeltatime.obj
c:\users\karel hevessy\src\vanetza-build\shared\vanetza\asn1\asn1_its.dir\release\pathhistory.obj
c:\users\karel hevessy\src\vanetza-build\shared\vanetza\asn1\asn1_its.dir\release\pathpoint.obj
c:\users\karel hevessy\src\vanetza-build\shared\vanetza\asn1\asn1_its.dir\release\paymentfee.obj
c:\users\karel hevessy\src\vanetza-build\shared\vanetza\asn1\asn1_its.dir\release\paymentmeans.obj
c:\users\karel hevessy\src\vanetza-build\shared\vanetza\asn1\asn1_its.dir\release\paymentmeansbalance.obj
c:\users\karel hevessy\src\vanetza-build\shared\vanetza\asn1\asn1_its.dir\release\paymentmeansunit.obj
c:\users\karel hevessy\src\vanetza-build\shared\vanetza\asn1\asn1_its.dir\release\paymentsecuritydata.obj
c:\users\karel hevessy\src\vanetza-build\shared\vanetza\asn1\asn1_its.dir\release\payunit.obj
c:\users\karel hevessy\src\vanetza-build\shared\vanetza\asn1\asn1_its.dir\release\pedestrianbicycledetect.obj
c:\users\karel hevessy\src\vanetza-build\shared\vanetza\asn1\asn1_its.dir\release\perceivedobject.obj
c:\users\karel hevessy\src\vanetza-build\shared\vanetza\asn1\asn1_its.dir\release\perceivedobjectcontainer.obj
c:\users\karel hevessy\src\vanetza-build\shared\vanetza\asn1\asn1_its.dir\release\perceivedobjectcontainersegmentinfo.obj
c:\users\karel hevessy\src\vanetza-build\shared\vanetza\asn1\asn1_its.dir\release\performanceclass.obj
c:\users\karel hevessy\src\vanetza-build\shared\vanetza\asn1\asn1_its.dir\release\personalaccountnumber.obj
c:\users\karel hevessy\src\vanetza-build\shared\vanetza\asn1\asn1_its.dir\release\personsubclass.obj
c:\users\karel hevessy\src\vanetza-build\shared\vanetza\asn1\asn1_its.dir\release\personsubclasstype.obj
c:\users\karel hevessy\src\vanetza-build\shared\vanetza\asn1\asn1_its.dir\release\phonenumber.obj
c:\users\karel hevessy\src\vanetza-build\shared\vanetza\asn1\asn1_its.dir\release\platooningrule.obj
c:\users\karel hevessy\src\vanetza-build\shared\vanetza\asn1\asn1_its.dir\release\platooningrules.obj
c:\users\karel hevessy\src\vanetza-build\shared\vanetza\asn1\asn1_its.dir\release\polygonalline.obj
c:\users\karel hevessy\src\vanetza-build\shared\vanetza\asn1\asn1_its.dir\release\polypointlist.obj
c:\users\karel hevessy\src\vanetza-build\shared\vanetza\asn1\asn1_its.dir\release\poscentmass.obj
c:\users\karel hevessy\src\vanetza-build\shared\vanetza\asn1\asn1_its.dir\release\posconfidenceellipse.obj
c:\users\karel hevessy\src\vanetza-build\shared\vanetza\asn1\asn1_its.dir\release\posfrontax.obj
c:\users\karel hevessy\src\vanetza-build\shared\vanetza\asn1\asn1_its.dir\release\position3d-addgrpc.obj
c:\users\karel hevessy\src\vanetza-build\shared\vanetza\asn1\asn1_its.dir\release\position3d.obj
c:\users\karel hevessy\src\vanetza-build\shared\vanetza\asn1\asn1_its.dir\release\positionalaccuracy.obj
c:\users\karel hevessy\src\vanetza-build\shared\vanetza\asn1\asn1_its.dir\release\positionconfidence.obj
c:\users\karel hevessy\src\vanetza-build\shared\vanetza\asn1\asn1_its.dir\release\positionconfidenceset.obj
c:\users\karel hevessy\src\vanetza-build\shared\vanetza\asn1\asn1_its.dir\release\positioningsolutiontype.obj
c:\users\karel hevessy\src\vanetza-build\shared\vanetza\asn1\asn1_its.dir\release\positionofoccupants.obj
c:\users\karel hevessy\src\vanetza-build\shared\vanetza\asn1\asn1_its.dir\release\positionofpillars.obj
c:\users\karel hevessy\src\vanetza-build\shared\vanetza\asn1\asn1_its.dir\release\posloncarr.obj
c:\users\karel hevessy\src\vanetza-build\shared\vanetza\asn1\asn1_its.dir\release\pospillar.obj
c:\users\karel hevessy\src\vanetza-build\shared\vanetza\asn1\asn1_its.dir\release\postcrashsubcausecode.obj
c:\users\karel hevessy\src\vanetza-build\shared\vanetza\asn1\asn1_its.dir\release\preemptprioritylist.obj
c:\users\karel hevessy\src\vanetza-build\shared\vanetza\asn1\asn1_its.dir\release\prioritizationresponse.obj
c:\users\karel hevessy\src\vanetza-build\shared\vanetza\asn1\asn1_its.dir\release\prioritizationresponselist.obj
c:\users\karel hevessy\src\vanetza-build\shared\vanetza\asn1\asn1_its.dir\release\prioritizationresponsestatus.obj
c:\users\karel hevessy\src\vanetza-build\shared\vanetza\asn1\asn1_its.dir\release\prioritylevel.obj
c:\users\karel hevessy\src\vanetza-build\shared\vanetza\asn1\asn1_its.dir\release\priorityrequesttype.obj
c:\users\karel hevessy\src\vanetza-build\shared\vanetza\asn1\asn1_its.dir\release\protectedcommunicationzone.obj
c:\users\karel hevessy\src\vanetza-build\shared\vanetza\asn1\asn1_its.dir\release\protectedcommunicationzonesrsu.obj
c:\users\karel hevessy\src\vanetza-build\shared\vanetza\asn1\asn1_its.dir\release\protectedzoneid.obj
c:\users\karel hevessy\src\vanetza-build\shared\vanetza\asn1\asn1_its.dir\release\protectedzoneradius.obj
c:\users\karel hevessy\src\vanetza-build\shared\vanetza\asn1\asn1_its.dir\release\protectedzonetype.obj
c:\users\karel hevessy\src\vanetza-build\shared\vanetza\asn1\asn1_its.dir\release\provider.obj
c:\users\karel hevessy\src\vanetza-build\shared\vanetza\asn1\asn1_its.dir\release\ptactivation.obj
c:\users\karel hevessy\src\vanetza-build\shared\vanetza\asn1\asn1_its.dir\release\ptactivationdata.obj
c:\users\karel hevessy\src\vanetza-build\shared\vanetza\asn1\asn1_its.dir\release\ptactivationtype.obj
c:\users\karel hevessy\src\vanetza-build\shared\vanetza\asn1\asn1_its.dir\release\ptvrequesttype.obj
c:\users\karel hevessy\src\vanetza-build\shared\vanetza\asn1\asn1_its.dir\release\publictransportcontainer.obj
c:\users\karel hevessy\src\vanetza-build\shared\vanetza\asn1\asn1_its.dir\release\pursebalance.obj
c:\users\karel hevessy\src\vanetza-build\shared\vanetza\asn1\asn1_its.dir\release\radius.obj
c:\users\karel hevessy\src\vanetza-build\shared\vanetza\asn1\asn1_its.dir\release\range.obj
c:\users\karel hevessy\src\vanetza-build\shared\vanetza\asn1\asn1_its.dir\release\rccpart.obj
c:\users\karel hevessy\src\vanetza-build\shared\vanetza\asn1\asn1_its.dir\release\rearoverhang.obj
c:\users\karel hevessy\src\vanetza-build\shared\vanetza\asn1\asn1_its.dir\release\receiptauthenticator.obj
c:\users\karel hevessy\src\vanetza-build\shared\vanetza\asn1\asn1_its.dir\release\receiptcontract.obj
c:\users\karel hevessy\src\vanetza-build\shared\vanetza\asn1\asn1_its.dir\release\receiptdata.obj
c:\users\karel hevessy\src\vanetza-build\shared\vanetza\asn1\asn1_its.dir\release\receiptdata1.obj
c:\users\karel hevessy\src\vanetza-build\shared\vanetza\asn1\asn1_its.dir\release\receiptdata2.obj
c:\users\karel hevessy\src\vanetza-build\shared\vanetza\asn1\asn1_its.dir\release\receiptdistance.obj
c:\users\karel hevessy\src\vanetza-build\shared\vanetza\asn1\asn1_its.dir\release\receiptfinancialpart.obj
c:\users\karel hevessy\src\vanetza-build\shared\vanetza\asn1\asn1_its.dir\release\receipticc-id.obj
c:\users\karel hevessy\src\vanetza-build\shared\vanetza\asn1\asn1_its.dir\release\receiptobuid.obj
c:\users\karel hevessy\src\vanetza-build\shared\vanetza\asn1\asn1_its.dir\release\receiptservicepart.obj
c:\users\karel hevessy\src\vanetza-build\shared\vanetza\asn1\asn1_its.dir\release\receiptserviceserialnumber.obj
c:\users\karel hevessy\src\vanetza-build\shared\vanetza\asn1\asn1_its.dir\release\receipttext.obj
c:\users\karel hevessy\src\vanetza-build\shared\vanetza\asn1\asn1_its.dir\release\referencedenms.obj
c:\users\karel hevessy\src\vanetza-build\shared\vanetza\asn1\asn1_its.dir\release\referenceposition.obj
c:\users\karel hevessy\src\vanetza-build\shared\vanetza\asn1\asn1_its.dir\release\refpointid.obj
c:\users\karel hevessy\src\vanetza-build\shared\vanetza\asn1\asn1_its.dir\release\regionalextension.obj
c:\users\karel hevessy\src\vanetza-build\shared\vanetza\asn1\asn1_its.dir\release\regionid.obj
c:\users\karel hevessy\src\vanetza-build\shared\vanetza\asn1\asn1_its.dir\release\regulatoryspeedlimit.obj
c:\users\karel hevessy\src\vanetza-build\shared\vanetza\asn1\asn1_its.dir\release\rejectedreason.obj
c:\users\karel hevessy\src\vanetza-build\shared\vanetza\asn1\asn1_its.dir\release\relevancedistance.obj
c:\users\karel hevessy\src\vanetza-build\shared\vanetza\asn1\asn1_its.dir\release\relevancetrafficdirection.obj
c:\users\karel hevessy\src\vanetza-build\shared\vanetza\asn1\asn1_its.dir\release\repeatingperioddaytypes.obj
c:\users\karel hevessy\src\vanetza-build\shared\vanetza\asn1\asn1_its.dir\release\requestid.obj
c:\users\karel hevessy\src\vanetza-build\shared\vanetza\asn1\asn1_its.dir\release\requestimportancelevel.obj
c:\users\karel hevessy\src\vanetza-build\shared\vanetza\asn1\asn1_its.dir\release\requestordescription-addgrpc.obj
c:\users\karel hevessy\src\vanetza-build\shared\vanetza\asn1\asn1_its.dir\release\requestordescription.obj
c:\users\karel hevessy\src\vanetza-build\shared\vanetza\asn1\asn1_its.dir\release\requestorpositionvector.obj
c:\users\karel hevessy\src\vanetza-build\shared\vanetza\asn1\asn1_its.dir\release\requestortype.obj
c:\users\karel hevessy\src\vanetza-build\shared\vanetza\asn1\asn1_its.dir\release\requestresponseindication.obj
c:\users\karel hevessy\src\vanetza-build\shared\vanetza\asn1\asn1_its.dir\release\requestsubrole.obj
c:\users\karel hevessy\src\vanetza-build\shared\vanetza\asn1\asn1_its.dir\release\rescueandrecoveryworkinprogresssubcausecode.obj
c:\users\karel hevessy\src\vanetza-build\shared\vanetza\asn1\asn1_its.dir\release\rescuecontainer.obj
c:\users\karel hevessy\src\vanetza-build\shared\vanetza\asn1\asn1_its.dir\release\restrictedtypes.obj
c:\users\karel hevessy\src\vanetza-build\shared\vanetza\asn1\asn1_its.dir\release\restrictionappliesto.obj
c:\users\karel hevessy\src\vanetza-build\shared\vanetza\asn1\asn1_its.dir\release\restrictionclassassignment.obj
c:\users\karel hevessy\src\vanetza-build\shared\vanetza\asn1\asn1_its.dir\release\restrictionclassid.obj
c:\users\karel hevessy\src\vanetza-build\shared\vanetza\asn1\asn1_its.dir\release\restrictionclasslist.obj
c:\users\karel hevessy\src\vanetza-build\shared\vanetza\asn1\asn1_its.dir\release\restrictionusertype-addgrpc.obj
c:\users\karel hevessy\src\vanetza-build\shared\vanetza\asn1\asn1_its.dir\release\restrictionusertype.obj
c:\users\karel hevessy\src\vanetza-build\shared\vanetza\asn1\asn1_its.dir\release\restrictionusertypelist.obj
c:\users\karel hevessy\src\vanetza-build\shared\vanetza\asn1\asn1_its.dir\release\resultfin.obj
c:\users\karel hevessy\src\vanetza-build\shared\vanetza\asn1\asn1_its.dir\release\resultop.obj
c:\users\karel hevessy\src\vanetza-build\shared\vanetza\asn1\asn1_its.dir\release\roadconfigurationcontainer.obj
c:\users\karel hevessy\src\vanetza-build\shared\vanetza\asn1\asn1_its.dir\release\roadlanesetlist.obj
c:\users\karel hevessy\src\vanetza-build\shared\vanetza\asn1\asn1_its.dir\release\roadregulatorid.obj
c:\users\karel hevessy\src\vanetza-build\shared\vanetza\asn1\asn1_its.dir\release\roadsegment.obj
c:\users\karel hevessy\src\vanetza-build\shared\vanetza\asn1\asn1_its.dir\release\roadsegmentid.obj
c:\users\karel hevessy\src\vanetza-build\shared\vanetza\asn1\asn1_its.dir\release\roadsegmentlist.obj
c:\users\karel hevessy\src\vanetza-build\shared\vanetza\asn1\asn1_its.dir\release\roadsegmentreferenceid.obj
c:\users\karel hevessy\src\vanetza-build\shared\vanetza\asn1\asn1_its.dir\release\roadsigncodes.obj
c:\users\karel hevessy\src\vanetza-build\shared\vanetza\asn1\asn1_its.dir\release\roadsurfacecontainer.obj
c:\users\karel hevessy\src\vanetza-build\shared\vanetza\asn1\asn1_its.dir\release\roadsurfacedynamiccharacteristics.obj
c:\users\karel hevessy\src\vanetza-build\shared\vanetza\asn1\asn1_its.dir\release\roadsurfacestaticcharacteristics.obj
c:\users\karel hevessy\src\vanetza-build\shared\vanetza\asn1\asn1_its.dir\release\roadtype.obj
c:\users\karel hevessy\src\vanetza-build\shared\vanetza\asn1\asn1_its.dir\release\roadwaycrownangle.obj
c:\users\karel hevessy\src\vanetza-build\shared\vanetza\asn1\asn1_its.dir\release\roadworkscontainerbasic.obj
c:\users\karel hevessy\src\vanetza-build\shared\vanetza\asn1\asn1_its.dir\release\roadworkscontainerextended.obj
c:\users\karel hevessy\src\vanetza-build\shared\vanetza\asn1\asn1_its.dir\release\roadworkssubcausecode.obj
c:\users\karel hevessy\src\vanetza-build\shared\vanetza\asn1\asn1_its.dir\release\rscode.obj
c:\users\karel hevessy\src\vanetza-build\shared\vanetza\asn1\asn1_its.dir\release\rscpart.obj
c:\users\karel hevessy\src\vanetza-build\shared\vanetza\asn1\asn1_its.dir\release\rscunit.obj
c:\users\karel hevessy\src\vanetza-build\shared\vanetza\asn1\asn1_its.dir\release\rsucontainerhighfrequency.obj
c:\users\karel hevessy\src\vanetza-build\shared\vanetza\asn1\asn1_its.dir\release\rtcm-revision.obj
c:\users\karel hevessy\src\vanetza-build\shared\vanetza\asn1\asn1_its.dir\release\rtcmcorrections.obj
c:\users\karel hevessy\src\vanetza-build\shared\vanetza\asn1\asn1_its.dir\release\rtcmem.obj
c:\users\karel hevessy\src\vanetza-build\shared\vanetza\asn1\asn1_its.dir\release\rtcmheader.obj
c:\users\karel hevessy\src\vanetza-build\shared\vanetza\asn1\asn1_its.dir\release\rtcmmessage.obj
c:\users\karel hevessy\src\vanetza-build\shared\vanetza\asn1\asn1_its.dir\release\rtcmmessagelist.obj
c:\users\karel hevessy\src\vanetza-build\shared\vanetza\asn1\asn1_its.dir\release\saeautomationlevel.obj
c:\users\karel hevessy\src\vanetza-build\shared\vanetza\asn1\asn1_its.dir\release\saeautomationlevels.obj
c:\users\karel hevessy\src\vanetza-build\shared\vanetza\asn1\asn1_its.dir\release\safetycarcontainer.obj
c:\users\karel hevessy\src\vanetza-build\shared\vanetza\asn1\asn1_its.dir\release\scale-b12.obj
c:\users\karel hevessy\src\vanetza-build\shared\vanetza\asn1\asn1_its.dir\release\segment.obj
c:\users\karel hevessy\src\vanetza-build\shared\vanetza\asn1\asn1_its.dir\release\segmentattributexy.obj
c:\users\karel hevessy\src\vanetza-build\shared\vanetza\asn1\asn1_its.dir\release\segmentattributexylist.obj
c:\users\karel hevessy\src\vanetza-build\shared\vanetza\asn1\asn1_its.dir\release\segmentcount.obj
c:\users\karel hevessy\src\vanetza-build\shared\vanetza\asn1\asn1_its.dir\release\semiaxislength.obj
c:\users\karel hevessy\src\vanetza-build\shared\vanetza\asn1\asn1_its.dir\release\semimajoraxisaccuracy.obj
c:\users\karel hevessy\src\vanetza-build\shared\vanetza\asn1\asn1_its.dir\release\semimajoraxisorientation.obj
c:\users\karel hevessy\src\vanetza-build\shared\vanetza\asn1\asn1_its.dir\release\semiminoraxisaccuracy.obj
c:\users\karel hevessy\src\vanetza-build\shared\vanetza\asn1\asn1_its.dir\release\semirangelength.obj
c:\users\karel hevessy\src\vanetza-build\shared\vanetza\asn1\asn1_its.dir\release\sensorheight.obj
c:\users\karel hevessy\src\vanetza-build\shared\vanetza\asn1\asn1_its.dir\release\sensoridlist.obj
c:\users\karel hevessy\src\vanetza-build\shared\vanetza\asn1\asn1_its.dir\release\sensorinformation.obj
c:\users\karel hevessy\src\vanetza-build\shared\vanetza\asn1\asn1_its.dir\release\sensorinformationcontainer.obj
c:\users\karel hevessy\src\vanetza-build\shared\vanetza\asn1\asn1_its.dir\release\sensortype.obj
c:\users\karel hevessy\src\vanetza-build\shared\vanetza\asn1\asn1_its.dir\release\sequencenumber.obj
c:\users\karel hevessy\src\vanetza-build\shared\vanetza\asn1\asn1_its.dir\release\serviceapplicationlimit.obj
c:\users\karel hevessy\src\vanetza-build\shared\vanetza\asn1\asn1_its.dir\release\servicenumber.obj
c:\users\karel hevessy\src\vanetza-build\shared\vanetza\asn1\asn1_its.dir\release\sessionclass.obj
c:\users\karel hevessy\src\vanetza-build\shared\vanetza\asn1\asn1_its.dir\release\sessionlocation.obj
c:\users\karel hevessy\src\vanetza-build\shared\vanetza\asn1\asn1_its.dir\release\setinstancerq.obj
c:\users\karel hevessy\src\vanetza-build\shared\vanetza\asn1\asn1_its.dir\release\setmmirq.obj
c:\users\karel hevessy\src\vanetza-build\shared\vanetza\asn1\asn1_its.dir\release\setstampedrq.obj
c:\users\karel hevessy\src\vanetza-build\shared\vanetza\asn1\asn1_its.dir\release\shadowingapplies.obj
c:\users\karel hevessy\src\vanetza-build\shared\vanetza\asn1\asn1_its.dir\release\signalcontrolzone.obj
c:\users\karel hevessy\src\vanetza-build\shared\vanetza\asn1\asn1_its.dir\release\signalgroupid.obj
c:\users\karel hevessy\src\vanetza-build\shared\vanetza\asn1\asn1_its.dir\release\signalheadlocation.obj
c:\users\karel hevessy\src\vanetza-build\shared\vanetza\asn1\asn1_its.dir\release\signalheadlocationlist.obj
c:\users\karel hevessy\src\vanetza-build\shared\vanetza\asn1\asn1_its.dir\release\signalrequest.obj
c:\users\karel hevessy\src\vanetza-build\shared\vanetza\asn1\asn1_its.dir\release\signalrequesterinfo.obj
c:\users\karel hevessy\src\vanetza-build\shared\vanetza\asn1\asn1_its.dir\release\signalrequestlist.obj
c:\users\karel hevessy\src\vanetza-build\shared\vanetza\asn1\asn1_its.dir\release\signalrequestmessage.obj
c:\users\karel hevessy\src\vanetza-build\shared\vanetza\asn1\asn1_its.dir\release\signalrequestpackage.obj
c:\users\karel hevessy\src\vanetza-build\shared\vanetza\asn1\asn1_its.dir\release\signalstatus.obj
c:\users\karel hevessy\src\vanetza-build\shared\vanetza\asn1\asn1_its.dir\release\signalstatuslist.obj
c:\users\karel hevessy\src\vanetza-build\shared\vanetza\asn1\asn1_its.dir\release\signalstatusmessage.obj
c:\users\karel hevessy\src\vanetza-build\shared\vanetza\asn1\asn1_its.dir\release\signalstatuspackage-addgrpc.obj
c:\users\karel hevessy\src\vanetza-build\shared\vanetza\asn1\asn1_its.dir\release\signalstatuspackage.obj
c:\users\karel hevessy\src\vanetza-build\shared\vanetza\asn1\asn1_its.dir\release\signalstatuspackagelist.obj
c:\users\karel hevessy\src\vanetza-build\shared\vanetza\asn1\asn1_its.dir\release\signalviolationsubcausecode.obj
c:\users\karel hevessy\src\vanetza-build\shared\vanetza\asn1\asn1_its.dir\release\signedvalue.obj
c:\users\karel hevessy\src\vanetza-build\shared\vanetza\asn1\asn1_its.dir\release\situationcontainer.obj
c:\users\karel hevessy\src\vanetza-build\shared\vanetza\asn1\asn1_its.dir\release\slowvehiclesubcausecode.obj
c:\users\karel hevessy\src\vanetza-build\shared\vanetza\asn1\asn1_its.dir\release\soundlevel.obj
c:\users\karel hevessy\src\vanetza-build\shared\vanetza\asn1\asn1_its.dir\release\spat.obj
c:\users\karel hevessy\src\vanetza-build\shared\vanetza\asn1\asn1_its.dir\release\spatem.obj
c:\users\karel hevessy\src\vanetza-build\shared\vanetza\asn1\asn1_its.dir\release\specialtransportcontainer.obj
c:\users\karel hevessy\src\vanetza-build\shared\vanetza\asn1\asn1_its.dir\release\specialtransporttype.obj
c:\users\karel hevessy\src\vanetza-build\shared\vanetza\asn1\asn1_its.dir\release\specialvehiclecontainer.obj
c:\users\karel hevessy\src\vanetza-build\shared\vanetza\asn1\asn1_its.dir\release\speed.obj
c:\users\karel hevessy\src\vanetza-build\shared\vanetza\asn1\asn1_its.dir\release\speedadvice.obj
c:\users\karel hevessy\src\vanetza-build\shared\vanetza\asn1\asn1_its.dir\release\speedandheadingisoandthrottleconfidence.obj
c:\users\karel hevessy\src\vanetza-build\shared\vanetza\asn1\asn1_its.dir\release\speedconfidence.obj
c:\users\karel hevessy\src\vanetza-build\shared\vanetza\asn1\asn1_its.dir\release\speedconfidenceiso.obj
c:\users\karel hevessy\src\vanetza-build\shared\vanetza\asn1\asn1_its.dir\release\speedextended.obj
c:\users\karel hevessy\src\vanetza-build\shared\vanetza\asn1\asn1_its.dir\release\speedlimit.obj
c:\users\karel hevessy\src\vanetza-build\shared\vanetza\asn1\asn1_its.dir\release\speedlimitlist.obj
c:\users\karel hevessy\src\vanetza-build\shared\vanetza\asn1\asn1_its.dir\release\speedlimittype.obj
c:\users\karel hevessy\src\vanetza-build\shared\vanetza\asn1\asn1_its.dir\release\speedvalue.obj
c:\users\karel hevessy\src\vanetza-build\shared\vanetza\asn1\asn1_its.dir\release\speedvalueextended.obj
c:\users\karel hevessy\src\vanetza-build\shared\vanetza\asn1\asn1_its.dir\release\srem.obj
c:\users\karel hevessy\src\vanetza-build\shared\vanetza\asn1\asn1_its.dir\release\ssem.obj
c:\users\karel hevessy\src\vanetza-build\shared\vanetza\asn1\asn1_its.dir\release\starttime.obj
c:\users\karel hevessy\src\vanetza-build\shared\vanetza\asn1\asn1_its.dir\release\stationarysince.obj
c:\users\karel hevessy\src\vanetza-build\shared\vanetza\asn1\asn1_its.dir\release\stationaryvehiclecontainer.obj
c:\users\karel hevessy\src\vanetza-build\shared\vanetza\asn1\asn1_its.dir\release\stationaryvehiclesubcausecode.obj
c:\users\karel hevessy\src\vanetza-build\shared\vanetza\asn1\asn1_its.dir\release\stationdatacontainer.obj
c:\users\karel hevessy\src\vanetza-build\shared\vanetza\asn1\asn1_its.dir\release\stationid.obj
c:\users\karel hevessy\src\vanetza-build\shared\vanetza\asn1\asn1_its.dir\release\stationtype.obj
c:\users\karel hevessy\src\vanetza-build\shared\vanetza\asn1\asn1_its.dir\release\stationtypeiso.obj
c:\users\karel hevessy\src\vanetza-build\shared\vanetza\asn1\asn1_its.dir\release\steeringwheelangle.obj
c:\users\karel hevessy\src\vanetza-build\shared\vanetza\asn1\asn1_its.dir\release\steeringwheelangleconfidence.obj
c:\users\karel hevessy\src\vanetza-build\shared\vanetza\asn1\asn1_its.dir\release\steeringwheelanglevalue.obj
c:\users\karel hevessy\src\vanetza-build\shared\vanetza\asn1\asn1_its.dir\release\stoptime.obj
c:\users\karel hevessy\src\vanetza-build\shared\vanetza\asn1\asn1_its.dir\release\subcausecodetype.obj
c:\users\karel hevessy\src\vanetza-build\shared\vanetza\asn1\asn1_its.dir\release\subrq.obj
c:\users\karel hevessy\src\vanetza-build\shared\vanetza\asn1\asn1_its.dir\release\taxcode.obj
c:\users\karel hevessy\src\vanetza-build\shared\vanetza\asn1\asn1_its.dir\release\tcpart.obj
c:\users\karel hevessy\src\vanetza-build\shared\vanetza\asn1\asn1_its.dir\release\temporaryid.obj
c:\users\karel hevessy\src\vanetza-build\shared\vanetza\asn1\asn1_its.dir\release\termination.obj
c:\users\karel hevessy\src\vanetza-build\shared\vanetza\asn1\asn1_its.dir\release\text.obj
c:\users\karel hevessy\src\vanetza-build\shared\vanetza\asn1\asn1_its.dir\release\textcontainer.obj
c:\users\karel hevessy\src\vanetza-build\shared\vanetza\asn1\asn1_its.dir\release\textlines.obj
c:\users\karel hevessy\src\vanetza-build\shared\vanetza\asn1\asn1_its.dir\release\throttleconfidence.obj
c:\users\karel hevessy\src\vanetza-build\shared\vanetza\asn1\asn1_its.dir\release\timechangedetails.obj
c:\users\karel hevessy\src\vanetza-build\shared\vanetza\asn1\asn1_its.dir\release\timeconfidence.obj
c:\users\karel hevessy\src\vanetza-build\shared\vanetza\asn1\asn1_its.dir\release\timeintervalconfidence.obj
c:\users\karel hevessy\src\vanetza-build\shared\vanetza\asn1\asn1_its.dir\release\timemark.obj
c:\users\karel hevessy\src\vanetza-build\shared\vanetza\asn1\asn1_its.dir\release\timeofmeasurement.obj
c:\users\karel hevessy\src\vanetza-build\shared\vanetza\asn1\asn1_its.dir\release\timereference.obj
c:\users\karel hevessy\src\vanetza-build\shared\vanetza\asn1\asn1_its.dir\release\timestampits.obj
c:\users\karel hevessy\src\vanetza-build\shared\vanetza\asn1\asn1_its.dir\release\traces.obj
c:\users\karel hevessy\src\vanetza-build\shared\vanetza\asn1\asn1_its.dir\release\tractoraxles.obj
c:\users\karel hevessy\src\vanetza-build\shared\vanetza\asn1\asn1_its.dir\release\tractorcharacteristics.obj
c:\users\karel hevessy\src\vanetza-build\shared\vanetza\asn1\asn1_its.dir\release\trafficconditionsubcausecode.obj
c:\users\karel hevessy\src\vanetza-build\shared\vanetza\asn1\asn1_its.dir\release\trafficrule.obj
c:\users\karel hevessy\src\vanetza-build\shared\vanetza\asn1\asn1_its.dir\release\traileraxles.obj
c:\users\karel hevessy\src\vanetza-build\shared\vanetza\asn1\asn1_its.dir\release\trailercharacteristicsfixvalueslist.obj
c:\users\karel hevessy\src\vanetza-build\shared\vanetza\asn1\asn1_its.dir\release\trailercharacteristicslist.obj
c:\users\karel hevessy\src\vanetza-build\shared\vanetza\asn1\asn1_its.dir\release\trailercharacteristicsrangeslist.obj
c:\users\karel hevessy\src\vanetza-build\shared\vanetza\asn1\asn1_its.dir\release\trailerdata.obj
c:\users\karel hevessy\src\vanetza-build\shared\vanetza\asn1\asn1_its.dir\release\trailerdatacontainer.obj
c:\users\karel hevessy\src\vanetza-build\shared\vanetza\asn1\asn1_its.dir\release\trailerdetails.obj
c:\users\karel hevessy\src\vanetza-build\shared\vanetza\asn1\asn1_its.dir\release\trailerlicenceplatenumber.obj
c:\users\karel hevessy\src\vanetza-build\shared\vanetza\asn1\asn1_its.dir\release\traincharacteristics.obj
c:\users\karel hevessy\src\vanetza-build\shared\vanetza\asn1\asn1_its.dir\release\transitvehicleoccupancy.obj
c:\users\karel hevessy\src\vanetza-build\shared\vanetza\asn1\asn1_its.dir\release\transitvehiclestatus.obj
c:\users\karel hevessy\src\vanetza-build\shared\vanetza\asn1\asn1_its.dir\release\transmissionandspeed.obj
c:\users\karel hevessy\src\vanetza-build\shared\vanetza\asn1\asn1_its.dir\release\transmissioninterval.obj
c:\users\karel hevessy\src\vanetza-build\shared\vanetza\asn1\asn1_its.dir\release\transmissionstate.obj
c:\users\karel hevessy\src\vanetza-build\shared\vanetza\asn1\asn1_its.dir\release\treatmenttype.obj
c:\users\karel hevessy\src\vanetza-build\shared\vanetza\asn1\asn1_its.dir\release\turningradius.obj
c:\users\karel hevessy\src\vanetza-build\shared\vanetza\asn1\asn1_its.dir\release\unittype.obj
c:\users\karel hevessy\src\vanetza-build\shared\vanetza\asn1\asn1_its.dir\release\validityduration.obj
c:\users\karel hevessy\src\vanetza-build\shared\vanetza\asn1\asn1_its.dir\release\validityofcontract.obj
c:\users\karel hevessy\src\vanetza-build\shared\vanetza\asn1\asn1_its.dir\release\validityperiods.obj
c:\users\karel hevessy\src\vanetza-build\shared\vanetza\asn1\asn1_its.dir\release\vanetzatest.obj
c:\users\karel hevessy\src\vanetza-build\shared\vanetza\asn1\asn1_its.dir\release\varlengthnumber.obj
c:\users\karel hevessy\src\vanetza-build\shared\vanetza\asn1\asn1_its.dir\release\vcclass.obj
c:\users\karel hevessy\src\vanetza-build\shared\vanetza\asn1\asn1_its.dir\release\vccode.obj
c:\users\karel hevessy\src\vanetza-build\shared\vanetza\asn1\asn1_its.dir\release\vcoption.obj
c:\users\karel hevessy\src\vanetza-build\shared\vanetza\asn1\asn1_its.dir\release\vds.obj
c:\users\karel hevessy\src\vanetza-build\shared\vanetza\asn1\asn1_its.dir\release\vehicleauthenticator.obj
c:\users\karel hevessy\src\vanetza-build\shared\vanetza\asn1\asn1_its.dir\release\vehicleaxles.obj
c:\users\karel hevessy\src\vanetza-build\shared\vanetza\asn1\asn1_its.dir\release\vehiclebreakdownsubcausecode.obj
c:\users\karel hevessy\src\vanetza-build\shared\vanetza\asn1\asn1_its.dir\release\vehiclecharacteristicsfixvalues.obj
c:\users\karel hevessy\src\vanetza-build\shared\vanetza\asn1\asn1_its.dir\release\vehiclecharacteristicsfixvalueslist.obj
c:\users\karel hevessy\src\vanetza-build\shared\vanetza\asn1\asn1_its.dir\release\vehiclecharacteristicslist.obj
c:\users\karel hevessy\src\vanetza-build\shared\vanetza\asn1\asn1_its.dir\release\vehiclecharacteristicsranges.obj
c:\users\karel hevessy\src\vanetza-build\shared\vanetza\asn1\asn1_its.dir\release\vehiclecharacteristicsrangeslist.obj
c:\users\karel hevessy\src\vanetza-build\shared\vanetza\asn1\asn1_its.dir\release\vehicleclass.obj
c:\users\karel hevessy\src\vanetza-build\shared\vanetza\asn1\asn1_its.dir\release\vehiclecurrentmaxtrainweight.obj
c:\users\karel hevessy\src\vanetza-build\shared\vanetza\asn1\asn1_its.dir\release\vehicledimensions.obj
c:\users\karel hevessy\src\vanetza-build\shared\vanetza\asn1\asn1_its.dir\release\vehicleheight.obj
c:\users\karel hevessy\src\vanetza-build\shared\vanetza\asn1\asn1_its.dir\release\vehicleid.obj
c:\users\karel hevessy\src\vanetza-build\shared\vanetza\asn1\asn1_its.dir\release\vehicleidentification.obj
c:\users\karel hevessy\src\vanetza-build\shared\vanetza\asn1\asn1_its.dir\release\vehicleidentificationnumber.obj
c:\users\karel hevessy\src\vanetza-build\shared\vanetza\asn1\asn1_its.dir\release\vehiclelength.obj
c:\users\karel hevessy\src\vanetza-build\shared\vanetza\asn1\asn1_its.dir\release\vehiclelengthconfidenceindication.obj
c:\users\karel hevessy\src\vanetza-build\shared\vanetza\asn1\asn1_its.dir\release\vehiclelengthvalue.obj
c:\users\karel hevessy\src\vanetza-build\shared\vanetza\asn1\asn1_its.dir\release\vehiclelicenceplatenumber.obj
c:\users\karel hevessy\src\vanetza-build\shared\vanetza\asn1\asn1_its.dir\release\vehiclemass.obj
c:\users\karel hevessy\src\vanetza-build\shared\vanetza\asn1\asn1_its.dir\release\vehiclerole.obj
c:\users\karel hevessy\src\vanetza-build\shared\vanetza\asn1\asn1_its.dir\release\vehiclesensor.obj
c:\users\karel hevessy\src\vanetza-build\shared\vanetza\asn1\asn1_its.dir\release\vehiclesensorproperties.obj
c:\users\karel hevessy\src\vanetza-build\shared\vanetza\asn1\asn1_its.dir\release\vehiclesensorpropertylist.obj
c:\users\karel hevessy\src\vanetza-build\shared\vanetza\asn1\asn1_its.dir\release\vehiclespecificcharacteristics.obj
c:\users\karel hevessy\src\vanetza-build\shared\vanetza\asn1\asn1_its.dir\release\vehiclesubclass.obj
c:\users\karel hevessy\src\vanetza-build\shared\vanetza\asn1\asn1_its.dir\release\vehiclesubclasstype.obj
c:\users\karel hevessy\src\vanetza-build\shared\vanetza\asn1\asn1_its.dir\release\vehicletotaldistance.obj
c:\users\karel hevessy\src\vanetza-build\shared\vanetza\asn1\asn1_its.dir\release\vehicletype.obj
c:\users\karel hevessy\src\vanetza-build\shared\vanetza\asn1\asn1_its.dir\release\vehicleweightladen.obj
c:\users\karel hevessy\src\vanetza-build\shared\vanetza\asn1\asn1_its.dir\release\vehicleweightlimits.obj
c:\users\karel hevessy\src\vanetza-build\shared\vanetza\asn1\asn1_its.dir\release\vehiclewidth.obj
c:\users\karel hevessy\src\vanetza-build\shared\vanetza\asn1\asn1_its.dir\release\velocity.obj
c:\users\karel hevessy\src\vanetza-build\shared\vanetza\asn1\asn1_its.dir\release\verticalacceleration.obj
c:\users\karel hevessy\src\vanetza-build\shared\vanetza\asn1\asn1_its.dir\release\verticalaccelerationvalue.obj
c:\users\karel hevessy\src\vanetza-build\shared\vanetza\asn1\asn1_its.dir\release\waitonstopline.obj
c:\users\karel hevessy\src\vanetza-build\shared\vanetza\asn1\asn1_its.dir\release\wearlevel.obj
c:\users\karel hevessy\src\vanetza-build\shared\vanetza\asn1\asn1_its.dir\release\weight.obj
c:\users\karel hevessy\src\vanetza-build\shared\vanetza\asn1\asn1_its.dir\release\wgs84angle.obj
c:\users\karel hevessy\src\vanetza-build\shared\vanetza\asn1\asn1_its.dir\release\wgs84anglevalue.obj
c:\users\karel hevessy\src\vanetza-build\shared\vanetza\asn1\asn1_its.dir\release\wheelbasevehicle.obj
c:\users\karel hevessy\src\vanetza-build\shared\vanetza\asn1\asn1_its.dir\release\wminumber.obj
c:\users\karel hevessy\src\vanetza-build\shared\vanetza\asn1\asn1_its.dir\release\wrongwaydrivingsubcausecode.obj
c:\users\karel hevessy\src\vanetza-build\shared\vanetza\asn1\asn1_its.dir\release\xsensoroffset.obj
c:\users\karel hevessy\src\vanetza-build\shared\vanetza\asn1\asn1_its.dir\release\yawrate.obj
c:\users\karel hevessy\src\vanetza-build\shared\vanetza\asn1\asn1_its.dir\release\yawrateconfidence.obj
c:\users\karel hevessy\src\vanetza-build\shared\vanetza\asn1\asn1_its.dir\release\yawratevalue.obj
c:\users\karel hevessy\src\vanetza-build\shared\vanetza\asn1\asn1_its.dir\release\ysensoroffset.obj
c:\users\karel hevessy\src\vanetza-build\shared\vanetza\asn1\asn1_its.dir\release\zid.obj
c:\users\karel hevessy\src\vanetza-build\shared\vanetza\asn1\asn1_its.dir\release\zone.obj
c:\users\karel hevessy\src\vanetza-build\shared\vanetza\asn1\asn1_its.dir\release\zoneids.obj
c:\users\karel hevessy\src\vanetza-build\shared\vanetza\asn1\asn1_its.dir\release\zonelength.obj
c:\users\karel hevessy\src\vanetza-build\shared\vanetza\asn1\asn1_its.dir\release\zsensoroffset.obj
c:\users\karel hevessy\src\vanetza-build\shared\bin\release\vanetza_asn1_its.dll
c:\users\karel hevessy\src\vanetza-build\shared\vanetza\asn1\asn1_its.dir\release\asn1_its.tlog\asn1_its.write.1u.tlog
c:\users\karel hevessy\src\vanetza-build\shared\vanetza\asn1\asn1_its.dir\release\asn1_its.tlog\cl.command.1.tlog
c:\users\karel hevessy\src\vanetza-build\shared\vanetza\asn1\asn1_its.dir\release\asn1_its.tlog\cl.write.1.tlog
c:\users\karel hevessy\src\vanetza-build\shared\vanetza\asn1\asn1_its.dir\release\asn1_its.tlog\custombuild.command.1.tlog
c:\users\karel hevessy\src\vanetza-build\shared\vanetza\asn1\asn1_its.dir\release\asn1_its.tlog\custombuild.read.1.tlog
c:\users\karel hevessy\src\vanetza-build\shared\vanetza\asn1\asn1_its.dir\release\asn1_its.tlog\custombuild.write.1.tlog
c:\users\karel hevessy\src\vanetza-build\shared\vanetza\asn1\asn1_its.dir\release\asn1_its.tlog\link.command.1.tlog
c:\users\karel hevessy\src\vanetza-build\shared\vanetza\asn1\asn1_its.dir\release\asn1_its.tlog\link.read.1.tlog
c:\users\karel hevessy\src\vanetza-build\shared\vanetza\asn1\asn1_its.dir\release\asn1_its.tlog\link.write.1.tlog
