  Building Custom Rule C:/Users/Karel Hevessy/src/vanetza-build/vanetza/geonet/CMakeLists.txt
C:\Program Files\Microsoft Visual Studio\2022\Community\MSBuild\Microsoft\VC\v170\Microsoft.CppCommon.targets(247,5): warning MSB8064: Custom build for item "C:\Users\Karel Hevessy\src\vanetza-build\vanetza\geonet\CMakeLists.txt" succeeded, but specified dependency "c:\users\karel hevessy\src\vanetza-build\vanetza\geonet\cmakelists.txt" does not exist. This may cause incremental build to work incorrectly.
C:\Program Files\Microsoft Visual Studio\2022\Community\MSBuild\Microsoft\VC\v170\Microsoft.CppCommon.targets(247,5): warning MSB8065: Custom build for item "C:\Users\Karel Hevessy\src\vanetza-build\vanetza\geonet\CMakeLists.txt" succeeded, but specified output "c:\users\karel hevessy\src\vanetza-build\shared\vanetza\geonet\cmakefiles\generate.stamp" has not been created. This may cause incremental build to work incorrectly.
  address.cpp
  areas.cpp
  basic_header.cpp
  beacon_header.cpp
  cbf_counter.cpp
  cbf_packet_buffer.cpp
  cbf_packet_identifier.cpp
  cbr_aggregator.cpp
  common_header.cpp
  data_confirm.cpp
  data_request.cpp
  dcc_field.cpp
  dcc_information_sharing.cpp
  dcc_mco_field.cpp
  duplicate_packet_list.cpp
  gbc_gac_header.cpp
  gbc_header.cpp
  gbc_memory.cpp
  header_type.cpp
  header_variant.cpp
  Generating Code...
  Compiling...
  indication_context.cpp
  lifetime.cpp
  location_table.cpp
  mib.cpp
  next_hop.cpp
  packet_buffer.cpp
  parser.cpp
  pdu.cpp
  pdu_conversion.cpp
  position_updater.cpp
  position_vector.cpp
  repeater.cpp
  router.cpp
  secured_pdu.cpp
  sequence_number.cpp
  shb_header.cpp
  timestamp.cpp
  traffic_class.cpp
  tsb_header.cpp
  variant_pdu.cpp
  Generating Code...
  Auto build dll exports
     Creating library C:/Users/Karel Hevessy/src/vanetza-build/shared/lib/static/Release/vanetza_geonet.lib and object C:/Users/Karel Hevessy/src/vanetza-build/shared/lib/static/Release/vanetza_geonet.exp
  geonet.vcxproj -> C:\Users\Karel Hevessy\src\vanetza-build\shared\bin\Release\vanetza_geonet.dll
