c:\users\karel hevessy\src\vanetza-build\shared\vanetza\geonet\cmakefiles\generate.stamp
c:\users\karel hevessy\src\vanetza-build\shared\lib\static\release\vanetza_geonet.lib
c:\users\karel hevessy\src\vanetza-build\shared\lib\static\release\vanetza_geonet.exp
c:\users\karel hevessy\src\vanetza-build\shared\vanetza\geonet\geonet.dir\release\address.obj
c:\users\karel hevessy\src\vanetza-build\shared\vanetza\geonet\geonet.dir\release\areas.obj
c:\users\karel hevessy\src\vanetza-build\shared\vanetza\geonet\geonet.dir\release\basic_header.obj
c:\users\karel hevessy\src\vanetza-build\shared\vanetza\geonet\geonet.dir\release\beacon_header.obj
c:\users\karel hevessy\src\vanetza-build\shared\vanetza\geonet\geonet.dir\release\cbf_counter.obj
c:\users\karel hevessy\src\vanetza-build\shared\vanetza\geonet\geonet.dir\release\cbf_packet_buffer.obj
c:\users\karel hevessy\src\vanetza-build\shared\vanetza\geonet\geonet.dir\release\cbf_packet_identifier.obj
c:\users\karel hevessy\src\vanetza-build\shared\vanetza\geonet\geonet.dir\release\cbr_aggregator.obj
c:\users\karel hevessy\src\vanetza-build\shared\vanetza\geonet\geonet.dir\release\common_header.obj
c:\users\karel hevessy\src\vanetza-build\shared\vanetza\geonet\geonet.dir\release\data_confirm.obj
c:\users\karel hevessy\src\vanetza-build\shared\vanetza\geonet\geonet.dir\release\data_request.obj
c:\users\karel hevessy\src\vanetza-build\shared\vanetza\geonet\geonet.dir\release\dcc_field.obj
c:\users\karel hevessy\src\vanetza-build\shared\vanetza\geonet\geonet.dir\release\dcc_information_sharing.obj
c:\users\karel hevessy\src\vanetza-build\shared\vanetza\geonet\geonet.dir\release\dcc_mco_field.obj
c:\users\karel hevessy\src\vanetza-build\shared\vanetza\geonet\geonet.dir\release\duplicate_packet_list.obj
c:\users\karel hevessy\src\vanetza-build\shared\vanetza\geonet\geonet.dir\release\gbc_gac_header.obj
c:\users\karel hevessy\src\vanetza-build\shared\vanetza\geonet\geonet.dir\release\gbc_header.obj
c:\users\karel hevessy\src\vanetza-build\shared\vanetza\geonet\geonet.dir\release\gbc_memory.obj
c:\users\karel hevessy\src\vanetza-build\shared\vanetza\geonet\geonet.dir\release\header_type.obj
c:\users\karel hevessy\src\vanetza-build\shared\vanetza\geonet\geonet.dir\release\header_variant.obj
c:\users\karel hevessy\src\vanetza-build\shared\vanetza\geonet\geonet.dir\release\indication_context.obj
c:\users\karel hevessy\src\vanetza-build\shared\vanetza\geonet\geonet.dir\release\lifetime.obj
c:\users\karel hevessy\src\vanetza-build\shared\vanetza\geonet\geonet.dir\release\location_table.obj
c:\users\karel hevessy\src\vanetza-build\shared\vanetza\geonet\geonet.dir\release\mib.obj
c:\users\karel hevessy\src\vanetza-build\shared\vanetza\geonet\geonet.dir\release\next_hop.obj
c:\users\karel hevessy\src\vanetza-build\shared\vanetza\geonet\geonet.dir\release\packet_buffer.obj
c:\users\karel hevessy\src\vanetza-build\shared\vanetza\geonet\geonet.dir\release\parser.obj
c:\users\karel hevessy\src\vanetza-build\shared\vanetza\geonet\geonet.dir\release\pdu.obj
c:\users\karel hevessy\src\vanetza-build\shared\vanetza\geonet\geonet.dir\release\pdu_conversion.obj
c:\users\karel hevessy\src\vanetza-build\shared\vanetza\geonet\geonet.dir\release\position_updater.obj
c:\users\karel hevessy\src\vanetza-build\shared\vanetza\geonet\geonet.dir\release\position_vector.obj
c:\users\karel hevessy\src\vanetza-build\shared\vanetza\geonet\geonet.dir\release\repeater.obj
c:\users\karel hevessy\src\vanetza-build\shared\vanetza\geonet\geonet.dir\release\router.obj
c:\users\karel hevessy\src\vanetza-build\shared\vanetza\geonet\geonet.dir\release\secured_pdu.obj
c:\users\karel hevessy\src\vanetza-build\shared\vanetza\geonet\geonet.dir\release\sequence_number.obj
c:\users\karel hevessy\src\vanetza-build\shared\vanetza\geonet\geonet.dir\release\shb_header.obj
c:\users\karel hevessy\src\vanetza-build\shared\vanetza\geonet\geonet.dir\release\timestamp.obj
c:\users\karel hevessy\src\vanetza-build\shared\vanetza\geonet\geonet.dir\release\traffic_class.obj
c:\users\karel hevessy\src\vanetza-build\shared\vanetza\geonet\geonet.dir\release\tsb_header.obj
c:\users\karel hevessy\src\vanetza-build\shared\vanetza\geonet\geonet.dir\release\variant_pdu.obj
c:\users\karel hevessy\src\vanetza-build\shared\bin\release\vanetza_geonet.dll
c:\users\karel hevessy\src\vanetza-build\shared\vanetza\geonet\geonet.dir\release\geonet.tlog\cl.command.1.tlog
c:\users\karel hevessy\src\vanetza-build\shared\vanetza\geonet\geonet.dir\release\geonet.tlog\cl.write.1.tlog
c:\users\karel hevessy\src\vanetza-build\shared\vanetza\geonet\geonet.dir\release\geonet.tlog\custombuild.command.1.tlog
c:\users\karel hevessy\src\vanetza-build\shared\vanetza\geonet\geonet.dir\release\geonet.tlog\custombuild.read.1.tlog
c:\users\karel hevessy\src\vanetza-build\shared\vanetza\geonet\geonet.dir\release\geonet.tlog\custombuild.write.1.tlog
c:\users\karel hevessy\src\vanetza-build\shared\vanetza\geonet\geonet.dir\release\geonet.tlog\geonet.write.1u.tlog
c:\users\karel hevessy\src\vanetza-build\shared\vanetza\geonet\geonet.dir\release\geonet.tlog\link.command.1.tlog
c:\users\karel hevessy\src\vanetza-build\shared\vanetza\geonet\geonet.dir\release\geonet.tlog\link.read.1.tlog
c:\users\karel hevessy\src\vanetza-build\shared\vanetza\geonet\geonet.dir\release\geonet.tlog\link.write.1.tlog
