c:\users\karel hevessy\src\vanetza-build\shared\lib\static\release\vanetza_common.lib
c:\users\karel hevessy\src\vanetza-build\shared\lib\static\release\vanetza_common.exp
c:\users\karel hevessy\src\vanetza-build\shared\vanetza\common\cmakefiles\generate.stamp
c:\users\karel hevessy\src\vanetza-build\shared\vanetza\common\common.dir\release\archives.obj
c:\users\karel hevessy\src\vanetza-build\shared\vanetza\common\common.dir\release\byte_buffer_convertible.obj
c:\users\karel hevessy\src\vanetza-build\shared\vanetza\common\common.dir\release\byte_buffer_sink.obj
c:\users\karel hevessy\src\vanetza-build\shared\vanetza\common\common.dir\release\byte_buffer_source.obj
c:\users\karel hevessy\src\vanetza-build\shared\vanetza\common\common.dir\release\byte_sequence.obj
c:\users\karel hevessy\src\vanetza-build\shared\vanetza\common\common.dir\release\byte_view.obj
c:\users\karel hevessy\src\vanetza-build\shared\vanetza\common\common.dir\release\clock.obj
c:\users\karel hevessy\src\vanetza-build\shared\vanetza\common\common.dir\release\manual_runtime.obj
c:\users\karel hevessy\src\vanetza-build\shared\vanetza\common\common.dir\release\unit_interval.obj
c:\users\karel hevessy\src\vanetza-build\shared\bin\release\vanetza_common.dll
c:\users\karel hevessy\src\vanetza-build\shared\vanetza\common\common.dir\release\common.tlog\cl.command.1.tlog
c:\users\karel hevessy\src\vanetza-build\shared\vanetza\common\common.dir\release\common.tlog\cl.write.1.tlog
c:\users\karel hevessy\src\vanetza-build\shared\vanetza\common\common.dir\release\common.tlog\common.write.1u.tlog
c:\users\karel hevessy\src\vanetza-build\shared\vanetza\common\common.dir\release\common.tlog\custombuild.command.1.tlog
c:\users\karel hevessy\src\vanetza-build\shared\vanetza\common\common.dir\release\common.tlog\custombuild.read.1.tlog
c:\users\karel hevessy\src\vanetza-build\shared\vanetza\common\common.dir\release\common.tlog\custombuild.write.1.tlog
c:\users\karel hevessy\src\vanetza-build\shared\vanetza\common\common.dir\release\common.tlog\link.command.1.tlog
c:\users\karel hevessy\src\vanetza-build\shared\vanetza\common\common.dir\release\common.tlog\link.read.1.tlog
c:\users\karel hevessy\src\vanetza-build\shared\vanetza\common\common.dir\release\common.tlog\link.write.1.tlog
