c:\users\karel hevessy\src\vanetza-build\shared\vanetza\dcc\cmakefiles\generate.stamp
c:\users\karel hevessy\src\vanetza-build\shared\lib\static\release\vanetza_dcc.lib
c:\users\karel hevessy\src\vanetza-build\shared\lib\static\release\vanetza_dcc.exp
c:\users\karel hevessy\src\vanetza-build\shared\vanetza\dcc\dcc.dir\release\bursty_transmit_rate_control.obj
c:\users\karel hevessy\src\vanetza-build\shared\vanetza\dcc\dcc.dir\release\burst_budget.obj
c:\users\karel hevessy\src\vanetza-build\shared\vanetza\dcc\dcc.dir\release\channel_load.obj
c:\users\karel hevessy\src\vanetza-build\shared\vanetza\dcc\dcc.dir\release\flow_control.obj
c:\users\karel hevessy\src\vanetza-build\shared\vanetza\dcc\dcc.dir\release\fully_meshed_state_machine.obj
c:\users\karel hevessy\src\vanetza-build\shared\vanetza\dcc\dcc.dir\release\gradual_state_machine.obj
c:\users\karel hevessy\src\vanetza-build\shared\vanetza\dcc\dcc.dir\release\hooked_channel_probe_processor.obj
c:\users\karel hevessy\src\vanetza-build\shared\vanetza\dcc\dcc.dir\release\limeric.obj
c:\users\karel hevessy\src\vanetza-build\shared\vanetza\dcc\dcc.dir\release\limeric_budget.obj
c:\users\karel hevessy\src\vanetza-build\shared\vanetza\dcc\dcc.dir\release\limeric_transmit_rate_control.obj
c:\users\karel hevessy\src\vanetza-build\shared\vanetza\dcc\dcc.dir\release\mapping.obj
c:\users\karel hevessy\src\vanetza-build\shared\vanetza\dcc\dcc.dir\release\single_reactive_transmit_rate_control.obj
c:\users\karel hevessy\src\vanetza-build\shared\vanetza\dcc\dcc.dir\release\smoothing_channel_probe_processor.obj
c:\users\karel hevessy\src\vanetza-build\shared\vanetza\dcc\dcc.dir\release\state_machine_budget.obj
c:\users\karel hevessy\src\vanetza-build\shared\vanetza\dcc\dcc.dir\release\transmission.obj
c:\users\karel hevessy\src\vanetza-build\shared\bin\release\vanetza_dcc.dll
c:\users\karel hevessy\src\vanetza-build\shared\vanetza\dcc\dcc.dir\release\dcc.tlog\cl.command.1.tlog
c:\users\karel hevessy\src\vanetza-build\shared\vanetza\dcc\dcc.dir\release\dcc.tlog\cl.write.1.tlog
c:\users\karel hevessy\src\vanetza-build\shared\vanetza\dcc\dcc.dir\release\dcc.tlog\custombuild.command.1.tlog
c:\users\karel hevessy\src\vanetza-build\shared\vanetza\dcc\dcc.dir\release\dcc.tlog\custombuild.read.1.tlog
c:\users\karel hevessy\src\vanetza-build\shared\vanetza\dcc\dcc.dir\release\dcc.tlog\custombuild.write.1.tlog
c:\users\karel hevessy\src\vanetza-build\shared\vanetza\dcc\dcc.dir\release\dcc.tlog\dcc.write.1u.tlog
c:\users\karel hevessy\src\vanetza-build\shared\vanetza\dcc\dcc.dir\release\dcc.tlog\link.command.1.tlog
c:\users\karel hevessy\src\vanetza-build\shared\vanetza\dcc\dcc.dir\release\dcc.tlog\link.read.1.tlog
c:\users\karel hevessy\src\vanetza-build\shared\vanetza\dcc\dcc.dir\release\dcc.tlog\link.write.1.tlog
