c:\users\karel hevessy\src\vanetza-build\shared\vanetza\net\net.dir\debug\vc143.pdb
c:\users\karel hevessy\src\vanetza-build\shared\vanetza\net\cmakefiles\generate.stamp
c:\users\karel hevessy\src\vanetza-build\shared\bin\debug\vanetza_net.pdb
c:\users\karel hevessy\src\vanetza-build\shared\lib\static\debug\vanetza_net.lib
c:\users\karel hevessy\src\vanetza-build\shared\lib\static\debug\vanetza_net.exp
c:\users\karel hevessy\src\vanetza-build\shared\vanetza\net\net.dir\debug\buffer_packet.obj
c:\users\karel hevessy\src\vanetza-build\shared\vanetza\net\net.dir\debug\chunk_packet.obj
c:\users\karel hevessy\src\vanetza-build\shared\vanetza\net\net.dir\debug\cohesive_packet.obj
c:\users\karel hevessy\src\vanetza-build\shared\vanetza\net\net.dir\debug\ethernet_header.obj
c:\users\karel hevessy\src\vanetza-build\shared\vanetza\net\net.dir\debug\mac_address.obj
c:\users\karel hevessy\src\vanetza-build\shared\vanetza\net\net.dir\debug\packet.obj
c:\users\karel hevessy\src\vanetza-build\shared\vanetza\net\net.dir\debug\packet_variant.obj
c:\users\karel hevessy\src\vanetza-build\shared\vanetza\net\net.dir\debug\proxy_header.obj
c:\users\karel hevessy\src\vanetza-build\shared\vanetza\net\net.dir\debug\vanetza_net.ilk
c:\users\karel hevessy\src\vanetza-build\shared\bin\debug\vanetza_net.dll
c:\users\karel hevessy\src\vanetza-build\shared\vanetza\net\net.dir\debug\net.tlog\cl.command.1.tlog
c:\users\karel hevessy\src\vanetza-build\shared\vanetza\net\net.dir\debug\net.tlog\cl.write.1.tlog
c:\users\karel hevessy\src\vanetza-build\shared\vanetza\net\net.dir\debug\net.tlog\custombuild.command.1.tlog
c:\users\karel hevessy\src\vanetza-build\shared\vanetza\net\net.dir\debug\net.tlog\custombuild.read.1.tlog
c:\users\karel hevessy\src\vanetza-build\shared\vanetza\net\net.dir\debug\net.tlog\custombuild.write.1.tlog
c:\users\karel hevessy\src\vanetza-build\shared\vanetza\net\net.dir\debug\net.tlog\link.command.1.tlog
c:\users\karel hevessy\src\vanetza-build\shared\vanetza\net\net.dir\debug\net.tlog\link.read.1.tlog
c:\users\karel hevessy\src\vanetza-build\shared\vanetza\net\net.dir\debug\net.tlog\link.write.1.tlog
c:\users\karel hevessy\src\vanetza-build\shared\vanetza\net\net.dir\debug\net.tlog\net.write.1u.tlog
